<?xml version="1.0" encoding="UTF-8" standalone="yes"?>
<testsuites name="Add Multiple Assets" time="84" tests="4" failures="0" errors="0">
    <testsuite name="Add Multiple Assets" tests="4" failures="0" errors="0" time="84" timestamp="2019-10-11 12:33:04" hostname="KanKir - GB3CODW08386HQS.nexus.local" id="Test Suites/Marketing Content/Add Assets/Add Multiple Assets">
        <properties>
            <property name="deviceName" value=""/>
            <property name="devicePlatform" value=""/>
            <property name="logFolder" value="C:\\Users\\kankir\\git\\adZU-OS-UAT-Automation 1\\Reports\\20191011_123301\\Marketing Content\\Add Assets\\Add Multiple Assets\\20191011_123301"/>
            <property name="logFiles" value="C:\\Users\\kankir\\git\\adZU-OS-UAT-Automation 1\\Reports\\20191011_123301\\Marketing Content\\Add Assets\\Add Multiple Assets\\20191011_123301\\execution0.log, C:\\Users\\kankir\\git\\adZU-OS-UAT-Automation 1\\Reports\\20191011_123301\\Marketing Content\\Add Assets\\Add Multiple Assets\\20191011_123301\\IEDriverServer.log"/>
            <property name="attachments" value=""/>
            <property name="hostName" value="KanKir - GB3CODW08386HQS.nexus.local"/>
            <property name="os" value="Windows 10 64bit"/>
            <property name="katalonVersion" value="6.3.3.11"/>
            <property name="browser" value="IE 11"/>
            <property name="hostAddress" value="10.141.20.49"/>
            <property name="sessionId" value="79d3a479-6bde-4cf0-8fe0-24ba576eaa85"/>
            <property name="seleniumVersion" value="3.141.59"/>
            <property name="proxyInformation" value="ProxyInformation{proxyOption=NO_PROXY, proxyServerType=HTTP, password=, proxyServerAddress=, proxyServerPort=0}"/>
            <property name="platform" value="Windows 10"/>
        </properties>
        <testcase name="Test Cases/Login and Logout - Notifications/Login" classname="Test Cases/Login and Logout - Notifications/Login" status="PASSED">
            <system-out>2019-10-11 12:33:04 - [TEST_CASE][PASSED] - Test Cases/Login and Logout - Notifications/Login: Test Cases/Login and Logout - Notifications/Login&#xD;
&#xD;
2019-10-11 12:33:05 - [TEST_STEP][PASSED] - openBrowser(""): Browser is opened with url: ''&#xD;
&#xD;
2019-10-11 12:33:05 - [MESSAGE][INFO] - Starting 'IE' driver&#xD;
&#xD;
2019-10-11 12:33:05 - [MESSAGE][INFO] - User set preference: ['ignoreProtectedModeSettings', 'true']&#xD;
&#xD;
2019-10-11 12:33:05 - [MESSAGE][INFO] - Action delay is set to 1 seconds&#xD;
&#xD;
2019-10-11 12:33:10 - [MESSAGE][PASSED] - Browser is opened with url: ''&#xD;
&#xD;
2019-10-11 12:33:10 - [TEST_STEP][PASSED] - navigateToUrl("https://samsung-adzu4-staging.codeworldwide.com/#"): Navigate to 'https://samsung-adzu4-staging.codeworldwide.com/#' successfully&#xD;
&#xD;
2019-10-11 12:33:12 - [MESSAGE][PASSED] - Navigate to 'https://samsung-adzu4-staging.codeworldwide.com/#' successfully&#xD;
&#xD;
2019-10-11 12:33:12 - [TEST_STEP][PASSED] - setText(findTestObject("Object Repository/Login/Page_Samsung Marketing Cloud/Username_Text"), "satinder.gandhi@codeworldwide.com"): Text 'satinder.gandhi@codeworldwide.com' is set on object 'Object Repository/Login/Page_Samsung Marketing Cloud/Username_Text'&#xD;
&#xD;
2019-10-11 12:33:18 - [MESSAGE][PASSED] - Text 'satinder.gandhi@codeworldwide.com' is set on object 'Object Repository/Login/Page_Samsung Marketing Cloud/Username_Text'&#xD;
&#xD;
2019-10-11 12:33:18 - [TEST_STEP][PASSED] - setEncryptedText(findTestObject("Object Repository/Login/Page_Samsung Marketing Cloud/Password_text"), "yfq/9fVkW5+QvfzWq38qvg=="): Text ****** has been set on object 'Object Repository/Login/Page_Samsung Marketing Cloud/Password_text'&#xD;
&#xD;
2019-10-11 12:33:22 - [MESSAGE][PASSED] - Text ****** has been set on object 'Object Repository/Login/Page_Samsung Marketing Cloud/Password_text'&#xD;
&#xD;
2019-10-11 12:33:22 - [TEST_STEP][PASSED] - click(findTestObject("Object Repository/Login/Page_Samsung Marketing Cloud/button_Login")): Object: 'Object Repository/Login/Page_Samsung Marketing Cloud/button_Login' is clicked on&#xD;
&#xD;
2019-10-11 12:33:26 - [MESSAGE][PASSED] - Object: 'Object Repository/Login/Page_Samsung Marketing Cloud/button_Login' is clicked on&#xD;
&#xD;
2019-10-11 12:33:26 - [TEST_STEP][PASSED] - maximizeWindow(): Current window maximized&#xD;
&#xD;
2019-10-11 12:33:27 - [MESSAGE][PASSED] - Current window maximized</system-out>
            <system-err></system-err>
        </testcase>
        <testcase name="Test Cases/Assets/Open Assets Page" classname="Test Cases/Assets/Open Assets Page" status="PASSED">
            <system-out>2019-10-11 12:33:27 - [TEST_CASE][PASSED] - Test Cases/Assets/Open Assets Page: Test Cases/Assets/Open Assets Page&#xD;
&#xD;
2019-10-11 12:33:28 - [TEST_STEP][PASSED] - click(findTestObject("Assets/Add Asset/a_Assets")): Object: 'Object Repository/Assets/Add Asset/a_Assets' is clicked on&#xD;
&#xD;
2019-10-11 12:33:33 - [MESSAGE][PASSED] - Object: 'Object Repository/Assets/Add Asset/a_Assets' is clicked on&#xD;
&#xD;
2019-10-11 12:33:33 - [TEST_STEP][PASSED] - delay(1): Delayed 1 second(s)&#xD;
&#xD;
2019-10-11 12:33:34 - [MESSAGE][PASSED] - Delayed 1 second(s)</system-out>
            <system-err></system-err>
        </testcase>
        <testcase name="Test Cases/Assets/Add Multiple Assets" classname="Test Cases/Assets/Add Multiple Assets" status="PASSED">
            <system-out>2019-10-11 12:33:34 - [TEST_CASE][PASSED] - Test Cases/Assets/Add Multiple Assets: Test Cases/Assets/Add Multiple Assets&#xD;
&#xD;
2019-10-11 12:33:34 - [TEST_STEP][PASSED] - click(findTestObject("Assets/Add Asset/button_Add Assets")): Object: 'Object Repository/Assets/Add Asset/button_Add Assets' is clicked on&#xD;
&#xD;
2019-10-11 12:33:38 - [MESSAGE][PASSED] - Object: 'Object Repository/Assets/Add Asset/button_Add Assets' is clicked on&#xD;
&#xD;
2019-10-11 12:33:38 - [TEST_STEP][PASSED] - click(findTestObject("Assets/Add Multiple Assets/Page_Samsung Marketing Cloud/a_Multiple")): Object: 'Object Repository/Assets/Add Multiple Assets/Page_Samsung Marketing Cloud/a_Multiple' is clicked on&#xD;
&#xD;
2019-10-11 12:33:42 - [MESSAGE][PASSED] - Object: 'Object Repository/Assets/Add Multiple Assets/Page_Samsung Marketing Cloud/a_Multiple' is clicked on&#xD;
&#xD;
2019-10-11 12:33:42 - [TEST_STEP][PASSED] - waitForPageLoad(1): Wait for page load successfully&#xD;
&#xD;
2019-10-11 12:33:43 - [MESSAGE][PASSED] - Wait for page load successfully&#xD;
&#xD;
2019-10-11 12:33:43 - [TEST_STEP][PASSED] - click(findTestObject("Assets/Add Multiple Assets/Page_Samsung Marketing Cloud/a_Please Select")): Object: 'Object Repository/Assets/Add Multiple Assets/Page_Samsung Marketing Cloud/a_Please Select' is clicked on&#xD;
&#xD;
2019-10-11 12:33:46 - [MESSAGE][PASSED] - Object: 'Object Repository/Assets/Add Multiple Assets/Page_Samsung Marketing Cloud/a_Please Select' is clicked on&#xD;
&#xD;
2019-10-11 12:33:46 - [TEST_STEP][PASSED] - click(findTestObject("Assets/Add Asset/div_Image (1)")): Object: 'Object Repository/Assets/Add Asset/div_Image (1)' is clicked on&#xD;
&#xD;
2019-10-11 12:33:49 - [MESSAGE][PASSED] - Object: 'Object Repository/Assets/Add Asset/div_Image (1)' is clicked on&#xD;
&#xD;
2019-10-11 12:33:49 - [TEST_STEP][PASSED] - delay(1): Delayed 1 second(s)&#xD;
&#xD;
2019-10-11 12:33:50 - [MESSAGE][PASSED] - Delayed 1 second(s)&#xD;
&#xD;
2019-10-11 12:33:50 - [TEST_STEP][PASSED] - com.kms.katalon.keyword.uploadfile.UploadFile.uploadFile(findTestObject("Assets/Upload Assets/Upload_Asset_Image"), "C:\Adzu\Asset\sam.jpeg"): com.kms.katalon.keyword.uploadfile.UploadFile.uploadFile is PASSED&#xD;
&#xD;
2019-10-11 12:33:53 - [MESSAGE][PASSED] - File 'C:\Adzu\Asset\sam.jpeg' sent to object: 'Object Repository/Assets/Upload Assets/Upload_Asset_Image'&#xD;
&#xD;
2019-10-11 12:33:53 - [MESSAGE][PASSED] - com.kms.katalon.keyword.uploadfile.UploadFile.uploadFile is PASSED&#xD;
&#xD;
2019-10-11 12:33:53 - [TEST_STEP][PASSED] - delay(1): Delayed 1 second(s)&#xD;
&#xD;
2019-10-11 12:33:54 - [MESSAGE][PASSED] - Delayed 1 second(s)&#xD;
&#xD;
2019-10-11 12:33:54 - [TEST_STEP][PASSED] - click(findTestObject("Assets/Add Multiple Assets/Page_Samsung Marketing Cloud/a_Please Select Asset Group")): Object: 'Object Repository/Assets/Add Multiple Assets/Page_Samsung Marketing Cloud/a_Please Select Asset Group' is clicked on&#xD;
&#xD;
2019-10-11 12:33:57 - [MESSAGE][PASSED] - Object: 'Object Repository/Assets/Add Multiple Assets/Page_Samsung Marketing Cloud/a_Please Select Asset Group' is clicked on&#xD;
&#xD;
2019-10-11 12:33:57 - [TEST_STEP][PASSED] - delay(1): Delayed 1 second(s)&#xD;
&#xD;
2019-10-11 12:33:58 - [MESSAGE][PASSED] - Delayed 1 second(s)&#xD;
&#xD;
2019-10-11 12:33:58 - [TEST_STEP][PASSED] - scrollToElement(findTestObject("Assets/Add Multiple Assets/Page_Samsung Marketing Cloud/div_Code assets"), 0): Scroll to object 'Object Repository/Assets/Add Multiple Assets/Page_Samsung Marketing Cloud/div_Code assets' successfully&#xD;
&#xD;
2019-10-11 12:33:58 - [MESSAGE][WARNING] - Timeout '0' is invalid. Using default page load timeout: '30'&#xD;
&#xD;
2019-10-11 12:34:00 - [MESSAGE][PASSED] - Scroll to object 'Object Repository/Assets/Add Multiple Assets/Page_Samsung Marketing Cloud/div_Code assets' successfully&#xD;
&#xD;
2019-10-11 12:34:00 - [TEST_STEP][PASSED] - click(findTestObject("Assets/Add Multiple Assets/Page_Samsung Marketing Cloud/div_Code assets")): Object: 'Object Repository/Assets/Add Multiple Assets/Page_Samsung Marketing Cloud/div_Code assets' is clicked on&#xD;
&#xD;
2019-10-11 12:34:04 - [MESSAGE][PASSED] - Object: 'Object Repository/Assets/Add Multiple Assets/Page_Samsung Marketing Cloud/div_Code assets' is clicked on&#xD;
&#xD;
2019-10-11 12:34:04 - [TEST_STEP][PASSED] - delay(1): Delayed 1 second(s)&#xD;
&#xD;
2019-10-11 12:34:05 - [MESSAGE][PASSED] - Delayed 1 second(s)&#xD;
&#xD;
2019-10-11 12:34:05 - [TEST_STEP][PASSED] - com.kms.katalon.keyword.uploadfile.UploadFile.uploadFile(findTestObject("Assets/Upload Assets/Import Spreadsheet"), "C:\Adzu\Asset\Kiritest1.xlsx"): com.kms.katalon.keyword.uploadfile.UploadFile.uploadFile is PASSED&#xD;
&#xD;
2019-10-11 12:34:08 - [MESSAGE][PASSED] - File 'C:\Adzu\Asset\Kiritest1.xlsx' sent to object: 'Object Repository/Assets/Upload Assets/Import Spreadsheet'&#xD;
&#xD;
2019-10-11 12:34:08 - [MESSAGE][PASSED] - com.kms.katalon.keyword.uploadfile.UploadFile.uploadFile is PASSED&#xD;
&#xD;
2019-10-11 12:34:08 - [TEST_STEP][PASSED] - delay(1): Delayed 1 second(s)&#xD;
&#xD;
2019-10-11 12:34:09 - [MESSAGE][PASSED] - Delayed 1 second(s)&#xD;
&#xD;
2019-10-11 12:34:09 - [TEST_STEP][PASSED] - verifyElementText(findTestObject("Assets/Add Multiple Assets/Page_Samsung Marketing Cloud/h4_Success"), "Success!"): Actual text and expected text of test object 'Object Repository/Assets/Add Multiple Assets/Page_Samsung Marketing Cloud/h4_Success' are matched.&#xD;
&#xD;
2019-10-11 12:34:12 - [MESSAGE][PASSED] - Actual text and expected text of test object 'Object Repository/Assets/Add Multiple Assets/Page_Samsung Marketing Cloud/h4_Success' are matched.&#xD;
&#xD;
2019-10-11 12:34:12 - [TEST_STEP][PASSED] - click(findTestObject("Assets/Add Multiple Assets/Page_Samsung Marketing Cloud/button_Ok")): Object: 'Object Repository/Assets/Add Multiple Assets/Page_Samsung Marketing Cloud/button_Ok' is clicked on&#xD;
&#xD;
2019-10-11 12:34:15 - [MESSAGE][PASSED] - Object: 'Object Repository/Assets/Add Multiple Assets/Page_Samsung Marketing Cloud/button_Ok' is clicked on</system-out>
            <system-err></system-err>
        </testcase>
        <testcase name="Test Cases/Login and Logout - Notifications/Logout - Yes Button" classname="Test Cases/Login and Logout - Notifications/Logout - Yes Button" status="PASSED">
            <system-out>2019-10-11 12:34:15 - [TEST_CASE][PASSED] - Test Cases/Login and Logout - Notifications/Logout - Yes Button: Test Cases/Login and Logout - Notifications/Logout - Yes Button&#xD;
&#xD;
2019-10-11 12:34:15 - [TEST_STEP][PASSED] - click(findTestObject("Logout/Page_Samsung Marketing Cloud/span_gandhi")): Object: 'Object Repository/Logout/Page_Samsung Marketing Cloud/span_gandhi' is clicked on&#xD;
&#xD;
2019-10-11 12:34:19 - [MESSAGE][PASSED] - Object: 'Object Repository/Logout/Page_Samsung Marketing Cloud/span_gandhi' is clicked on&#xD;
&#xD;
2019-10-11 12:34:19 - [TEST_STEP][PASSED] - click(findTestObject("Logout/Page_Samsung Marketing Cloud/Logout")): Object: 'Object Repository/Logout/Page_Samsung Marketing Cloud/Logout' is clicked on&#xD;
&#xD;
2019-10-11 12:34:23 - [MESSAGE][PASSED] - Object: 'Object Repository/Logout/Page_Samsung Marketing Cloud/Logout' is clicked on&#xD;
&#xD;
2019-10-11 12:34:23 - [TEST_STEP][PASSED] - click(findTestObject("Logout/Page_Samsung Marketing Cloud/button_Yes")): Object: 'Object Repository/Logout/Page_Samsung Marketing Cloud/button_Yes' is clicked on&#xD;
&#xD;
2019-10-11 12:34:26 - [MESSAGE][PASSED] - Object: 'Object Repository/Logout/Page_Samsung Marketing Cloud/button_Yes' is clicked on&#xD;
&#xD;
2019-10-11 12:34:26 - [TEST_STEP][PASSED] - closeBrowser(): Browser is closed&#xD;
&#xD;
2019-10-11 12:34:28 - [MESSAGE][PASSED] - Browser is closed</system-out>
            <system-err></system-err>
        </testcase>
        <system-out>2019-10-11 12:33:04 - [TEST_SUITE][INCOMPLETE] - Add Multiple Assets: null</system-out>
        <system-err>2019-10-11 12:33:04 - [TEST_SUITE][INCOMPLETE] - Add Multiple Assets: null</system-err>
    </testsuite>
</testsuites>
