<?xml version="1.0" encoding="UTF-8" standalone="yes"?>
<testsuites name="Login" time="184" tests="6" failures="0" errors="0">
    <testsuite name="Login" tests="6" failures="0" errors="0" time="184" timestamp="2019-10-11 09:22:28" hostname="gansat - NOTEEG-12802.nexus.local" id="Test Suites/Login/Login">
        <properties>
            <property name="deviceName" value=""/>
            <property name="devicePlatform" value=""/>
            <property name="logFolder" value="C:\\Adzu UAT\\Adzu\\Adzu\\Reports\\20191011_092220\\Login\\Login\\20191011_092220"/>
            <property name="logFiles" value="C:\\Adzu UAT\\Adzu\\Adzu\\Reports\\20191011_092220\\Login\\Login\\20191011_092220\\execution0.log, C:\\Adzu UAT\\Adzu\\Adzu\\Reports\\20191011_092220\\Login\\Login\\20191011_092220\\IEDriverServer.log"/>
            <property name="attachments" value=""/>
            <property name="hostName" value="gansat - NOTEEG-12802.nexus.local"/>
            <property name="os" value="Windows 10 64bit"/>
            <property name="katalonVersion" value="6.3.3.11"/>
            <property name="browser" value="IE 11"/>
            <property name="hostAddress" value="192.168.0.17"/>
            <property name="sessionId" value="e327bd23-c478-490e-9bad-09f21f2f400f"/>
            <property name="seleniumVersion" value="3.141.59"/>
            <property name="proxyInformation" value="ProxyInformation{proxyOption=NO_PROXY, proxyServerType=HTTP, password=, proxyServerAddress=, proxyServerPort=0}"/>
            <property name="platform" value="Windows 10"/>
        </properties>
        <testcase name="Test Cases/Login and Logout - Notifications/login Error" classname="Test Cases/Login and Logout - Notifications/login Error" status="PASSED">
            <system-out>2019-10-11 09:22:28 - [TEST_CASE][PASSED] - Test Cases/Login and Logout - Notifications/login Error: Test Cases/Login and Logout - Notifications/login Error&#xD;
&#xD;
2019-10-11 09:22:29 - [TEST_STEP][PASSED] - openBrowser(""): Browser is opened with url: ''&#xD;
&#xD;
2019-10-11 09:22:31 - [MESSAGE][INFO] - Starting 'IE' driver&#xD;
&#xD;
2019-10-11 09:22:31 - [MESSAGE][INFO] - User set preference: ['ignoreProtectedModeSettings', 'true']&#xD;
&#xD;
2019-10-11 09:22:31 - [MESSAGE][INFO] - Action delay is set to 1 seconds&#xD;
&#xD;
2019-10-11 09:22:40 - [MESSAGE][PASSED] - Browser is opened with url: ''&#xD;
&#xD;
2019-10-11 09:22:40 - [TEST_STEP][PASSED] - navigateToUrl("https://samsung-adzu4-staging.codeworldwide.com/#"): Navigate to 'https://samsung-adzu4-staging.codeworldwide.com/#' successfully&#xD;
&#xD;
2019-10-11 09:22:43 - [MESSAGE][PASSED] - Navigate to 'https://samsung-adzu4-staging.codeworldwide.com/#' successfully&#xD;
&#xD;
2019-10-11 09:22:43 - [TEST_STEP][PASSED] - setText(findTestObject("Object Repository/Login/Page_Samsung Marketing Cloud/Username_Text"), "k.kirithan@hotmail.com"): Text 'k.kirithan@hotmail.com' is set on object 'Object Repository/Login/Page_Samsung Marketing Cloud/Username_Text'&#xD;
&#xD;
2019-10-11 09:22:54 - [MESSAGE][PASSED] - Text 'k.kirithan@hotmail.com' is set on object 'Object Repository/Login/Page_Samsung Marketing Cloud/Username_Text'&#xD;
&#xD;
2019-10-11 09:22:54 - [TEST_STEP][PASSED] - setEncryptedText(findTestObject("Object Repository/Login/Page_Samsung Marketing Cloud/Password_text"), "hsPFm2cfhkw="): Text ****** has been set on object 'Object Repository/Login/Page_Samsung Marketing Cloud/Password_text'&#xD;
&#xD;
2019-10-11 09:22:59 - [MESSAGE][PASSED] - Text ****** has been set on object 'Object Repository/Login/Page_Samsung Marketing Cloud/Password_text'&#xD;
&#xD;
2019-10-11 09:22:59 - [TEST_STEP][PASSED] - click(findTestObject("Object Repository/Login/Page_Samsung Marketing Cloud/button_Login")): Object: 'Object Repository/Login/Page_Samsung Marketing Cloud/button_Login' is clicked on&#xD;
&#xD;
2019-10-11 09:23:04 - [MESSAGE][PASSED] - Object: 'Object Repository/Login/Page_Samsung Marketing Cloud/button_Login' is clicked on&#xD;
&#xD;
2019-10-11 09:23:04 - [TEST_STEP][PASSED] - delay(1): Delayed 1 second(s)&#xD;
&#xD;
2019-10-11 09:23:05 - [MESSAGE][PASSED] - Delayed 1 second(s)&#xD;
&#xD;
2019-10-11 09:23:05 - [TEST_STEP][PASSED] - verifyElementText(findTestObject("Login/Page_Samsung Marketing Cloud/div_Error                        Invalid username or password"), "Error: Invalid username or password"): Actual text and expected text of test object 'Object Repository/Login/Page_Samsung Marketing Cloud/div_Error                        Invalid username or password' are matched.&#xD;
&#xD;
2019-10-11 09:23:08 - [MESSAGE][PASSED] - Actual text and expected text of test object 'Object Repository/Login/Page_Samsung Marketing Cloud/div_Error                        Invalid username or password' are matched.</system-out>
            <system-err></system-err>
        </testcase>
        <testcase name="Test Cases/Login and Logout - Notifications/TC Pop-up" classname="Test Cases/Login and Logout - Notifications/TC Pop-up" status="PASSED">
            <system-out>2019-10-11 09:23:08 - [TEST_CASE][PASSED] - Test Cases/Login and Logout - Notifications/TC Pop-up: Test Cases/Login and Logout - Notifications/TC Pop-up&#xD;
&#xD;
2019-10-11 09:23:09 - [TEST_STEP][PASSED] - openBrowser(""): Browser is opened with url: ''&#xD;
&#xD;
2019-10-11 09:23:09 - [MESSAGE][WARNING] - A browser is already opened. Closing browser and opening a new one&#xD;
&#xD;
2019-10-11 09:23:11 - [MESSAGE][INFO] - Starting 'IE' driver&#xD;
&#xD;
2019-10-11 09:23:11 - [MESSAGE][INFO] - User set preference: ['ignoreProtectedModeSettings', 'true']&#xD;
&#xD;
2019-10-11 09:23:19 - [MESSAGE][PASSED] - Browser is opened with url: ''&#xD;
&#xD;
2019-10-11 09:23:19 - [TEST_STEP][PASSED] - navigateToUrl("https://samsung-adzu4-staging.codeworldwide.com/#"): Navigate to 'https://samsung-adzu4-staging.codeworldwide.com/#' successfully&#xD;
&#xD;
2019-10-11 09:23:23 - [MESSAGE][PASSED] - Navigate to 'https://samsung-adzu4-staging.codeworldwide.com/#' successfully&#xD;
&#xD;
2019-10-11 09:23:23 - [TEST_STEP][PASSED] - maximizeWindow(): Current window maximized&#xD;
&#xD;
2019-10-11 09:23:24 - [MESSAGE][PASSED] - Current window maximized&#xD;
&#xD;
2019-10-11 09:23:24 - [TEST_STEP][PASSED] - click(findTestObject("Object Repository/Login/Page_Samsung Marketing Cloud/Terms and conditions_Link")): Object: 'Object Repository/Login/Page_Samsung Marketing Cloud/Terms and conditions_Link' is clicked on&#xD;
&#xD;
2019-10-11 09:23:35 - [MESSAGE][PASSED] - Object: 'Object Repository/Login/Page_Samsung Marketing Cloud/Terms and conditions_Link' is clicked on&#xD;
&#xD;
2019-10-11 09:23:35 - [TEST_STEP][PASSED] - delay(2): Delayed 2 second(s)&#xD;
&#xD;
2019-10-11 09:23:37 - [MESSAGE][PASSED] - Delayed 2 second(s)&#xD;
&#xD;
2019-10-11 09:23:37 - [TEST_STEP][PASSED] - switchToFrame(findTestObject("Login/Page_Samsung Marketing Cloud/iframe_By logging into this system you are accepting the_tnc-iframe"), 0): Timeout '0' is invalid. Using default page load timeout: '30'&#xD;
&#xD;
2019-10-11 09:23:38 - [MESSAGE][WARNING] - Timeout '0' is invalid. Using default page load timeout: '30'&#xD;
&#xD;
2019-10-11 09:23:40 - [TEST_STEP][PASSED] - click(findTestObject("Login/Page_Samsung Marketing Cloud/TC_button_Close")): Object: 'Object Repository/Login/Page_Samsung Marketing Cloud/TC_button_Close' is clicked on&#xD;
&#xD;
2019-10-11 09:23:45 - [MESSAGE][PASSED] - Object: 'Object Repository/Login/Page_Samsung Marketing Cloud/TC_button_Close' is clicked on&#xD;
&#xD;
2019-10-11 09:23:45 - [TEST_STEP][PASSED] - WindowTitle = getWindowTitle(): Current window's title is: 'Samsung Marketing Cloud'&#xD;
&#xD;
2019-10-11 09:23:46 - [MESSAGE][PASSED] - Current window's title is: 'Samsung Marketing Cloud'&#xD;
&#xD;
2019-10-11 09:23:46 - [TEST_STEP][PASSED] - verifyMatch(WindowTitle, "Samsung Marketing Cloud", false): Actual text 'Samsung Marketing Cloud' and expected text 'Samsung Marketing Cloud' are matched &#xD;
&#xD;
2019-10-11 09:23:46 - [MESSAGE][PASSED] - Actual text 'Samsung Marketing Cloud' and expected text 'Samsung Marketing Cloud' are matched &#xD;
&#xD;
2019-10-11 09:23:46 - [TEST_STEP][PASSED] - closeBrowser(): Browser is closed&#xD;
&#xD;
2019-10-11 09:23:48 - [MESSAGE][PASSED] - Browser is closed</system-out>
            <system-err></system-err>
        </testcase>
        <testcase name="Test Cases/Login and Logout - Notifications/Forgot Password" classname="Test Cases/Login and Logout - Notifications/Forgot Password" status="PASSED">
            <system-out>2019-10-11 09:23:48 - [TEST_CASE][PASSED] - Test Cases/Login and Logout - Notifications/Forgot Password: Test Cases/Login and Logout - Notifications/Forgot Password&#xD;
&#xD;
2019-10-11 09:23:49 - [TEST_STEP][PASSED] - openBrowser(""): Browser is opened with url: ''&#xD;
&#xD;
2019-10-11 09:23:49 - [MESSAGE][INFO] - Starting 'IE' driver&#xD;
&#xD;
2019-10-11 09:23:49 - [MESSAGE][INFO] - User set preference: ['ignoreProtectedModeSettings', 'true']&#xD;
&#xD;
2019-10-11 09:23:56 - [MESSAGE][PASSED] - Browser is opened with url: ''&#xD;
&#xD;
2019-10-11 09:23:56 - [TEST_STEP][PASSED] - navigateToUrl("https://samsung-adzu4-staging.codeworldwide.com/#"): Navigate to 'https://samsung-adzu4-staging.codeworldwide.com/#' successfully&#xD;
&#xD;
2019-10-11 09:24:00 - [MESSAGE][PASSED] - Navigate to 'https://samsung-adzu4-staging.codeworldwide.com/#' successfully&#xD;
&#xD;
2019-10-11 09:24:00 - [TEST_STEP][PASSED] - click(findTestObject("Object Repository/Login/Page_Samsung Marketing Cloud/Forgot password")): Object: 'Object Repository/Login/Page_Samsung Marketing Cloud/Forgot password' is clicked on&#xD;
&#xD;
2019-10-11 09:24:08 - [MESSAGE][PASSED] - Object: 'Object Repository/Login/Page_Samsung Marketing Cloud/Forgot password' is clicked on&#xD;
&#xD;
2019-10-11 09:24:08 - [TEST_STEP][PASSED] - setText(findTestObject("Object Repository/Login/Page_Samsung Marketing Cloud/input_Enter your email address to receive a link to reset your password_email"), "k.kirithan@hotmail.com"): Text 'k.kirithan@hotmail.com' is set on object 'Object Repository/Login/Page_Samsung Marketing Cloud/input_Enter your email address to receive a link to reset your password_email'&#xD;
&#xD;
2019-10-11 09:24:14 - [MESSAGE][PASSED] - Text 'k.kirithan@hotmail.com' is set on object 'Object Repository/Login/Page_Samsung Marketing Cloud/input_Enter your email address to receive a link to reset your password_email'&#xD;
&#xD;
2019-10-11 09:24:14 - [TEST_STEP][PASSED] - click(findTestObject("Object Repository/Login/Page_Samsung Marketing Cloud/button_Reset")): Object: 'Object Repository/Login/Page_Samsung Marketing Cloud/button_Reset' is clicked on&#xD;
&#xD;
2019-10-11 09:24:18 - [MESSAGE][PASSED] - Object: 'Object Repository/Login/Page_Samsung Marketing Cloud/button_Reset' is clicked on&#xD;
&#xD;
2019-10-11 09:24:18 - [TEST_STEP][PASSED] - click(findTestObject("Object Repository/Login/Page_Samsung Marketing Cloud/button_Ok")): Object: 'Object Repository/Login/Page_Samsung Marketing Cloud/button_Ok' is clicked on&#xD;
&#xD;
2019-10-11 09:24:22 - [MESSAGE][PASSED] - Object: 'Object Repository/Login/Page_Samsung Marketing Cloud/button_Ok' is clicked on&#xD;
&#xD;
2019-10-11 09:24:22 - [TEST_STEP][PASSED] - closeBrowser(): Browser is closed&#xD;
&#xD;
2019-10-11 09:24:24 - [MESSAGE][PASSED] - Browser is closed</system-out>
            <system-err></system-err>
        </testcase>
        <testcase name="Test Cases/Login and Logout - Notifications/Login" classname="Test Cases/Login and Logout - Notifications/Login" status="PASSED">
            <system-out>2019-10-11 09:24:24 - [TEST_CASE][PASSED] - Test Cases/Login and Logout - Notifications/Login: Test Cases/Login and Logout - Notifications/Login&#xD;
&#xD;
2019-10-11 09:24:25 - [TEST_STEP][PASSED] - openBrowser(""): Browser is opened with url: ''&#xD;
&#xD;
2019-10-11 09:24:25 - [MESSAGE][INFO] - Starting 'IE' driver&#xD;
&#xD;
2019-10-11 09:24:25 - [MESSAGE][INFO] - User set preference: ['ignoreProtectedModeSettings', 'true']&#xD;
&#xD;
2019-10-11 09:24:34 - [MESSAGE][PASSED] - Browser is opened with url: ''&#xD;
&#xD;
2019-10-11 09:24:34 - [TEST_STEP][PASSED] - navigateToUrl("https://samsung-adzu4-staging.codeworldwide.com/#"): Navigate to 'https://samsung-adzu4-staging.codeworldwide.com/#' successfully&#xD;
&#xD;
2019-10-11 09:24:37 - [MESSAGE][PASSED] - Navigate to 'https://samsung-adzu4-staging.codeworldwide.com/#' successfully&#xD;
&#xD;
2019-10-11 09:24:37 - [TEST_STEP][PASSED] - setText(findTestObject("Object Repository/Login/Page_Samsung Marketing Cloud/Username_Text"), "satinder.gandhi@codeworldwide.com"): Text 'satinder.gandhi@codeworldwide.com' is set on object 'Object Repository/Login/Page_Samsung Marketing Cloud/Username_Text'&#xD;
&#xD;
2019-10-11 09:24:46 - [MESSAGE][PASSED] - Text 'satinder.gandhi@codeworldwide.com' is set on object 'Object Repository/Login/Page_Samsung Marketing Cloud/Username_Text'&#xD;
&#xD;
2019-10-11 09:24:46 - [TEST_STEP][PASSED] - setEncryptedText(findTestObject("Object Repository/Login/Page_Samsung Marketing Cloud/Password_text"), "yfq/9fVkW5+QvfzWq38qvg=="): Text ****** has been set on object 'Object Repository/Login/Page_Samsung Marketing Cloud/Password_text'&#xD;
&#xD;
2019-10-11 09:24:51 - [MESSAGE][PASSED] - Text ****** has been set on object 'Object Repository/Login/Page_Samsung Marketing Cloud/Password_text'&#xD;
&#xD;
2019-10-11 09:24:51 - [TEST_STEP][PASSED] - click(findTestObject("Object Repository/Login/Page_Samsung Marketing Cloud/button_Login")): Object: 'Object Repository/Login/Page_Samsung Marketing Cloud/button_Login' is clicked on&#xD;
&#xD;
2019-10-11 09:24:58 - [MESSAGE][PASSED] - Object: 'Object Repository/Login/Page_Samsung Marketing Cloud/button_Login' is clicked on&#xD;
&#xD;
2019-10-11 09:24:58 - [TEST_STEP][PASSED] - maximizeWindow(): Current window maximized&#xD;
&#xD;
2019-10-11 09:24:59 - [MESSAGE][PASSED] - Current window maximized</system-out>
            <system-err></system-err>
        </testcase>
        <testcase name="Test Cases/Login and Logout - Notifications/Logout - No Button" classname="Test Cases/Login and Logout - Notifications/Logout - No Button" status="PASSED">
            <system-out>2019-10-11 09:24:59 - [TEST_CASE][PASSED] - Test Cases/Login and Logout - Notifications/Logout - No Button: Test Cases/Login and Logout - Notifications/Logout - No Button&#xD;
&#xD;
2019-10-11 09:25:00 - [TEST_STEP][PASSED] - click(findTestObject("Logout/Page_Samsung Marketing Cloud/span_gandhi")): Object: 'Object Repository/Logout/Page_Samsung Marketing Cloud/span_gandhi' is clicked on&#xD;
&#xD;
2019-10-11 09:25:09 - [MESSAGE][PASSED] - Object: 'Object Repository/Logout/Page_Samsung Marketing Cloud/span_gandhi' is clicked on&#xD;
&#xD;
2019-10-11 09:25:09 - [TEST_STEP][PASSED] - click(findTestObject("Logout/Page_Samsung Marketing Cloud/Logout")): Object: 'Object Repository/Logout/Page_Samsung Marketing Cloud/Logout' is clicked on&#xD;
&#xD;
2019-10-11 09:25:13 - [MESSAGE][PASSED] - Object: 'Object Repository/Logout/Page_Samsung Marketing Cloud/Logout' is clicked on&#xD;
&#xD;
2019-10-11 09:25:13 - [TEST_STEP][PASSED] - click(findTestObject("Logout/Page_Samsung Marketing Cloud/Page_Samsung Marketing Cloud/button_No")): Object: 'Object Repository/Logout/Page_Samsung Marketing Cloud/Page_Samsung Marketing Cloud/button_No' is clicked on&#xD;
&#xD;
2019-10-11 09:25:17 - [MESSAGE][PASSED] - Object: 'Object Repository/Logout/Page_Samsung Marketing Cloud/Page_Samsung Marketing Cloud/button_No' is clicked on</system-out>
            <system-err></system-err>
        </testcase>
        <testcase name="Test Cases/Login and Logout - Notifications/Logout - Yes Button" classname="Test Cases/Login and Logout - Notifications/Logout - Yes Button" status="PASSED">
            <system-out>2019-10-11 09:25:17 - [TEST_CASE][PASSED] - Test Cases/Login and Logout - Notifications/Logout - Yes Button: Test Cases/Login and Logout - Notifications/Logout - Yes Button&#xD;
&#xD;
2019-10-11 09:25:18 - [TEST_STEP][PASSED] - click(findTestObject("Logout/Page_Samsung Marketing Cloud/span_gandhi")): Object: 'Object Repository/Logout/Page_Samsung Marketing Cloud/span_gandhi' is clicked on&#xD;
&#xD;
2019-10-11 09:25:22 - [MESSAGE][PASSED] - Object: 'Object Repository/Logout/Page_Samsung Marketing Cloud/span_gandhi' is clicked on&#xD;
&#xD;
2019-10-11 09:25:22 - [TEST_STEP][PASSED] - click(findTestObject("Logout/Page_Samsung Marketing Cloud/Logout")): Object: 'Object Repository/Logout/Page_Samsung Marketing Cloud/Logout' is clicked on&#xD;
&#xD;
2019-10-11 09:25:26 - [MESSAGE][PASSED] - Object: 'Object Repository/Logout/Page_Samsung Marketing Cloud/Logout' is clicked on&#xD;
&#xD;
2019-10-11 09:25:26 - [TEST_STEP][PASSED] - click(findTestObject("Logout/Page_Samsung Marketing Cloud/button_Yes")): Object: 'Object Repository/Logout/Page_Samsung Marketing Cloud/button_Yes' is clicked on&#xD;
&#xD;
2019-10-11 09:25:31 - [MESSAGE][PASSED] - Object: 'Object Repository/Logout/Page_Samsung Marketing Cloud/button_Yes' is clicked on&#xD;
&#xD;
2019-10-11 09:25:31 - [TEST_STEP][PASSED] - closeBrowser(): Browser is closed&#xD;
&#xD;
2019-10-11 09:25:32 - [MESSAGE][PASSED] - Browser is closed</system-out>
            <system-err></system-err>
        </testcase>
        <system-out>2019-10-11 09:22:28 - [TEST_SUITE][INCOMPLETE] - Login: null</system-out>
        <system-err>2019-10-11 09:22:28 - [TEST_SUITE][INCOMPLETE] - Login: null</system-err>
    </testsuite>
</testsuites>
