<?xml version="1.0" encoding="UTF-8" standalone="yes"?>
<testsuites name="Campaigns" time="281" tests="11" failures="1" errors="0">
    <testsuite name="Campaigns" tests="11" failures="1" errors="0" time="281" timestamp="2019-10-11 13:09:59" hostname="KanKir - GB3CODW08386HQS.nexus.local" id="Test Suites/Home Page/Campaigns">
        <properties>
            <property name="deviceName" value=""/>
            <property name="devicePlatform" value=""/>
            <property name="logFolder" value="C:\\Users\\kankir\\git\\adZU-OS-UAT-Automation 1\\Reports\\20191011_130957\\Home Page\\Campaigns\\20191011_130957"/>
            <property name="logFiles" value="C:\\Users\\kankir\\git\\adZU-OS-UAT-Automation 1\\Reports\\20191011_130957\\Home Page\\Campaigns\\20191011_130957\\execution0.log, C:\\Users\\kankir\\git\\adZU-OS-UAT-Automation 1\\Reports\\20191011_130957\\Home Page\\Campaigns\\20191011_130957\\IEDriverServer.log"/>
            <property name="attachments" value=""/>
            <property name="hostName" value="KanKir - GB3CODW08386HQS.nexus.local"/>
            <property name="os" value="Windows 10 64bit"/>
            <property name="katalonVersion" value="6.3.3.11"/>
            <property name="browser" value="IE 11"/>
            <property name="hostAddress" value="10.141.20.49"/>
            <property name="sessionId" value="0f27770f-2483-44e5-9b44-0f4bf2a86b1b"/>
            <property name="seleniumVersion" value="3.141.59"/>
            <property name="proxyInformation" value="ProxyInformation{proxyOption=NO_PROXY, proxyServerType=HTTP, password=, proxyServerAddress=, proxyServerPort=0}"/>
            <property name="platform" value="Windows 10"/>
        </properties>
        <testcase name="Test Cases/Login and Logout - Notifications/Login" classname="Test Cases/Login and Logout - Notifications/Login" status="PASSED">
            <system-out>2019-10-11 13:10:00 - [TEST_CASE][PASSED] - Test Cases/Login and Logout - Notifications/Login: Test Cases/Login and Logout - Notifications/Login&#xD;
&#xD;
2019-10-11 13:10:00 - [TEST_STEP][PASSED] - openBrowser(""): Browser is opened with url: ''&#xD;
&#xD;
2019-10-11 13:10:00 - [MESSAGE][INFO] - Starting 'IE' driver&#xD;
&#xD;
2019-10-11 13:10:00 - [MESSAGE][INFO] - User set preference: ['ignoreProtectedModeSettings', 'true']&#xD;
&#xD;
2019-10-11 13:10:00 - [MESSAGE][INFO] - Action delay is set to 1 seconds&#xD;
&#xD;
2019-10-11 13:10:05 - [MESSAGE][PASSED] - Browser is opened with url: ''&#xD;
&#xD;
2019-10-11 13:10:05 - [TEST_STEP][PASSED] - navigateToUrl("https://samsung-adzu4-staging.codeworldwide.com/#"): Navigate to 'https://samsung-adzu4-staging.codeworldwide.com/#' successfully&#xD;
&#xD;
2019-10-11 13:10:07 - [MESSAGE][PASSED] - Navigate to 'https://samsung-adzu4-staging.codeworldwide.com/#' successfully&#xD;
&#xD;
2019-10-11 13:10:07 - [TEST_STEP][PASSED] - setText(findTestObject("Object Repository/Login/Page_Samsung Marketing Cloud/Username_Text"), "satinder.gandhi@codeworldwide.com"): Text 'satinder.gandhi@codeworldwide.com' is set on object 'Object Repository/Login/Page_Samsung Marketing Cloud/Username_Text'&#xD;
&#xD;
2019-10-11 13:10:13 - [MESSAGE][PASSED] - Text 'satinder.gandhi@codeworldwide.com' is set on object 'Object Repository/Login/Page_Samsung Marketing Cloud/Username_Text'&#xD;
&#xD;
2019-10-11 13:10:13 - [TEST_STEP][PASSED] - setEncryptedText(findTestObject("Object Repository/Login/Page_Samsung Marketing Cloud/Password_text"), "yfq/9fVkW5+QvfzWq38qvg=="): Text ****** has been set on object 'Object Repository/Login/Page_Samsung Marketing Cloud/Password_text'&#xD;
&#xD;
2019-10-11 13:10:16 - [MESSAGE][PASSED] - Text ****** has been set on object 'Object Repository/Login/Page_Samsung Marketing Cloud/Password_text'&#xD;
&#xD;
2019-10-11 13:10:16 - [TEST_STEP][PASSED] - click(findTestObject("Object Repository/Login/Page_Samsung Marketing Cloud/button_Login")): Object: 'Object Repository/Login/Page_Samsung Marketing Cloud/button_Login' is clicked on&#xD;
&#xD;
2019-10-11 13:10:21 - [MESSAGE][PASSED] - Object: 'Object Repository/Login/Page_Samsung Marketing Cloud/button_Login' is clicked on&#xD;
&#xD;
2019-10-11 13:10:21 - [TEST_STEP][PASSED] - maximizeWindow(): Current window maximized&#xD;
&#xD;
2019-10-11 13:10:22 - [MESSAGE][PASSED] - Current window maximized</system-out>
            <system-err></system-err>
        </testcase>
        <testcase name="Test Cases/Home Page/Campaigns/QLED 2019 Campaign" classname="Test Cases/Home Page/Campaigns/QLED 2019 Campaign" status="PASSED">
            <system-out>2019-10-11 13:10:22 - [TEST_CASE][PASSED] - Test Cases/Home Page/Campaigns/QLED 2019 Campaign: Test Cases/Home Page/Campaigns/QLED 2019 Campaign&#xD;
&#xD;
2019-10-11 13:10:22 - [TEST_STEP][PASSED] - navigateToUrl("https://samsung-adzu4-staging.codeworldwide.com/#"): Navigate to 'https://samsung-adzu4-staging.codeworldwide.com/#' successfully&#xD;
&#xD;
2019-10-11 13:10:24 - [MESSAGE][PASSED] - Navigate to 'https://samsung-adzu4-staging.codeworldwide.com/#' successfully&#xD;
&#xD;
2019-10-11 13:10:24 - [TEST_STEP][PASSED] - waitForPageLoad(1): Wait for page load successfully&#xD;
&#xD;
2019-10-11 13:10:25 - [MESSAGE][PASSED] - Wait for page load successfully&#xD;
&#xD;
2019-10-11 13:10:25 - [TEST_STEP][PASSED] - click(findTestObject("Home Page/Homa Page Tiles/Campaigns/a_QLED 2019")): Object: 'Object Repository/Home Page/Homa Page Tiles/Campaigns/a_QLED 2019' is clicked on&#xD;
&#xD;
2019-10-11 13:10:28 - [MESSAGE][PASSED] - Object: 'Object Repository/Home Page/Homa Page Tiles/Campaigns/a_QLED 2019' is clicked on</system-out>
            <system-err></system-err>
        </testcase>
        <testcase name="Test Cases/Home Page/Campaigns/QuickDrive Campaigns" classname="Test Cases/Home Page/Campaigns/QuickDrive Campaigns" status="PASSED">
            <system-out>2019-10-11 13:10:28 - [TEST_CASE][PASSED] - Test Cases/Home Page/Campaigns/QuickDrive Campaigns: Test Cases/Home Page/Campaigns/QuickDrive Campaigns&#xD;
&#xD;
2019-10-11 13:10:29 - [TEST_STEP][PASSED] - navigateToUrl("https://samsung-adzu4-staging.codeworldwide.com/#"): Navigate to 'https://samsung-adzu4-staging.codeworldwide.com/#' successfully&#xD;
&#xD;
2019-10-11 13:10:30 - [MESSAGE][PASSED] - Navigate to 'https://samsung-adzu4-staging.codeworldwide.com/#' successfully&#xD;
&#xD;
2019-10-11 13:10:30 - [TEST_STEP][PASSED] - waitForPageLoad(1): Wait for page load successfully&#xD;
&#xD;
2019-10-11 13:10:31 - [MESSAGE][PASSED] - Wait for page load successfully&#xD;
&#xD;
2019-10-11 13:10:31 - [TEST_STEP][PASSED] - click(findTestObject("Home Page/Homa Page Tiles/Campaigns/a_QuickDrive")): Object: 'Object Repository/Home Page/Homa Page Tiles/Campaigns/a_QuickDrive' is clicked on&#xD;
&#xD;
2019-10-11 13:10:34 - [MESSAGE][PASSED] - Object: 'Object Repository/Home Page/Homa Page Tiles/Campaigns/a_QuickDrive' is clicked on</system-out>
            <system-err></system-err>
        </testcase>
        <testcase name="Test Cases/Home Page/Campaigns/Galaxy Note9 Campaign" classname="Test Cases/Home Page/Campaigns/Galaxy Note9 Campaign" status="PASSED">
            <system-out>2019-10-11 13:10:34 - [TEST_CASE][PASSED] - Test Cases/Home Page/Campaigns/Galaxy Note9 Campaign: Test Cases/Home Page/Campaigns/Galaxy Note9 Campaign&#xD;
&#xD;
2019-10-11 13:10:35 - [TEST_STEP][PASSED] - navigateToUrl("https://samsung-adzu4-staging.codeworldwide.com/#"): Navigate to 'https://samsung-adzu4-staging.codeworldwide.com/#' successfully&#xD;
&#xD;
2019-10-11 13:10:36 - [MESSAGE][PASSED] - Navigate to 'https://samsung-adzu4-staging.codeworldwide.com/#' successfully&#xD;
&#xD;
2019-10-11 13:10:36 - [TEST_STEP][PASSED] - waitForPageLoad(1): Wait for page load successfully&#xD;
&#xD;
2019-10-11 13:10:37 - [MESSAGE][PASSED] - Wait for page load successfully&#xD;
&#xD;
2019-10-11 13:10:37 - [TEST_STEP][PASSED] - click(findTestObject("Home Page/Homa Page Tiles/Campaigns/a_Galaxy Note9")): Object: 'Object Repository/Home Page/Homa Page Tiles/Campaigns/a_Galaxy Note9' is clicked on&#xD;
&#xD;
2019-10-11 13:10:40 - [MESSAGE][PASSED] - Object: 'Object Repository/Home Page/Homa Page Tiles/Campaigns/a_Galaxy Note9' is clicked on</system-out>
            <system-err></system-err>
        </testcase>
        <testcase name="Test Cases/Home Page/Campaigns/Holidays Campaign" classname="Test Cases/Home Page/Campaigns/Holidays Campaign" status="PASSED">
            <system-out>2019-10-11 13:10:40 - [TEST_CASE][PASSED] - Test Cases/Home Page/Campaigns/Holidays Campaign: Test Cases/Home Page/Campaigns/Holidays Campaign&#xD;
&#xD;
2019-10-11 13:10:41 - [TEST_STEP][PASSED] - navigateToUrl("https://samsung-adzu4-staging.codeworldwide.com/#"): Navigate to 'https://samsung-adzu4-staging.codeworldwide.com/#' successfully&#xD;
&#xD;
2019-10-11 13:10:42 - [MESSAGE][PASSED] - Navigate to 'https://samsung-adzu4-staging.codeworldwide.com/#' successfully&#xD;
&#xD;
2019-10-11 13:10:42 - [TEST_STEP][PASSED] - waitForPageLoad(1): Wait for page load successfully&#xD;
&#xD;
2019-10-11 13:10:43 - [MESSAGE][PASSED] - Wait for page load successfully&#xD;
&#xD;
2019-10-11 13:10:43 - [TEST_STEP][PASSED] - click(findTestObject("Home Page/Homa Page Tiles/Campaigns/a_Holidays")): Object: 'Object Repository/Home Page/Homa Page Tiles/Campaigns/a_Holidays' is clicked on&#xD;
&#xD;
2019-10-11 13:10:46 - [MESSAGE][PASSED] - Object: 'Object Repository/Home Page/Homa Page Tiles/Campaigns/a_Holidays' is clicked on</system-out>
            <system-err></system-err>
        </testcase>
        <testcase name="Test Cases/Home Page/Campaigns/Galaxy A7 Campaign" classname="Test Cases/Home Page/Campaigns/Galaxy A7 Campaign" status="PASSED">
            <system-out>2019-10-11 13:10:46 - [TEST_CASE][PASSED] - Test Cases/Home Page/Campaigns/Galaxy A7 Campaign: Test Cases/Home Page/Campaigns/Galaxy A7 Campaign&#xD;
&#xD;
2019-10-11 13:10:46 - [TEST_STEP][PASSED] - navigateToUrl("https://samsung-adzu4-staging.codeworldwide.com/#"): Navigate to 'https://samsung-adzu4-staging.codeworldwide.com/#' successfully&#xD;
&#xD;
2019-10-11 13:10:48 - [MESSAGE][PASSED] - Navigate to 'https://samsung-adzu4-staging.codeworldwide.com/#' successfully&#xD;
&#xD;
2019-10-11 13:10:48 - [TEST_STEP][PASSED] - waitForPageLoad(1): Wait for page load successfully&#xD;
&#xD;
2019-10-11 13:10:49 - [MESSAGE][PASSED] - Wait for page load successfully&#xD;
&#xD;
2019-10-11 13:10:49 - [TEST_STEP][PASSED] - click(findTestObject("Home Page/Homa Page Tiles/Campaigns/a_Galaxy A7")): Object: 'Object Repository/Home Page/Homa Page Tiles/Campaigns/a_Galaxy A7' is clicked on&#xD;
&#xD;
2019-10-11 13:10:52 - [MESSAGE][PASSED] - Object: 'Object Repository/Home Page/Homa Page Tiles/Campaigns/a_Galaxy A7' is clicked on&#xD;
&#xD;
2019-10-11 13:10:52 - [TEST_STEP][PASSED] - navigateToUrl("https://samsung-adzu4-staging.codeworldwide.com/#"): Navigate to 'https://samsung-adzu4-staging.codeworldwide.com/#' successfully&#xD;
&#xD;
2019-10-11 13:10:53 - [MESSAGE][PASSED] - Navigate to 'https://samsung-adzu4-staging.codeworldwide.com/#' successfully</system-out>
            <system-err></system-err>
        </testcase>
        <testcase name="Test Cases/Home Page/Campaigns/Galaxy S9_S9" classname="Test Cases/Home Page/Campaigns/Galaxy S9_S9" status="PASSED">
            <system-out>2019-10-11 13:10:53 - [TEST_CASE][PASSED] - Test Cases/Home Page/Campaigns/Galaxy S9_S9: Test Cases/Home Page/Campaigns/Galaxy S9_S9&#xD;
&#xD;
2019-10-11 13:10:54 - [TEST_STEP][PASSED] - navigateToUrl("https://samsung-adzu4-staging.codeworldwide.com/#"): Navigate to 'https://samsung-adzu4-staging.codeworldwide.com/#' successfully&#xD;
&#xD;
2019-10-11 13:10:55 - [MESSAGE][PASSED] - Navigate to 'https://samsung-adzu4-staging.codeworldwide.com/#' successfully&#xD;
&#xD;
2019-10-11 13:10:55 - [TEST_STEP][PASSED] - click(findTestObject("Home Page/Homa Page Tiles/Campaigns/button_View More")): Object: 'Object Repository/Home Page/Homa Page Tiles/Campaigns/button_View More' is clicked on&#xD;
&#xD;
2019-10-11 13:10:58 - [MESSAGE][PASSED] - Object: 'Object Repository/Home Page/Homa Page Tiles/Campaigns/button_View More' is clicked on&#xD;
&#xD;
2019-10-11 13:10:58 - [TEST_STEP][PASSED] - waitForPageLoad(1): Wait for page load successfully&#xD;
&#xD;
2019-10-11 13:10:59 - [MESSAGE][PASSED] - Wait for page load successfully&#xD;
&#xD;
2019-10-11 13:10:59 - [TEST_STEP][PASSED] - click(findTestObject("Home Page/Homa Page Tiles/Campaigns/a_Galaxy S9  S9")): Object: 'Object Repository/Home Page/Homa Page Tiles/Campaigns/a_Galaxy S9  S9' is clicked on&#xD;
&#xD;
2019-10-11 13:11:08 - [MESSAGE][PASSED] - Object: 'Object Repository/Home Page/Homa Page Tiles/Campaigns/a_Galaxy S9  S9' is clicked on</system-out>
            <system-err></system-err>
        </testcase>
        <testcase name="Test Cases/Home Page/Campaigns/The Frame TV Campaign" classname="Test Cases/Home Page/Campaigns/The Frame TV Campaign" status="PASSED">
            <system-out>2019-10-11 13:11:08 - [TEST_CASE][PASSED] - Test Cases/Home Page/Campaigns/The Frame TV Campaign: Test Cases/Home Page/Campaigns/The Frame TV Campaign&#xD;
&#xD;
2019-10-11 13:11:08 - [TEST_STEP][PASSED] - navigateToUrl("https://samsung-adzu4-staging.codeworldwide.com/#"): Navigate to 'https://samsung-adzu4-staging.codeworldwide.com/#' successfully&#xD;
&#xD;
2019-10-11 13:11:09 - [MESSAGE][PASSED] - Navigate to 'https://samsung-adzu4-staging.codeworldwide.com/#' successfully&#xD;
&#xD;
2019-10-11 13:11:09 - [TEST_STEP][PASSED] - click(findTestObject("Home Page/Homa Page Tiles/Campaigns/button_View More")): Object: 'Object Repository/Home Page/Homa Page Tiles/Campaigns/button_View More' is clicked on&#xD;
&#xD;
2019-10-11 13:11:13 - [MESSAGE][PASSED] - Object: 'Object Repository/Home Page/Homa Page Tiles/Campaigns/button_View More' is clicked on&#xD;
&#xD;
2019-10-11 13:11:13 - [TEST_STEP][PASSED] - waitForPageLoad(1): Wait for page load successfully&#xD;
&#xD;
2019-10-11 13:11:14 - [MESSAGE][PASSED] - Wait for page load successfully&#xD;
&#xD;
2019-10-11 13:11:14 - [TEST_STEP][PASSED] - click(findTestObject("Home Page/Homa Page Tiles/Campaigns/a_The Frame TV")): Object: 'Object Repository/Home Page/Homa Page Tiles/Campaigns/a_The Frame TV' is clicked on&#xD;
&#xD;
2019-10-11 13:11:23 - [MESSAGE][PASSED] - Object: 'Object Repository/Home Page/Homa Page Tiles/Campaigns/a_The Frame TV' is clicked on</system-out>
            <system-err></system-err>
        </testcase>
        <testcase name="Test Cases/Home Page/Campaigns/QLED TV Campaign" classname="Test Cases/Home Page/Campaigns/QLED TV Campaign" status="PASSED">
            <system-out>2019-10-11 13:11:23 - [TEST_CASE][PASSED] - Test Cases/Home Page/Campaigns/QLED TV Campaign: Test Cases/Home Page/Campaigns/QLED TV Campaign&#xD;
&#xD;
2019-10-11 13:11:23 - [TEST_STEP][PASSED] - navigateToUrl("https://samsung-adzu4-staging.codeworldwide.com/#"): Navigate to 'https://samsung-adzu4-staging.codeworldwide.com/#' successfully&#xD;
&#xD;
2019-10-11 13:11:24 - [MESSAGE][PASSED] - Navigate to 'https://samsung-adzu4-staging.codeworldwide.com/#' successfully&#xD;
&#xD;
2019-10-11 13:11:24 - [TEST_STEP][PASSED] - click(findTestObject("Home Page/Homa Page Tiles/Campaigns/button_View More")): Object: 'Object Repository/Home Page/Homa Page Tiles/Campaigns/button_View More' is clicked on&#xD;
&#xD;
2019-10-11 13:11:27 - [MESSAGE][PASSED] - Object: 'Object Repository/Home Page/Homa Page Tiles/Campaigns/button_View More' is clicked on&#xD;
&#xD;
2019-10-11 13:11:27 - [TEST_STEP][PASSED] - waitForPageLoad(1): Wait for page load successfully&#xD;
&#xD;
2019-10-11 13:11:28 - [MESSAGE][PASSED] - Wait for page load successfully&#xD;
&#xD;
2019-10-11 13:11:28 - [TEST_STEP][PASSED] - click(findTestObject("Home Page/Homa Page Tiles/Campaigns/a_QLED TV")): Object: 'Object Repository/Home Page/Homa Page Tiles/Campaigns/a_QLED TV' is clicked on&#xD;
&#xD;
2019-10-11 13:11:36 - [MESSAGE][PASSED] - Object: 'Object Repository/Home Page/Homa Page Tiles/Campaigns/a_QLED TV' is clicked on</system-out>
            <system-err></system-err>
        </testcase>
        <testcase name="Test Cases/Home Page/Campaigns/Galaxy A9 Campaign" classname="Test Cases/Home Page/Campaigns/Galaxy A9 Campaign" status="PASSED">
            <system-out>2019-10-11 13:11:36 - [TEST_CASE][PASSED] - Test Cases/Home Page/Campaigns/Galaxy A9 Campaign: Test Cases/Home Page/Campaigns/Galaxy A9 Campaign&#xD;
&#xD;
2019-10-11 13:11:36 - [TEST_STEP][PASSED] - navigateToUrl("https://samsung-adzu4-staging.codeworldwide.com/#"): Navigate to 'https://samsung-adzu4-staging.codeworldwide.com/#' successfully&#xD;
&#xD;
2019-10-11 13:11:37 - [MESSAGE][PASSED] - Navigate to 'https://samsung-adzu4-staging.codeworldwide.com/#' successfully&#xD;
&#xD;
2019-10-11 13:11:37 - [TEST_STEP][PASSED] - click(findTestObject("Home Page/Homa Page Tiles/Campaigns/button_View More")): Object: 'Object Repository/Home Page/Homa Page Tiles/Campaigns/button_View More' is clicked on&#xD;
&#xD;
2019-10-11 13:11:40 - [MESSAGE][PASSED] - Object: 'Object Repository/Home Page/Homa Page Tiles/Campaigns/button_View More' is clicked on&#xD;
&#xD;
2019-10-11 13:11:40 - [TEST_STEP][PASSED] - waitForPageLoad(1): Wait for page load successfully&#xD;
&#xD;
2019-10-11 13:11:41 - [MESSAGE][PASSED] - Wait for page load successfully&#xD;
&#xD;
2019-10-11 13:11:41 - [TEST_STEP][PASSED] - click(findTestObject("Home Page/Homa Page Tiles/Campaigns/a_Galaxy A9")): Object: 'Object Repository/Home Page/Homa Page Tiles/Campaigns/a_Galaxy A9' is clicked on&#xD;
&#xD;
2019-10-11 13:11:46 - [MESSAGE][PASSED] - Object: 'Object Repository/Home Page/Homa Page Tiles/Campaigns/a_Galaxy A9' is clicked on</system-out>
            <system-err></system-err>
        </testcase>
        <testcase name="Test Cases/Home Page/Campaigns/S10 Campaign" classname="Test Cases/Home Page/Campaigns/S10 Campaign" status="FAILED">
            <failure type="FAILED" message="Test Cases/Home Page/Campaigns/S10 Campaign FAILED.&#xA;Reason:&#xA;com.kms.katalon.core.exception.StepFailedException: Unable to verify match between actual text 'https://samsung-adzu4-staging.codeworldwide.com/#page/Assets?TagsID=5e861b2e-476e-47a7-8da6-1f8eaac0545d&amp;CampaignID=51a8da8e-2afa-4c47-ae26-e14f01ff5e7c&amp;CampaignText=S10 Test Campaign' and expected text 'https://samsung-adzu4-staging.codeworldwide.com/#page/Assets?TagsID=5e861b2e-476e-47a7-8da6-1f8eaac0545d&amp;CampaignID=51a8da8e-2afa-4c47-ae26-e14f01ff5e7c&amp;CampaignText=S10%20Test%20Campaign' (Root cause: com.kms.katalon.core.exception.StepFailedException: Actual text 'https://samsung-adzu4-staging.codeworldwide.com/#page/Assets?TagsID=5e861b2e-476e-47a7-8da6-1f8eaac0545d&amp;CampaignID=51a8da8e-2afa-4c47-ae26-e14f01ff5e7c&amp;CampaignText=S10 Test Campaign' and expected text 'https://samsung-adzu4-staging.codeworldwide.com/#page/Assets?TagsID=5e861b2e-476e-47a7-8da6-1f8eaac0545d&amp;CampaignID=51a8da8e-2afa-4c47-ae26-e14f01ff5e7c&amp;CampaignText=S10%20Test%20Campaign' are not matched&#xD;&#xA;&#x9;at com.kms.katalon.core.keyword.builtin.VerifyMatchKeyword$_verifyMatch_closure1.doCall(VerifyMatchKeyword.groovy:57)&#xD;&#xA;&#x9;at com.kms.katalon.core.keyword.builtin.VerifyMatchKeyword$_verifyMatch_closure1.call(VerifyMatchKeyword.groovy)&#xD;&#xA;&#x9;at com.kms.katalon.core.keyword.internal.KeywordMain.runKeyword(KeywordMain.groovy:68)&#xD;&#xA;&#x9;at com.kms.katalon.core.keyword.builtin.VerifyMatchKeyword.verifyMatch(VerifyMatchKeyword.groovy:60)&#xD;&#xA;&#x9;at com.kms.katalon.core.keyword.builtin.VerifyMatchKeyword.execute(VerifyMatchKeyword.groovy:45)&#xD;&#xA;&#x9;at com.kms.katalon.core.keyword.internal.KeywordExecutor.executeKeywordForPlatform(KeywordExecutor.groovy:56)&#xD;&#xA;&#x9;at com.kms.katalon.core.keyword.BuiltinKeywords.verifyMatch(BuiltinKeywords.groovy:73)&#xD;&#xA;&#x9;at S10 Campaign.run(S10 Campaign:29)&#xD;&#xA;&#x9;at com.kms.katalon.core.main.ScriptEngine.run(ScriptEngine.java:194)&#xD;&#xA;&#x9;at com.kms.katalon.core.main.ScriptEngine.runScriptAsRawText(ScriptEngine.java:119)&#xD;&#xA;&#x9;at com.kms.katalon.core.main.TestCaseExecutor.runScript(TestCaseExecutor.java:337)&#xD;&#xA;&#x9;at com.kms.katalon.core.main.TestCaseExecutor.doExecute(TestCaseExecutor.java:328)&#xD;&#xA;&#x9;at com.kms.katalon.core.main.TestCaseExecutor.processExecutionPhase(TestCaseExecutor.java:307)&#xD;&#xA;&#x9;at com.kms.katalon.core.main.TestCaseExecutor.accessMainPhase(TestCaseExecutor.java:299)&#xD;&#xA;&#x9;at com.kms.katalon.core.main.TestCaseExecutor.execute(TestCaseExecutor.java:233)&#xD;&#xA;&#x9;at com.kms.katalon.core.main.TestSuiteExecutor.accessTestCaseMainPhase(TestSuiteExecutor.java:169)&#xD;&#xA;&#x9;at com.kms.katalon.core.main.TestSuiteExecutor.accessTestSuiteMainPhase(TestSuiteExecutor.java:142)&#xD;&#xA;&#x9;at com.kms.katalon.core.main.TestSuiteExecutor.execute(TestSuiteExecutor.java:91)&#xD;&#xA;&#x9;at com.kms.katalon.core.main.TestCaseMain.startTestSuite(TestCaseMain.java:157)&#xD;&#xA;&#x9;at com.kms.katalon.core.main.TestCaseMain$startTestSuite$0.call(Unknown Source)&#xD;&#xA;&#x9;at TempTestSuite1570795797599.run(TempTestSuite1570795797599.groovy:35)&#xD;&#xA;)&#xD;&#xA;&#x9;at com.kms.katalon.core.keyword.internal.KeywordMain.stepFailed(KeywordMain.groovy:39)&#xD;&#xA;&#x9;at com.kms.katalon.core.keyword.internal.KeywordMain.stepFailed(KeywordMain.groovy)&#xD;&#xA;&#x9;at com.kms.katalon.core.keyword.internal.KeywordMain.runKeyword(KeywordMain.groovy:70)&#xD;&#xA;&#x9;at com.kms.katalon.core.keyword.builtin.VerifyMatchKeyword.verifyMatch(VerifyMatchKeyword.groovy:60)&#xD;&#xA;&#x9;at com.kms.katalon.core.keyword.builtin.VerifyMatchKeyword.execute(VerifyMatchKeyword.groovy:45)&#xD;&#xA;&#x9;at com.kms.katalon.core.keyword.internal.KeywordExecutor.executeKeywordForPlatform(KeywordExecutor.groovy:56)&#xD;&#xA;&#x9;at com.kms.katalon.core.keyword.BuiltinKeywords.verifyMatch(BuiltinKeywords.groovy:73)&#xD;&#xA;&#x9;at S10 Campaign.run(S10 Campaign:29)&#xD;&#xA;&#x9;at com.kms.katalon.core.main.ScriptEngine.run(ScriptEngine.java:194)&#xD;&#xA;&#x9;at com.kms.katalon.core.main.ScriptEngine.runScriptAsRawText(ScriptEngine.java:119)&#xD;&#xA;&#x9;at com.kms.katalon.core.main.TestCaseExecutor.runScript(TestCaseExecutor.java:337)&#xD;&#xA;&#x9;at com.kms.katalon.core.main.TestCaseExecutor.doExecute(TestCaseExecutor.java:328)&#xD;&#xA;&#x9;at com.kms.katalon.core.main.TestCaseExecutor.processExecutionPhase(TestCaseExecutor.java:307)&#xD;&#xA;&#x9;at com.kms.katalon.core.main.TestCaseExecutor.accessMainPhase(TestCaseExecutor.java:299)&#xD;&#xA;&#x9;at com.kms.katalon.core.main.TestCaseExecutor.execute(TestCaseExecutor.java:233)&#xD;&#xA;&#x9;at com.kms.katalon.core.main.TestSuiteExecutor.accessTestCaseMainPhase(TestSuiteExecutor.java:169)&#xD;&#xA;&#x9;at com.kms.katalon.core.main.TestSuiteExecutor.accessTestSuiteMainPhase(TestSuiteExecutor.java:142)&#xD;&#xA;&#x9;at com.kms.katalon.core.main.TestSuiteExecutor.execute(TestSuiteExecutor.java:91)&#xD;&#xA;&#x9;at com.kms.katalon.core.main.TestCaseMain.startTestSuite(TestCaseMain.java:157)&#xD;&#xA;&#x9;at com.kms.katalon.core.main.TestCaseMain$startTestSuite$0.call(Unknown Source)&#xD;&#xA;&#x9;at TempTestSuite1570795797599.run(TempTestSuite1570795797599.groovy:35)&#xD;&#xA;Caused by: com.kms.katalon.core.exception.StepFailedException: Actual text 'https://samsung-adzu4-staging.codeworldwide.com/#page/Assets?TagsID=5e861b2e-476e-47a7-8da6-1f8eaac0545d&amp;CampaignID=51a8da8e-2afa-4c47-ae26-e14f01ff5e7c&amp;CampaignText=S10 Test Campaign' and expected text 'https://samsung-adzu4-staging.codeworldwide.com/#page/Assets?TagsID=5e861b2e-476e-47a7-8da6-1f8eaac0545d&amp;CampaignID=51a8da8e-2afa-4c47-ae26-e14f01ff5e7c&amp;CampaignText=S10%20Test%20Campaign' are not matched&#xD;&#xA;&#x9;at com.kms.katalon.core.keyword.builtin.VerifyMatchKeyword$_verifyMatch_closure1.doCall(VerifyMatchKeyword.groovy:57)&#xD;&#xA;&#x9;at com.kms.katalon.core.keyword.builtin.VerifyMatchKeyword$_verifyMatch_closure1.call(VerifyMatchKeyword.groovy)&#xD;&#xA;&#x9;at com.kms.katalon.core.keyword.internal.KeywordMain.runKeyword(KeywordMain.groovy:68)&#xD;&#xA;&#x9;... 18 more&#xD;&#xA;"/>
            <system-out>2019-10-11 13:11:46 - [TEST_CASE][FAILED] - Test Cases/Home Page/Campaigns/S10 Campaign: Test Cases/Home Page/Campaigns/S10 Campaign FAILED.
Reason:
com.kms.katalon.core.exception.StepFailedException: Unable to verify match between actual text 'https://samsung-adzu4-staging.codeworldwide.com/#page/Assets?TagsID=5e861b2e-476e-47a7-8da6-1f8eaac0545d&amp;CampaignID=51a8da8e-2afa-4c47-ae26-e14f01ff5e7c&amp;CampaignText=S10 Test Campaign' and expected text 'https://samsung-adzu4-staging.codeworldwide.com/#page/Assets?TagsID=5e861b2e-476e-47a7-8da6-1f8eaac0545d&amp;CampaignID=51a8da8e-2afa-4c47-ae26-e14f01ff5e7c&amp;CampaignText=S10%20Test%20Campaign' (Root cause: com.kms.katalon.core.exception.StepFailedException: Actual text 'https://samsung-adzu4-staging.codeworldwide.com/#page/Assets?TagsID=5e861b2e-476e-47a7-8da6-1f8eaac0545d&amp;CampaignID=51a8da8e-2afa-4c47-ae26-e14f01ff5e7c&amp;CampaignText=S10 Test Campaign' and expected text 'https://samsung-adzu4-staging.codeworldwide.com/#page/Assets?TagsID=5e861b2e-476e-47a7-8da6-1f8eaac0545d&amp;CampaignID=51a8da8e-2afa-4c47-ae26-e14f01ff5e7c&amp;CampaignText=S10%20Test%20Campaign' are not matched&#xD;
	at com.kms.katalon.core.keyword.builtin.VerifyMatchKeyword$_verifyMatch_closure1.doCall(VerifyMatchKeyword.groovy:57)&#xD;
	at com.kms.katalon.core.keyword.builtin.VerifyMatchKeyword$_verifyMatch_closure1.call(VerifyMatchKeyword.groovy)&#xD;
	at com.kms.katalon.core.keyword.internal.KeywordMain.runKeyword(KeywordMain.groovy:68)&#xD;
	at com.kms.katalon.core.keyword.builtin.VerifyMatchKeyword.verifyMatch(VerifyMatchKeyword.groovy:60)&#xD;
	at com.kms.katalon.core.keyword.builtin.VerifyMatchKeyword.execute(VerifyMatchKeyword.groovy:45)&#xD;
	at com.kms.katalon.core.keyword.internal.KeywordExecutor.executeKeywordForPlatform(KeywordExecutor.groovy:56)&#xD;
	at com.kms.katalon.core.keyword.BuiltinKeywords.verifyMatch(BuiltinKeywords.groovy:73)&#xD;
	at S10 Campaign.run(S10 Campaign:29)&#xD;
	at com.kms.katalon.core.main.ScriptEngine.run(ScriptEngine.java:194)&#xD;
	at com.kms.katalon.core.main.ScriptEngine.runScriptAsRawText(ScriptEngine.java:119)&#xD;
	at com.kms.katalon.core.main.TestCaseExecutor.runScript(TestCaseExecutor.java:337)&#xD;
	at com.kms.katalon.core.main.TestCaseExecutor.doExecute(TestCaseExecutor.java:328)&#xD;
	at com.kms.katalon.core.main.TestCaseExecutor.processExecutionPhase(TestCaseExecutor.java:307)&#xD;
	at com.kms.katalon.core.main.TestCaseExecutor.accessMainPhase(TestCaseExecutor.java:299)&#xD;
	at com.kms.katalon.core.main.TestCaseExecutor.execute(TestCaseExecutor.java:233)&#xD;
	at com.kms.katalon.core.main.TestSuiteExecutor.accessTestCaseMainPhase(TestSuiteExecutor.java:169)&#xD;
	at com.kms.katalon.core.main.TestSuiteExecutor.accessTestSuiteMainPhase(TestSuiteExecutor.java:142)&#xD;
	at com.kms.katalon.core.main.TestSuiteExecutor.execute(TestSuiteExecutor.java:91)&#xD;
	at com.kms.katalon.core.main.TestCaseMain.startTestSuite(TestCaseMain.java:157)&#xD;
	at com.kms.katalon.core.main.TestCaseMain$startTestSuite$0.call(Unknown Source)&#xD;
	at TempTestSuite1570795797599.run(TempTestSuite1570795797599.groovy:35)&#xD;
)&#xD;
	at com.kms.katalon.core.keyword.internal.KeywordMain.stepFailed(KeywordMain.groovy:39)&#xD;
	at com.kms.katalon.core.keyword.internal.KeywordMain.stepFailed(KeywordMain.groovy)&#xD;
	at com.kms.katalon.core.keyword.internal.KeywordMain.runKeyword(KeywordMain.groovy:70)&#xD;
	at com.kms.katalon.core.keyword.builtin.VerifyMatchKeyword.verifyMatch(VerifyMatchKeyword.groovy:60)&#xD;
	at com.kms.katalon.core.keyword.builtin.VerifyMatchKeyword.execute(VerifyMatchKeyword.groovy:45)&#xD;
	at com.kms.katalon.core.keyword.internal.KeywordExecutor.executeKeywordForPlatform(KeywordExecutor.groovy:56)&#xD;
	at com.kms.katalon.core.keyword.BuiltinKeywords.verifyMatch(BuiltinKeywords.groovy:73)&#xD;
	at S10 Campaign.run(S10 Campaign:29)&#xD;
	at com.kms.katalon.core.main.ScriptEngine.run(ScriptEngine.java:194)&#xD;
	at com.kms.katalon.core.main.ScriptEngine.runScriptAsRawText(ScriptEngine.java:119)&#xD;
	at com.kms.katalon.core.main.TestCaseExecutor.runScript(TestCaseExecutor.java:337)&#xD;
	at com.kms.katalon.core.main.TestCaseExecutor.doExecute(TestCaseExecutor.java:328)&#xD;
	at com.kms.katalon.core.main.TestCaseExecutor.processExecutionPhase(TestCaseExecutor.java:307)&#xD;
	at com.kms.katalon.core.main.TestCaseExecutor.accessMainPhase(TestCaseExecutor.java:299)&#xD;
	at com.kms.katalon.core.main.TestCaseExecutor.execute(TestCaseExecutor.java:233)&#xD;
	at com.kms.katalon.core.main.TestSuiteExecutor.accessTestCaseMainPhase(TestSuiteExecutor.java:169)&#xD;
	at com.kms.katalon.core.main.TestSuiteExecutor.accessTestSuiteMainPhase(TestSuiteExecutor.java:142)&#xD;
	at com.kms.katalon.core.main.TestSuiteExecutor.execute(TestSuiteExecutor.java:91)&#xD;
	at com.kms.katalon.core.main.TestCaseMain.startTestSuite(TestCaseMain.java:157)&#xD;
	at com.kms.katalon.core.main.TestCaseMain$startTestSuite$0.call(Unknown Source)&#xD;
	at TempTestSuite1570795797599.run(TempTestSuite1570795797599.groovy:35)&#xD;
Caused by: com.kms.katalon.core.exception.StepFailedException: Actual text 'https://samsung-adzu4-staging.codeworldwide.com/#page/Assets?TagsID=5e861b2e-476e-47a7-8da6-1f8eaac0545d&amp;CampaignID=51a8da8e-2afa-4c47-ae26-e14f01ff5e7c&amp;CampaignText=S10 Test Campaign' and expected text 'https://samsung-adzu4-staging.codeworldwide.com/#page/Assets?TagsID=5e861b2e-476e-47a7-8da6-1f8eaac0545d&amp;CampaignID=51a8da8e-2afa-4c47-ae26-e14f01ff5e7c&amp;CampaignText=S10%20Test%20Campaign' are not matched&#xD;
	at com.kms.katalon.core.keyword.builtin.VerifyMatchKeyword$_verifyMatch_closure1.doCall(VerifyMatchKeyword.groovy:57)&#xD;
	at com.kms.katalon.core.keyword.builtin.VerifyMatchKeyword$_verifyMatch_closure1.call(VerifyMatchKeyword.groovy)&#xD;
	at com.kms.katalon.core.keyword.internal.KeywordMain.runKeyword(KeywordMain.groovy:68)&#xD;
	... 18 more&#xD;
&#xD;
&#xD;
2019-10-11 13:11:47 - [TEST_STEP][PASSED] - navigateToUrl("https://samsung-adzu4-staging.codeworldwide.com/#"): Navigate to 'https://samsung-adzu4-staging.codeworldwide.com/#' successfully&#xD;
&#xD;
2019-10-11 13:11:48 - [MESSAGE][PASSED] - Navigate to 'https://samsung-adzu4-staging.codeworldwide.com/#' successfully&#xD;
&#xD;
2019-10-11 13:11:48 - [TEST_STEP][PASSED] - waitForPageLoad(1): Wait for page load successfully&#xD;
&#xD;
2019-10-11 13:11:49 - [MESSAGE][PASSED] - Wait for page load successfully&#xD;
&#xD;
2019-10-11 13:11:49 - [TEST_STEP][PASSED] - click(findTestObject("Home Page/Homa Page Tiles/Campaigns/a_S10")): Object: 'Object Repository/Home Page/Homa Page Tiles/Campaigns/a_S10' is clicked on&#xD;
&#xD;
2019-10-11 13:11:53 - [MESSAGE][PASSED] - Object: 'Object Repository/Home Page/Homa Page Tiles/Campaigns/a_S10' is clicked on&#xD;
&#xD;
2019-10-11 13:11:53 - [TEST_STEP][PASSED] - click(findTestObject("Home Page/Homa Page Tiles/Campaigns/Page_Samsung Marketing Cloud/a_Guidelines")): Object: 'Object Repository/Home Page/Homa Page Tiles/Campaigns/Page_Samsung Marketing Cloud/a_Guidelines' is clicked on&#xD;
&#xD;
2019-10-11 13:11:56 - [MESSAGE][PASSED] - Object: 'Object Repository/Home Page/Homa Page Tiles/Campaigns/Page_Samsung Marketing Cloud/a_Guidelines' is clicked on&#xD;
&#xD;
2019-10-11 13:11:56 - [TEST_STEP][PASSED] - delay(1): Delayed 1 second(s)&#xD;
&#xD;
2019-10-11 13:11:57 - [MESSAGE][PASSED] - Delayed 1 second(s)&#xD;
&#xD;
2019-10-11 13:11:57 - [TEST_STEP][PASSED] - url = getUrl(): Current window's url is: 'https://samsung-adzu4-staging.codeworldwide.com/#page/Assets?TagsID=5e861b2e-476e-47a7-8da6-1f8eaac0545d&amp;CampaignID=51a8da8e-2afa-4c47-ae26-e14f01ff5e7c&amp;CampaignText=S10 Test Campaign'&#xD;
&#xD;
2019-10-11 13:11:58 - [MESSAGE][PASSED] - Current window's url is: 'https://samsung-adzu4-staging.codeworldwide.com/#page/Assets?TagsID=5e861b2e-476e-47a7-8da6-1f8eaac0545d&amp;CampaignID=51a8da8e-2afa-4c47-ae26-e14f01ff5e7c&amp;CampaignText=S10 Test Campaign'&#xD;
&#xD;
2019-10-11 13:11:58 - [TEST_STEP][FAILED] - verifyMatch(url, "https://samsung-adzu4-staging.codeworldwide.com/#page/Assets?TagsID=5e861b2e-476e-47a7-8da6-1f8eaac0545d&amp;CampaignID=51a8da8e-2afa-4c47-ae26-e14f01ff5e7c&amp;CampaignText=S10%20Test%20Campaign", false): Unable to verify match between actual text 'https://samsung-adzu4-staging.codeworldwide.com/#page/Assets?TagsID=5e861b2e-476e-47a7-8da6-1f8eaac0545d&amp;CampaignID=51a8da8e-2afa-4c47-ae26-e14f01ff5e7c&amp;CampaignText=S10 Test Campaign' and expected text 'https://samsung-adzu4-staging.codeworldwide.com/#page/Assets?TagsID=5e861b2e-476e-47a7-8da6-1f8eaac0545d&amp;CampaignID=51a8da8e-2afa-4c47-ae26-e14f01ff5e7c&amp;CampaignText=S10%20Test%20Campaign' (Root cause: com.kms.katalon.core.exception.StepFailedException: Actual text 'https://samsung-adzu4-staging.codeworldwide.com/#page/Assets?TagsID=5e861b2e-476e-47a7-8da6-1f8eaac0545d&amp;CampaignID=51a8da8e-2afa-4c47-ae26-e14f01ff5e7c&amp;CampaignText=S10 Test Campaign' and expected text 'https://samsung-adzu4-staging.codeworldwide.com/#page/Assets?TagsID=5e861b2e-476e-47a7-8da6-1f8eaac0545d&amp;CampaignID=51a8da8e-2afa-4c47-ae26-e14f01ff5e7c&amp;CampaignText=S10%20Test%20Campaign' are not matched&#xD;
	at com.kms.katalon.core.keyword.builtin.VerifyMatchKeyword$_verifyMatch_closure1.doCall(VerifyMatchKeyword.groovy:57)&#xD;
	at com.kms.katalon.core.keyword.builtin.VerifyMatchKeyword$_verifyMatch_closure1.call(VerifyMatchKeyword.groovy)&#xD;
	at com.kms.katalon.core.keyword.internal.KeywordMain.runKeyword(KeywordMain.groovy:68)&#xD;
	at com.kms.katalon.core.keyword.builtin.VerifyMatchKeyword.verifyMatch(VerifyMatchKeyword.groovy:60)&#xD;
	at com.kms.katalon.core.keyword.builtin.VerifyMatchKeyword.execute(VerifyMatchKeyword.groovy:45)&#xD;
	at com.kms.katalon.core.keyword.internal.KeywordExecutor.executeKeywordForPlatform(KeywordExecutor.groovy:56)&#xD;
	at com.kms.katalon.core.keyword.BuiltinKeywords.verifyMatch(BuiltinKeywords.groovy:73)&#xD;
	at S10 Campaign.run(S10 Campaign:29)&#xD;
	at com.kms.katalon.core.main.ScriptEngine.run(ScriptEngine.java:194)&#xD;
	at com.kms.katalon.core.main.ScriptEngine.runScriptAsRawText(ScriptEngine.java:119)&#xD;
	at com.kms.katalon.core.main.TestCaseExecutor.runScript(TestCaseExecutor.java:337)&#xD;
	at com.kms.katalon.core.main.TestCaseExecutor.doExecute(TestCaseExecutor.java:328)&#xD;
	at com.kms.katalon.core.main.TestCaseExecutor.processExecutionPhase(TestCaseExecutor.java:307)&#xD;
	at com.kms.katalon.core.main.TestCaseExecutor.accessMainPhase(TestCaseExecutor.java:299)&#xD;
	at com.kms.katalon.core.main.TestCaseExecutor.execute(TestCaseExecutor.java:233)&#xD;
	at com.kms.katalon.core.main.TestSuiteExecutor.accessTestCaseMainPhase(TestSuiteExecutor.java:169)&#xD;
	at com.kms.katalon.core.main.TestSuiteExecutor.accessTestSuiteMainPhase(TestSuiteExecutor.java:142)&#xD;
	at com.kms.katalon.core.main.TestSuiteExecutor.execute(TestSuiteExecutor.java:91)&#xD;
	at com.kms.katalon.core.main.TestCaseMain.startTestSuite(TestCaseMain.java:157)&#xD;
	at com.kms.katalon.core.main.TestCaseMain$startTestSuite$0.call(Unknown Source)&#xD;
	at TempTestSuite1570795797599.run(TempTestSuite1570795797599.groovy:35)&#xD;
)&#xD;
&#xD;
2019-10-11 13:11:58 - [MESSAGE][FAILED] - Unable to verify match between actual text 'https://samsung-adzu4-staging.codeworldwide.com/#page/Assets?TagsID=5e861b2e-476e-47a7-8da6-1f8eaac0545d&amp;CampaignID=51a8da8e-2afa-4c47-ae26-e14f01ff5e7c&amp;CampaignText=S10 Test Campaign' and expected text 'https://samsung-adzu4-staging.codeworldwide.com/#page/Assets?TagsID=5e861b2e-476e-47a7-8da6-1f8eaac0545d&amp;CampaignID=51a8da8e-2afa-4c47-ae26-e14f01ff5e7c&amp;CampaignText=S10%20Test%20Campaign' (Root cause: com.kms.katalon.core.exception.StepFailedException: Actual text 'https://samsung-adzu4-staging.codeworldwide.com/#page/Assets?TagsID=5e861b2e-476e-47a7-8da6-1f8eaac0545d&amp;CampaignID=51a8da8e-2afa-4c47-ae26-e14f01ff5e7c&amp;CampaignText=S10 Test Campaign' and expected text 'https://samsung-adzu4-staging.codeworldwide.com/#page/Assets?TagsID=5e861b2e-476e-47a7-8da6-1f8eaac0545d&amp;CampaignID=51a8da8e-2afa-4c47-ae26-e14f01ff5e7c&amp;CampaignText=S10%20Test%20Campaign' are not matched&#xD;
	at com.kms.katalon.core.keyword.builtin.VerifyMatchKeyword$_verifyMatch_closure1.doCall(VerifyMatchKeyword.groovy:57)&#xD;
	at com.kms.katalon.core.keyword.builtin.VerifyMatchKeyword$_verifyMatch_closure1.call(VerifyMatchKeyword.groovy)&#xD;
	at com.kms.katalon.core.keyword.internal.KeywordMain.runKeyword(KeywordMain.groovy:68)&#xD;
	at com.kms.katalon.core.keyword.builtin.VerifyMatchKeyword.verifyMatch(VerifyMatchKeyword.groovy:60)&#xD;
	at com.kms.katalon.core.keyword.builtin.VerifyMatchKeyword.execute(VerifyMatchKeyword.groovy:45)&#xD;
	at com.kms.katalon.core.keyword.internal.KeywordExecutor.executeKeywordForPlatform(KeywordExecutor.groovy:56)&#xD;
	at com.kms.katalon.core.keyword.BuiltinKeywords.verifyMatch(BuiltinKeywords.groovy:73)&#xD;
	at S10 Campaign.run(S10 Campaign:29)&#xD;
	at com.kms.katalon.core.main.ScriptEngine.run(ScriptEngine.java:194)&#xD;
	at com.kms.katalon.core.main.ScriptEngine.runScriptAsRawText(ScriptEngine.java:119)&#xD;
	at com.kms.katalon.core.main.TestCaseExecutor.runScript(TestCaseExecutor.java:337)&#xD;
	at com.kms.katalon.core.main.TestCaseExecutor.doExecute(TestCaseExecutor.java:328)&#xD;
	at com.kms.katalon.core.main.TestCaseExecutor.processExecutionPhase(TestCaseExecutor.java:307)&#xD;
	at com.kms.katalon.core.main.TestCaseExecutor.accessMainPhase(TestCaseExecutor.java:299)&#xD;
	at com.kms.katalon.core.main.TestCaseExecutor.execute(TestCaseExecutor.java:233)&#xD;
	at com.kms.katalon.core.main.TestSuiteExecutor.accessTestCaseMainPhase(TestSuiteExecutor.java:169)&#xD;
	at com.kms.katalon.core.main.TestSuiteExecutor.accessTestSuiteMainPhase(TestSuiteExecutor.java:142)&#xD;
	at com.kms.katalon.core.main.TestSuiteExecutor.execute(TestSuiteExecutor.java:91)&#xD;
	at com.kms.katalon.core.main.TestCaseMain.startTestSuite(TestCaseMain.java:157)&#xD;
	at com.kms.katalon.core.main.TestCaseMain$startTestSuite$0.call(Unknown Source)&#xD;
	at TempTestSuite1570795797599.run(TempTestSuite1570795797599.groovy:35)&#xD;
)&#xD;
&#xD;
2019-10-11 13:11:58 - [TEST_STEP][PASSED] - navigateToUrl("https://samsung-adzu4-staging.codeworldwide.com/#page/GB/en-GB/AllDevices/S10"): Navigate to 'https://samsung-adzu4-staging.codeworldwide.com/#page/GB/en-GB/AllDevices/S10' successfully&#xD;
&#xD;
2019-10-11 13:11:59 - [MESSAGE][PASSED] - Navigate to 'https://samsung-adzu4-staging.codeworldwide.com/#page/GB/en-GB/AllDevices/S10' successfully&#xD;
&#xD;
2019-10-11 13:11:59 - [TEST_STEP][PASSED] - click(findTestObject("Home Page/Homa Page Tiles/Campaigns/Page_Samsung Marketing Cloud/a_Agency Briefs")): Object: 'Object Repository/Home Page/Homa Page Tiles/Campaigns/Page_Samsung Marketing Cloud/a_Agency Briefs' is clicked on&#xD;
&#xD;
2019-10-11 13:12:03 - [MESSAGE][PASSED] - Object: 'Object Repository/Home Page/Homa Page Tiles/Campaigns/Page_Samsung Marketing Cloud/a_Agency Briefs' is clicked on&#xD;
&#xD;
2019-10-11 13:12:03 - [TEST_STEP][PASSED] - delay(1): Delayed 1 second(s)&#xD;
&#xD;
2019-10-11 13:12:04 - [MESSAGE][PASSED] - Delayed 1 second(s)&#xD;
&#xD;
2019-10-11 13:12:04 - [TEST_STEP][PASSED] - url = getUrl(): Current window's url is: 'https://samsung-adzu4-staging.codeworldwide.com/#page/Assets?TagsID=0ad5caeb-cdde-46cb-a9dd-7bb8735ec59c&amp;CampaignID=51a8da8e-2afa-4c47-ae26-e14f01ff5e7c&amp;CampaignText=S10 Test Campaign'&#xD;
&#xD;
2019-10-11 13:12:05 - [MESSAGE][PASSED] - Current window's url is: 'https://samsung-adzu4-staging.codeworldwide.com/#page/Assets?TagsID=0ad5caeb-cdde-46cb-a9dd-7bb8735ec59c&amp;CampaignID=51a8da8e-2afa-4c47-ae26-e14f01ff5e7c&amp;CampaignText=S10 Test Campaign'&#xD;
&#xD;
2019-10-11 13:12:05 - [TEST_STEP][FAILED] - verifyMatch(url, "https://samsung-adzu4-staging.codeworldwide.com/#page/Assets?TagsID=0ad5caeb-cdde-46cb-a9dd-7bb8735ec59c&amp;CampaignID=51a8da8e-2afa-4c47-ae26-e14f01ff5e7c&amp;CampaignText=S10%20Test%20Campaign", false): Unable to verify match between actual text 'https://samsung-adzu4-staging.codeworldwide.com/#page/Assets?TagsID=0ad5caeb-cdde-46cb-a9dd-7bb8735ec59c&amp;CampaignID=51a8da8e-2afa-4c47-ae26-e14f01ff5e7c&amp;CampaignText=S10 Test Campaign' and expected text 'https://samsung-adzu4-staging.codeworldwide.com/#page/Assets?TagsID=0ad5caeb-cdde-46cb-a9dd-7bb8735ec59c&amp;CampaignID=51a8da8e-2afa-4c47-ae26-e14f01ff5e7c&amp;CampaignText=S10%20Test%20Campaign' (Root cause: com.kms.katalon.core.exception.StepFailedException: Actual text 'https://samsung-adzu4-staging.codeworldwide.com/#page/Assets?TagsID=0ad5caeb-cdde-46cb-a9dd-7bb8735ec59c&amp;CampaignID=51a8da8e-2afa-4c47-ae26-e14f01ff5e7c&amp;CampaignText=S10 Test Campaign' and expected text 'https://samsung-adzu4-staging.codeworldwide.com/#page/Assets?TagsID=0ad5caeb-cdde-46cb-a9dd-7bb8735ec59c&amp;CampaignID=51a8da8e-2afa-4c47-ae26-e14f01ff5e7c&amp;CampaignText=S10%20Test%20Campaign' are not matched&#xD;
	at com.kms.katalon.core.keyword.builtin.VerifyMatchKeyword$_verifyMatch_closure1.doCall(VerifyMatchKeyword.groovy:57)&#xD;
	at com.kms.katalon.core.keyword.builtin.VerifyMatchKeyword$_verifyMatch_closure1.call(VerifyMatchKeyword.groovy)&#xD;
	at com.kms.katalon.core.keyword.internal.KeywordMain.runKeyword(KeywordMain.groovy:68)&#xD;
	at com.kms.katalon.core.keyword.builtin.VerifyMatchKeyword.verifyMatch(VerifyMatchKeyword.groovy:60)&#xD;
	at com.kms.katalon.core.keyword.builtin.VerifyMatchKeyword.execute(VerifyMatchKeyword.groovy:45)&#xD;
	at com.kms.katalon.core.keyword.internal.KeywordExecutor.executeKeywordForPlatform(KeywordExecutor.groovy:56)&#xD;
	at com.kms.katalon.core.keyword.BuiltinKeywords.verifyMatch(BuiltinKeywords.groovy:73)&#xD;
	at S10 Campaign.run(S10 Campaign:40)&#xD;
	at com.kms.katalon.core.main.ScriptEngine.run(ScriptEngine.java:194)&#xD;
	at com.kms.katalon.core.main.ScriptEngine.runScriptAsRawText(ScriptEngine.java:119)&#xD;
	at com.kms.katalon.core.main.TestCaseExecutor.runScript(TestCaseExecutor.java:337)&#xD;
	at com.kms.katalon.core.main.TestCaseExecutor.doExecute(TestCaseExecutor.java:328)&#xD;
	at com.kms.katalon.core.main.TestCaseExecutor.processExecutionPhase(TestCaseExecutor.java:307)&#xD;
	at com.kms.katalon.core.main.TestCaseExecutor.accessMainPhase(TestCaseExecutor.java:299)&#xD;
	at com.kms.katalon.core.main.TestCaseExecutor.execute(TestCaseExecutor.java:233)&#xD;
	at com.kms.katalon.core.main.TestSuiteExecutor.accessTestCaseMainPhase(TestSuiteExecutor.java:169)&#xD;
	at com.kms.katalon.core.main.TestSuiteExecutor.accessTestSuiteMainPhase(TestSuiteExecutor.java:142)&#xD;
	at com.kms.katalon.core.main.TestSuiteExecutor.execute(TestSuiteExecutor.java:91)&#xD;
	at com.kms.katalon.core.main.TestCaseMain.startTestSuite(TestCaseMain.java:157)&#xD;
	at com.kms.katalon.core.main.TestCaseMain$startTestSuite$0.call(Unknown Source)&#xD;
	at TempTestSuite1570795797599.run(TempTestSuite1570795797599.groovy:35)&#xD;
)&#xD;
&#xD;
2019-10-11 13:12:05 - [MESSAGE][FAILED] - Unable to verify match between actual text 'https://samsung-adzu4-staging.codeworldwide.com/#page/Assets?TagsID=0ad5caeb-cdde-46cb-a9dd-7bb8735ec59c&amp;CampaignID=51a8da8e-2afa-4c47-ae26-e14f01ff5e7c&amp;CampaignText=S10 Test Campaign' and expected text 'https://samsung-adzu4-staging.codeworldwide.com/#page/Assets?TagsID=0ad5caeb-cdde-46cb-a9dd-7bb8735ec59c&amp;CampaignID=51a8da8e-2afa-4c47-ae26-e14f01ff5e7c&amp;CampaignText=S10%20Test%20Campaign' (Root cause: com.kms.katalon.core.exception.StepFailedException: Actual text 'https://samsung-adzu4-staging.codeworldwide.com/#page/Assets?TagsID=0ad5caeb-cdde-46cb-a9dd-7bb8735ec59c&amp;CampaignID=51a8da8e-2afa-4c47-ae26-e14f01ff5e7c&amp;CampaignText=S10 Test Campaign' and expected text 'https://samsung-adzu4-staging.codeworldwide.com/#page/Assets?TagsID=0ad5caeb-cdde-46cb-a9dd-7bb8735ec59c&amp;CampaignID=51a8da8e-2afa-4c47-ae26-e14f01ff5e7c&amp;CampaignText=S10%20Test%20Campaign' are not matched&#xD;
	at com.kms.katalon.core.keyword.builtin.VerifyMatchKeyword$_verifyMatch_closure1.doCall(VerifyMatchKeyword.groovy:57)&#xD;
	at com.kms.katalon.core.keyword.builtin.VerifyMatchKeyword$_verifyMatch_closure1.call(VerifyMatchKeyword.groovy)&#xD;
	at com.kms.katalon.core.keyword.internal.KeywordMain.runKeyword(KeywordMain.groovy:68)&#xD;
	at com.kms.katalon.core.keyword.builtin.VerifyMatchKeyword.verifyMatch(VerifyMatchKeyword.groovy:60)&#xD;
	at com.kms.katalon.core.keyword.builtin.VerifyMatchKeyword.execute(VerifyMatchKeyword.groovy:45)&#xD;
	at com.kms.katalon.core.keyword.internal.KeywordExecutor.executeKeywordForPlatform(KeywordExecutor.groovy:56)&#xD;
	at com.kms.katalon.core.keyword.BuiltinKeywords.verifyMatch(BuiltinKeywords.groovy:73)&#xD;
	at S10 Campaign.run(S10 Campaign:40)&#xD;
	at com.kms.katalon.core.main.ScriptEngine.run(ScriptEngine.java:194)&#xD;
	at com.kms.katalon.core.main.ScriptEngine.runScriptAsRawText(ScriptEngine.java:119)&#xD;
	at com.kms.katalon.core.main.TestCaseExecutor.runScript(TestCaseExecutor.java:337)&#xD;
	at com.kms.katalon.core.main.TestCaseExecutor.doExecute(TestCaseExecutor.java:328)&#xD;
	at com.kms.katalon.core.main.TestCaseExecutor.processExecutionPhase(TestCaseExecutor.java:307)&#xD;
	at com.kms.katalon.core.main.TestCaseExecutor.accessMainPhase(TestCaseExecutor.java:299)&#xD;
	at com.kms.katalon.core.main.TestCaseExecutor.execute(TestCaseExecutor.java:233)&#xD;
	at com.kms.katalon.core.main.TestSuiteExecutor.accessTestCaseMainPhase(TestSuiteExecutor.java:169)&#xD;
	at com.kms.katalon.core.main.TestSuiteExecutor.accessTestSuiteMainPhase(TestSuiteExecutor.java:142)&#xD;
	at com.kms.katalon.core.main.TestSuiteExecutor.execute(TestSuiteExecutor.java:91)&#xD;
	at com.kms.katalon.core.main.TestCaseMain.startTestSuite(TestCaseMain.java:157)&#xD;
	at com.kms.katalon.core.main.TestCaseMain$startTestSuite$0.call(Unknown Source)&#xD;
	at TempTestSuite1570795797599.run(TempTestSuite1570795797599.groovy:35)&#xD;
)&#xD;
&#xD;
2019-10-11 13:12:05 - [TEST_STEP][PASSED] - navigateToUrl("https://samsung-adzu4-staging.codeworldwide.com/#page/GB/en-GB/AllDevices/S10"): Navigate to 'https://samsung-adzu4-staging.codeworldwide.com/#page/GB/en-GB/AllDevices/S10' successfully&#xD;
&#xD;
2019-10-11 13:12:06 - [MESSAGE][PASSED] - Navigate to 'https://samsung-adzu4-staging.codeworldwide.com/#page/GB/en-GB/AllDevices/S10' successfully&#xD;
&#xD;
2019-10-11 13:12:06 - [TEST_STEP][PASSED] - scrollToElement(findTestObject("Home Page/Homa Page Tiles/Campaigns/Page_Samsung Marketing Cloud/h1_Available Adaptations"), 0): Scroll to object 'Object Repository/Home Page/Homa Page Tiles/Campaigns/Page_Samsung Marketing Cloud/h1_Available Adaptations' successfully&#xD;
&#xD;
2019-10-11 13:12:06 - [MESSAGE][WARNING] - Timeout '0' is invalid. Using default page load timeout: '30'&#xD;
&#xD;
2019-10-11 13:12:08 - [MESSAGE][PASSED] - Scroll to object 'Object Repository/Home Page/Homa Page Tiles/Campaigns/Page_Samsung Marketing Cloud/h1_Available Adaptations' successfully&#xD;
&#xD;
2019-10-11 13:12:08 - [TEST_STEP][PASSED] - click(findTestObject("Home Page/Homa Page Tiles/Campaigns/Page_Samsung Marketing Cloud/a_PVI assets")): Object: 'Object Repository/Home Page/Homa Page Tiles/Campaigns/Page_Samsung Marketing Cloud/a_PVI assets' is clicked on&#xD;
&#xD;
2019-10-11 13:12:12 - [MESSAGE][PASSED] - Object: 'Object Repository/Home Page/Homa Page Tiles/Campaigns/Page_Samsung Marketing Cloud/a_PVI assets' is clicked on&#xD;
&#xD;
2019-10-11 13:12:12 - [TEST_STEP][PASSED] - delay(1): Delayed 1 second(s)&#xD;
&#xD;
2019-10-11 13:12:13 - [MESSAGE][PASSED] - Delayed 1 second(s)&#xD;
&#xD;
2019-10-11 13:12:13 - [TEST_STEP][PASSED] - url = getUrl(): Current window's url is: 'https://samsung-adzu4-staging.codeworldwide.com/#page/Assets?TagsID=4bafa835-d8d1-4004-8e9e-0ff0b92e7079&amp;CampaignID=51a8da8e-2afa-4c47-ae26-e14f01ff5e7c&amp;CampaignText=S10%20Test%20Campaign'&#xD;
&#xD;
2019-10-11 13:12:14 - [MESSAGE][PASSED] - Current window's url is: 'https://samsung-adzu4-staging.codeworldwide.com/#page/Assets?TagsID=4bafa835-d8d1-4004-8e9e-0ff0b92e7079&amp;CampaignID=51a8da8e-2afa-4c47-ae26-e14f01ff5e7c&amp;CampaignText=S10%20Test%20Campaign'&#xD;
&#xD;
2019-10-11 13:12:14 - [TEST_STEP][PASSED] - verifyMatch(url, "https://samsung-adzu4-staging.codeworldwide.com/#page/Assets?TagsID=4bafa835-d8d1-4004-8e9e-0ff0b92e7079&amp;CampaignID=51a8da8e-2afa-4c47-ae26-e14f01ff5e7c&amp;CampaignText=S10%20Test%20Campaign", false): Actual text 'https://samsung-adzu4-staging.codeworldwide.com/#page/Assets?TagsID=4bafa835-d8d1-4004-8e9e-0ff0b92e7079&amp;CampaignID=51a8da8e-2afa-4c47-ae26-e14f01ff5e7c&amp;CampaignText=S10%20Test%20Campaign' and expected text 'https://samsung-adzu4-staging.codeworldwide.com/#page/Assets?TagsID=4bafa835-d8d1-4004-8e9e-0ff0b92e7079&amp;CampaignID=51a8da8e-2afa-4c47-ae26-e14f01ff5e7c&amp;CampaignText=S10%20Test%20Campaign' are matched &#xD;
&#xD;
2019-10-11 13:12:14 - [MESSAGE][PASSED] - Actual text 'https://samsung-adzu4-staging.codeworldwide.com/#page/Assets?TagsID=4bafa835-d8d1-4004-8e9e-0ff0b92e7079&amp;CampaignID=51a8da8e-2afa-4c47-ae26-e14f01ff5e7c&amp;CampaignText=S10%20Test%20Campaign' and expected text 'https://samsung-adzu4-staging.codeworldwide.com/#page/Assets?TagsID=4bafa835-d8d1-4004-8e9e-0ff0b92e7079&amp;CampaignID=51a8da8e-2afa-4c47-ae26-e14f01ff5e7c&amp;CampaignText=S10%20Test%20Campaign' are matched &#xD;
&#xD;
2019-10-11 13:12:14 - [TEST_STEP][PASSED] - navigateToUrl("https://samsung-adzu4-staging.codeworldwide.com/#page/GB/en-GB/AllDevices/S10"): Navigate to 'https://samsung-adzu4-staging.codeworldwide.com/#page/GB/en-GB/AllDevices/S10' successfully&#xD;
&#xD;
2019-10-11 13:12:15 - [MESSAGE][PASSED] - Navigate to 'https://samsung-adzu4-staging.codeworldwide.com/#page/GB/en-GB/AllDevices/S10' successfully&#xD;
&#xD;
2019-10-11 13:12:15 - [TEST_STEP][PASSED] - scrollToElement(findTestObject("Home Page/Homa Page Tiles/Campaigns/Page_Samsung Marketing Cloud/h1_Available Adaptations"), 0): Scroll to object 'Object Repository/Home Page/Homa Page Tiles/Campaigns/Page_Samsung Marketing Cloud/h1_Available Adaptations' successfully&#xD;
&#xD;
2019-10-11 13:12:15 - [MESSAGE][WARNING] - Timeout '0' is invalid. Using default page load timeout: '30'&#xD;
&#xD;
2019-10-11 13:12:17 - [MESSAGE][PASSED] - Scroll to object 'Object Repository/Home Page/Homa Page Tiles/Campaigns/Page_Samsung Marketing Cloud/h1_Available Adaptations' successfully&#xD;
&#xD;
2019-10-11 13:12:17 - [TEST_STEP][PASSED] - click(findTestObject("Home Page/Homa Page Tiles/Campaigns/Page_Samsung Marketing Cloud/a_Product specifications")): Object: 'Object Repository/Home Page/Homa Page Tiles/Campaigns/Page_Samsung Marketing Cloud/a_Product specifications' is clicked on&#xD;
&#xD;
2019-10-11 13:12:21 - [MESSAGE][PASSED] - Object: 'Object Repository/Home Page/Homa Page Tiles/Campaigns/Page_Samsung Marketing Cloud/a_Product specifications' is clicked on&#xD;
&#xD;
2019-10-11 13:12:21 - [TEST_STEP][PASSED] - delay(1): Delayed 1 second(s)&#xD;
&#xD;
2019-10-11 13:12:22 - [MESSAGE][PASSED] - Delayed 1 second(s)&#xD;
&#xD;
2019-10-11 13:12:22 - [TEST_STEP][PASSED] - url = getUrl(): Current window's url is: 'https://samsung-adzu4-staging.codeworldwide.com/#page/Assets?TagsID=8c18aa0f-a509-43b8-9830-0e5ff51e26de&amp;CampaignID=51a8da8e-2afa-4c47-ae26-e14f01ff5e7c&amp;CampaignText=S10%20Test%20Campaign'&#xD;
&#xD;
2019-10-11 13:12:23 - [MESSAGE][PASSED] - Current window's url is: 'https://samsung-adzu4-staging.codeworldwide.com/#page/Assets?TagsID=8c18aa0f-a509-43b8-9830-0e5ff51e26de&amp;CampaignID=51a8da8e-2afa-4c47-ae26-e14f01ff5e7c&amp;CampaignText=S10%20Test%20Campaign'&#xD;
&#xD;
2019-10-11 13:12:23 - [TEST_STEP][PASSED] - verifyMatch(url, "https://samsung-adzu4-staging.codeworldwide.com/#page/Assets?TagsID=8c18aa0f-a509-43b8-9830-0e5ff51e26de&amp;CampaignID=51a8da8e-2afa-4c47-ae26-e14f01ff5e7c&amp;CampaignText=S10%20Test%20Campaign", false): Actual text 'https://samsung-adzu4-staging.codeworldwide.com/#page/Assets?TagsID=8c18aa0f-a509-43b8-9830-0e5ff51e26de&amp;CampaignID=51a8da8e-2afa-4c47-ae26-e14f01ff5e7c&amp;CampaignText=S10%20Test%20Campaign' and expected text 'https://samsung-adzu4-staging.codeworldwide.com/#page/Assets?TagsID=8c18aa0f-a509-43b8-9830-0e5ff51e26de&amp;CampaignID=51a8da8e-2afa-4c47-ae26-e14f01ff5e7c&amp;CampaignText=S10%20Test%20Campaign' are matched &#xD;
&#xD;
2019-10-11 13:12:23 - [MESSAGE][PASSED] - Actual text 'https://samsung-adzu4-staging.codeworldwide.com/#page/Assets?TagsID=8c18aa0f-a509-43b8-9830-0e5ff51e26de&amp;CampaignID=51a8da8e-2afa-4c47-ae26-e14f01ff5e7c&amp;CampaignText=S10%20Test%20Campaign' and expected text 'https://samsung-adzu4-staging.codeworldwide.com/#page/Assets?TagsID=8c18aa0f-a509-43b8-9830-0e5ff51e26de&amp;CampaignID=51a8da8e-2afa-4c47-ae26-e14f01ff5e7c&amp;CampaignText=S10%20Test%20Campaign' are matched &#xD;
&#xD;
2019-10-11 13:12:23 - [TEST_STEP][PASSED] - navigateToUrl("https://samsung-adzu4-staging.codeworldwide.com/#page/GB/en-GB/AllDevices/S10"): Navigate to 'https://samsung-adzu4-staging.codeworldwide.com/#page/GB/en-GB/AllDevices/S10' successfully&#xD;
&#xD;
2019-10-11 13:12:24 - [MESSAGE][PASSED] - Navigate to 'https://samsung-adzu4-staging.codeworldwide.com/#page/GB/en-GB/AllDevices/S10' successfully&#xD;
&#xD;
2019-10-11 13:12:24 - [TEST_STEP][PASSED] - scrollToElement(findTestObject("Home Page/Homa Page Tiles/Campaigns/Page_Samsung Marketing Cloud/h1_Available Adaptations"), 0): Scroll to object 'Object Repository/Home Page/Homa Page Tiles/Campaigns/Page_Samsung Marketing Cloud/h1_Available Adaptations' successfully&#xD;
&#xD;
2019-10-11 13:12:24 - [MESSAGE][WARNING] - Timeout '0' is invalid. Using default page load timeout: '30'&#xD;
&#xD;
2019-10-11 13:12:26 - [MESSAGE][PASSED] - Scroll to object 'Object Repository/Home Page/Homa Page Tiles/Campaigns/Page_Samsung Marketing Cloud/h1_Available Adaptations' successfully&#xD;
&#xD;
2019-10-11 13:12:26 - [TEST_STEP][PASSED] - click(findTestObject("Home Page/Homa Page Tiles/Campaigns/Page_Samsung Marketing Cloud/a_Dot com")): Object: 'Object Repository/Home Page/Homa Page Tiles/Campaigns/Page_Samsung Marketing Cloud/a_Dot com' is clicked on&#xD;
&#xD;
2019-10-11 13:12:30 - [MESSAGE][PASSED] - Object: 'Object Repository/Home Page/Homa Page Tiles/Campaigns/Page_Samsung Marketing Cloud/a_Dot com' is clicked on&#xD;
&#xD;
2019-10-11 13:12:30 - [TEST_STEP][PASSED] - delay(1): Delayed 1 second(s)&#xD;
&#xD;
2019-10-11 13:12:31 - [MESSAGE][PASSED] - Delayed 1 second(s)&#xD;
&#xD;
2019-10-11 13:12:31 - [TEST_STEP][PASSED] - url = getUrl(): Current window's url is: 'https://samsung-adzu4-staging.codeworldwide.com/#page/Assets?MediaChannelId=bc05e939-0b63-6606-a1c7-39e942e52731&amp;MediaChannelText=Samsung.com&amp;CampaignID=51a8da8e-2afa-4c47-ae26-e14f01ff5e7c&amp;CampaignText=S10%20Test%20Campaign'&#xD;
&#xD;
2019-10-11 13:12:32 - [MESSAGE][PASSED] - Current window's url is: 'https://samsung-adzu4-staging.codeworldwide.com/#page/Assets?MediaChannelId=bc05e939-0b63-6606-a1c7-39e942e52731&amp;MediaChannelText=Samsung.com&amp;CampaignID=51a8da8e-2afa-4c47-ae26-e14f01ff5e7c&amp;CampaignText=S10%20Test%20Campaign'&#xD;
&#xD;
2019-10-11 13:12:32 - [TEST_STEP][PASSED] - verifyMatch(url, "https://samsung-adzu4-staging.codeworldwide.com/#page/Assets?MediaChannelId=bc05e939-0b63-6606-a1c7-39e942e52731&amp;MediaChannelText=Samsung.com&amp;CampaignID=51a8da8e-2afa-4c47-ae26-e14f01ff5e7c&amp;CampaignText=S10%20Test%20Campaign", false): Actual text 'https://samsung-adzu4-staging.codeworldwide.com/#page/Assets?MediaChannelId=bc05e939-0b63-6606-a1c7-39e942e52731&amp;MediaChannelText=Samsung.com&amp;CampaignID=51a8da8e-2afa-4c47-ae26-e14f01ff5e7c&amp;CampaignText=S10%20Test%20Campaign' and expected text 'https://samsung-adzu4-staging.codeworldwide.com/#page/Assets?MediaChannelId=bc05e939-0b63-6606-a1c7-39e942e52731&amp;MediaChannelText=Samsung.com&amp;CampaignID=51a8da8e-2afa-4c47-ae26-e14f01ff5e7c&amp;CampaignText=S10%20Test%20Campaign' are matched &#xD;
&#xD;
2019-10-11 13:12:32 - [MESSAGE][PASSED] - Actual text 'https://samsung-adzu4-staging.codeworldwide.com/#page/Assets?MediaChannelId=bc05e939-0b63-6606-a1c7-39e942e52731&amp;MediaChannelText=Samsung.com&amp;CampaignID=51a8da8e-2afa-4c47-ae26-e14f01ff5e7c&amp;CampaignText=S10%20Test%20Campaign' and expected text 'https://samsung-adzu4-staging.codeworldwide.com/#page/Assets?MediaChannelId=bc05e939-0b63-6606-a1c7-39e942e52731&amp;MediaChannelText=Samsung.com&amp;CampaignID=51a8da8e-2afa-4c47-ae26-e14f01ff5e7c&amp;CampaignText=S10%20Test%20Campaign' are matched &#xD;
&#xD;
2019-10-11 13:12:32 - [TEST_STEP][PASSED] - navigateToUrl("https://samsung-adzu4-staging.codeworldwide.com/#page/GB/en-GB/AllDevices/S10"): Navigate to 'https://samsung-adzu4-staging.codeworldwide.com/#page/GB/en-GB/AllDevices/S10' successfully&#xD;
&#xD;
2019-10-11 13:12:33 - [MESSAGE][PASSED] - Navigate to 'https://samsung-adzu4-staging.codeworldwide.com/#page/GB/en-GB/AllDevices/S10' successfully&#xD;
&#xD;
2019-10-11 13:12:33 - [TEST_STEP][PASSED] - scrollToElement(findTestObject("Home Page/Homa Page Tiles/Campaigns/Page_Samsung Marketing Cloud/h1_Available Adaptations"), 0): Scroll to object 'Object Repository/Home Page/Homa Page Tiles/Campaigns/Page_Samsung Marketing Cloud/h1_Available Adaptations' successfully&#xD;
&#xD;
2019-10-11 13:12:33 - [MESSAGE][WARNING] - Timeout '0' is invalid. Using default page load timeout: '30'&#xD;
&#xD;
2019-10-11 13:12:35 - [MESSAGE][PASSED] - Scroll to object 'Object Repository/Home Page/Homa Page Tiles/Campaigns/Page_Samsung Marketing Cloud/h1_Available Adaptations' successfully&#xD;
&#xD;
2019-10-11 13:12:35 - [TEST_STEP][PASSED] - click(findTestObject("Home Page/Homa Page Tiles/Campaigns/Page_Samsung Marketing Cloud/a_Members")): Object: 'Object Repository/Home Page/Homa Page Tiles/Campaigns/Page_Samsung Marketing Cloud/a_Members' is clicked on&#xD;
&#xD;
2019-10-11 13:12:39 - [MESSAGE][PASSED] - Object: 'Object Repository/Home Page/Homa Page Tiles/Campaigns/Page_Samsung Marketing Cloud/a_Members' is clicked on&#xD;
&#xD;
2019-10-11 13:12:39 - [TEST_STEP][PASSED] - delay(1): Delayed 1 second(s)&#xD;
&#xD;
2019-10-11 13:12:40 - [MESSAGE][PASSED] - Delayed 1 second(s)&#xD;
&#xD;
2019-10-11 13:12:40 - [TEST_STEP][PASSED] - url = getUrl(): Current window's url is: 'https://samsung-adzu4-staging.codeworldwide.com/#page/Assets?MediaChannelId=148bbef1-bee6-3420-4504-39e942e6eacc&amp;MediaChannelText=Members&amp;CampaignID=51a8da8e-2afa-4c47-ae26-e14f01ff5e7c&amp;CampaignText=S10%20Test%20Campaign'&#xD;
&#xD;
2019-10-11 13:12:41 - [MESSAGE][PASSED] - Current window's url is: 'https://samsung-adzu4-staging.codeworldwide.com/#page/Assets?MediaChannelId=148bbef1-bee6-3420-4504-39e942e6eacc&amp;MediaChannelText=Members&amp;CampaignID=51a8da8e-2afa-4c47-ae26-e14f01ff5e7c&amp;CampaignText=S10%20Test%20Campaign'&#xD;
&#xD;
2019-10-11 13:12:41 - [TEST_STEP][PASSED] - verifyMatch(url, "https://samsung-adzu4-staging.codeworldwide.com/#page/Assets?MediaChannelId=148bbef1-bee6-3420-4504-39e942e6eacc&amp;MediaChannelText=Members&amp;CampaignID=51a8da8e-2afa-4c47-ae26-e14f01ff5e7c&amp;CampaignText=S10%20Test%20Campaign", false): Actual text 'https://samsung-adzu4-staging.codeworldwide.com/#page/Assets?MediaChannelId=148bbef1-bee6-3420-4504-39e942e6eacc&amp;MediaChannelText=Members&amp;CampaignID=51a8da8e-2afa-4c47-ae26-e14f01ff5e7c&amp;CampaignText=S10%20Test%20Campaign' and expected text 'https://samsung-adzu4-staging.codeworldwide.com/#page/Assets?MediaChannelId=148bbef1-bee6-3420-4504-39e942e6eacc&amp;MediaChannelText=Members&amp;CampaignID=51a8da8e-2afa-4c47-ae26-e14f01ff5e7c&amp;CampaignText=S10%20Test%20Campaign' are matched &#xD;
&#xD;
2019-10-11 13:12:41 - [MESSAGE][PASSED] - Actual text 'https://samsung-adzu4-staging.codeworldwide.com/#page/Assets?MediaChannelId=148bbef1-bee6-3420-4504-39e942e6eacc&amp;MediaChannelText=Members&amp;CampaignID=51a8da8e-2afa-4c47-ae26-e14f01ff5e7c&amp;CampaignText=S10%20Test%20Campaign' and expected text 'https://samsung-adzu4-staging.codeworldwide.com/#page/Assets?MediaChannelId=148bbef1-bee6-3420-4504-39e942e6eacc&amp;MediaChannelText=Members&amp;CampaignID=51a8da8e-2afa-4c47-ae26-e14f01ff5e7c&amp;CampaignText=S10%20Test%20Campaign' are matched &#xD;
&#xD;
2019-10-11 13:12:41 - [TEST_STEP][PASSED] - navigateToUrl("https://samsung-adzu4-staging.codeworldwide.com/#page/GB/en-GB/AllDevices/S10"): Navigate to 'https://samsung-adzu4-staging.codeworldwide.com/#page/GB/en-GB/AllDevices/S10' successfully&#xD;
&#xD;
2019-10-11 13:12:42 - [MESSAGE][PASSED] - Navigate to 'https://samsung-adzu4-staging.codeworldwide.com/#page/GB/en-GB/AllDevices/S10' successfully&#xD;
&#xD;
2019-10-11 13:12:42 - [TEST_STEP][PASSED] - scrollToElement(findTestObject("Home Page/Homa Page Tiles/Campaigns/Page_Samsung Marketing Cloud/h1_Available Adaptations"), 0): Scroll to object 'Object Repository/Home Page/Homa Page Tiles/Campaigns/Page_Samsung Marketing Cloud/h1_Available Adaptations' successfully&#xD;
&#xD;
2019-10-11 13:12:42 - [MESSAGE][WARNING] - Timeout '0' is invalid. Using default page load timeout: '30'&#xD;
&#xD;
2019-10-11 13:12:44 - [MESSAGE][PASSED] - Scroll to object 'Object Repository/Home Page/Homa Page Tiles/Campaigns/Page_Samsung Marketing Cloud/h1_Available Adaptations' successfully&#xD;
&#xD;
2019-10-11 13:12:44 - [TEST_STEP][PASSED] - click(findTestObject("Home Page/Homa Page Tiles/Campaigns/Page_Samsung Marketing Cloud/a_Customer support")): Object: 'Object Repository/Home Page/Homa Page Tiles/Campaigns/Page_Samsung Marketing Cloud/a_Customer support' is clicked on&#xD;
&#xD;
2019-10-11 13:12:48 - [MESSAGE][PASSED] - Object: 'Object Repository/Home Page/Homa Page Tiles/Campaigns/Page_Samsung Marketing Cloud/a_Customer support' is clicked on&#xD;
&#xD;
2019-10-11 13:12:48 - [TEST_STEP][PASSED] - delay(1): Delayed 1 second(s)&#xD;
&#xD;
2019-10-11 13:12:49 - [MESSAGE][PASSED] - Delayed 1 second(s)&#xD;
&#xD;
2019-10-11 13:12:49 - [TEST_STEP][PASSED] - url = getUrl(): Current window's url is: 'https://samsung-adzu4-staging.codeworldwide.com/#page/Assets?MediaChannelId=fb8329fc-9545-1ceb-e72d-39e942e67719&amp;MediaChannelText=%09Customer%20Care%20Services&amp;CampaignID=51a8da8e-2afa-4c47-ae26-e14f01ff5e7c&amp;CampaignText=S10%20Test%20Campaign'&#xD;
&#xD;
2019-10-11 13:12:50 - [MESSAGE][PASSED] - Current window's url is: 'https://samsung-adzu4-staging.codeworldwide.com/#page/Assets?MediaChannelId=fb8329fc-9545-1ceb-e72d-39e942e67719&amp;MediaChannelText=%09Customer%20Care%20Services&amp;CampaignID=51a8da8e-2afa-4c47-ae26-e14f01ff5e7c&amp;CampaignText=S10%20Test%20Campaign'&#xD;
&#xD;
2019-10-11 13:12:50 - [TEST_STEP][PASSED] - verifyMatch(url, "https://samsung-adzu4-staging.codeworldwide.com/#page/Assets?MediaChannelId=fb8329fc-9545-1ceb-e72d-39e942e67719&amp;MediaChannelText=%09Customer%20Care%20Services&amp;CampaignID=51a8da8e-2afa-4c47-ae26-e14f01ff5e7c&amp;CampaignText=S10%20Test%20Campaign", false): Actual text 'https://samsung-adzu4-staging.codeworldwide.com/#page/Assets?MediaChannelId=fb8329fc-9545-1ceb-e72d-39e942e67719&amp;MediaChannelText=%09Customer%20Care%20Services&amp;CampaignID=51a8da8e-2afa-4c47-ae26-e14f01ff5e7c&amp;CampaignText=S10%20Test%20Campaign' and expected text 'https://samsung-adzu4-staging.codeworldwide.com/#page/Assets?MediaChannelId=fb8329fc-9545-1ceb-e72d-39e942e67719&amp;MediaChannelText=%09Customer%20Care%20Services&amp;CampaignID=51a8da8e-2afa-4c47-ae26-e14f01ff5e7c&amp;CampaignText=S10%20Test%20Campaign' are matched &#xD;
&#xD;
2019-10-11 13:12:50 - [MESSAGE][PASSED] - Actual text 'https://samsung-adzu4-staging.codeworldwide.com/#page/Assets?MediaChannelId=fb8329fc-9545-1ceb-e72d-39e942e67719&amp;MediaChannelText=%09Customer%20Care%20Services&amp;CampaignID=51a8da8e-2afa-4c47-ae26-e14f01ff5e7c&amp;CampaignText=S10%20Test%20Campaign' and expected text 'https://samsung-adzu4-staging.codeworldwide.com/#page/Assets?MediaChannelId=fb8329fc-9545-1ceb-e72d-39e942e67719&amp;MediaChannelText=%09Customer%20Care%20Services&amp;CampaignID=51a8da8e-2afa-4c47-ae26-e14f01ff5e7c&amp;CampaignText=S10%20Test%20Campaign' are matched &#xD;
&#xD;
2019-10-11 13:12:50 - [TEST_STEP][PASSED] - navigateToUrl("https://samsung-adzu4-staging.codeworldwide.com/#page/GB/en-GB/AllDevices/S10"): Navigate to 'https://samsung-adzu4-staging.codeworldwide.com/#page/GB/en-GB/AllDevices/S10' successfully&#xD;
&#xD;
2019-10-11 13:12:51 - [MESSAGE][PASSED] - Navigate to 'https://samsung-adzu4-staging.codeworldwide.com/#page/GB/en-GB/AllDevices/S10' successfully&#xD;
&#xD;
2019-10-11 13:12:51 - [TEST_STEP][PASSED] - scrollToElement(findTestObject("Home Page/Homa Page Tiles/Campaigns/Page_Samsung Marketing Cloud/h1_Available Adaptations"), 0): Scroll to object 'Object Repository/Home Page/Homa Page Tiles/Campaigns/Page_Samsung Marketing Cloud/h1_Available Adaptations' successfully&#xD;
&#xD;
2019-10-11 13:12:51 - [MESSAGE][WARNING] - Timeout '0' is invalid. Using default page load timeout: '30'&#xD;
&#xD;
2019-10-11 13:12:53 - [MESSAGE][PASSED] - Scroll to object 'Object Repository/Home Page/Homa Page Tiles/Campaigns/Page_Samsung Marketing Cloud/h1_Available Adaptations' successfully&#xD;
&#xD;
2019-10-11 13:12:53 - [TEST_STEP][PASSED] - click(findTestObject("Home Page/Homa Page Tiles/Campaigns/Page_Samsung Marketing Cloud/a_eRetail")): Object: 'Object Repository/Home Page/Homa Page Tiles/Campaigns/Page_Samsung Marketing Cloud/a_eRetail' is clicked on&#xD;
&#xD;
2019-10-11 13:12:57 - [MESSAGE][PASSED] - Object: 'Object Repository/Home Page/Homa Page Tiles/Campaigns/Page_Samsung Marketing Cloud/a_eRetail' is clicked on&#xD;
&#xD;
2019-10-11 13:12:57 - [TEST_STEP][PASSED] - delay(1): Delayed 1 second(s)&#xD;
&#xD;
2019-10-11 13:12:58 - [MESSAGE][PASSED] - Delayed 1 second(s)&#xD;
&#xD;
2019-10-11 13:12:58 - [TEST_STEP][PASSED] - url = getUrl(): Current window's url is: 'https://samsung-adzu4-staging.codeworldwide.com/#page/Assets?MediaChannelId=2e70a285-f254-76e1-b316-39e942e56d30&amp;MediaChannelText=eRetail&amp;CampaignID=51a8da8e-2afa-4c47-ae26-e14f01ff5e7c&amp;CampaignText=S10%20Test%20Campaign'&#xD;
&#xD;
2019-10-11 13:12:59 - [MESSAGE][PASSED] - Current window's url is: 'https://samsung-adzu4-staging.codeworldwide.com/#page/Assets?MediaChannelId=2e70a285-f254-76e1-b316-39e942e56d30&amp;MediaChannelText=eRetail&amp;CampaignID=51a8da8e-2afa-4c47-ae26-e14f01ff5e7c&amp;CampaignText=S10%20Test%20Campaign'&#xD;
&#xD;
2019-10-11 13:12:59 - [TEST_STEP][PASSED] - verifyMatch(url, "https://samsung-adzu4-staging.codeworldwide.com/#page/Assets?MediaChannelId=2e70a285-f254-76e1-b316-39e942e56d30&amp;MediaChannelText=eRetail&amp;CampaignID=51a8da8e-2afa-4c47-ae26-e14f01ff5e7c&amp;CampaignText=S10%20Test%20Campaign", false): Actual text 'https://samsung-adzu4-staging.codeworldwide.com/#page/Assets?MediaChannelId=2e70a285-f254-76e1-b316-39e942e56d30&amp;MediaChannelText=eRetail&amp;CampaignID=51a8da8e-2afa-4c47-ae26-e14f01ff5e7c&amp;CampaignText=S10%20Test%20Campaign' and expected text 'https://samsung-adzu4-staging.codeworldwide.com/#page/Assets?MediaChannelId=2e70a285-f254-76e1-b316-39e942e56d30&amp;MediaChannelText=eRetail&amp;CampaignID=51a8da8e-2afa-4c47-ae26-e14f01ff5e7c&amp;CampaignText=S10%20Test%20Campaign' are matched &#xD;
&#xD;
2019-10-11 13:12:59 - [MESSAGE][PASSED] - Actual text 'https://samsung-adzu4-staging.codeworldwide.com/#page/Assets?MediaChannelId=2e70a285-f254-76e1-b316-39e942e56d30&amp;MediaChannelText=eRetail&amp;CampaignID=51a8da8e-2afa-4c47-ae26-e14f01ff5e7c&amp;CampaignText=S10%20Test%20Campaign' and expected text 'https://samsung-adzu4-staging.codeworldwide.com/#page/Assets?MediaChannelId=2e70a285-f254-76e1-b316-39e942e56d30&amp;MediaChannelText=eRetail&amp;CampaignID=51a8da8e-2afa-4c47-ae26-e14f01ff5e7c&amp;CampaignText=S10%20Test%20Campaign' are matched &#xD;
&#xD;
2019-10-11 13:12:59 - [TEST_STEP][PASSED] - navigateToUrl("https://samsung-adzu4-staging.codeworldwide.com/#page/GB/en-GB/AllDevices/S10"): Navigate to 'https://samsung-adzu4-staging.codeworldwide.com/#page/GB/en-GB/AllDevices/S10' successfully&#xD;
&#xD;
2019-10-11 13:13:00 - [MESSAGE][PASSED] - Navigate to 'https://samsung-adzu4-staging.codeworldwide.com/#page/GB/en-GB/AllDevices/S10' successfully&#xD;
&#xD;
2019-10-11 13:13:00 - [TEST_STEP][PASSED] - scrollToElement(findTestObject("Home Page/Homa Page Tiles/Campaigns/Page_Samsung Marketing Cloud/h1_Available Adaptations"), 0): Scroll to object 'Object Repository/Home Page/Homa Page Tiles/Campaigns/Page_Samsung Marketing Cloud/h1_Available Adaptations' successfully&#xD;
&#xD;
2019-10-11 13:13:00 - [MESSAGE][WARNING] - Timeout '0' is invalid. Using default page load timeout: '30'&#xD;
&#xD;
2019-10-11 13:13:03 - [MESSAGE][PASSED] - Scroll to object 'Object Repository/Home Page/Homa Page Tiles/Campaigns/Page_Samsung Marketing Cloud/h1_Available Adaptations' successfully&#xD;
&#xD;
2019-10-11 13:13:03 - [TEST_STEP][PASSED] - click(findTestObject("Home Page/Homa Page Tiles/Campaigns/Page_Samsung Marketing Cloud/a_Retail marketing")): Object: 'Object Repository/Home Page/Homa Page Tiles/Campaigns/Page_Samsung Marketing Cloud/a_Retail marketing' is clicked on&#xD;
&#xD;
2019-10-11 13:13:06 - [MESSAGE][PASSED] - Object: 'Object Repository/Home Page/Homa Page Tiles/Campaigns/Page_Samsung Marketing Cloud/a_Retail marketing' is clicked on&#xD;
&#xD;
2019-10-11 13:13:06 - [TEST_STEP][PASSED] - delay(1): Delayed 1 second(s)&#xD;
&#xD;
2019-10-11 13:13:07 - [MESSAGE][PASSED] - Delayed 1 second(s)&#xD;
&#xD;
2019-10-11 13:13:07 - [TEST_STEP][PASSED] - url = getUrl(): Current window's url is: 'https://samsung-adzu4-staging.codeworldwide.com/#page/Assets?MediaChannelId=5e98f30f-0197-d02e-ff7c-39e942e93d93&amp;MediaChannelText=Retail%20Marketing&amp;CampaignID=51a8da8e-2afa-4c47-ae26-e14f01ff5e7c&amp;CampaignText=S10%20Test%20Campaign'&#xD;
&#xD;
2019-10-11 13:13:08 - [MESSAGE][PASSED] - Current window's url is: 'https://samsung-adzu4-staging.codeworldwide.com/#page/Assets?MediaChannelId=5e98f30f-0197-d02e-ff7c-39e942e93d93&amp;MediaChannelText=Retail%20Marketing&amp;CampaignID=51a8da8e-2afa-4c47-ae26-e14f01ff5e7c&amp;CampaignText=S10%20Test%20Campaign'&#xD;
&#xD;
2019-10-11 13:13:08 - [TEST_STEP][PASSED] - verifyMatch(url, "https://samsung-adzu4-staging.codeworldwide.com/#page/Assets?MediaChannelId=5e98f30f-0197-d02e-ff7c-39e942e93d93&amp;MediaChannelText=Retail%20Marketing&amp;CampaignID=51a8da8e-2afa-4c47-ae26-e14f01ff5e7c&amp;CampaignText=S10%20Test%20Campaign", false): Actual text 'https://samsung-adzu4-staging.codeworldwide.com/#page/Assets?MediaChannelId=5e98f30f-0197-d02e-ff7c-39e942e93d93&amp;MediaChannelText=Retail%20Marketing&amp;CampaignID=51a8da8e-2afa-4c47-ae26-e14f01ff5e7c&amp;CampaignText=S10%20Test%20Campaign' and expected text 'https://samsung-adzu4-staging.codeworldwide.com/#page/Assets?MediaChannelId=5e98f30f-0197-d02e-ff7c-39e942e93d93&amp;MediaChannelText=Retail%20Marketing&amp;CampaignID=51a8da8e-2afa-4c47-ae26-e14f01ff5e7c&amp;CampaignText=S10%20Test%20Campaign' are matched &#xD;
&#xD;
2019-10-11 13:13:08 - [MESSAGE][PASSED] - Actual text 'https://samsung-adzu4-staging.codeworldwide.com/#page/Assets?MediaChannelId=5e98f30f-0197-d02e-ff7c-39e942e93d93&amp;MediaChannelText=Retail%20Marketing&amp;CampaignID=51a8da8e-2afa-4c47-ae26-e14f01ff5e7c&amp;CampaignText=S10%20Test%20Campaign' and expected text 'https://samsung-adzu4-staging.codeworldwide.com/#page/Assets?MediaChannelId=5e98f30f-0197-d02e-ff7c-39e942e93d93&amp;MediaChannelText=Retail%20Marketing&amp;CampaignID=51a8da8e-2afa-4c47-ae26-e14f01ff5e7c&amp;CampaignText=S10%20Test%20Campaign' are matched &#xD;
&#xD;
2019-10-11 13:13:08 - [TEST_STEP][PASSED] - navigateToUrl("https://samsung-adzu4-staging.codeworldwide.com/#page/GB/en-GB/AllDevices/S10"): Navigate to 'https://samsung-adzu4-staging.codeworldwide.com/#page/GB/en-GB/AllDevices/S10' successfully&#xD;
&#xD;
2019-10-11 13:13:09 - [MESSAGE][PASSED] - Navigate to 'https://samsung-adzu4-staging.codeworldwide.com/#page/GB/en-GB/AllDevices/S10' successfully&#xD;
&#xD;
2019-10-11 13:13:09 - [TEST_STEP][PASSED] - scrollToElement(findTestObject("Home Page/Homa Page Tiles/Campaigns/Page_Samsung Marketing Cloud/h1_Available Adaptations"), 0): Scroll to object 'Object Repository/Home Page/Homa Page Tiles/Campaigns/Page_Samsung Marketing Cloud/h1_Available Adaptations' successfully&#xD;
&#xD;
2019-10-11 13:13:09 - [MESSAGE][WARNING] - Timeout '0' is invalid. Using default page load timeout: '30'&#xD;
&#xD;
2019-10-11 13:13:12 - [MESSAGE][PASSED] - Scroll to object 'Object Repository/Home Page/Homa Page Tiles/Campaigns/Page_Samsung Marketing Cloud/h1_Available Adaptations' successfully&#xD;
&#xD;
2019-10-11 13:13:12 - [TEST_STEP][PASSED] - click(findTestObject("Home Page/Homa Page Tiles/Campaigns/Page_Samsung Marketing Cloud/a_Digital media")): Object: 'Object Repository/Home Page/Homa Page Tiles/Campaigns/Page_Samsung Marketing Cloud/a_Digital media' is clicked on&#xD;
&#xD;
2019-10-11 13:13:15 - [MESSAGE][PASSED] - Object: 'Object Repository/Home Page/Homa Page Tiles/Campaigns/Page_Samsung Marketing Cloud/a_Digital media' is clicked on&#xD;
&#xD;
2019-10-11 13:13:15 - [TEST_STEP][PASSED] - delay(1): Delayed 1 second(s)&#xD;
&#xD;
2019-10-11 13:13:16 - [MESSAGE][PASSED] - Delayed 1 second(s)&#xD;
&#xD;
2019-10-11 13:13:16 - [TEST_STEP][PASSED] - url = getUrl(): Current window's url is: 'https://samsung-adzu4-staging.codeworldwide.com/#page/Assets?MediaChannelId=fd3717a5-4374-4940-3df3-39e942e5ea44&amp;MediaChannelText=Digital%20Media&amp;CampaignID=51a8da8e-2afa-4c47-ae26-e14f01ff5e7c&amp;CampaignText=S10%20Test%20Campaign'&#xD;
&#xD;
2019-10-11 13:13:17 - [MESSAGE][PASSED] - Current window's url is: 'https://samsung-adzu4-staging.codeworldwide.com/#page/Assets?MediaChannelId=fd3717a5-4374-4940-3df3-39e942e5ea44&amp;MediaChannelText=Digital%20Media&amp;CampaignID=51a8da8e-2afa-4c47-ae26-e14f01ff5e7c&amp;CampaignText=S10%20Test%20Campaign'&#xD;
&#xD;
2019-10-11 13:13:17 - [TEST_STEP][PASSED] - verifyMatch(url, "https://samsung-adzu4-staging.codeworldwide.com/#page/Assets?MediaChannelId=fd3717a5-4374-4940-3df3-39e942e5ea44&amp;MediaChannelText=Digital%20Media&amp;CampaignID=51a8da8e-2afa-4c47-ae26-e14f01ff5e7c&amp;CampaignText=S10%20Test%20Campaign", false): Actual text 'https://samsung-adzu4-staging.codeworldwide.com/#page/Assets?MediaChannelId=fd3717a5-4374-4940-3df3-39e942e5ea44&amp;MediaChannelText=Digital%20Media&amp;CampaignID=51a8da8e-2afa-4c47-ae26-e14f01ff5e7c&amp;CampaignText=S10%20Test%20Campaign' and expected text 'https://samsung-adzu4-staging.codeworldwide.com/#page/Assets?MediaChannelId=fd3717a5-4374-4940-3df3-39e942e5ea44&amp;MediaChannelText=Digital%20Media&amp;CampaignID=51a8da8e-2afa-4c47-ae26-e14f01ff5e7c&amp;CampaignText=S10%20Test%20Campaign' are matched &#xD;
&#xD;
2019-10-11 13:13:17 - [MESSAGE][PASSED] - Actual text 'https://samsung-adzu4-staging.codeworldwide.com/#page/Assets?MediaChannelId=fd3717a5-4374-4940-3df3-39e942e5ea44&amp;MediaChannelText=Digital%20Media&amp;CampaignID=51a8da8e-2afa-4c47-ae26-e14f01ff5e7c&amp;CampaignText=S10%20Test%20Campaign' and expected text 'https://samsung-adzu4-staging.codeworldwide.com/#page/Assets?MediaChannelId=fd3717a5-4374-4940-3df3-39e942e5ea44&amp;MediaChannelText=Digital%20Media&amp;CampaignID=51a8da8e-2afa-4c47-ae26-e14f01ff5e7c&amp;CampaignText=S10%20Test%20Campaign' are matched &#xD;
&#xD;
2019-10-11 13:13:17 - [TEST_STEP][PASSED] - navigateToUrl("https://samsung-adzu4-staging.codeworldwide.com/#page/GB/en-GB/AllDevices/S10"): Navigate to 'https://samsung-adzu4-staging.codeworldwide.com/#page/GB/en-GB/AllDevices/S10' successfully&#xD;
&#xD;
2019-10-11 13:13:18 - [MESSAGE][PASSED] - Navigate to 'https://samsung-adzu4-staging.codeworldwide.com/#page/GB/en-GB/AllDevices/S10' successfully&#xD;
&#xD;
2019-10-11 13:13:18 - [TEST_STEP][PASSED] - scrollToElement(findTestObject("Home Page/Homa Page Tiles/Campaigns/Page_Samsung Marketing Cloud/h1_Available Adaptations"), 0): Scroll to object 'Object Repository/Home Page/Homa Page Tiles/Campaigns/Page_Samsung Marketing Cloud/h1_Available Adaptations' successfully&#xD;
&#xD;
2019-10-11 13:13:18 - [MESSAGE][WARNING] - Timeout '0' is invalid. Using default page load timeout: '30'&#xD;
&#xD;
2019-10-11 13:13:21 - [MESSAGE][PASSED] - Scroll to object 'Object Repository/Home Page/Homa Page Tiles/Campaigns/Page_Samsung Marketing Cloud/h1_Available Adaptations' successfully&#xD;
&#xD;
2019-10-11 13:13:21 - [TEST_STEP][PASSED] - click(findTestObject("Home Page/Homa Page Tiles/Campaigns/Page_Samsung Marketing Cloud/a_CDM")): Object: 'Object Repository/Home Page/Homa Page Tiles/Campaigns/Page_Samsung Marketing Cloud/a_CDM' is clicked on&#xD;
&#xD;
2019-10-11 13:13:24 - [MESSAGE][PASSED] - Object: 'Object Repository/Home Page/Homa Page Tiles/Campaigns/Page_Samsung Marketing Cloud/a_CDM' is clicked on&#xD;
&#xD;
2019-10-11 13:13:24 - [TEST_STEP][PASSED] - delay(1): Delayed 1 second(s)&#xD;
&#xD;
2019-10-11 13:13:25 - [MESSAGE][PASSED] - Delayed 1 second(s)&#xD;
&#xD;
2019-10-11 13:13:25 - [TEST_STEP][PASSED] - url = getUrl(): Current window's url is: 'https://samsung-adzu4-staging.codeworldwide.com/#page/Assets?MediaChannelId=e66cdcea-6007-2467-35e9-39e942e6aae3&amp;MediaChannelText=CDM&amp;CampaignID=51a8da8e-2afa-4c47-ae26-e14f01ff5e7c&amp;CampaignText=S10%20Test%20Campaign'&#xD;
&#xD;
2019-10-11 13:13:26 - [MESSAGE][PASSED] - Current window's url is: 'https://samsung-adzu4-staging.codeworldwide.com/#page/Assets?MediaChannelId=e66cdcea-6007-2467-35e9-39e942e6aae3&amp;MediaChannelText=CDM&amp;CampaignID=51a8da8e-2afa-4c47-ae26-e14f01ff5e7c&amp;CampaignText=S10%20Test%20Campaign'&#xD;
&#xD;
2019-10-11 13:13:26 - [TEST_STEP][PASSED] - verifyMatch(url, "https://samsung-adzu4-staging.codeworldwide.com/#page/Assets?MediaChannelId=e66cdcea-6007-2467-35e9-39e942e6aae3&amp;MediaChannelText=CDM&amp;CampaignID=51a8da8e-2afa-4c47-ae26-e14f01ff5e7c&amp;CampaignText=S10%20Test%20Campaign", false): Actual text 'https://samsung-adzu4-staging.codeworldwide.com/#page/Assets?MediaChannelId=e66cdcea-6007-2467-35e9-39e942e6aae3&amp;MediaChannelText=CDM&amp;CampaignID=51a8da8e-2afa-4c47-ae26-e14f01ff5e7c&amp;CampaignText=S10%20Test%20Campaign' and expected text 'https://samsung-adzu4-staging.codeworldwide.com/#page/Assets?MediaChannelId=e66cdcea-6007-2467-35e9-39e942e6aae3&amp;MediaChannelText=CDM&amp;CampaignID=51a8da8e-2afa-4c47-ae26-e14f01ff5e7c&amp;CampaignText=S10%20Test%20Campaign' are matched &#xD;
&#xD;
2019-10-11 13:13:26 - [MESSAGE][PASSED] - Actual text 'https://samsung-adzu4-staging.codeworldwide.com/#page/Assets?MediaChannelId=e66cdcea-6007-2467-35e9-39e942e6aae3&amp;MediaChannelText=CDM&amp;CampaignID=51a8da8e-2afa-4c47-ae26-e14f01ff5e7c&amp;CampaignText=S10%20Test%20Campaign' and expected text 'https://samsung-adzu4-staging.codeworldwide.com/#page/Assets?MediaChannelId=e66cdcea-6007-2467-35e9-39e942e6aae3&amp;MediaChannelText=CDM&amp;CampaignID=51a8da8e-2afa-4c47-ae26-e14f01ff5e7c&amp;CampaignText=S10%20Test%20Campaign' are matched &#xD;
&#xD;
2019-10-11 13:13:26 - [TEST_STEP][PASSED] - navigateToUrl("https://samsung-adzu4-staging.codeworldwide.com/#page/GB/en-GB/AllDevices/S10"): Navigate to 'https://samsung-adzu4-staging.codeworldwide.com/#page/GB/en-GB/AllDevices/S10' successfully&#xD;
&#xD;
2019-10-11 13:13:27 - [MESSAGE][PASSED] - Navigate to 'https://samsung-adzu4-staging.codeworldwide.com/#page/GB/en-GB/AllDevices/S10' successfully&#xD;
&#xD;
2019-10-11 13:13:27 - [TEST_STEP][PASSED] - scrollToElement(findTestObject("Home Page/Homa Page Tiles/Campaigns/Page_Samsung Marketing Cloud/h1_Available Adaptations"), 0): Scroll to object 'Object Repository/Home Page/Homa Page Tiles/Campaigns/Page_Samsung Marketing Cloud/h1_Available Adaptations' successfully&#xD;
&#xD;
2019-10-11 13:13:27 - [MESSAGE][WARNING] - Timeout '0' is invalid. Using default page load timeout: '30'&#xD;
&#xD;
2019-10-11 13:13:30 - [MESSAGE][PASSED] - Scroll to object 'Object Repository/Home Page/Homa Page Tiles/Campaigns/Page_Samsung Marketing Cloud/h1_Available Adaptations' successfully&#xD;
&#xD;
2019-10-11 13:13:30 - [TEST_STEP][PASSED] - click(findTestObject("Home Page/Homa Page Tiles/Campaigns/Page_Samsung Marketing Cloud/a_Social")): Object: 'Object Repository/Home Page/Homa Page Tiles/Campaigns/Page_Samsung Marketing Cloud/a_Social' is clicked on&#xD;
&#xD;
2019-10-11 13:13:33 - [MESSAGE][PASSED] - Object: 'Object Repository/Home Page/Homa Page Tiles/Campaigns/Page_Samsung Marketing Cloud/a_Social' is clicked on&#xD;
&#xD;
2019-10-11 13:13:33 - [TEST_STEP][PASSED] - delay(1): Delayed 1 second(s)&#xD;
&#xD;
2019-10-11 13:13:34 - [MESSAGE][PASSED] - Delayed 1 second(s)&#xD;
&#xD;
2019-10-11 13:13:34 - [TEST_STEP][PASSED] - url = getUrl(): Current window's url is: 'https://samsung-adzu4-staging.codeworldwide.com/#page/Assets?MediaChannelId=8aa42629-2b35-f82d-6471-39e942e63134&amp;MediaChannelText=Social&amp;CampaignID=51a8da8e-2afa-4c47-ae26-e14f01ff5e7c&amp;CampaignText=S10%20Test%20Campaign'&#xD;
&#xD;
2019-10-11 13:13:35 - [MESSAGE][PASSED] - Current window's url is: 'https://samsung-adzu4-staging.codeworldwide.com/#page/Assets?MediaChannelId=8aa42629-2b35-f82d-6471-39e942e63134&amp;MediaChannelText=Social&amp;CampaignID=51a8da8e-2afa-4c47-ae26-e14f01ff5e7c&amp;CampaignText=S10%20Test%20Campaign'&#xD;
&#xD;
2019-10-11 13:13:35 - [TEST_STEP][PASSED] - verifyMatch(url, "https://samsung-adzu4-staging.codeworldwide.com/#page/Assets?MediaChannelId=8aa42629-2b35-f82d-6471-39e942e63134&amp;MediaChannelText=Social&amp;CampaignID=51a8da8e-2afa-4c47-ae26-e14f01ff5e7c&amp;CampaignText=S10%20Test%20Campaign", false): Actual text 'https://samsung-adzu4-staging.codeworldwide.com/#page/Assets?MediaChannelId=8aa42629-2b35-f82d-6471-39e942e63134&amp;MediaChannelText=Social&amp;CampaignID=51a8da8e-2afa-4c47-ae26-e14f01ff5e7c&amp;CampaignText=S10%20Test%20Campaign' and expected text 'https://samsung-adzu4-staging.codeworldwide.com/#page/Assets?MediaChannelId=8aa42629-2b35-f82d-6471-39e942e63134&amp;MediaChannelText=Social&amp;CampaignID=51a8da8e-2afa-4c47-ae26-e14f01ff5e7c&amp;CampaignText=S10%20Test%20Campaign' are matched &#xD;
&#xD;
2019-10-11 13:13:35 - [MESSAGE][PASSED] - Actual text 'https://samsung-adzu4-staging.codeworldwide.com/#page/Assets?MediaChannelId=8aa42629-2b35-f82d-6471-39e942e63134&amp;MediaChannelText=Social&amp;CampaignID=51a8da8e-2afa-4c47-ae26-e14f01ff5e7c&amp;CampaignText=S10%20Test%20Campaign' and expected text 'https://samsung-adzu4-staging.codeworldwide.com/#page/Assets?MediaChannelId=8aa42629-2b35-f82d-6471-39e942e63134&amp;MediaChannelText=Social&amp;CampaignID=51a8da8e-2afa-4c47-ae26-e14f01ff5e7c&amp;CampaignText=S10%20Test%20Campaign' are matched &#xD;
&#xD;
2019-10-11 13:13:35 - [TEST_STEP][PASSED] - navigateToUrl("https://samsung-adzu4-staging.codeworldwide.com/#page/GB/en-GB/AllDevices/S10"): Navigate to 'https://samsung-adzu4-staging.codeworldwide.com/#page/GB/en-GB/AllDevices/S10' successfully&#xD;
&#xD;
2019-10-11 13:13:36 - [MESSAGE][PASSED] - Navigate to 'https://samsung-adzu4-staging.codeworldwide.com/#page/GB/en-GB/AllDevices/S10' successfully&#xD;
&#xD;
2019-10-11 13:13:36 - [TEST_STEP][PASSED] - scrollToElement(findTestObject("Home Page/Homa Page Tiles/Campaigns/Page_Samsung Marketing Cloud/h1_Available Adaptations"), 0): Scroll to object 'Object Repository/Home Page/Homa Page Tiles/Campaigns/Page_Samsung Marketing Cloud/h1_Available Adaptations' successfully&#xD;
&#xD;
2019-10-11 13:13:37 - [MESSAGE][WARNING] - Timeout '0' is invalid. Using default page load timeout: '30'&#xD;
&#xD;
2019-10-11 13:13:39 - [MESSAGE][PASSED] - Scroll to object 'Object Repository/Home Page/Homa Page Tiles/Campaigns/Page_Samsung Marketing Cloud/h1_Available Adaptations' successfully&#xD;
&#xD;
2019-10-11 13:13:39 - [TEST_STEP][PASSED] - click(findTestObject("Home Page/Homa Page Tiles/Campaigns/Page_Samsung Marketing Cloud/a_TVC")): Object: 'Object Repository/Home Page/Homa Page Tiles/Campaigns/Page_Samsung Marketing Cloud/a_TVC' is clicked on&#xD;
&#xD;
2019-10-11 13:13:42 - [MESSAGE][PASSED] - Object: 'Object Repository/Home Page/Homa Page Tiles/Campaigns/Page_Samsung Marketing Cloud/a_TVC' is clicked on&#xD;
&#xD;
2019-10-11 13:13:42 - [TEST_STEP][PASSED] - delay(1): Delayed 1 second(s)&#xD;
&#xD;
2019-10-11 13:13:43 - [MESSAGE][PASSED] - Delayed 1 second(s)&#xD;
&#xD;
2019-10-11 13:13:43 - [TEST_STEP][PASSED] - url = getUrl(): Current window's url is: 'https://samsung-adzu4-staging.codeworldwide.com/#page/Assets?MediaChannelId=faad2f4d-3e9b-e423-0e58-39e942e7549f&amp;MediaChannelText=TVC&amp;CampaignID=51a8da8e-2afa-4c47-ae26-e14f01ff5e7c&amp;CampaignText=S10%20Test%20Campaign'&#xD;
&#xD;
2019-10-11 13:13:44 - [MESSAGE][PASSED] - Current window's url is: 'https://samsung-adzu4-staging.codeworldwide.com/#page/Assets?MediaChannelId=faad2f4d-3e9b-e423-0e58-39e942e7549f&amp;MediaChannelText=TVC&amp;CampaignID=51a8da8e-2afa-4c47-ae26-e14f01ff5e7c&amp;CampaignText=S10%20Test%20Campaign'&#xD;
&#xD;
2019-10-11 13:13:44 - [TEST_STEP][PASSED] - verifyMatch(url, "https://samsung-adzu4-staging.codeworldwide.com/#page/Assets?MediaChannelId=faad2f4d-3e9b-e423-0e58-39e942e7549f&amp;MediaChannelText=TVC&amp;CampaignID=51a8da8e-2afa-4c47-ae26-e14f01ff5e7c&amp;CampaignText=S10%20Test%20Campaign", false): Actual text 'https://samsung-adzu4-staging.codeworldwide.com/#page/Assets?MediaChannelId=faad2f4d-3e9b-e423-0e58-39e942e7549f&amp;MediaChannelText=TVC&amp;CampaignID=51a8da8e-2afa-4c47-ae26-e14f01ff5e7c&amp;CampaignText=S10%20Test%20Campaign' and expected text 'https://samsung-adzu4-staging.codeworldwide.com/#page/Assets?MediaChannelId=faad2f4d-3e9b-e423-0e58-39e942e7549f&amp;MediaChannelText=TVC&amp;CampaignID=51a8da8e-2afa-4c47-ae26-e14f01ff5e7c&amp;CampaignText=S10%20Test%20Campaign' are matched &#xD;
&#xD;
2019-10-11 13:13:44 - [MESSAGE][PASSED] - Actual text 'https://samsung-adzu4-staging.codeworldwide.com/#page/Assets?MediaChannelId=faad2f4d-3e9b-e423-0e58-39e942e7549f&amp;MediaChannelText=TVC&amp;CampaignID=51a8da8e-2afa-4c47-ae26-e14f01ff5e7c&amp;CampaignText=S10%20Test%20Campaign' and expected text 'https://samsung-adzu4-staging.codeworldwide.com/#page/Assets?MediaChannelId=faad2f4d-3e9b-e423-0e58-39e942e7549f&amp;MediaChannelText=TVC&amp;CampaignID=51a8da8e-2afa-4c47-ae26-e14f01ff5e7c&amp;CampaignText=S10%20Test%20Campaign' are matched &#xD;
&#xD;
2019-10-11 13:13:44 - [TEST_STEP][PASSED] - navigateToUrl("https://samsung-adzu4-staging.codeworldwide.com/#page/GB/en-GB/AllDevices/S10"): Navigate to 'https://samsung-adzu4-staging.codeworldwide.com/#page/GB/en-GB/AllDevices/S10' successfully&#xD;
&#xD;
2019-10-11 13:13:45 - [MESSAGE][PASSED] - Navigate to 'https://samsung-adzu4-staging.codeworldwide.com/#page/GB/en-GB/AllDevices/S10' successfully&#xD;
&#xD;
2019-10-11 13:13:45 - [TEST_STEP][PASSED] - scrollToElement(findTestObject("Home Page/Homa Page Tiles/Campaigns/Page_Samsung Marketing Cloud/h1_Available Adaptations"), 0): Scroll to object 'Object Repository/Home Page/Homa Page Tiles/Campaigns/Page_Samsung Marketing Cloud/h1_Available Adaptations' successfully&#xD;
&#xD;
2019-10-11 13:13:46 - [MESSAGE][WARNING] - Timeout '0' is invalid. Using default page load timeout: '30'&#xD;
&#xD;
2019-10-11 13:13:48 - [MESSAGE][PASSED] - Scroll to object 'Object Repository/Home Page/Homa Page Tiles/Campaigns/Page_Samsung Marketing Cloud/h1_Available Adaptations' successfully&#xD;
&#xD;
2019-10-11 13:13:48 - [TEST_STEP][PASSED] - click(findTestObject("Home Page/Homa Page Tiles/Campaigns/Page_Samsung Marketing Cloud/a_OOH")): Object: 'Object Repository/Home Page/Homa Page Tiles/Campaigns/Page_Samsung Marketing Cloud/a_OOH' is clicked on&#xD;
&#xD;
2019-10-11 13:13:51 - [MESSAGE][PASSED] - Object: 'Object Repository/Home Page/Homa Page Tiles/Campaigns/Page_Samsung Marketing Cloud/a_OOH' is clicked on&#xD;
&#xD;
2019-10-11 13:13:51 - [TEST_STEP][PASSED] - delay(1): Delayed 1 second(s)&#xD;
&#xD;
2019-10-11 13:13:52 - [MESSAGE][PASSED] - Delayed 1 second(s)&#xD;
&#xD;
2019-10-11 13:13:52 - [TEST_STEP][PASSED] - url = getUrl(): Current window's url is: 'https://samsung-adzu4-staging.codeworldwide.com/#page/Assets?MediaChannelId=9646ec57-a493-cca4-29f4-39e942e908d2&amp;MediaChannelText=Outdoor&amp;CampaignID=51a8da8e-2afa-4c47-ae26-e14f01ff5e7c&amp;CampaignText=S10%20Test%20Campaign'&#xD;
&#xD;
2019-10-11 13:13:53 - [MESSAGE][PASSED] - Current window's url is: 'https://samsung-adzu4-staging.codeworldwide.com/#page/Assets?MediaChannelId=9646ec57-a493-cca4-29f4-39e942e908d2&amp;MediaChannelText=Outdoor&amp;CampaignID=51a8da8e-2afa-4c47-ae26-e14f01ff5e7c&amp;CampaignText=S10%20Test%20Campaign'&#xD;
&#xD;
2019-10-11 13:13:53 - [TEST_STEP][PASSED] - verifyMatch(url, "https://samsung-adzu4-staging.codeworldwide.com/#page/Assets?MediaChannelId=9646ec57-a493-cca4-29f4-39e942e908d2&amp;MediaChannelText=Outdoor&amp;CampaignID=51a8da8e-2afa-4c47-ae26-e14f01ff5e7c&amp;CampaignText=S10%20Test%20Campaign", false): Actual text 'https://samsung-adzu4-staging.codeworldwide.com/#page/Assets?MediaChannelId=9646ec57-a493-cca4-29f4-39e942e908d2&amp;MediaChannelText=Outdoor&amp;CampaignID=51a8da8e-2afa-4c47-ae26-e14f01ff5e7c&amp;CampaignText=S10%20Test%20Campaign' and expected text 'https://samsung-adzu4-staging.codeworldwide.com/#page/Assets?MediaChannelId=9646ec57-a493-cca4-29f4-39e942e908d2&amp;MediaChannelText=Outdoor&amp;CampaignID=51a8da8e-2afa-4c47-ae26-e14f01ff5e7c&amp;CampaignText=S10%20Test%20Campaign' are matched &#xD;
&#xD;
2019-10-11 13:13:53 - [MESSAGE][PASSED] - Actual text 'https://samsung-adzu4-staging.codeworldwide.com/#page/Assets?MediaChannelId=9646ec57-a493-cca4-29f4-39e942e908d2&amp;MediaChannelText=Outdoor&amp;CampaignID=51a8da8e-2afa-4c47-ae26-e14f01ff5e7c&amp;CampaignText=S10%20Test%20Campaign' and expected text 'https://samsung-adzu4-staging.codeworldwide.com/#page/Assets?MediaChannelId=9646ec57-a493-cca4-29f4-39e942e908d2&amp;MediaChannelText=Outdoor&amp;CampaignID=51a8da8e-2afa-4c47-ae26-e14f01ff5e7c&amp;CampaignText=S10%20Test%20Campaign' are matched &#xD;
&#xD;
2019-10-11 13:13:53 - [TEST_STEP][PASSED] - navigateToUrl("https://samsung-adzu4-staging.codeworldwide.com/#page/GB/en-GB/AllDevices/S10"): Navigate to 'https://samsung-adzu4-staging.codeworldwide.com/#page/GB/en-GB/AllDevices/S10' successfully&#xD;
&#xD;
2019-10-11 13:13:55 - [MESSAGE][PASSED] - Navigate to 'https://samsung-adzu4-staging.codeworldwide.com/#page/GB/en-GB/AllDevices/S10' successfully&#xD;
&#xD;
2019-10-11 13:13:55 - [TEST_STEP][PASSED] - scrollToElement(findTestObject("Home Page/Homa Page Tiles/Campaigns/Page_Samsung Marketing Cloud/h1_Available Adaptations"), 0): Scroll to object 'Object Repository/Home Page/Homa Page Tiles/Campaigns/Page_Samsung Marketing Cloud/h1_Available Adaptations' successfully&#xD;
&#xD;
2019-10-11 13:13:55 - [MESSAGE][WARNING] - Timeout '0' is invalid. Using default page load timeout: '30'&#xD;
&#xD;
2019-10-11 13:13:57 - [MESSAGE][PASSED] - Scroll to object 'Object Repository/Home Page/Homa Page Tiles/Campaigns/Page_Samsung Marketing Cloud/h1_Available Adaptations' successfully&#xD;
&#xD;
2019-10-11 13:13:57 - [TEST_STEP][PASSED] - click(findTestObject("Home Page/Homa Page Tiles/Campaigns/Page_Samsung Marketing Cloud/a_Print")): Object: 'Object Repository/Home Page/Homa Page Tiles/Campaigns/Page_Samsung Marketing Cloud/a_Print' is clicked on&#xD;
&#xD;
2019-10-11 13:14:00 - [MESSAGE][PASSED] - Object: 'Object Repository/Home Page/Homa Page Tiles/Campaigns/Page_Samsung Marketing Cloud/a_Print' is clicked on&#xD;
&#xD;
2019-10-11 13:14:00 - [TEST_STEP][PASSED] - delay(1): Delayed 1 second(s)&#xD;
&#xD;
2019-10-11 13:14:01 - [MESSAGE][PASSED] - Delayed 1 second(s)&#xD;
&#xD;
2019-10-11 13:14:01 - [TEST_STEP][PASSED] - url = getUrl(): Current window's url is: 'https://samsung-adzu4-staging.codeworldwide.com/#page/Assets?MediaChannelId=5e85e800-fd9e-e834-1d6b-39e942e7fb57&amp;MediaChannelText=Print&amp;CampaignID=51a8da8e-2afa-4c47-ae26-e14f01ff5e7c&amp;CampaignText=S10%20Test%20Campaign'&#xD;
&#xD;
2019-10-11 13:14:02 - [MESSAGE][PASSED] - Current window's url is: 'https://samsung-adzu4-staging.codeworldwide.com/#page/Assets?MediaChannelId=5e85e800-fd9e-e834-1d6b-39e942e7fb57&amp;MediaChannelText=Print&amp;CampaignID=51a8da8e-2afa-4c47-ae26-e14f01ff5e7c&amp;CampaignText=S10%20Test%20Campaign'&#xD;
&#xD;
2019-10-11 13:14:02 - [TEST_STEP][PASSED] - verifyMatch(url, "https://samsung-adzu4-staging.codeworldwide.com/#page/Assets?MediaChannelId=5e85e800-fd9e-e834-1d6b-39e942e7fb57&amp;MediaChannelText=Print&amp;CampaignID=51a8da8e-2afa-4c47-ae26-e14f01ff5e7c&amp;CampaignText=S10%20Test%20Campaign", false): Actual text 'https://samsung-adzu4-staging.codeworldwide.com/#page/Assets?MediaChannelId=5e85e800-fd9e-e834-1d6b-39e942e7fb57&amp;MediaChannelText=Print&amp;CampaignID=51a8da8e-2afa-4c47-ae26-e14f01ff5e7c&amp;CampaignText=S10%20Test%20Campaign' and expected text 'https://samsung-adzu4-staging.codeworldwide.com/#page/Assets?MediaChannelId=5e85e800-fd9e-e834-1d6b-39e942e7fb57&amp;MediaChannelText=Print&amp;CampaignID=51a8da8e-2afa-4c47-ae26-e14f01ff5e7c&amp;CampaignText=S10%20Test%20Campaign' are matched &#xD;
&#xD;
2019-10-11 13:14:02 - [MESSAGE][PASSED] - Actual text 'https://samsung-adzu4-staging.codeworldwide.com/#page/Assets?MediaChannelId=5e85e800-fd9e-e834-1d6b-39e942e7fb57&amp;MediaChannelText=Print&amp;CampaignID=51a8da8e-2afa-4c47-ae26-e14f01ff5e7c&amp;CampaignText=S10%20Test%20Campaign' and expected text 'https://samsung-adzu4-staging.codeworldwide.com/#page/Assets?MediaChannelId=5e85e800-fd9e-e834-1d6b-39e942e7fb57&amp;MediaChannelText=Print&amp;CampaignID=51a8da8e-2afa-4c47-ae26-e14f01ff5e7c&amp;CampaignText=S10%20Test%20Campaign' are matched &#xD;
&#xD;
2019-10-11 13:14:02 - [TEST_STEP][PASSED] - navigateToUrl("https://samsung-adzu4-staging.codeworldwide.com/#page/GB/en-GB/AllDevices/S10"): Navigate to 'https://samsung-adzu4-staging.codeworldwide.com/#page/GB/en-GB/AllDevices/S10' successfully&#xD;
&#xD;
2019-10-11 13:14:04 - [MESSAGE][PASSED] - Navigate to 'https://samsung-adzu4-staging.codeworldwide.com/#page/GB/en-GB/AllDevices/S10' successfully&#xD;
&#xD;
2019-10-11 13:14:04 - [TEST_STEP][PASSED] - scrollToElement(findTestObject("Home Page/Homa Page Tiles/Campaigns/Page_Samsung Marketing Cloud/h1_Available Adaptations"), 0): Scroll to object 'Object Repository/Home Page/Homa Page Tiles/Campaigns/Page_Samsung Marketing Cloud/h1_Available Adaptations' successfully&#xD;
&#xD;
2019-10-11 13:14:04 - [MESSAGE][WARNING] - Timeout '0' is invalid. Using default page load timeout: '30'&#xD;
&#xD;
2019-10-11 13:14:06 - [MESSAGE][PASSED] - Scroll to object 'Object Repository/Home Page/Homa Page Tiles/Campaigns/Page_Samsung Marketing Cloud/h1_Available Adaptations' successfully&#xD;
&#xD;
2019-10-11 13:14:06 - [TEST_STEP][PASSED] - click(findTestObject("Home Page/Homa Page Tiles/Campaigns/Page_Samsung Marketing Cloud/a_PR")): Object: 'Object Repository/Home Page/Homa Page Tiles/Campaigns/Page_Samsung Marketing Cloud/a_PR' is clicked on&#xD;
&#xD;
2019-10-11 13:14:09 - [MESSAGE][PASSED] - Object: 'Object Repository/Home Page/Homa Page Tiles/Campaigns/Page_Samsung Marketing Cloud/a_PR' is clicked on&#xD;
&#xD;
2019-10-11 13:14:09 - [TEST_STEP][PASSED] - delay(1): Delayed 1 second(s)&#xD;
&#xD;
2019-10-11 13:14:10 - [MESSAGE][PASSED] - Delayed 1 second(s)&#xD;
&#xD;
2019-10-11 13:14:10 - [TEST_STEP][PASSED] - url = getUrl(): Current window's url is: 'https://samsung-adzu4-staging.codeworldwide.com/#page/Assets?MediaChannelId=aee045f8-766b-ac5b-c1e6-39e942e8307b&amp;MediaChannelText=PR&amp;CampaignID=51a8da8e-2afa-4c47-ae26-e14f01ff5e7c&amp;CampaignText=S10%20Test%20Campaign'&#xD;
&#xD;
2019-10-11 13:14:11 - [MESSAGE][PASSED] - Current window's url is: 'https://samsung-adzu4-staging.codeworldwide.com/#page/Assets?MediaChannelId=aee045f8-766b-ac5b-c1e6-39e942e8307b&amp;MediaChannelText=PR&amp;CampaignID=51a8da8e-2afa-4c47-ae26-e14f01ff5e7c&amp;CampaignText=S10%20Test%20Campaign'&#xD;
&#xD;
2019-10-11 13:14:11 - [TEST_STEP][PASSED] - verifyMatch(url, "https://samsung-adzu4-staging.codeworldwide.com/#page/Assets?MediaChannelId=aee045f8-766b-ac5b-c1e6-39e942e8307b&amp;MediaChannelText=PR&amp;CampaignID=51a8da8e-2afa-4c47-ae26-e14f01ff5e7c&amp;CampaignText=S10%20Test%20Campaign", false): Actual text 'https://samsung-adzu4-staging.codeworldwide.com/#page/Assets?MediaChannelId=aee045f8-766b-ac5b-c1e6-39e942e8307b&amp;MediaChannelText=PR&amp;CampaignID=51a8da8e-2afa-4c47-ae26-e14f01ff5e7c&amp;CampaignText=S10%20Test%20Campaign' and expected text 'https://samsung-adzu4-staging.codeworldwide.com/#page/Assets?MediaChannelId=aee045f8-766b-ac5b-c1e6-39e942e8307b&amp;MediaChannelText=PR&amp;CampaignID=51a8da8e-2afa-4c47-ae26-e14f01ff5e7c&amp;CampaignText=S10%20Test%20Campaign' are matched &#xD;
&#xD;
2019-10-11 13:14:11 - [MESSAGE][PASSED] - Actual text 'https://samsung-adzu4-staging.codeworldwide.com/#page/Assets?MediaChannelId=aee045f8-766b-ac5b-c1e6-39e942e8307b&amp;MediaChannelText=PR&amp;CampaignID=51a8da8e-2afa-4c47-ae26-e14f01ff5e7c&amp;CampaignText=S10%20Test%20Campaign' and expected text 'https://samsung-adzu4-staging.codeworldwide.com/#page/Assets?MediaChannelId=aee045f8-766b-ac5b-c1e6-39e942e8307b&amp;MediaChannelText=PR&amp;CampaignID=51a8da8e-2afa-4c47-ae26-e14f01ff5e7c&amp;CampaignText=S10%20Test%20Campaign' are matched &#xD;
&#xD;
2019-10-11 13:14:11 - [TEST_STEP][PASSED] - navigateToUrl("https://samsung-adzu4-staging.codeworldwide.com/#page/GB/en-GB/AllDevices/S10"): Navigate to 'https://samsung-adzu4-staging.codeworldwide.com/#page/GB/en-GB/AllDevices/S10' successfully&#xD;
&#xD;
2019-10-11 13:14:13 - [MESSAGE][PASSED] - Navigate to 'https://samsung-adzu4-staging.codeworldwide.com/#page/GB/en-GB/AllDevices/S10' successfully&#xD;
&#xD;
2019-10-11 13:14:13 - [TEST_STEP][PASSED] - scrollToElement(findTestObject("Home Page/Homa Page Tiles/Campaigns/Page_Samsung Marketing Cloud/h1_Available Adaptations"), 0): Scroll to object 'Object Repository/Home Page/Homa Page Tiles/Campaigns/Page_Samsung Marketing Cloud/h1_Available Adaptations' successfully&#xD;
&#xD;
2019-10-11 13:14:13 - [MESSAGE][WARNING] - Timeout '0' is invalid. Using default page load timeout: '30'&#xD;
&#xD;
2019-10-11 13:14:15 - [MESSAGE][PASSED] - Scroll to object 'Object Repository/Home Page/Homa Page Tiles/Campaigns/Page_Samsung Marketing Cloud/h1_Available Adaptations' successfully&#xD;
&#xD;
2019-10-11 13:14:15 - [TEST_STEP][PASSED] - click(findTestObject("Home Page/Homa Page Tiles/Campaigns/Page_Samsung Marketing Cloud/a_Events")): Object: 'Object Repository/Home Page/Homa Page Tiles/Campaigns/Page_Samsung Marketing Cloud/a_Events' is clicked on&#xD;
&#xD;
2019-10-11 13:14:18 - [MESSAGE][PASSED] - Object: 'Object Repository/Home Page/Homa Page Tiles/Campaigns/Page_Samsung Marketing Cloud/a_Events' is clicked on&#xD;
&#xD;
2019-10-11 13:14:18 - [TEST_STEP][PASSED] - delay(1): Delayed 1 second(s)&#xD;
&#xD;
2019-10-11 13:14:19 - [MESSAGE][PASSED] - Delayed 1 second(s)&#xD;
&#xD;
2019-10-11 13:14:19 - [TEST_STEP][PASSED] - url = getUrl(): Current window's url is: 'https://samsung-adzu4-staging.codeworldwide.com/#page/Assets?MediaChannelId=d92b26b7-8819-05b5-3c42-39e942e868a3&amp;MediaChannelText=Events&amp;CampaignID=51a8da8e-2afa-4c47-ae26-e14f01ff5e7c&amp;CampaignText=S10%20Test%20Campaign'&#xD;
&#xD;
2019-10-11 13:14:20 - [MESSAGE][PASSED] - Current window's url is: 'https://samsung-adzu4-staging.codeworldwide.com/#page/Assets?MediaChannelId=d92b26b7-8819-05b5-3c42-39e942e868a3&amp;MediaChannelText=Events&amp;CampaignID=51a8da8e-2afa-4c47-ae26-e14f01ff5e7c&amp;CampaignText=S10%20Test%20Campaign'&#xD;
&#xD;
2019-10-11 13:14:20 - [TEST_STEP][PASSED] - verifyMatch(url, "https://samsung-adzu4-staging.codeworldwide.com/#page/Assets?MediaChannelId=d92b26b7-8819-05b5-3c42-39e942e868a3&amp;MediaChannelText=Events&amp;CampaignID=51a8da8e-2afa-4c47-ae26-e14f01ff5e7c&amp;CampaignText=S10%20Test%20Campaign", false): Actual text 'https://samsung-adzu4-staging.codeworldwide.com/#page/Assets?MediaChannelId=d92b26b7-8819-05b5-3c42-39e942e868a3&amp;MediaChannelText=Events&amp;CampaignID=51a8da8e-2afa-4c47-ae26-e14f01ff5e7c&amp;CampaignText=S10%20Test%20Campaign' and expected text 'https://samsung-adzu4-staging.codeworldwide.com/#page/Assets?MediaChannelId=d92b26b7-8819-05b5-3c42-39e942e868a3&amp;MediaChannelText=Events&amp;CampaignID=51a8da8e-2afa-4c47-ae26-e14f01ff5e7c&amp;CampaignText=S10%20Test%20Campaign' are matched &#xD;
&#xD;
2019-10-11 13:14:20 - [MESSAGE][PASSED] - Actual text 'https://samsung-adzu4-staging.codeworldwide.com/#page/Assets?MediaChannelId=d92b26b7-8819-05b5-3c42-39e942e868a3&amp;MediaChannelText=Events&amp;CampaignID=51a8da8e-2afa-4c47-ae26-e14f01ff5e7c&amp;CampaignText=S10%20Test%20Campaign' and expected text 'https://samsung-adzu4-staging.codeworldwide.com/#page/Assets?MediaChannelId=d92b26b7-8819-05b5-3c42-39e942e868a3&amp;MediaChannelText=Events&amp;CampaignID=51a8da8e-2afa-4c47-ae26-e14f01ff5e7c&amp;CampaignText=S10%20Test%20Campaign' are matched &#xD;
&#xD;
2019-10-11 13:14:20 - [TEST_STEP][PASSED] - navigateToUrl("https://samsung-adzu4-staging.codeworldwide.com/#page/GB/en-GB/AllDevices/S10"): Navigate to 'https://samsung-adzu4-staging.codeworldwide.com/#page/GB/en-GB/AllDevices/S10' successfully&#xD;
&#xD;
2019-10-11 13:14:21 - [MESSAGE][PASSED] - Navigate to 'https://samsung-adzu4-staging.codeworldwide.com/#page/GB/en-GB/AllDevices/S10' successfully&#xD;
&#xD;
2019-10-11 13:14:21 - [TEST_STEP][PASSED] - scrollToElement(findTestObject("Home Page/Homa Page Tiles/Campaigns/Page_Samsung Marketing Cloud/h1_Available Adaptations"), 0): Scroll to object 'Object Repository/Home Page/Homa Page Tiles/Campaigns/Page_Samsung Marketing Cloud/h1_Available Adaptations' successfully&#xD;
&#xD;
2019-10-11 13:14:22 - [MESSAGE][WARNING] - Timeout '0' is invalid. Using default page load timeout: '30'&#xD;
&#xD;
2019-10-11 13:14:24 - [MESSAGE][PASSED] - Scroll to object 'Object Repository/Home Page/Homa Page Tiles/Campaigns/Page_Samsung Marketing Cloud/h1_Available Adaptations' successfully&#xD;
&#xD;
2019-10-11 13:14:24 - [TEST_STEP][PASSED] - click(findTestObject("Home Page/Homa Page Tiles/Campaigns/Page_Samsung Marketing Cloud/a_Partnerships")): Object: 'Object Repository/Home Page/Homa Page Tiles/Campaigns/Page_Samsung Marketing Cloud/a_Partnerships' is clicked on&#xD;
&#xD;
2019-10-11 13:14:27 - [MESSAGE][PASSED] - Object: 'Object Repository/Home Page/Homa Page Tiles/Campaigns/Page_Samsung Marketing Cloud/a_Partnerships' is clicked on&#xD;
&#xD;
2019-10-11 13:14:27 - [TEST_STEP][PASSED] - delay(1): Delayed 1 second(s)&#xD;
&#xD;
2019-10-11 13:14:28 - [MESSAGE][PASSED] - Delayed 1 second(s)&#xD;
&#xD;
2019-10-11 13:14:28 - [TEST_STEP][PASSED] - url = getUrl(): Current window's url is: 'https://samsung-adzu4-staging.codeworldwide.com/#page/Assets?MediaChannelId=81245dbf-22f9-2849-1b99-39e942e97661&amp;MediaChannelText=Partnerships&amp;CampaignID=51a8da8e-2afa-4c47-ae26-e14f01ff5e7c&amp;CampaignText=S10%20Test%20Campaign'&#xD;
&#xD;
2019-10-11 13:14:29 - [MESSAGE][PASSED] - Current window's url is: 'https://samsung-adzu4-staging.codeworldwide.com/#page/Assets?MediaChannelId=81245dbf-22f9-2849-1b99-39e942e97661&amp;MediaChannelText=Partnerships&amp;CampaignID=51a8da8e-2afa-4c47-ae26-e14f01ff5e7c&amp;CampaignText=S10%20Test%20Campaign'&#xD;
&#xD;
2019-10-11 13:14:29 - [TEST_STEP][PASSED] - verifyMatch(url, "https://samsung-adzu4-staging.codeworldwide.com/#page/Assets?MediaChannelId=81245dbf-22f9-2849-1b99-39e942e97661&amp;MediaChannelText=Partnerships&amp;CampaignID=51a8da8e-2afa-4c47-ae26-e14f01ff5e7c&amp;CampaignText=S10%20Test%20Campaign", false): Actual text 'https://samsung-adzu4-staging.codeworldwide.com/#page/Assets?MediaChannelId=81245dbf-22f9-2849-1b99-39e942e97661&amp;MediaChannelText=Partnerships&amp;CampaignID=51a8da8e-2afa-4c47-ae26-e14f01ff5e7c&amp;CampaignText=S10%20Test%20Campaign' and expected text 'https://samsung-adzu4-staging.codeworldwide.com/#page/Assets?MediaChannelId=81245dbf-22f9-2849-1b99-39e942e97661&amp;MediaChannelText=Partnerships&amp;CampaignID=51a8da8e-2afa-4c47-ae26-e14f01ff5e7c&amp;CampaignText=S10%20Test%20Campaign' are matched &#xD;
&#xD;
2019-10-11 13:14:29 - [MESSAGE][PASSED] - Actual text 'https://samsung-adzu4-staging.codeworldwide.com/#page/Assets?MediaChannelId=81245dbf-22f9-2849-1b99-39e942e97661&amp;MediaChannelText=Partnerships&amp;CampaignID=51a8da8e-2afa-4c47-ae26-e14f01ff5e7c&amp;CampaignText=S10%20Test%20Campaign' and expected text 'https://samsung-adzu4-staging.codeworldwide.com/#page/Assets?MediaChannelId=81245dbf-22f9-2849-1b99-39e942e97661&amp;MediaChannelText=Partnerships&amp;CampaignID=51a8da8e-2afa-4c47-ae26-e14f01ff5e7c&amp;CampaignText=S10%20Test%20Campaign' are matched</system-out>
            <system-err>2019-10-11 13:11:46 - [TEST_CASE][FAILED] - Test Cases/Home Page/Campaigns/S10 Campaign: Test Cases/Home Page/Campaigns/S10 Campaign FAILED.
Reason:
com.kms.katalon.core.exception.StepFailedException: Unable to verify match between actual text 'https://samsung-adzu4-staging.codeworldwide.com/#page/Assets?TagsID=5e861b2e-476e-47a7-8da6-1f8eaac0545d&amp;CampaignID=51a8da8e-2afa-4c47-ae26-e14f01ff5e7c&amp;CampaignText=S10 Test Campaign' and expected text 'https://samsung-adzu4-staging.codeworldwide.com/#page/Assets?TagsID=5e861b2e-476e-47a7-8da6-1f8eaac0545d&amp;CampaignID=51a8da8e-2afa-4c47-ae26-e14f01ff5e7c&amp;CampaignText=S10%20Test%20Campaign' (Root cause: com.kms.katalon.core.exception.StepFailedException: Actual text 'https://samsung-adzu4-staging.codeworldwide.com/#page/Assets?TagsID=5e861b2e-476e-47a7-8da6-1f8eaac0545d&amp;CampaignID=51a8da8e-2afa-4c47-ae26-e14f01ff5e7c&amp;CampaignText=S10 Test Campaign' and expected text 'https://samsung-adzu4-staging.codeworldwide.com/#page/Assets?TagsID=5e861b2e-476e-47a7-8da6-1f8eaac0545d&amp;CampaignID=51a8da8e-2afa-4c47-ae26-e14f01ff5e7c&amp;CampaignText=S10%20Test%20Campaign' are not matched&#xD;
	at com.kms.katalon.core.keyword.builtin.VerifyMatchKeyword$_verifyMatch_closure1.doCall(VerifyMatchKeyword.groovy:57)&#xD;
	at com.kms.katalon.core.keyword.builtin.VerifyMatchKeyword$_verifyMatch_closure1.call(VerifyMatchKeyword.groovy)&#xD;
	at com.kms.katalon.core.keyword.internal.KeywordMain.runKeyword(KeywordMain.groovy:68)&#xD;
	at com.kms.katalon.core.keyword.builtin.VerifyMatchKeyword.verifyMatch(VerifyMatchKeyword.groovy:60)&#xD;
	at com.kms.katalon.core.keyword.builtin.VerifyMatchKeyword.execute(VerifyMatchKeyword.groovy:45)&#xD;
	at com.kms.katalon.core.keyword.internal.KeywordExecutor.executeKeywordForPlatform(KeywordExecutor.groovy:56)&#xD;
	at com.kms.katalon.core.keyword.BuiltinKeywords.verifyMatch(BuiltinKeywords.groovy:73)&#xD;
	at S10 Campaign.run(S10 Campaign:29)&#xD;
	at com.kms.katalon.core.main.ScriptEngine.run(ScriptEngine.java:194)&#xD;
	at com.kms.katalon.core.main.ScriptEngine.runScriptAsRawText(ScriptEngine.java:119)&#xD;
	at com.kms.katalon.core.main.TestCaseExecutor.runScript(TestCaseExecutor.java:337)&#xD;
	at com.kms.katalon.core.main.TestCaseExecutor.doExecute(TestCaseExecutor.java:328)&#xD;
	at com.kms.katalon.core.main.TestCaseExecutor.processExecutionPhase(TestCaseExecutor.java:307)&#xD;
	at com.kms.katalon.core.main.TestCaseExecutor.accessMainPhase(TestCaseExecutor.java:299)&#xD;
	at com.kms.katalon.core.main.TestCaseExecutor.execute(TestCaseExecutor.java:233)&#xD;
	at com.kms.katalon.core.main.TestSuiteExecutor.accessTestCaseMainPhase(TestSuiteExecutor.java:169)&#xD;
	at com.kms.katalon.core.main.TestSuiteExecutor.accessTestSuiteMainPhase(TestSuiteExecutor.java:142)&#xD;
	at com.kms.katalon.core.main.TestSuiteExecutor.execute(TestSuiteExecutor.java:91)&#xD;
	at com.kms.katalon.core.main.TestCaseMain.startTestSuite(TestCaseMain.java:157)&#xD;
	at com.kms.katalon.core.main.TestCaseMain$startTestSuite$0.call(Unknown Source)&#xD;
	at TempTestSuite1570795797599.run(TempTestSuite1570795797599.groovy:35)&#xD;
)&#xD;
	at com.kms.katalon.core.keyword.internal.KeywordMain.stepFailed(KeywordMain.groovy:39)&#xD;
	at com.kms.katalon.core.keyword.internal.KeywordMain.stepFailed(KeywordMain.groovy)&#xD;
	at com.kms.katalon.core.keyword.internal.KeywordMain.runKeyword(KeywordMain.groovy:70)&#xD;
	at com.kms.katalon.core.keyword.builtin.VerifyMatchKeyword.verifyMatch(VerifyMatchKeyword.groovy:60)&#xD;
	at com.kms.katalon.core.keyword.builtin.VerifyMatchKeyword.execute(VerifyMatchKeyword.groovy:45)&#xD;
	at com.kms.katalon.core.keyword.internal.KeywordExecutor.executeKeywordForPlatform(KeywordExecutor.groovy:56)&#xD;
	at com.kms.katalon.core.keyword.BuiltinKeywords.verifyMatch(BuiltinKeywords.groovy:73)&#xD;
	at S10 Campaign.run(S10 Campaign:29)&#xD;
	at com.kms.katalon.core.main.ScriptEngine.run(ScriptEngine.java:194)&#xD;
	at com.kms.katalon.core.main.ScriptEngine.runScriptAsRawText(ScriptEngine.java:119)&#xD;
	at com.kms.katalon.core.main.TestCaseExecutor.runScript(TestCaseExecutor.java:337)&#xD;
	at com.kms.katalon.core.main.TestCaseExecutor.doExecute(TestCaseExecutor.java:328)&#xD;
	at com.kms.katalon.core.main.TestCaseExecutor.processExecutionPhase(TestCaseExecutor.java:307)&#xD;
	at com.kms.katalon.core.main.TestCaseExecutor.accessMainPhase(TestCaseExecutor.java:299)&#xD;
	at com.kms.katalon.core.main.TestCaseExecutor.execute(TestCaseExecutor.java:233)&#xD;
	at com.kms.katalon.core.main.TestSuiteExecutor.accessTestCaseMainPhase(TestSuiteExecutor.java:169)&#xD;
	at com.kms.katalon.core.main.TestSuiteExecutor.accessTestSuiteMainPhase(TestSuiteExecutor.java:142)&#xD;
	at com.kms.katalon.core.main.TestSuiteExecutor.execute(TestSuiteExecutor.java:91)&#xD;
	at com.kms.katalon.core.main.TestCaseMain.startTestSuite(TestCaseMain.java:157)&#xD;
	at com.kms.katalon.core.main.TestCaseMain$startTestSuite$0.call(Unknown Source)&#xD;
	at TempTestSuite1570795797599.run(TempTestSuite1570795797599.groovy:35)&#xD;
Caused by: com.kms.katalon.core.exception.StepFailedException: Actual text 'https://samsung-adzu4-staging.codeworldwide.com/#page/Assets?TagsID=5e861b2e-476e-47a7-8da6-1f8eaac0545d&amp;CampaignID=51a8da8e-2afa-4c47-ae26-e14f01ff5e7c&amp;CampaignText=S10 Test Campaign' and expected text 'https://samsung-adzu4-staging.codeworldwide.com/#page/Assets?TagsID=5e861b2e-476e-47a7-8da6-1f8eaac0545d&amp;CampaignID=51a8da8e-2afa-4c47-ae26-e14f01ff5e7c&amp;CampaignText=S10%20Test%20Campaign' are not matched&#xD;
	at com.kms.katalon.core.keyword.builtin.VerifyMatchKeyword$_verifyMatch_closure1.doCall(VerifyMatchKeyword.groovy:57)&#xD;
	at com.kms.katalon.core.keyword.builtin.VerifyMatchKeyword$_verifyMatch_closure1.call(VerifyMatchKeyword.groovy)&#xD;
	at com.kms.katalon.core.keyword.internal.KeywordMain.runKeyword(KeywordMain.groovy:68)&#xD;
	... 18 more</system-err>
        </testcase>
        <testcase name="Test Cases/Login and Logout - Notifications/Logout - Yes Button" classname="Test Cases/Login and Logout - Notifications/Logout - Yes Button" status="PASSED">
            <system-out>2019-10-11 13:14:29 - [TEST_CASE][PASSED] - Test Cases/Login and Logout - Notifications/Logout - Yes Button: Test Cases/Login and Logout - Notifications/Logout - Yes Button&#xD;
&#xD;
2019-10-11 13:14:29 - [TEST_STEP][PASSED] - click(findTestObject("Logout/Page_Samsung Marketing Cloud/span_gandhi")): Object: 'Object Repository/Logout/Page_Samsung Marketing Cloud/span_gandhi' is clicked on&#xD;
&#xD;
2019-10-11 13:14:33 - [MESSAGE][PASSED] - Object: 'Object Repository/Logout/Page_Samsung Marketing Cloud/span_gandhi' is clicked on&#xD;
&#xD;
2019-10-11 13:14:33 - [TEST_STEP][PASSED] - click(findTestObject("Logout/Page_Samsung Marketing Cloud/Logout")): Object: 'Object Repository/Logout/Page_Samsung Marketing Cloud/Logout' is clicked on&#xD;
&#xD;
2019-10-11 13:14:36 - [MESSAGE][PASSED] - Object: 'Object Repository/Logout/Page_Samsung Marketing Cloud/Logout' is clicked on&#xD;
&#xD;
2019-10-11 13:14:36 - [TEST_STEP][PASSED] - click(findTestObject("Logout/Page_Samsung Marketing Cloud/button_Yes")): Object: 'Object Repository/Logout/Page_Samsung Marketing Cloud/button_Yes' is clicked on&#xD;
&#xD;
2019-10-11 13:14:39 - [MESSAGE][PASSED] - Object: 'Object Repository/Logout/Page_Samsung Marketing Cloud/button_Yes' is clicked on&#xD;
&#xD;
2019-10-11 13:14:39 - [TEST_STEP][PASSED] - closeBrowser(): Browser is closed&#xD;
&#xD;
2019-10-11 13:14:41 - [MESSAGE][PASSED] - Browser is closed</system-out>
            <system-err></system-err>
        </testcase>
        <system-out>2019-10-11 13:09:59 - [TEST_SUITE][INCOMPLETE] - Campaigns: null</system-out>
        <system-err>2019-10-11 13:09:59 - [TEST_SUITE][INCOMPLETE] - Campaigns: null</system-err>
    </testsuite>
</testsuites>
