<?xml version="1.0" encoding="UTF-8" standalone="yes"?>
<testsuites name="Quick Link" time="140" tests="7" failures="0" errors="0">
    <testsuite name="Quick Link" tests="7" failures="0" errors="0" time="140" timestamp="2019-10-11 09:33:38" hostname="gansat - NOTEEG-12802.nexus.local" id="Test Suites/Home Page/Quick Link">
        <properties>
            <property name="deviceName" value=""/>
            <property name="devicePlatform" value=""/>
            <property name="logFolder" value="C:\\Adzu UAT\\Adzu\\Adzu\\Reports\\20191011_093331\\Home Page\\Quick Link\\20191011_093331"/>
            <property name="logFiles" value="C:\\Adzu UAT\\Adzu\\Adzu\\Reports\\20191011_093331\\Home Page\\Quick Link\\20191011_093331\\execution0.log, C:\\Adzu UAT\\Adzu\\Adzu\\Reports\\20191011_093331\\Home Page\\Quick Link\\20191011_093331\\IEDriverServer.log"/>
            <property name="attachments" value=""/>
            <property name="hostName" value="gansat - NOTEEG-12802.nexus.local"/>
            <property name="os" value="Windows 10 64bit"/>
            <property name="katalonVersion" value="6.3.3.11"/>
            <property name="browser" value="IE 11"/>
            <property name="hostAddress" value="192.168.0.17"/>
            <property name="sessionId" value="3c19cc5d-d69c-4691-aa0c-16647362b3bc"/>
            <property name="seleniumVersion" value="3.141.59"/>
            <property name="proxyInformation" value="ProxyInformation{proxyOption=NO_PROXY, proxyServerType=HTTP, password=, proxyServerAddress=, proxyServerPort=0}"/>
            <property name="platform" value="Windows 10"/>
        </properties>
        <testcase name="Test Cases/Login and Logout - Notifications/Login" classname="Test Cases/Login and Logout - Notifications/Login" status="PASSED">
            <system-out>2019-10-11 09:33:38 - [TEST_CASE][PASSED] - Test Cases/Login and Logout - Notifications/Login: Test Cases/Login and Logout - Notifications/Login&#xD;
&#xD;
2019-10-11 09:33:39 - [TEST_STEP][PASSED] - openBrowser(""): Browser is opened with url: ''&#xD;
&#xD;
2019-10-11 09:33:40 - [MESSAGE][INFO] - Starting 'IE' driver&#xD;
&#xD;
2019-10-11 09:33:40 - [MESSAGE][INFO] - User set preference: ['ignoreProtectedModeSettings', 'true']&#xD;
&#xD;
2019-10-11 09:33:40 - [MESSAGE][INFO] - Action delay is set to 1 seconds&#xD;
&#xD;
2019-10-11 09:33:49 - [MESSAGE][PASSED] - Browser is opened with url: ''&#xD;
&#xD;
2019-10-11 09:33:49 - [TEST_STEP][PASSED] - navigateToUrl("https://samsung-adzu4-staging.codeworldwide.com/#"): Navigate to 'https://samsung-adzu4-staging.codeworldwide.com/#' successfully&#xD;
&#xD;
2019-10-11 09:33:52 - [MESSAGE][PASSED] - Navigate to 'https://samsung-adzu4-staging.codeworldwide.com/#' successfully&#xD;
&#xD;
2019-10-11 09:33:52 - [TEST_STEP][PASSED] - setText(findTestObject("Object Repository/Login/Page_Samsung Marketing Cloud/Username_Text"), "satinder.gandhi@codeworldwide.com"): Text 'satinder.gandhi@codeworldwide.com' is set on object 'Object Repository/Login/Page_Samsung Marketing Cloud/Username_Text'&#xD;
&#xD;
2019-10-11 09:34:02 - [MESSAGE][PASSED] - Text 'satinder.gandhi@codeworldwide.com' is set on object 'Object Repository/Login/Page_Samsung Marketing Cloud/Username_Text'&#xD;
&#xD;
2019-10-11 09:34:02 - [TEST_STEP][PASSED] - setEncryptedText(findTestObject("Object Repository/Login/Page_Samsung Marketing Cloud/Password_text"), "yfq/9fVkW5+QvfzWq38qvg=="): Text ****** has been set on object 'Object Repository/Login/Page_Samsung Marketing Cloud/Password_text'&#xD;
&#xD;
2019-10-11 09:34:07 - [MESSAGE][PASSED] - Text ****** has been set on object 'Object Repository/Login/Page_Samsung Marketing Cloud/Password_text'&#xD;
&#xD;
2019-10-11 09:34:07 - [TEST_STEP][PASSED] - click(findTestObject("Object Repository/Login/Page_Samsung Marketing Cloud/button_Login")): Object: 'Object Repository/Login/Page_Samsung Marketing Cloud/button_Login' is clicked on&#xD;
&#xD;
2019-10-11 09:34:14 - [MESSAGE][PASSED] - Object: 'Object Repository/Login/Page_Samsung Marketing Cloud/button_Login' is clicked on&#xD;
&#xD;
2019-10-11 09:34:14 - [TEST_STEP][PASSED] - maximizeWindow(): Current window maximized&#xD;
&#xD;
2019-10-11 09:34:15 - [MESSAGE][PASSED] - Current window maximized</system-out>
            <system-err></system-err>
        </testcase>
        <testcase name="Test Cases/Home Page/Quick Links Tiles/Brand" classname="Test Cases/Home Page/Quick Links Tiles/Brand" status="PASSED">
            <system-out>2019-10-11 09:34:15 - [TEST_CASE][PASSED] - Test Cases/Home Page/Quick Links Tiles/Brand: Test Cases/Home Page/Quick Links Tiles/Brand&#xD;
&#xD;
2019-10-11 09:34:16 - [TEST_STEP][PASSED] - navigateToUrl("https://samsung-adzu4-staging.codeworldwide.com/#"): Navigate to 'https://samsung-adzu4-staging.codeworldwide.com/#' successfully&#xD;
&#xD;
2019-10-11 09:34:18 - [MESSAGE][PASSED] - Navigate to 'https://samsung-adzu4-staging.codeworldwide.com/#' successfully&#xD;
&#xD;
2019-10-11 09:34:18 - [TEST_STEP][PASSED] - scrollToElement(findTestObject("Home Page/Homa Page Tiles/Quick Links/div_Quick Links"), 0): Scroll to object 'Object Repository/Home Page/Homa Page Tiles/Quick Links/div_Quick Links' successfully&#xD;
&#xD;
2019-10-11 09:34:18 - [MESSAGE][WARNING] - Timeout '0' is invalid. Using default page load timeout: '30'&#xD;
&#xD;
2019-10-11 09:34:23 - [MESSAGE][PASSED] - Scroll to object 'Object Repository/Home Page/Homa Page Tiles/Quick Links/div_Quick Links' successfully&#xD;
&#xD;
2019-10-11 09:34:23 - [TEST_STEP][PASSED] - click(findTestObject("Home Page/Homa Page Tiles/Quick Links/div_Brand")): Object: 'Object Repository/Home Page/Homa Page Tiles/Quick Links/div_Brand' is clicked on&#xD;
&#xD;
2019-10-11 09:34:33 - [MESSAGE][PASSED] - Object: 'Object Repository/Home Page/Homa Page Tiles/Quick Links/div_Brand' is clicked on&#xD;
&#xD;
2019-10-11 09:34:33 - [TEST_STEP][PASSED] - url = getUrl(): Current window's url is: 'https://samsung-adzu4-staging.codeworldwide.com/#page/Assets?TagsID=c3478931-e7bb-4f43-84a7-561e1f41688e'&#xD;
&#xD;
2019-10-11 09:34:37 - [MESSAGE][PASSED] - Current window's url is: 'https://samsung-adzu4-staging.codeworldwide.com/#page/Assets?TagsID=c3478931-e7bb-4f43-84a7-561e1f41688e'&#xD;
&#xD;
2019-10-11 09:34:37 - [TEST_STEP][PASSED] - verifyMatch(url, "https://samsung-adzu4-staging.codeworldwide.com/#page/Assets?TagsID=c3478931-e7bb-4f43-84a7-561e1f41688e", false): Actual text 'https://samsung-adzu4-staging.codeworldwide.com/#page/Assets?TagsID=c3478931-e7bb-4f43-84a7-561e1f41688e' and expected text 'https://samsung-adzu4-staging.codeworldwide.com/#page/Assets?TagsID=c3478931-e7bb-4f43-84a7-561e1f41688e' are matched &#xD;
&#xD;
2019-10-11 09:34:37 - [MESSAGE][PASSED] - Actual text 'https://samsung-adzu4-staging.codeworldwide.com/#page/Assets?TagsID=c3478931-e7bb-4f43-84a7-561e1f41688e' and expected text 'https://samsung-adzu4-staging.codeworldwide.com/#page/Assets?TagsID=c3478931-e7bb-4f43-84a7-561e1f41688e' are matched</system-out>
            <system-err></system-err>
        </testcase>
        <testcase name="Test Cases/Home Page/Quick Links Tiles/Learning" classname="Test Cases/Home Page/Quick Links Tiles/Learning" status="PASSED">
            <system-out>2019-10-11 09:34:37 - [TEST_CASE][PASSED] - Test Cases/Home Page/Quick Links Tiles/Learning: Test Cases/Home Page/Quick Links Tiles/Learning&#xD;
&#xD;
2019-10-11 09:34:38 - [TEST_STEP][PASSED] - navigateToUrl("https://samsung-adzu4-staging.codeworldwide.com/#"): Navigate to 'https://samsung-adzu4-staging.codeworldwide.com/#' successfully&#xD;
&#xD;
2019-10-11 09:34:41 - [MESSAGE][PASSED] - Navigate to 'https://samsung-adzu4-staging.codeworldwide.com/#' successfully&#xD;
&#xD;
2019-10-11 09:34:41 - [TEST_STEP][PASSED] - scrollToElement(findTestObject("Home Page/Homa Page Tiles/Quick Links/div_Quick Links"), 0): Scroll to object 'Object Repository/Home Page/Homa Page Tiles/Quick Links/div_Quick Links' successfully&#xD;
&#xD;
2019-10-11 09:34:41 - [MESSAGE][WARNING] - Timeout '0' is invalid. Using default page load timeout: '30'&#xD;
&#xD;
2019-10-11 09:34:44 - [MESSAGE][PASSED] - Scroll to object 'Object Repository/Home Page/Homa Page Tiles/Quick Links/div_Quick Links' successfully&#xD;
&#xD;
2019-10-11 09:34:44 - [TEST_STEP][PASSED] - click(findTestObject("Home Page/Homa Page Tiles/Quick Links/div_Learning")): Object: 'Object Repository/Home Page/Homa Page Tiles/Quick Links/div_Learning' is clicked on&#xD;
&#xD;
2019-10-11 09:34:49 - [MESSAGE][PASSED] - Object: 'Object Repository/Home Page/Homa Page Tiles/Quick Links/div_Learning' is clicked on&#xD;
&#xD;
2019-10-11 09:34:49 - [TEST_STEP][PASSED] - url = getUrl(): Current window's url is: 'https://samsung-adzu4-staging.codeworldwide.com/#page/Assets?TagsID=1a290171-39cc-4418-a06c-24d802e4c8df'&#xD;
&#xD;
2019-10-11 09:34:52 - [MESSAGE][PASSED] - Current window's url is: 'https://samsung-adzu4-staging.codeworldwide.com/#page/Assets?TagsID=1a290171-39cc-4418-a06c-24d802e4c8df'&#xD;
&#xD;
2019-10-11 09:34:52 - [TEST_STEP][PASSED] - verifyMatch(url, "https://samsung-adzu4-staging.codeworldwide.com/#page/Assets?TagsID=1a290171-39cc-4418-a06c-24d802e4c8df", false): Actual text 'https://samsung-adzu4-staging.codeworldwide.com/#page/Assets?TagsID=1a290171-39cc-4418-a06c-24d802e4c8df' and expected text 'https://samsung-adzu4-staging.codeworldwide.com/#page/Assets?TagsID=1a290171-39cc-4418-a06c-24d802e4c8df' are matched &#xD;
&#xD;
2019-10-11 09:34:52 - [MESSAGE][PASSED] - Actual text 'https://samsung-adzu4-staging.codeworldwide.com/#page/Assets?TagsID=1a290171-39cc-4418-a06c-24d802e4c8df' and expected text 'https://samsung-adzu4-staging.codeworldwide.com/#page/Assets?TagsID=1a290171-39cc-4418-a06c-24d802e4c8df' are matched</system-out>
            <system-err></system-err>
        </testcase>
        <testcase name="Test Cases/Home Page/Quick Links Tiles/Help and Support" classname="Test Cases/Home Page/Quick Links Tiles/Help and Support" status="PASSED">
            <system-out>2019-10-11 09:34:52 - [TEST_CASE][PASSED] - Test Cases/Home Page/Quick Links Tiles/Help and Support: Test Cases/Home Page/Quick Links Tiles/Help and Support&#xD;
&#xD;
2019-10-11 09:34:53 - [TEST_STEP][PASSED] - navigateToUrl("https://samsung-adzu4-staging.codeworldwide.com/#"): Navigate to 'https://samsung-adzu4-staging.codeworldwide.com/#' successfully&#xD;
&#xD;
2019-10-11 09:34:56 - [MESSAGE][PASSED] - Navigate to 'https://samsung-adzu4-staging.codeworldwide.com/#' successfully&#xD;
&#xD;
2019-10-11 09:34:56 - [TEST_STEP][PASSED] - scrollToElement(findTestObject("Home Page/Homa Page Tiles/Quick Links/div_Quick Links"), 0): Scroll to object 'Object Repository/Home Page/Homa Page Tiles/Quick Links/div_Quick Links' successfully&#xD;
&#xD;
2019-10-11 09:34:56 - [MESSAGE][WARNING] - Timeout '0' is invalid. Using default page load timeout: '30'&#xD;
&#xD;
2019-10-11 09:34:59 - [MESSAGE][PASSED] - Scroll to object 'Object Repository/Home Page/Homa Page Tiles/Quick Links/div_Quick Links' successfully&#xD;
&#xD;
2019-10-11 09:34:59 - [TEST_STEP][PASSED] - click(findTestObject("Home Page/Homa Page Tiles/Quick Links/div_Help and Support")): Object: 'Object Repository/Home Page/Homa Page Tiles/Quick Links/div_Help and Support' is clicked on&#xD;
&#xD;
2019-10-11 09:35:04 - [MESSAGE][PASSED] - Object: 'Object Repository/Home Page/Homa Page Tiles/Quick Links/div_Help and Support' is clicked on&#xD;
&#xD;
2019-10-11 09:35:04 - [TEST_STEP][PASSED] - url = getUrl(): Current window's url is: 'https://samsung-adzu4-staging.codeworldwide.com/#page/Help-and-Support'&#xD;
&#xD;
2019-10-11 09:35:07 - [MESSAGE][PASSED] - Current window's url is: 'https://samsung-adzu4-staging.codeworldwide.com/#page/Help-and-Support'&#xD;
&#xD;
2019-10-11 09:35:07 - [TEST_STEP][PASSED] - verifyMatch(url, "https://samsung-adzu4-staging.codeworldwide.com/#page/Help-and-Support", false): Actual text 'https://samsung-adzu4-staging.codeworldwide.com/#page/Help-and-Support' and expected text 'https://samsung-adzu4-staging.codeworldwide.com/#page/Help-and-Support' are matched &#xD;
&#xD;
2019-10-11 09:35:07 - [MESSAGE][PASSED] - Actual text 'https://samsung-adzu4-staging.codeworldwide.com/#page/Help-and-Support' and expected text 'https://samsung-adzu4-staging.codeworldwide.com/#page/Help-and-Support' are matched</system-out>
            <system-err></system-err>
        </testcase>
        <testcase name="Test Cases/Home Page/Quick Links Tiles/PVI" classname="Test Cases/Home Page/Quick Links Tiles/PVI" status="PASSED">
            <system-out>2019-10-11 09:35:07 - [TEST_CASE][PASSED] - Test Cases/Home Page/Quick Links Tiles/PVI: Test Cases/Home Page/Quick Links Tiles/PVI&#xD;
&#xD;
2019-10-11 09:35:07 - [TEST_STEP][PASSED] - navigateToUrl("https://samsung-adzu4-staging.codeworldwide.com/#"): Navigate to 'https://samsung-adzu4-staging.codeworldwide.com/#' successfully&#xD;
&#xD;
2019-10-11 09:35:09 - [MESSAGE][PASSED] - Navigate to 'https://samsung-adzu4-staging.codeworldwide.com/#' successfully&#xD;
&#xD;
2019-10-11 09:35:09 - [TEST_STEP][PASSED] - scrollToElement(findTestObject("Home Page/Homa Page Tiles/Quick Links/div_Quick Links"), 0): Scroll to object 'Object Repository/Home Page/Homa Page Tiles/Quick Links/div_Quick Links' successfully&#xD;
&#xD;
2019-10-11 09:35:09 - [MESSAGE][WARNING] - Timeout '0' is invalid. Using default page load timeout: '30'&#xD;
&#xD;
2019-10-11 09:35:12 - [MESSAGE][PASSED] - Scroll to object 'Object Repository/Home Page/Homa Page Tiles/Quick Links/div_Quick Links' successfully&#xD;
&#xD;
2019-10-11 09:35:12 - [TEST_STEP][PASSED] - click(findTestObject("Home Page/Homa Page Tiles/Quick Links/div_PVI")): Object: 'Object Repository/Home Page/Homa Page Tiles/Quick Links/div_PVI' is clicked on&#xD;
&#xD;
2019-10-11 09:35:18 - [MESSAGE][PASSED] - Object: 'Object Repository/Home Page/Homa Page Tiles/Quick Links/div_PVI' is clicked on&#xD;
&#xD;
2019-10-11 09:35:18 - [TEST_STEP][PASSED] - url = getUrl(): Current window's url is: 'https://samsung-adzu4-staging.codeworldwide.com/#page/PVI'&#xD;
&#xD;
2019-10-11 09:35:22 - [MESSAGE][PASSED] - Current window's url is: 'https://samsung-adzu4-staging.codeworldwide.com/#page/PVI'&#xD;
&#xD;
2019-10-11 09:35:22 - [TEST_STEP][PASSED] - verifyMatch(url, "https://samsung-adzu4-staging.codeworldwide.com/#page/PVI", false): Actual text 'https://samsung-adzu4-staging.codeworldwide.com/#page/PVI' and expected text 'https://samsung-adzu4-staging.codeworldwide.com/#page/PVI' are matched &#xD;
&#xD;
2019-10-11 09:35:22 - [MESSAGE][PASSED] - Actual text 'https://samsung-adzu4-staging.codeworldwide.com/#page/PVI' and expected text 'https://samsung-adzu4-staging.codeworldwide.com/#page/PVI' are matched</system-out>
            <system-err></system-err>
        </testcase>
        <testcase name="Test Cases/Home Page/Quick Links Tiles/Europe Office" classname="Test Cases/Home Page/Quick Links Tiles/Europe Office" status="PASSED">
            <system-out>2019-10-11 09:35:22 - [TEST_CASE][PASSED] - Test Cases/Home Page/Quick Links Tiles/Europe Office: Test Cases/Home Page/Quick Links Tiles/Europe Office&#xD;
&#xD;
2019-10-11 09:35:22 - [TEST_STEP][PASSED] - navigateToUrl("https://samsung-adzu4-staging.codeworldwide.com/#"): Navigate to 'https://samsung-adzu4-staging.codeworldwide.com/#' successfully&#xD;
&#xD;
2019-10-11 09:35:25 - [MESSAGE][PASSED] - Navigate to 'https://samsung-adzu4-staging.codeworldwide.com/#' successfully&#xD;
&#xD;
2019-10-11 09:35:25 - [TEST_STEP][PASSED] - scrollToElement(findTestObject("Home Page/Homa Page Tiles/Quick Links/div_Quick Links"), 0): Scroll to object 'Object Repository/Home Page/Homa Page Tiles/Quick Links/div_Quick Links' successfully&#xD;
&#xD;
2019-10-11 09:35:25 - [MESSAGE][WARNING] - Timeout '0' is invalid. Using default page load timeout: '30'&#xD;
&#xD;
2019-10-11 09:35:28 - [MESSAGE][PASSED] - Scroll to object 'Object Repository/Home Page/Homa Page Tiles/Quick Links/div_Quick Links' successfully&#xD;
&#xD;
2019-10-11 09:35:28 - [TEST_STEP][PASSED] - click(findTestObject("Home Page/Homa Page Tiles/Quick Links/div_Europe Office")): Object: 'Object Repository/Home Page/Homa Page Tiles/Quick Links/div_Europe Office' is clicked on&#xD;
&#xD;
2019-10-11 09:35:38 - [MESSAGE][PASSED] - Object: 'Object Repository/Home Page/Homa Page Tiles/Quick Links/div_Europe Office' is clicked on&#xD;
&#xD;
2019-10-11 09:35:38 - [TEST_STEP][PASSED] - url = getUrl(): Current window's url is: 'https://samsung-adzu4-staging.codeworldwide.com/#page/Europe-Office'&#xD;
&#xD;
2019-10-11 09:35:41 - [MESSAGE][PASSED] - Current window's url is: 'https://samsung-adzu4-staging.codeworldwide.com/#page/Europe-Office'&#xD;
&#xD;
2019-10-11 09:35:41 - [TEST_STEP][PASSED] - verifyMatch(url, "https://samsung-adzu4-staging.codeworldwide.com/#page/Europe-Office", false): Actual text 'https://samsung-adzu4-staging.codeworldwide.com/#page/Europe-Office' and expected text 'https://samsung-adzu4-staging.codeworldwide.com/#page/Europe-Office' are matched &#xD;
&#xD;
2019-10-11 09:35:41 - [MESSAGE][PASSED] - Actual text 'https://samsung-adzu4-staging.codeworldwide.com/#page/Europe-Office' and expected text 'https://samsung-adzu4-staging.codeworldwide.com/#page/Europe-Office' are matched</system-out>
            <system-err></system-err>
        </testcase>
        <testcase name="Test Cases/Login and Logout - Notifications/Logout - Yes Button" classname="Test Cases/Login and Logout - Notifications/Logout - Yes Button" status="PASSED">
            <system-out>2019-10-11 09:35:41 - [TEST_CASE][PASSED] - Test Cases/Login and Logout - Notifications/Logout - Yes Button: Test Cases/Login and Logout - Notifications/Logout - Yes Button&#xD;
&#xD;
2019-10-11 09:35:42 - [TEST_STEP][PASSED] - click(findTestObject("Logout/Page_Samsung Marketing Cloud/span_gandhi")): Object: 'Object Repository/Logout/Page_Samsung Marketing Cloud/span_gandhi' is clicked on&#xD;
&#xD;
2019-10-11 09:35:46 - [MESSAGE][PASSED] - Object: 'Object Repository/Logout/Page_Samsung Marketing Cloud/span_gandhi' is clicked on&#xD;
&#xD;
2019-10-11 09:35:46 - [TEST_STEP][PASSED] - click(findTestObject("Logout/Page_Samsung Marketing Cloud/Logout")): Object: 'Object Repository/Logout/Page_Samsung Marketing Cloud/Logout' is clicked on&#xD;
&#xD;
2019-10-11 09:35:51 - [MESSAGE][PASSED] - Object: 'Object Repository/Logout/Page_Samsung Marketing Cloud/Logout' is clicked on&#xD;
&#xD;
2019-10-11 09:35:51 - [TEST_STEP][PASSED] - click(findTestObject("Logout/Page_Samsung Marketing Cloud/button_Yes")): Object: 'Object Repository/Logout/Page_Samsung Marketing Cloud/button_Yes' is clicked on&#xD;
&#xD;
2019-10-11 09:35:55 - [MESSAGE][PASSED] - Object: 'Object Repository/Logout/Page_Samsung Marketing Cloud/button_Yes' is clicked on&#xD;
&#xD;
2019-10-11 09:35:55 - [TEST_STEP][PASSED] - closeBrowser(): Browser is closed&#xD;
&#xD;
2019-10-11 09:35:58 - [MESSAGE][PASSED] - Browser is closed</system-out>
            <system-err></system-err>
        </testcase>
        <system-out>2019-10-11 09:33:38 - [TEST_SUITE][INCOMPLETE] - Quick Link: null</system-out>
        <system-err>2019-10-11 09:33:38 - [TEST_SUITE][INCOMPLETE] - Quick Link: null</system-err>
    </testsuite>
</testsuites>
