<?xml version="1.0" encoding="UTF-8" standalone="yes"?>
<testsuites name="Champaigns - Chrome" time="196" tests="3" failures="0" errors="0">
    <testsuite name="Champaigns - Chrome" tests="3" failures="0" errors="0" time="196" timestamp="2019-10-11 13:48:34" hostname="KanKir - GB3CODW08386HQS.nexus.local" id="Test Suites/Champaigns - Chrome">
        <properties>
            <property name="deviceName" value=""/>
            <property name="devicePlatform" value=""/>
            <property name="logFolder" value="C:\\Users\\kankir\\git\\adZU-OS-UAT-Automation 1\\Reports\\20191011_134832\\Champaigns - Chrome\\20191011_134832"/>
            <property name="logFiles" value="C:\\Users\\kankir\\git\\adZU-OS-UAT-Automation 1\\Reports\\20191011_134832\\Champaigns - Chrome\\20191011_134832\\execution0.log, C:\\Users\\kankir\\git\\adZU-OS-UAT-Automation 1\\Reports\\20191011_134832\\Champaigns - Chrome\\20191011_134832\\IEDriverServer.log"/>
            <property name="attachments" value=""/>
            <property name="hostName" value="KanKir - GB3CODW08386HQS.nexus.local"/>
            <property name="os" value="Windows 10 64bit"/>
            <property name="katalonVersion" value="6.3.3.11"/>
            <property name="browser" value="IE 11"/>
            <property name="hostAddress" value="10.141.20.49"/>
            <property name="sessionId" value="d6f68d5d-aaeb-45ab-92d1-3ac2aa27a351"/>
            <property name="seleniumVersion" value="3.141.59"/>
            <property name="proxyInformation" value="ProxyInformation{proxyOption=NO_PROXY, proxyServerType=HTTP, password=, proxyServerAddress=, proxyServerPort=0}"/>
            <property name="platform" value="Windows 10"/>
        </properties>
        <testcase name="Test Cases/Login and Logout - Notifications/Login" classname="Test Cases/Login and Logout - Notifications/Login" status="PASSED">
            <system-out>2019-10-11 13:48:34 - [TEST_CASE][PASSED] - Test Cases/Login and Logout - Notifications/Login: Test Cases/Login and Logout - Notifications/Login&#xD;
&#xD;
2019-10-11 13:48:34 - [TEST_STEP][PASSED] - openBrowser(""): Browser is opened with url: ''&#xD;
&#xD;
2019-10-11 13:48:35 - [MESSAGE][INFO] - Starting 'IE' driver&#xD;
&#xD;
2019-10-11 13:48:35 - [MESSAGE][INFO] - User set preference: ['ignoreProtectedModeSettings', 'true']&#xD;
&#xD;
2019-10-11 13:48:35 - [MESSAGE][INFO] - Action delay is set to 1 seconds&#xD;
&#xD;
2019-10-11 13:48:39 - [MESSAGE][PASSED] - Browser is opened with url: ''&#xD;
&#xD;
2019-10-11 13:48:39 - [TEST_STEP][PASSED] - navigateToUrl("https://samsung-adzu4-staging.codeworldwide.com/#"): Navigate to 'https://samsung-adzu4-staging.codeworldwide.com/#' successfully&#xD;
&#xD;
2019-10-11 13:48:41 - [MESSAGE][PASSED] - Navigate to 'https://samsung-adzu4-staging.codeworldwide.com/#' successfully&#xD;
&#xD;
2019-10-11 13:48:41 - [TEST_STEP][PASSED] - setText(findTestObject("Object Repository/Login/Page_Samsung Marketing Cloud/Username_Text"), "satinder.gandhi@codeworldwide.com"): Text 'satinder.gandhi@codeworldwide.com' is set on object 'Object Repository/Login/Page_Samsung Marketing Cloud/Username_Text'&#xD;
&#xD;
2019-10-11 13:48:47 - [MESSAGE][PASSED] - Text 'satinder.gandhi@codeworldwide.com' is set on object 'Object Repository/Login/Page_Samsung Marketing Cloud/Username_Text'&#xD;
&#xD;
2019-10-11 13:48:47 - [TEST_STEP][PASSED] - setEncryptedText(findTestObject("Object Repository/Login/Page_Samsung Marketing Cloud/Password_text"), "yfq/9fVkW5+QvfzWq38qvg=="): Text ****** has been set on object 'Object Repository/Login/Page_Samsung Marketing Cloud/Password_text'&#xD;
&#xD;
2019-10-11 13:48:51 - [MESSAGE][PASSED] - Text ****** has been set on object 'Object Repository/Login/Page_Samsung Marketing Cloud/Password_text'&#xD;
&#xD;
2019-10-11 13:48:51 - [TEST_STEP][PASSED] - click(findTestObject("Object Repository/Login/Page_Samsung Marketing Cloud/button_Login")): Object: 'Object Repository/Login/Page_Samsung Marketing Cloud/button_Login' is clicked on&#xD;
&#xD;
2019-10-11 13:48:56 - [MESSAGE][PASSED] - Object: 'Object Repository/Login/Page_Samsung Marketing Cloud/button_Login' is clicked on&#xD;
&#xD;
2019-10-11 13:48:56 - [TEST_STEP][PASSED] - maximizeWindow(): Current window maximized&#xD;
&#xD;
2019-10-11 13:48:57 - [MESSAGE][PASSED] - Current window maximized</system-out>
            <system-err></system-err>
        </testcase>
        <testcase name="Test Cases/Home Page/Campaigns/S10 Campaign" classname="Test Cases/Home Page/Campaigns/S10 Campaign" status="PASSED">
            <system-out>2019-10-11 13:48:57 - [TEST_CASE][PASSED] - Test Cases/Home Page/Campaigns/S10 Campaign: Test Cases/Home Page/Campaigns/S10 Campaign&#xD;
&#xD;
2019-10-11 13:48:57 - [TEST_STEP][PASSED] - navigateToUrl("https://samsung-adzu4-staging.codeworldwide.com/#"): Navigate to 'https://samsung-adzu4-staging.codeworldwide.com/#' successfully&#xD;
&#xD;
2019-10-11 13:48:58 - [MESSAGE][PASSED] - Navigate to 'https://samsung-adzu4-staging.codeworldwide.com/#' successfully&#xD;
&#xD;
2019-10-11 13:48:58 - [TEST_STEP][PASSED] - waitForPageLoad(1): Wait for page load successfully&#xD;
&#xD;
2019-10-11 13:48:59 - [MESSAGE][PASSED] - Wait for page load successfully&#xD;
&#xD;
2019-10-11 13:48:59 - [TEST_STEP][PASSED] - click(findTestObject("Home Page/Homa Page Tiles/Campaigns/a_S10")): Object: 'Object Repository/Home Page/Homa Page Tiles/Campaigns/a_S10' is clicked on&#xD;
&#xD;
2019-10-11 13:49:03 - [MESSAGE][PASSED] - Object: 'Object Repository/Home Page/Homa Page Tiles/Campaigns/a_S10' is clicked on&#xD;
&#xD;
2019-10-11 13:49:03 - [TEST_STEP][PASSED] - click(findTestObject("Home Page/Homa Page Tiles/Campaigns/Page_Samsung Marketing Cloud/a_Guidelines")): Object: 'Object Repository/Home Page/Homa Page Tiles/Campaigns/Page_Samsung Marketing Cloud/a_Guidelines' is clicked on&#xD;
&#xD;
2019-10-11 13:49:06 - [MESSAGE][PASSED] - Object: 'Object Repository/Home Page/Homa Page Tiles/Campaigns/Page_Samsung Marketing Cloud/a_Guidelines' is clicked on&#xD;
&#xD;
2019-10-11 13:49:06 - [TEST_STEP][PASSED] - delay(1): Delayed 1 second(s)&#xD;
&#xD;
2019-10-11 13:49:07 - [MESSAGE][PASSED] - Delayed 1 second(s)&#xD;
&#xD;
2019-10-11 13:49:07 - [TEST_STEP][PASSED] - url = getUrl(): Current window's url is: 'https://samsung-adzu4-staging.codeworldwide.com/#page/Assets?TagsID=5e861b2e-476e-47a7-8da6-1f8eaac0545d&amp;CampaignID=51a8da8e-2afa-4c47-ae26-e14f01ff5e7c&amp;CampaignText=S10 Test Campaign'&#xD;
&#xD;
2019-10-11 13:49:08 - [MESSAGE][PASSED] - Current window's url is: 'https://samsung-adzu4-staging.codeworldwide.com/#page/Assets?TagsID=5e861b2e-476e-47a7-8da6-1f8eaac0545d&amp;CampaignID=51a8da8e-2afa-4c47-ae26-e14f01ff5e7c&amp;CampaignText=S10 Test Campaign'&#xD;
&#xD;
2019-10-11 13:49:08 - [TEST_STEP][PASSED] - verifyMatch(url, "https://samsung-adzu4-staging.codeworldwide.com/#page/Assets?TagsID=5e861b2e-476e-47a7-8da6-1f8eaac0545d&amp;CampaignID=51a8da8e-2afa-4c47-ae26-e14f01ff5e7c&amp;CampaignText=S10 Test Campaign", false): Actual text 'https://samsung-adzu4-staging.codeworldwide.com/#page/Assets?TagsID=5e861b2e-476e-47a7-8da6-1f8eaac0545d&amp;CampaignID=51a8da8e-2afa-4c47-ae26-e14f01ff5e7c&amp;CampaignText=S10 Test Campaign' and expected text 'https://samsung-adzu4-staging.codeworldwide.com/#page/Assets?TagsID=5e861b2e-476e-47a7-8da6-1f8eaac0545d&amp;CampaignID=51a8da8e-2afa-4c47-ae26-e14f01ff5e7c&amp;CampaignText=S10 Test Campaign' are matched &#xD;
&#xD;
2019-10-11 13:49:08 - [MESSAGE][PASSED] - Actual text 'https://samsung-adzu4-staging.codeworldwide.com/#page/Assets?TagsID=5e861b2e-476e-47a7-8da6-1f8eaac0545d&amp;CampaignID=51a8da8e-2afa-4c47-ae26-e14f01ff5e7c&amp;CampaignText=S10 Test Campaign' and expected text 'https://samsung-adzu4-staging.codeworldwide.com/#page/Assets?TagsID=5e861b2e-476e-47a7-8da6-1f8eaac0545d&amp;CampaignID=51a8da8e-2afa-4c47-ae26-e14f01ff5e7c&amp;CampaignText=S10 Test Campaign' are matched &#xD;
&#xD;
2019-10-11 13:49:08 - [TEST_STEP][PASSED] - navigateToUrl("https://samsung-adzu4-staging.codeworldwide.com/#page/GB/en-GB/AllDevices/S10"): Navigate to 'https://samsung-adzu4-staging.codeworldwide.com/#page/GB/en-GB/AllDevices/S10' successfully&#xD;
&#xD;
2019-10-11 13:49:09 - [MESSAGE][PASSED] - Navigate to 'https://samsung-adzu4-staging.codeworldwide.com/#page/GB/en-GB/AllDevices/S10' successfully&#xD;
&#xD;
2019-10-11 13:49:09 - [TEST_STEP][PASSED] - click(findTestObject("Home Page/Homa Page Tiles/Campaigns/Page_Samsung Marketing Cloud/a_Agency Briefs")): Object: 'Object Repository/Home Page/Homa Page Tiles/Campaigns/Page_Samsung Marketing Cloud/a_Agency Briefs' is clicked on&#xD;
&#xD;
2019-10-11 13:49:13 - [MESSAGE][PASSED] - Object: 'Object Repository/Home Page/Homa Page Tiles/Campaigns/Page_Samsung Marketing Cloud/a_Agency Briefs' is clicked on&#xD;
&#xD;
2019-10-11 13:49:13 - [TEST_STEP][PASSED] - delay(1): Delayed 1 second(s)&#xD;
&#xD;
2019-10-11 13:49:14 - [MESSAGE][PASSED] - Delayed 1 second(s)&#xD;
&#xD;
2019-10-11 13:49:14 - [TEST_STEP][PASSED] - url = getUrl(): Current window's url is: 'https://samsung-adzu4-staging.codeworldwide.com/#page/Assets?TagsID=0ad5caeb-cdde-46cb-a9dd-7bb8735ec59c&amp;CampaignID=51a8da8e-2afa-4c47-ae26-e14f01ff5e7c&amp;CampaignText=S10 Test Campaign'&#xD;
&#xD;
2019-10-11 13:49:15 - [MESSAGE][PASSED] - Current window's url is: 'https://samsung-adzu4-staging.codeworldwide.com/#page/Assets?TagsID=0ad5caeb-cdde-46cb-a9dd-7bb8735ec59c&amp;CampaignID=51a8da8e-2afa-4c47-ae26-e14f01ff5e7c&amp;CampaignText=S10 Test Campaign'&#xD;
&#xD;
2019-10-11 13:49:15 - [TEST_STEP][PASSED] - verifyMatch(url, "https://samsung-adzu4-staging.codeworldwide.com/#page/Assets?TagsID=0ad5caeb-cdde-46cb-a9dd-7bb8735ec59c&amp;CampaignID=51a8da8e-2afa-4c47-ae26-e14f01ff5e7c&amp;CampaignText=S10 Test Campaign", false): Actual text 'https://samsung-adzu4-staging.codeworldwide.com/#page/Assets?TagsID=0ad5caeb-cdde-46cb-a9dd-7bb8735ec59c&amp;CampaignID=51a8da8e-2afa-4c47-ae26-e14f01ff5e7c&amp;CampaignText=S10 Test Campaign' and expected text 'https://samsung-adzu4-staging.codeworldwide.com/#page/Assets?TagsID=0ad5caeb-cdde-46cb-a9dd-7bb8735ec59c&amp;CampaignID=51a8da8e-2afa-4c47-ae26-e14f01ff5e7c&amp;CampaignText=S10 Test Campaign' are matched &#xD;
&#xD;
2019-10-11 13:49:15 - [MESSAGE][PASSED] - Actual text 'https://samsung-adzu4-staging.codeworldwide.com/#page/Assets?TagsID=0ad5caeb-cdde-46cb-a9dd-7bb8735ec59c&amp;CampaignID=51a8da8e-2afa-4c47-ae26-e14f01ff5e7c&amp;CampaignText=S10 Test Campaign' and expected text 'https://samsung-adzu4-staging.codeworldwide.com/#page/Assets?TagsID=0ad5caeb-cdde-46cb-a9dd-7bb8735ec59c&amp;CampaignID=51a8da8e-2afa-4c47-ae26-e14f01ff5e7c&amp;CampaignText=S10 Test Campaign' are matched &#xD;
&#xD;
2019-10-11 13:49:15 - [TEST_STEP][PASSED] - navigateToUrl("https://samsung-adzu4-staging.codeworldwide.com/#page/GB/en-GB/AllDevices/S10"): Navigate to 'https://samsung-adzu4-staging.codeworldwide.com/#page/GB/en-GB/AllDevices/S10' successfully&#xD;
&#xD;
2019-10-11 13:49:16 - [MESSAGE][PASSED] - Navigate to 'https://samsung-adzu4-staging.codeworldwide.com/#page/GB/en-GB/AllDevices/S10' successfully&#xD;
&#xD;
2019-10-11 13:49:16 - [TEST_STEP][PASSED] - scrollToElement(findTestObject("Home Page/Homa Page Tiles/Campaigns/Page_Samsung Marketing Cloud/h1_Available Adaptations"), 0): Scroll to object 'Object Repository/Home Page/Homa Page Tiles/Campaigns/Page_Samsung Marketing Cloud/h1_Available Adaptations' successfully&#xD;
&#xD;
2019-10-11 13:49:16 - [MESSAGE][WARNING] - Timeout '0' is invalid. Using default page load timeout: '30'&#xD;
&#xD;
2019-10-11 13:49:18 - [MESSAGE][PASSED] - Scroll to object 'Object Repository/Home Page/Homa Page Tiles/Campaigns/Page_Samsung Marketing Cloud/h1_Available Adaptations' successfully&#xD;
&#xD;
2019-10-11 13:49:18 - [TEST_STEP][PASSED] - click(findTestObject("Home Page/Homa Page Tiles/Campaigns/Page_Samsung Marketing Cloud/a_PVI assets")): Object: 'Object Repository/Home Page/Homa Page Tiles/Campaigns/Page_Samsung Marketing Cloud/a_PVI assets' is clicked on&#xD;
&#xD;
2019-10-11 13:49:22 - [MESSAGE][PASSED] - Object: 'Object Repository/Home Page/Homa Page Tiles/Campaigns/Page_Samsung Marketing Cloud/a_PVI assets' is clicked on&#xD;
&#xD;
2019-10-11 13:49:22 - [TEST_STEP][PASSED] - delay(1): Delayed 1 second(s)&#xD;
&#xD;
2019-10-11 13:49:23 - [MESSAGE][PASSED] - Delayed 1 second(s)&#xD;
&#xD;
2019-10-11 13:49:23 - [TEST_STEP][PASSED] - url = getUrl(): Current window's url is: 'https://samsung-adzu4-staging.codeworldwide.com/#page/Assets?TagsID=4bafa835-d8d1-4004-8e9e-0ff0b92e7079&amp;CampaignID=51a8da8e-2afa-4c47-ae26-e14f01ff5e7c&amp;CampaignText=S10%20Test%20Campaign'&#xD;
&#xD;
2019-10-11 13:49:24 - [MESSAGE][PASSED] - Current window's url is: 'https://samsung-adzu4-staging.codeworldwide.com/#page/Assets?TagsID=4bafa835-d8d1-4004-8e9e-0ff0b92e7079&amp;CampaignID=51a8da8e-2afa-4c47-ae26-e14f01ff5e7c&amp;CampaignText=S10%20Test%20Campaign'&#xD;
&#xD;
2019-10-11 13:49:24 - [TEST_STEP][PASSED] - verifyMatch(url, "https://samsung-adzu4-staging.codeworldwide.com/#page/Assets?TagsID=4bafa835-d8d1-4004-8e9e-0ff0b92e7079&amp;CampaignID=51a8da8e-2afa-4c47-ae26-e14f01ff5e7c&amp;CampaignText=S10%20Test%20Campaign", false): Actual text 'https://samsung-adzu4-staging.codeworldwide.com/#page/Assets?TagsID=4bafa835-d8d1-4004-8e9e-0ff0b92e7079&amp;CampaignID=51a8da8e-2afa-4c47-ae26-e14f01ff5e7c&amp;CampaignText=S10%20Test%20Campaign' and expected text 'https://samsung-adzu4-staging.codeworldwide.com/#page/Assets?TagsID=4bafa835-d8d1-4004-8e9e-0ff0b92e7079&amp;CampaignID=51a8da8e-2afa-4c47-ae26-e14f01ff5e7c&amp;CampaignText=S10%20Test%20Campaign' are matched &#xD;
&#xD;
2019-10-11 13:49:24 - [MESSAGE][PASSED] - Actual text 'https://samsung-adzu4-staging.codeworldwide.com/#page/Assets?TagsID=4bafa835-d8d1-4004-8e9e-0ff0b92e7079&amp;CampaignID=51a8da8e-2afa-4c47-ae26-e14f01ff5e7c&amp;CampaignText=S10%20Test%20Campaign' and expected text 'https://samsung-adzu4-staging.codeworldwide.com/#page/Assets?TagsID=4bafa835-d8d1-4004-8e9e-0ff0b92e7079&amp;CampaignID=51a8da8e-2afa-4c47-ae26-e14f01ff5e7c&amp;CampaignText=S10%20Test%20Campaign' are matched &#xD;
&#xD;
2019-10-11 13:49:24 - [TEST_STEP][PASSED] - navigateToUrl("https://samsung-adzu4-staging.codeworldwide.com/#page/GB/en-GB/AllDevices/S10"): Navigate to 'https://samsung-adzu4-staging.codeworldwide.com/#page/GB/en-GB/AllDevices/S10' successfully&#xD;
&#xD;
2019-10-11 13:49:25 - [MESSAGE][PASSED] - Navigate to 'https://samsung-adzu4-staging.codeworldwide.com/#page/GB/en-GB/AllDevices/S10' successfully&#xD;
&#xD;
2019-10-11 13:49:25 - [TEST_STEP][PASSED] - scrollToElement(findTestObject("Home Page/Homa Page Tiles/Campaigns/Page_Samsung Marketing Cloud/h1_Available Adaptations"), 0): Scroll to object 'Object Repository/Home Page/Homa Page Tiles/Campaigns/Page_Samsung Marketing Cloud/h1_Available Adaptations' successfully&#xD;
&#xD;
2019-10-11 13:49:25 - [MESSAGE][WARNING] - Timeout '0' is invalid. Using default page load timeout: '30'&#xD;
&#xD;
2019-10-11 13:49:28 - [MESSAGE][PASSED] - Scroll to object 'Object Repository/Home Page/Homa Page Tiles/Campaigns/Page_Samsung Marketing Cloud/h1_Available Adaptations' successfully&#xD;
&#xD;
2019-10-11 13:49:28 - [TEST_STEP][PASSED] - click(findTestObject("Home Page/Homa Page Tiles/Campaigns/Page_Samsung Marketing Cloud/a_Product specifications")): Object: 'Object Repository/Home Page/Homa Page Tiles/Campaigns/Page_Samsung Marketing Cloud/a_Product specifications' is clicked on&#xD;
&#xD;
2019-10-11 13:49:31 - [MESSAGE][PASSED] - Object: 'Object Repository/Home Page/Homa Page Tiles/Campaigns/Page_Samsung Marketing Cloud/a_Product specifications' is clicked on&#xD;
&#xD;
2019-10-11 13:49:31 - [TEST_STEP][PASSED] - delay(1): Delayed 1 second(s)&#xD;
&#xD;
2019-10-11 13:49:32 - [MESSAGE][PASSED] - Delayed 1 second(s)&#xD;
&#xD;
2019-10-11 13:49:32 - [TEST_STEP][PASSED] - url = getUrl(): Current window's url is: 'https://samsung-adzu4-staging.codeworldwide.com/#page/Assets?TagsID=8c18aa0f-a509-43b8-9830-0e5ff51e26de&amp;CampaignID=51a8da8e-2afa-4c47-ae26-e14f01ff5e7c&amp;CampaignText=S10%20Test%20Campaign'&#xD;
&#xD;
2019-10-11 13:49:33 - [MESSAGE][PASSED] - Current window's url is: 'https://samsung-adzu4-staging.codeworldwide.com/#page/Assets?TagsID=8c18aa0f-a509-43b8-9830-0e5ff51e26de&amp;CampaignID=51a8da8e-2afa-4c47-ae26-e14f01ff5e7c&amp;CampaignText=S10%20Test%20Campaign'&#xD;
&#xD;
2019-10-11 13:49:33 - [TEST_STEP][PASSED] - verifyMatch(url, "https://samsung-adzu4-staging.codeworldwide.com/#page/Assets?TagsID=8c18aa0f-a509-43b8-9830-0e5ff51e26de&amp;CampaignID=51a8da8e-2afa-4c47-ae26-e14f01ff5e7c&amp;CampaignText=S10%20Test%20Campaign", false): Actual text 'https://samsung-adzu4-staging.codeworldwide.com/#page/Assets?TagsID=8c18aa0f-a509-43b8-9830-0e5ff51e26de&amp;CampaignID=51a8da8e-2afa-4c47-ae26-e14f01ff5e7c&amp;CampaignText=S10%20Test%20Campaign' and expected text 'https://samsung-adzu4-staging.codeworldwide.com/#page/Assets?TagsID=8c18aa0f-a509-43b8-9830-0e5ff51e26de&amp;CampaignID=51a8da8e-2afa-4c47-ae26-e14f01ff5e7c&amp;CampaignText=S10%20Test%20Campaign' are matched &#xD;
&#xD;
2019-10-11 13:49:33 - [MESSAGE][PASSED] - Actual text 'https://samsung-adzu4-staging.codeworldwide.com/#page/Assets?TagsID=8c18aa0f-a509-43b8-9830-0e5ff51e26de&amp;CampaignID=51a8da8e-2afa-4c47-ae26-e14f01ff5e7c&amp;CampaignText=S10%20Test%20Campaign' and expected text 'https://samsung-adzu4-staging.codeworldwide.com/#page/Assets?TagsID=8c18aa0f-a509-43b8-9830-0e5ff51e26de&amp;CampaignID=51a8da8e-2afa-4c47-ae26-e14f01ff5e7c&amp;CampaignText=S10%20Test%20Campaign' are matched &#xD;
&#xD;
2019-10-11 13:49:33 - [TEST_STEP][PASSED] - navigateToUrl("https://samsung-adzu4-staging.codeworldwide.com/#page/GB/en-GB/AllDevices/S10"): Navigate to 'https://samsung-adzu4-staging.codeworldwide.com/#page/GB/en-GB/AllDevices/S10' successfully&#xD;
&#xD;
2019-10-11 13:49:34 - [MESSAGE][PASSED] - Navigate to 'https://samsung-adzu4-staging.codeworldwide.com/#page/GB/en-GB/AllDevices/S10' successfully&#xD;
&#xD;
2019-10-11 13:49:34 - [TEST_STEP][PASSED] - scrollToElement(findTestObject("Home Page/Homa Page Tiles/Campaigns/Page_Samsung Marketing Cloud/h1_Available Adaptations"), 0): Scroll to object 'Object Repository/Home Page/Homa Page Tiles/Campaigns/Page_Samsung Marketing Cloud/h1_Available Adaptations' successfully&#xD;
&#xD;
2019-10-11 13:49:34 - [MESSAGE][WARNING] - Timeout '0' is invalid. Using default page load timeout: '30'&#xD;
&#xD;
2019-10-11 13:49:37 - [MESSAGE][PASSED] - Scroll to object 'Object Repository/Home Page/Homa Page Tiles/Campaigns/Page_Samsung Marketing Cloud/h1_Available Adaptations' successfully&#xD;
&#xD;
2019-10-11 13:49:37 - [TEST_STEP][PASSED] - click(findTestObject("Home Page/Homa Page Tiles/Campaigns/Page_Samsung Marketing Cloud/a_Dot com")): Object: 'Object Repository/Home Page/Homa Page Tiles/Campaigns/Page_Samsung Marketing Cloud/a_Dot com' is clicked on&#xD;
&#xD;
2019-10-11 13:49:40 - [MESSAGE][PASSED] - Object: 'Object Repository/Home Page/Homa Page Tiles/Campaigns/Page_Samsung Marketing Cloud/a_Dot com' is clicked on&#xD;
&#xD;
2019-10-11 13:49:40 - [TEST_STEP][PASSED] - delay(1): Delayed 1 second(s)&#xD;
&#xD;
2019-10-11 13:49:41 - [MESSAGE][PASSED] - Delayed 1 second(s)&#xD;
&#xD;
2019-10-11 13:49:41 - [TEST_STEP][PASSED] - url = getUrl(): Current window's url is: 'https://samsung-adzu4-staging.codeworldwide.com/#page/Assets?MediaChannelId=bc05e939-0b63-6606-a1c7-39e942e52731&amp;MediaChannelText=Samsung.com&amp;CampaignID=51a8da8e-2afa-4c47-ae26-e14f01ff5e7c&amp;CampaignText=S10%20Test%20Campaign'&#xD;
&#xD;
2019-10-11 13:49:42 - [MESSAGE][PASSED] - Current window's url is: 'https://samsung-adzu4-staging.codeworldwide.com/#page/Assets?MediaChannelId=bc05e939-0b63-6606-a1c7-39e942e52731&amp;MediaChannelText=Samsung.com&amp;CampaignID=51a8da8e-2afa-4c47-ae26-e14f01ff5e7c&amp;CampaignText=S10%20Test%20Campaign'&#xD;
&#xD;
2019-10-11 13:49:42 - [TEST_STEP][PASSED] - verifyMatch(url, "https://samsung-adzu4-staging.codeworldwide.com/#page/Assets?MediaChannelId=bc05e939-0b63-6606-a1c7-39e942e52731&amp;MediaChannelText=Samsung.com&amp;CampaignID=51a8da8e-2afa-4c47-ae26-e14f01ff5e7c&amp;CampaignText=S10%20Test%20Campaign", false): Actual text 'https://samsung-adzu4-staging.codeworldwide.com/#page/Assets?MediaChannelId=bc05e939-0b63-6606-a1c7-39e942e52731&amp;MediaChannelText=Samsung.com&amp;CampaignID=51a8da8e-2afa-4c47-ae26-e14f01ff5e7c&amp;CampaignText=S10%20Test%20Campaign' and expected text 'https://samsung-adzu4-staging.codeworldwide.com/#page/Assets?MediaChannelId=bc05e939-0b63-6606-a1c7-39e942e52731&amp;MediaChannelText=Samsung.com&amp;CampaignID=51a8da8e-2afa-4c47-ae26-e14f01ff5e7c&amp;CampaignText=S10%20Test%20Campaign' are matched &#xD;
&#xD;
2019-10-11 13:49:42 - [MESSAGE][PASSED] - Actual text 'https://samsung-adzu4-staging.codeworldwide.com/#page/Assets?MediaChannelId=bc05e939-0b63-6606-a1c7-39e942e52731&amp;MediaChannelText=Samsung.com&amp;CampaignID=51a8da8e-2afa-4c47-ae26-e14f01ff5e7c&amp;CampaignText=S10%20Test%20Campaign' and expected text 'https://samsung-adzu4-staging.codeworldwide.com/#page/Assets?MediaChannelId=bc05e939-0b63-6606-a1c7-39e942e52731&amp;MediaChannelText=Samsung.com&amp;CampaignID=51a8da8e-2afa-4c47-ae26-e14f01ff5e7c&amp;CampaignText=S10%20Test%20Campaign' are matched &#xD;
&#xD;
2019-10-11 13:49:42 - [TEST_STEP][PASSED] - navigateToUrl("https://samsung-adzu4-staging.codeworldwide.com/#page/GB/en-GB/AllDevices/S10"): Navigate to 'https://samsung-adzu4-staging.codeworldwide.com/#page/GB/en-GB/AllDevices/S10' successfully&#xD;
&#xD;
2019-10-11 13:49:43 - [MESSAGE][PASSED] - Navigate to 'https://samsung-adzu4-staging.codeworldwide.com/#page/GB/en-GB/AllDevices/S10' successfully&#xD;
&#xD;
2019-10-11 13:49:43 - [TEST_STEP][PASSED] - scrollToElement(findTestObject("Home Page/Homa Page Tiles/Campaigns/Page_Samsung Marketing Cloud/h1_Available Adaptations"), 0): Scroll to object 'Object Repository/Home Page/Homa Page Tiles/Campaigns/Page_Samsung Marketing Cloud/h1_Available Adaptations' successfully&#xD;
&#xD;
2019-10-11 13:49:43 - [MESSAGE][WARNING] - Timeout '0' is invalid. Using default page load timeout: '30'&#xD;
&#xD;
2019-10-11 13:49:46 - [MESSAGE][PASSED] - Scroll to object 'Object Repository/Home Page/Homa Page Tiles/Campaigns/Page_Samsung Marketing Cloud/h1_Available Adaptations' successfully&#xD;
&#xD;
2019-10-11 13:49:46 - [TEST_STEP][PASSED] - click(findTestObject("Home Page/Homa Page Tiles/Campaigns/Page_Samsung Marketing Cloud/a_Members")): Object: 'Object Repository/Home Page/Homa Page Tiles/Campaigns/Page_Samsung Marketing Cloud/a_Members' is clicked on&#xD;
&#xD;
2019-10-11 13:49:49 - [MESSAGE][PASSED] - Object: 'Object Repository/Home Page/Homa Page Tiles/Campaigns/Page_Samsung Marketing Cloud/a_Members' is clicked on&#xD;
&#xD;
2019-10-11 13:49:49 - [TEST_STEP][PASSED] - delay(1): Delayed 1 second(s)&#xD;
&#xD;
2019-10-11 13:49:50 - [MESSAGE][PASSED] - Delayed 1 second(s)&#xD;
&#xD;
2019-10-11 13:49:50 - [TEST_STEP][PASSED] - url = getUrl(): Current window's url is: 'https://samsung-adzu4-staging.codeworldwide.com/#page/Assets?MediaChannelId=148bbef1-bee6-3420-4504-39e942e6eacc&amp;MediaChannelText=Members&amp;CampaignID=51a8da8e-2afa-4c47-ae26-e14f01ff5e7c&amp;CampaignText=S10%20Test%20Campaign'&#xD;
&#xD;
2019-10-11 13:49:51 - [MESSAGE][PASSED] - Current window's url is: 'https://samsung-adzu4-staging.codeworldwide.com/#page/Assets?MediaChannelId=148bbef1-bee6-3420-4504-39e942e6eacc&amp;MediaChannelText=Members&amp;CampaignID=51a8da8e-2afa-4c47-ae26-e14f01ff5e7c&amp;CampaignText=S10%20Test%20Campaign'&#xD;
&#xD;
2019-10-11 13:49:51 - [TEST_STEP][PASSED] - verifyMatch(url, "https://samsung-adzu4-staging.codeworldwide.com/#page/Assets?MediaChannelId=148bbef1-bee6-3420-4504-39e942e6eacc&amp;MediaChannelText=Members&amp;CampaignID=51a8da8e-2afa-4c47-ae26-e14f01ff5e7c&amp;CampaignText=S10%20Test%20Campaign", false): Actual text 'https://samsung-adzu4-staging.codeworldwide.com/#page/Assets?MediaChannelId=148bbef1-bee6-3420-4504-39e942e6eacc&amp;MediaChannelText=Members&amp;CampaignID=51a8da8e-2afa-4c47-ae26-e14f01ff5e7c&amp;CampaignText=S10%20Test%20Campaign' and expected text 'https://samsung-adzu4-staging.codeworldwide.com/#page/Assets?MediaChannelId=148bbef1-bee6-3420-4504-39e942e6eacc&amp;MediaChannelText=Members&amp;CampaignID=51a8da8e-2afa-4c47-ae26-e14f01ff5e7c&amp;CampaignText=S10%20Test%20Campaign' are matched &#xD;
&#xD;
2019-10-11 13:49:51 - [MESSAGE][PASSED] - Actual text 'https://samsung-adzu4-staging.codeworldwide.com/#page/Assets?MediaChannelId=148bbef1-bee6-3420-4504-39e942e6eacc&amp;MediaChannelText=Members&amp;CampaignID=51a8da8e-2afa-4c47-ae26-e14f01ff5e7c&amp;CampaignText=S10%20Test%20Campaign' and expected text 'https://samsung-adzu4-staging.codeworldwide.com/#page/Assets?MediaChannelId=148bbef1-bee6-3420-4504-39e942e6eacc&amp;MediaChannelText=Members&amp;CampaignID=51a8da8e-2afa-4c47-ae26-e14f01ff5e7c&amp;CampaignText=S10%20Test%20Campaign' are matched &#xD;
&#xD;
2019-10-11 13:49:51 - [TEST_STEP][PASSED] - navigateToUrl("https://samsung-adzu4-staging.codeworldwide.com/#page/GB/en-GB/AllDevices/S10"): Navigate to 'https://samsung-adzu4-staging.codeworldwide.com/#page/GB/en-GB/AllDevices/S10' successfully&#xD;
&#xD;
2019-10-11 13:49:52 - [MESSAGE][PASSED] - Navigate to 'https://samsung-adzu4-staging.codeworldwide.com/#page/GB/en-GB/AllDevices/S10' successfully&#xD;
&#xD;
2019-10-11 13:49:52 - [TEST_STEP][PASSED] - scrollToElement(findTestObject("Home Page/Homa Page Tiles/Campaigns/Page_Samsung Marketing Cloud/h1_Available Adaptations"), 0): Scroll to object 'Object Repository/Home Page/Homa Page Tiles/Campaigns/Page_Samsung Marketing Cloud/h1_Available Adaptations' successfully&#xD;
&#xD;
2019-10-11 13:49:52 - [MESSAGE][WARNING] - Timeout '0' is invalid. Using default page load timeout: '30'&#xD;
&#xD;
2019-10-11 13:49:54 - [MESSAGE][PASSED] - Scroll to object 'Object Repository/Home Page/Homa Page Tiles/Campaigns/Page_Samsung Marketing Cloud/h1_Available Adaptations' successfully&#xD;
&#xD;
2019-10-11 13:49:54 - [TEST_STEP][PASSED] - click(findTestObject("Home Page/Homa Page Tiles/Campaigns/Page_Samsung Marketing Cloud/a_Customer support")): Object: 'Object Repository/Home Page/Homa Page Tiles/Campaigns/Page_Samsung Marketing Cloud/a_Customer support' is clicked on&#xD;
&#xD;
2019-10-11 13:49:58 - [MESSAGE][PASSED] - Object: 'Object Repository/Home Page/Homa Page Tiles/Campaigns/Page_Samsung Marketing Cloud/a_Customer support' is clicked on&#xD;
&#xD;
2019-10-11 13:49:58 - [TEST_STEP][PASSED] - delay(1): Delayed 1 second(s)&#xD;
&#xD;
2019-10-11 13:49:59 - [MESSAGE][PASSED] - Delayed 1 second(s)&#xD;
&#xD;
2019-10-11 13:49:59 - [TEST_STEP][PASSED] - url = getUrl(): Current window's url is: 'https://samsung-adzu4-staging.codeworldwide.com/#page/Assets?MediaChannelId=fb8329fc-9545-1ceb-e72d-39e942e67719&amp;MediaChannelText=%09Customer%20Care%20Services&amp;CampaignID=51a8da8e-2afa-4c47-ae26-e14f01ff5e7c&amp;CampaignText=S10%20Test%20Campaign'&#xD;
&#xD;
2019-10-11 13:50:00 - [MESSAGE][PASSED] - Current window's url is: 'https://samsung-adzu4-staging.codeworldwide.com/#page/Assets?MediaChannelId=fb8329fc-9545-1ceb-e72d-39e942e67719&amp;MediaChannelText=%09Customer%20Care%20Services&amp;CampaignID=51a8da8e-2afa-4c47-ae26-e14f01ff5e7c&amp;CampaignText=S10%20Test%20Campaign'&#xD;
&#xD;
2019-10-11 13:50:00 - [TEST_STEP][PASSED] - verifyMatch(url, "https://samsung-adzu4-staging.codeworldwide.com/#page/Assets?MediaChannelId=fb8329fc-9545-1ceb-e72d-39e942e67719&amp;MediaChannelText=%09Customer%20Care%20Services&amp;CampaignID=51a8da8e-2afa-4c47-ae26-e14f01ff5e7c&amp;CampaignText=S10%20Test%20Campaign", false): Actual text 'https://samsung-adzu4-staging.codeworldwide.com/#page/Assets?MediaChannelId=fb8329fc-9545-1ceb-e72d-39e942e67719&amp;MediaChannelText=%09Customer%20Care%20Services&amp;CampaignID=51a8da8e-2afa-4c47-ae26-e14f01ff5e7c&amp;CampaignText=S10%20Test%20Campaign' and expected text 'https://samsung-adzu4-staging.codeworldwide.com/#page/Assets?MediaChannelId=fb8329fc-9545-1ceb-e72d-39e942e67719&amp;MediaChannelText=%09Customer%20Care%20Services&amp;CampaignID=51a8da8e-2afa-4c47-ae26-e14f01ff5e7c&amp;CampaignText=S10%20Test%20Campaign' are matched &#xD;
&#xD;
2019-10-11 13:50:00 - [MESSAGE][PASSED] - Actual text 'https://samsung-adzu4-staging.codeworldwide.com/#page/Assets?MediaChannelId=fb8329fc-9545-1ceb-e72d-39e942e67719&amp;MediaChannelText=%09Customer%20Care%20Services&amp;CampaignID=51a8da8e-2afa-4c47-ae26-e14f01ff5e7c&amp;CampaignText=S10%20Test%20Campaign' and expected text 'https://samsung-adzu4-staging.codeworldwide.com/#page/Assets?MediaChannelId=fb8329fc-9545-1ceb-e72d-39e942e67719&amp;MediaChannelText=%09Customer%20Care%20Services&amp;CampaignID=51a8da8e-2afa-4c47-ae26-e14f01ff5e7c&amp;CampaignText=S10%20Test%20Campaign' are matched &#xD;
&#xD;
2019-10-11 13:50:00 - [TEST_STEP][PASSED] - navigateToUrl("https://samsung-adzu4-staging.codeworldwide.com/#page/GB/en-GB/AllDevices/S10"): Navigate to 'https://samsung-adzu4-staging.codeworldwide.com/#page/GB/en-GB/AllDevices/S10' successfully&#xD;
&#xD;
2019-10-11 13:50:01 - [MESSAGE][PASSED] - Navigate to 'https://samsung-adzu4-staging.codeworldwide.com/#page/GB/en-GB/AllDevices/S10' successfully&#xD;
&#xD;
2019-10-11 13:50:01 - [TEST_STEP][PASSED] - scrollToElement(findTestObject("Home Page/Homa Page Tiles/Campaigns/Page_Samsung Marketing Cloud/h1_Available Adaptations"), 0): Scroll to object 'Object Repository/Home Page/Homa Page Tiles/Campaigns/Page_Samsung Marketing Cloud/h1_Available Adaptations' successfully&#xD;
&#xD;
2019-10-11 13:50:01 - [MESSAGE][WARNING] - Timeout '0' is invalid. Using default page load timeout: '30'&#xD;
&#xD;
2019-10-11 13:50:03 - [MESSAGE][PASSED] - Scroll to object 'Object Repository/Home Page/Homa Page Tiles/Campaigns/Page_Samsung Marketing Cloud/h1_Available Adaptations' successfully&#xD;
&#xD;
2019-10-11 13:50:03 - [TEST_STEP][PASSED] - click(findTestObject("Home Page/Homa Page Tiles/Campaigns/Page_Samsung Marketing Cloud/a_eRetail")): Object: 'Object Repository/Home Page/Homa Page Tiles/Campaigns/Page_Samsung Marketing Cloud/a_eRetail' is clicked on&#xD;
&#xD;
2019-10-11 13:50:07 - [MESSAGE][PASSED] - Object: 'Object Repository/Home Page/Homa Page Tiles/Campaigns/Page_Samsung Marketing Cloud/a_eRetail' is clicked on&#xD;
&#xD;
2019-10-11 13:50:07 - [TEST_STEP][PASSED] - delay(1): Delayed 1 second(s)&#xD;
&#xD;
2019-10-11 13:50:08 - [MESSAGE][PASSED] - Delayed 1 second(s)&#xD;
&#xD;
2019-10-11 13:50:08 - [TEST_STEP][PASSED] - url = getUrl(): Current window's url is: 'https://samsung-adzu4-staging.codeworldwide.com/#page/Assets?MediaChannelId=2e70a285-f254-76e1-b316-39e942e56d30&amp;MediaChannelText=eRetail&amp;CampaignID=51a8da8e-2afa-4c47-ae26-e14f01ff5e7c&amp;CampaignText=S10%20Test%20Campaign'&#xD;
&#xD;
2019-10-11 13:50:09 - [MESSAGE][PASSED] - Current window's url is: 'https://samsung-adzu4-staging.codeworldwide.com/#page/Assets?MediaChannelId=2e70a285-f254-76e1-b316-39e942e56d30&amp;MediaChannelText=eRetail&amp;CampaignID=51a8da8e-2afa-4c47-ae26-e14f01ff5e7c&amp;CampaignText=S10%20Test%20Campaign'&#xD;
&#xD;
2019-10-11 13:50:09 - [TEST_STEP][PASSED] - verifyMatch(url, "https://samsung-adzu4-staging.codeworldwide.com/#page/Assets?MediaChannelId=2e70a285-f254-76e1-b316-39e942e56d30&amp;MediaChannelText=eRetail&amp;CampaignID=51a8da8e-2afa-4c47-ae26-e14f01ff5e7c&amp;CampaignText=S10%20Test%20Campaign", false): Actual text 'https://samsung-adzu4-staging.codeworldwide.com/#page/Assets?MediaChannelId=2e70a285-f254-76e1-b316-39e942e56d30&amp;MediaChannelText=eRetail&amp;CampaignID=51a8da8e-2afa-4c47-ae26-e14f01ff5e7c&amp;CampaignText=S10%20Test%20Campaign' and expected text 'https://samsung-adzu4-staging.codeworldwide.com/#page/Assets?MediaChannelId=2e70a285-f254-76e1-b316-39e942e56d30&amp;MediaChannelText=eRetail&amp;CampaignID=51a8da8e-2afa-4c47-ae26-e14f01ff5e7c&amp;CampaignText=S10%20Test%20Campaign' are matched &#xD;
&#xD;
2019-10-11 13:50:09 - [MESSAGE][PASSED] - Actual text 'https://samsung-adzu4-staging.codeworldwide.com/#page/Assets?MediaChannelId=2e70a285-f254-76e1-b316-39e942e56d30&amp;MediaChannelText=eRetail&amp;CampaignID=51a8da8e-2afa-4c47-ae26-e14f01ff5e7c&amp;CampaignText=S10%20Test%20Campaign' and expected text 'https://samsung-adzu4-staging.codeworldwide.com/#page/Assets?MediaChannelId=2e70a285-f254-76e1-b316-39e942e56d30&amp;MediaChannelText=eRetail&amp;CampaignID=51a8da8e-2afa-4c47-ae26-e14f01ff5e7c&amp;CampaignText=S10%20Test%20Campaign' are matched &#xD;
&#xD;
2019-10-11 13:50:09 - [TEST_STEP][PASSED] - navigateToUrl("https://samsung-adzu4-staging.codeworldwide.com/#page/GB/en-GB/AllDevices/S10"): Navigate to 'https://samsung-adzu4-staging.codeworldwide.com/#page/GB/en-GB/AllDevices/S10' successfully&#xD;
&#xD;
2019-10-11 13:50:10 - [MESSAGE][PASSED] - Navigate to 'https://samsung-adzu4-staging.codeworldwide.com/#page/GB/en-GB/AllDevices/S10' successfully&#xD;
&#xD;
2019-10-11 13:50:10 - [TEST_STEP][PASSED] - scrollToElement(findTestObject("Home Page/Homa Page Tiles/Campaigns/Page_Samsung Marketing Cloud/h1_Available Adaptations"), 0): Scroll to object 'Object Repository/Home Page/Homa Page Tiles/Campaigns/Page_Samsung Marketing Cloud/h1_Available Adaptations' successfully&#xD;
&#xD;
2019-10-11 13:50:10 - [MESSAGE][WARNING] - Timeout '0' is invalid. Using default page load timeout: '30'&#xD;
&#xD;
2019-10-11 13:50:12 - [MESSAGE][PASSED] - Scroll to object 'Object Repository/Home Page/Homa Page Tiles/Campaigns/Page_Samsung Marketing Cloud/h1_Available Adaptations' successfully&#xD;
&#xD;
2019-10-11 13:50:12 - [TEST_STEP][PASSED] - click(findTestObject("Home Page/Homa Page Tiles/Campaigns/Page_Samsung Marketing Cloud/a_Retail marketing")): Object: 'Object Repository/Home Page/Homa Page Tiles/Campaigns/Page_Samsung Marketing Cloud/a_Retail marketing' is clicked on&#xD;
&#xD;
2019-10-11 13:50:16 - [MESSAGE][PASSED] - Object: 'Object Repository/Home Page/Homa Page Tiles/Campaigns/Page_Samsung Marketing Cloud/a_Retail marketing' is clicked on&#xD;
&#xD;
2019-10-11 13:50:16 - [TEST_STEP][PASSED] - delay(1): Delayed 1 second(s)&#xD;
&#xD;
2019-10-11 13:50:17 - [MESSAGE][PASSED] - Delayed 1 second(s)&#xD;
&#xD;
2019-10-11 13:50:17 - [TEST_STEP][PASSED] - url = getUrl(): Current window's url is: 'https://samsung-adzu4-staging.codeworldwide.com/#page/Assets?MediaChannelId=5e98f30f-0197-d02e-ff7c-39e942e93d93&amp;MediaChannelText=Retail%20Marketing&amp;CampaignID=51a8da8e-2afa-4c47-ae26-e14f01ff5e7c&amp;CampaignText=S10%20Test%20Campaign'&#xD;
&#xD;
2019-10-11 13:50:18 - [MESSAGE][PASSED] - Current window's url is: 'https://samsung-adzu4-staging.codeworldwide.com/#page/Assets?MediaChannelId=5e98f30f-0197-d02e-ff7c-39e942e93d93&amp;MediaChannelText=Retail%20Marketing&amp;CampaignID=51a8da8e-2afa-4c47-ae26-e14f01ff5e7c&amp;CampaignText=S10%20Test%20Campaign'&#xD;
&#xD;
2019-10-11 13:50:18 - [TEST_STEP][PASSED] - verifyMatch(url, "https://samsung-adzu4-staging.codeworldwide.com/#page/Assets?MediaChannelId=5e98f30f-0197-d02e-ff7c-39e942e93d93&amp;MediaChannelText=Retail%20Marketing&amp;CampaignID=51a8da8e-2afa-4c47-ae26-e14f01ff5e7c&amp;CampaignText=S10%20Test%20Campaign", false): Actual text 'https://samsung-adzu4-staging.codeworldwide.com/#page/Assets?MediaChannelId=5e98f30f-0197-d02e-ff7c-39e942e93d93&amp;MediaChannelText=Retail%20Marketing&amp;CampaignID=51a8da8e-2afa-4c47-ae26-e14f01ff5e7c&amp;CampaignText=S10%20Test%20Campaign' and expected text 'https://samsung-adzu4-staging.codeworldwide.com/#page/Assets?MediaChannelId=5e98f30f-0197-d02e-ff7c-39e942e93d93&amp;MediaChannelText=Retail%20Marketing&amp;CampaignID=51a8da8e-2afa-4c47-ae26-e14f01ff5e7c&amp;CampaignText=S10%20Test%20Campaign' are matched &#xD;
&#xD;
2019-10-11 13:50:18 - [MESSAGE][PASSED] - Actual text 'https://samsung-adzu4-staging.codeworldwide.com/#page/Assets?MediaChannelId=5e98f30f-0197-d02e-ff7c-39e942e93d93&amp;MediaChannelText=Retail%20Marketing&amp;CampaignID=51a8da8e-2afa-4c47-ae26-e14f01ff5e7c&amp;CampaignText=S10%20Test%20Campaign' and expected text 'https://samsung-adzu4-staging.codeworldwide.com/#page/Assets?MediaChannelId=5e98f30f-0197-d02e-ff7c-39e942e93d93&amp;MediaChannelText=Retail%20Marketing&amp;CampaignID=51a8da8e-2afa-4c47-ae26-e14f01ff5e7c&amp;CampaignText=S10%20Test%20Campaign' are matched &#xD;
&#xD;
2019-10-11 13:50:18 - [TEST_STEP][PASSED] - navigateToUrl("https://samsung-adzu4-staging.codeworldwide.com/#page/GB/en-GB/AllDevices/S10"): Navigate to 'https://samsung-adzu4-staging.codeworldwide.com/#page/GB/en-GB/AllDevices/S10' successfully&#xD;
&#xD;
2019-10-11 13:50:19 - [MESSAGE][PASSED] - Navigate to 'https://samsung-adzu4-staging.codeworldwide.com/#page/GB/en-GB/AllDevices/S10' successfully&#xD;
&#xD;
2019-10-11 13:50:19 - [TEST_STEP][PASSED] - scrollToElement(findTestObject("Home Page/Homa Page Tiles/Campaigns/Page_Samsung Marketing Cloud/h1_Available Adaptations"), 0): Scroll to object 'Object Repository/Home Page/Homa Page Tiles/Campaigns/Page_Samsung Marketing Cloud/h1_Available Adaptations' successfully&#xD;
&#xD;
2019-10-11 13:50:19 - [MESSAGE][WARNING] - Timeout '0' is invalid. Using default page load timeout: '30'&#xD;
&#xD;
2019-10-11 13:50:21 - [MESSAGE][PASSED] - Scroll to object 'Object Repository/Home Page/Homa Page Tiles/Campaigns/Page_Samsung Marketing Cloud/h1_Available Adaptations' successfully&#xD;
&#xD;
2019-10-11 13:50:21 - [TEST_STEP][PASSED] - click(findTestObject("Home Page/Homa Page Tiles/Campaigns/Page_Samsung Marketing Cloud/a_Digital media")): Object: 'Object Repository/Home Page/Homa Page Tiles/Campaigns/Page_Samsung Marketing Cloud/a_Digital media' is clicked on&#xD;
&#xD;
2019-10-11 13:50:25 - [MESSAGE][PASSED] - Object: 'Object Repository/Home Page/Homa Page Tiles/Campaigns/Page_Samsung Marketing Cloud/a_Digital media' is clicked on&#xD;
&#xD;
2019-10-11 13:50:25 - [TEST_STEP][PASSED] - delay(1): Delayed 1 second(s)&#xD;
&#xD;
2019-10-11 13:50:26 - [MESSAGE][PASSED] - Delayed 1 second(s)&#xD;
&#xD;
2019-10-11 13:50:26 - [TEST_STEP][PASSED] - url = getUrl(): Current window's url is: 'https://samsung-adzu4-staging.codeworldwide.com/#page/Assets?MediaChannelId=fd3717a5-4374-4940-3df3-39e942e5ea44&amp;MediaChannelText=Digital%20Media&amp;CampaignID=51a8da8e-2afa-4c47-ae26-e14f01ff5e7c&amp;CampaignText=S10%20Test%20Campaign'&#xD;
&#xD;
2019-10-11 13:50:27 - [MESSAGE][PASSED] - Current window's url is: 'https://samsung-adzu4-staging.codeworldwide.com/#page/Assets?MediaChannelId=fd3717a5-4374-4940-3df3-39e942e5ea44&amp;MediaChannelText=Digital%20Media&amp;CampaignID=51a8da8e-2afa-4c47-ae26-e14f01ff5e7c&amp;CampaignText=S10%20Test%20Campaign'&#xD;
&#xD;
2019-10-11 13:50:27 - [TEST_STEP][PASSED] - verifyMatch(url, "https://samsung-adzu4-staging.codeworldwide.com/#page/Assets?MediaChannelId=fd3717a5-4374-4940-3df3-39e942e5ea44&amp;MediaChannelText=Digital%20Media&amp;CampaignID=51a8da8e-2afa-4c47-ae26-e14f01ff5e7c&amp;CampaignText=S10%20Test%20Campaign", false): Actual text 'https://samsung-adzu4-staging.codeworldwide.com/#page/Assets?MediaChannelId=fd3717a5-4374-4940-3df3-39e942e5ea44&amp;MediaChannelText=Digital%20Media&amp;CampaignID=51a8da8e-2afa-4c47-ae26-e14f01ff5e7c&amp;CampaignText=S10%20Test%20Campaign' and expected text 'https://samsung-adzu4-staging.codeworldwide.com/#page/Assets?MediaChannelId=fd3717a5-4374-4940-3df3-39e942e5ea44&amp;MediaChannelText=Digital%20Media&amp;CampaignID=51a8da8e-2afa-4c47-ae26-e14f01ff5e7c&amp;CampaignText=S10%20Test%20Campaign' are matched &#xD;
&#xD;
2019-10-11 13:50:27 - [MESSAGE][PASSED] - Actual text 'https://samsung-adzu4-staging.codeworldwide.com/#page/Assets?MediaChannelId=fd3717a5-4374-4940-3df3-39e942e5ea44&amp;MediaChannelText=Digital%20Media&amp;CampaignID=51a8da8e-2afa-4c47-ae26-e14f01ff5e7c&amp;CampaignText=S10%20Test%20Campaign' and expected text 'https://samsung-adzu4-staging.codeworldwide.com/#page/Assets?MediaChannelId=fd3717a5-4374-4940-3df3-39e942e5ea44&amp;MediaChannelText=Digital%20Media&amp;CampaignID=51a8da8e-2afa-4c47-ae26-e14f01ff5e7c&amp;CampaignText=S10%20Test%20Campaign' are matched &#xD;
&#xD;
2019-10-11 13:50:27 - [TEST_STEP][PASSED] - navigateToUrl("https://samsung-adzu4-staging.codeworldwide.com/#page/GB/en-GB/AllDevices/S10"): Navigate to 'https://samsung-adzu4-staging.codeworldwide.com/#page/GB/en-GB/AllDevices/S10' successfully&#xD;
&#xD;
2019-10-11 13:50:28 - [MESSAGE][PASSED] - Navigate to 'https://samsung-adzu4-staging.codeworldwide.com/#page/GB/en-GB/AllDevices/S10' successfully&#xD;
&#xD;
2019-10-11 13:50:28 - [TEST_STEP][PASSED] - scrollToElement(findTestObject("Home Page/Homa Page Tiles/Campaigns/Page_Samsung Marketing Cloud/h1_Available Adaptations"), 0): Scroll to object 'Object Repository/Home Page/Homa Page Tiles/Campaigns/Page_Samsung Marketing Cloud/h1_Available Adaptations' successfully&#xD;
&#xD;
2019-10-11 13:50:28 - [MESSAGE][WARNING] - Timeout '0' is invalid. Using default page load timeout: '30'&#xD;
&#xD;
2019-10-11 13:50:30 - [MESSAGE][PASSED] - Scroll to object 'Object Repository/Home Page/Homa Page Tiles/Campaigns/Page_Samsung Marketing Cloud/h1_Available Adaptations' successfully&#xD;
&#xD;
2019-10-11 13:50:30 - [TEST_STEP][PASSED] - click(findTestObject("Home Page/Homa Page Tiles/Campaigns/Page_Samsung Marketing Cloud/a_CDM")): Object: 'Object Repository/Home Page/Homa Page Tiles/Campaigns/Page_Samsung Marketing Cloud/a_CDM' is clicked on&#xD;
&#xD;
2019-10-11 13:50:34 - [MESSAGE][PASSED] - Object: 'Object Repository/Home Page/Homa Page Tiles/Campaigns/Page_Samsung Marketing Cloud/a_CDM' is clicked on&#xD;
&#xD;
2019-10-11 13:50:34 - [TEST_STEP][PASSED] - delay(1): Delayed 1 second(s)&#xD;
&#xD;
2019-10-11 13:50:35 - [MESSAGE][PASSED] - Delayed 1 second(s)&#xD;
&#xD;
2019-10-11 13:50:35 - [TEST_STEP][PASSED] - url = getUrl(): Current window's url is: 'https://samsung-adzu4-staging.codeworldwide.com/#page/Assets?MediaChannelId=e66cdcea-6007-2467-35e9-39e942e6aae3&amp;MediaChannelText=CDM&amp;CampaignID=51a8da8e-2afa-4c47-ae26-e14f01ff5e7c&amp;CampaignText=S10%20Test%20Campaign'&#xD;
&#xD;
2019-10-11 13:50:36 - [MESSAGE][PASSED] - Current window's url is: 'https://samsung-adzu4-staging.codeworldwide.com/#page/Assets?MediaChannelId=e66cdcea-6007-2467-35e9-39e942e6aae3&amp;MediaChannelText=CDM&amp;CampaignID=51a8da8e-2afa-4c47-ae26-e14f01ff5e7c&amp;CampaignText=S10%20Test%20Campaign'&#xD;
&#xD;
2019-10-11 13:50:36 - [TEST_STEP][PASSED] - verifyMatch(url, "https://samsung-adzu4-staging.codeworldwide.com/#page/Assets?MediaChannelId=e66cdcea-6007-2467-35e9-39e942e6aae3&amp;MediaChannelText=CDM&amp;CampaignID=51a8da8e-2afa-4c47-ae26-e14f01ff5e7c&amp;CampaignText=S10%20Test%20Campaign", false): Actual text 'https://samsung-adzu4-staging.codeworldwide.com/#page/Assets?MediaChannelId=e66cdcea-6007-2467-35e9-39e942e6aae3&amp;MediaChannelText=CDM&amp;CampaignID=51a8da8e-2afa-4c47-ae26-e14f01ff5e7c&amp;CampaignText=S10%20Test%20Campaign' and expected text 'https://samsung-adzu4-staging.codeworldwide.com/#page/Assets?MediaChannelId=e66cdcea-6007-2467-35e9-39e942e6aae3&amp;MediaChannelText=CDM&amp;CampaignID=51a8da8e-2afa-4c47-ae26-e14f01ff5e7c&amp;CampaignText=S10%20Test%20Campaign' are matched &#xD;
&#xD;
2019-10-11 13:50:36 - [MESSAGE][PASSED] - Actual text 'https://samsung-adzu4-staging.codeworldwide.com/#page/Assets?MediaChannelId=e66cdcea-6007-2467-35e9-39e942e6aae3&amp;MediaChannelText=CDM&amp;CampaignID=51a8da8e-2afa-4c47-ae26-e14f01ff5e7c&amp;CampaignText=S10%20Test%20Campaign' and expected text 'https://samsung-adzu4-staging.codeworldwide.com/#page/Assets?MediaChannelId=e66cdcea-6007-2467-35e9-39e942e6aae3&amp;MediaChannelText=CDM&amp;CampaignID=51a8da8e-2afa-4c47-ae26-e14f01ff5e7c&amp;CampaignText=S10%20Test%20Campaign' are matched &#xD;
&#xD;
2019-10-11 13:50:36 - [TEST_STEP][PASSED] - navigateToUrl("https://samsung-adzu4-staging.codeworldwide.com/#page/GB/en-GB/AllDevices/S10"): Navigate to 'https://samsung-adzu4-staging.codeworldwide.com/#page/GB/en-GB/AllDevices/S10' successfully&#xD;
&#xD;
2019-10-11 13:50:37 - [MESSAGE][PASSED] - Navigate to 'https://samsung-adzu4-staging.codeworldwide.com/#page/GB/en-GB/AllDevices/S10' successfully&#xD;
&#xD;
2019-10-11 13:50:37 - [TEST_STEP][PASSED] - scrollToElement(findTestObject("Home Page/Homa Page Tiles/Campaigns/Page_Samsung Marketing Cloud/h1_Available Adaptations"), 0): Scroll to object 'Object Repository/Home Page/Homa Page Tiles/Campaigns/Page_Samsung Marketing Cloud/h1_Available Adaptations' successfully&#xD;
&#xD;
2019-10-11 13:50:37 - [MESSAGE][WARNING] - Timeout '0' is invalid. Using default page load timeout: '30'&#xD;
&#xD;
2019-10-11 13:50:39 - [MESSAGE][PASSED] - Scroll to object 'Object Repository/Home Page/Homa Page Tiles/Campaigns/Page_Samsung Marketing Cloud/h1_Available Adaptations' successfully&#xD;
&#xD;
2019-10-11 13:50:39 - [TEST_STEP][PASSED] - click(findTestObject("Home Page/Homa Page Tiles/Campaigns/Page_Samsung Marketing Cloud/a_Social")): Object: 'Object Repository/Home Page/Homa Page Tiles/Campaigns/Page_Samsung Marketing Cloud/a_Social' is clicked on&#xD;
&#xD;
2019-10-11 13:50:43 - [MESSAGE][PASSED] - Object: 'Object Repository/Home Page/Homa Page Tiles/Campaigns/Page_Samsung Marketing Cloud/a_Social' is clicked on&#xD;
&#xD;
2019-10-11 13:50:43 - [TEST_STEP][PASSED] - delay(1): Delayed 1 second(s)&#xD;
&#xD;
2019-10-11 13:50:44 - [MESSAGE][PASSED] - Delayed 1 second(s)&#xD;
&#xD;
2019-10-11 13:50:44 - [TEST_STEP][PASSED] - url = getUrl(): Current window's url is: 'https://samsung-adzu4-staging.codeworldwide.com/#page/Assets?MediaChannelId=8aa42629-2b35-f82d-6471-39e942e63134&amp;MediaChannelText=Social&amp;CampaignID=51a8da8e-2afa-4c47-ae26-e14f01ff5e7c&amp;CampaignText=S10%20Test%20Campaign'&#xD;
&#xD;
2019-10-11 13:50:45 - [MESSAGE][PASSED] - Current window's url is: 'https://samsung-adzu4-staging.codeworldwide.com/#page/Assets?MediaChannelId=8aa42629-2b35-f82d-6471-39e942e63134&amp;MediaChannelText=Social&amp;CampaignID=51a8da8e-2afa-4c47-ae26-e14f01ff5e7c&amp;CampaignText=S10%20Test%20Campaign'&#xD;
&#xD;
2019-10-11 13:50:45 - [TEST_STEP][PASSED] - verifyMatch(url, "https://samsung-adzu4-staging.codeworldwide.com/#page/Assets?MediaChannelId=8aa42629-2b35-f82d-6471-39e942e63134&amp;MediaChannelText=Social&amp;CampaignID=51a8da8e-2afa-4c47-ae26-e14f01ff5e7c&amp;CampaignText=S10%20Test%20Campaign", false): Actual text 'https://samsung-adzu4-staging.codeworldwide.com/#page/Assets?MediaChannelId=8aa42629-2b35-f82d-6471-39e942e63134&amp;MediaChannelText=Social&amp;CampaignID=51a8da8e-2afa-4c47-ae26-e14f01ff5e7c&amp;CampaignText=S10%20Test%20Campaign' and expected text 'https://samsung-adzu4-staging.codeworldwide.com/#page/Assets?MediaChannelId=8aa42629-2b35-f82d-6471-39e942e63134&amp;MediaChannelText=Social&amp;CampaignID=51a8da8e-2afa-4c47-ae26-e14f01ff5e7c&amp;CampaignText=S10%20Test%20Campaign' are matched &#xD;
&#xD;
2019-10-11 13:50:45 - [MESSAGE][PASSED] - Actual text 'https://samsung-adzu4-staging.codeworldwide.com/#page/Assets?MediaChannelId=8aa42629-2b35-f82d-6471-39e942e63134&amp;MediaChannelText=Social&amp;CampaignID=51a8da8e-2afa-4c47-ae26-e14f01ff5e7c&amp;CampaignText=S10%20Test%20Campaign' and expected text 'https://samsung-adzu4-staging.codeworldwide.com/#page/Assets?MediaChannelId=8aa42629-2b35-f82d-6471-39e942e63134&amp;MediaChannelText=Social&amp;CampaignID=51a8da8e-2afa-4c47-ae26-e14f01ff5e7c&amp;CampaignText=S10%20Test%20Campaign' are matched &#xD;
&#xD;
2019-10-11 13:50:45 - [TEST_STEP][PASSED] - navigateToUrl("https://samsung-adzu4-staging.codeworldwide.com/#page/GB/en-GB/AllDevices/S10"): Navigate to 'https://samsung-adzu4-staging.codeworldwide.com/#page/GB/en-GB/AllDevices/S10' successfully&#xD;
&#xD;
2019-10-11 13:50:46 - [MESSAGE][PASSED] - Navigate to 'https://samsung-adzu4-staging.codeworldwide.com/#page/GB/en-GB/AllDevices/S10' successfully&#xD;
&#xD;
2019-10-11 13:50:46 - [TEST_STEP][PASSED] - scrollToElement(findTestObject("Home Page/Homa Page Tiles/Campaigns/Page_Samsung Marketing Cloud/h1_Available Adaptations"), 0): Scroll to object 'Object Repository/Home Page/Homa Page Tiles/Campaigns/Page_Samsung Marketing Cloud/h1_Available Adaptations' successfully&#xD;
&#xD;
2019-10-11 13:50:46 - [MESSAGE][WARNING] - Timeout '0' is invalid. Using default page load timeout: '30'&#xD;
&#xD;
2019-10-11 13:50:48 - [MESSAGE][PASSED] - Scroll to object 'Object Repository/Home Page/Homa Page Tiles/Campaigns/Page_Samsung Marketing Cloud/h1_Available Adaptations' successfully&#xD;
&#xD;
2019-10-11 13:50:48 - [TEST_STEP][PASSED] - click(findTestObject("Home Page/Homa Page Tiles/Campaigns/Page_Samsung Marketing Cloud/a_TVC")): Object: 'Object Repository/Home Page/Homa Page Tiles/Campaigns/Page_Samsung Marketing Cloud/a_TVC' is clicked on&#xD;
&#xD;
2019-10-11 13:50:52 - [MESSAGE][PASSED] - Object: 'Object Repository/Home Page/Homa Page Tiles/Campaigns/Page_Samsung Marketing Cloud/a_TVC' is clicked on&#xD;
&#xD;
2019-10-11 13:50:52 - [TEST_STEP][PASSED] - delay(1): Delayed 1 second(s)&#xD;
&#xD;
2019-10-11 13:50:53 - [MESSAGE][PASSED] - Delayed 1 second(s)&#xD;
&#xD;
2019-10-11 13:50:53 - [TEST_STEP][PASSED] - url = getUrl(): Current window's url is: 'https://samsung-adzu4-staging.codeworldwide.com/#page/Assets?MediaChannelId=faad2f4d-3e9b-e423-0e58-39e942e7549f&amp;MediaChannelText=TVC&amp;CampaignID=51a8da8e-2afa-4c47-ae26-e14f01ff5e7c&amp;CampaignText=S10%20Test%20Campaign'&#xD;
&#xD;
2019-10-11 13:50:54 - [MESSAGE][PASSED] - Current window's url is: 'https://samsung-adzu4-staging.codeworldwide.com/#page/Assets?MediaChannelId=faad2f4d-3e9b-e423-0e58-39e942e7549f&amp;MediaChannelText=TVC&amp;CampaignID=51a8da8e-2afa-4c47-ae26-e14f01ff5e7c&amp;CampaignText=S10%20Test%20Campaign'&#xD;
&#xD;
2019-10-11 13:50:54 - [TEST_STEP][PASSED] - verifyMatch(url, "https://samsung-adzu4-staging.codeworldwide.com/#page/Assets?MediaChannelId=faad2f4d-3e9b-e423-0e58-39e942e7549f&amp;MediaChannelText=TVC&amp;CampaignID=51a8da8e-2afa-4c47-ae26-e14f01ff5e7c&amp;CampaignText=S10%20Test%20Campaign", false): Actual text 'https://samsung-adzu4-staging.codeworldwide.com/#page/Assets?MediaChannelId=faad2f4d-3e9b-e423-0e58-39e942e7549f&amp;MediaChannelText=TVC&amp;CampaignID=51a8da8e-2afa-4c47-ae26-e14f01ff5e7c&amp;CampaignText=S10%20Test%20Campaign' and expected text 'https://samsung-adzu4-staging.codeworldwide.com/#page/Assets?MediaChannelId=faad2f4d-3e9b-e423-0e58-39e942e7549f&amp;MediaChannelText=TVC&amp;CampaignID=51a8da8e-2afa-4c47-ae26-e14f01ff5e7c&amp;CampaignText=S10%20Test%20Campaign' are matched &#xD;
&#xD;
2019-10-11 13:50:54 - [MESSAGE][PASSED] - Actual text 'https://samsung-adzu4-staging.codeworldwide.com/#page/Assets?MediaChannelId=faad2f4d-3e9b-e423-0e58-39e942e7549f&amp;MediaChannelText=TVC&amp;CampaignID=51a8da8e-2afa-4c47-ae26-e14f01ff5e7c&amp;CampaignText=S10%20Test%20Campaign' and expected text 'https://samsung-adzu4-staging.codeworldwide.com/#page/Assets?MediaChannelId=faad2f4d-3e9b-e423-0e58-39e942e7549f&amp;MediaChannelText=TVC&amp;CampaignID=51a8da8e-2afa-4c47-ae26-e14f01ff5e7c&amp;CampaignText=S10%20Test%20Campaign' are matched &#xD;
&#xD;
2019-10-11 13:50:54 - [TEST_STEP][PASSED] - navigateToUrl("https://samsung-adzu4-staging.codeworldwide.com/#page/GB/en-GB/AllDevices/S10"): Navigate to 'https://samsung-adzu4-staging.codeworldwide.com/#page/GB/en-GB/AllDevices/S10' successfully&#xD;
&#xD;
2019-10-11 13:50:55 - [MESSAGE][PASSED] - Navigate to 'https://samsung-adzu4-staging.codeworldwide.com/#page/GB/en-GB/AllDevices/S10' successfully&#xD;
&#xD;
2019-10-11 13:50:55 - [TEST_STEP][PASSED] - scrollToElement(findTestObject("Home Page/Homa Page Tiles/Campaigns/Page_Samsung Marketing Cloud/h1_Available Adaptations"), 0): Scroll to object 'Object Repository/Home Page/Homa Page Tiles/Campaigns/Page_Samsung Marketing Cloud/h1_Available Adaptations' successfully&#xD;
&#xD;
2019-10-11 13:50:55 - [MESSAGE][WARNING] - Timeout '0' is invalid. Using default page load timeout: '30'&#xD;
&#xD;
2019-10-11 13:50:57 - [MESSAGE][PASSED] - Scroll to object 'Object Repository/Home Page/Homa Page Tiles/Campaigns/Page_Samsung Marketing Cloud/h1_Available Adaptations' successfully&#xD;
&#xD;
2019-10-11 13:50:57 - [TEST_STEP][PASSED] - click(findTestObject("Home Page/Homa Page Tiles/Campaigns/Page_Samsung Marketing Cloud/a_OOH")): Object: 'Object Repository/Home Page/Homa Page Tiles/Campaigns/Page_Samsung Marketing Cloud/a_OOH' is clicked on&#xD;
&#xD;
2019-10-11 13:51:01 - [MESSAGE][PASSED] - Object: 'Object Repository/Home Page/Homa Page Tiles/Campaigns/Page_Samsung Marketing Cloud/a_OOH' is clicked on&#xD;
&#xD;
2019-10-11 13:51:01 - [TEST_STEP][PASSED] - delay(1): Delayed 1 second(s)&#xD;
&#xD;
2019-10-11 13:51:02 - [MESSAGE][PASSED] - Delayed 1 second(s)&#xD;
&#xD;
2019-10-11 13:51:02 - [TEST_STEP][PASSED] - url = getUrl(): Current window's url is: 'https://samsung-adzu4-staging.codeworldwide.com/#page/Assets?MediaChannelId=9646ec57-a493-cca4-29f4-39e942e908d2&amp;MediaChannelText=Outdoor&amp;CampaignID=51a8da8e-2afa-4c47-ae26-e14f01ff5e7c&amp;CampaignText=S10%20Test%20Campaign'&#xD;
&#xD;
2019-10-11 13:51:03 - [MESSAGE][PASSED] - Current window's url is: 'https://samsung-adzu4-staging.codeworldwide.com/#page/Assets?MediaChannelId=9646ec57-a493-cca4-29f4-39e942e908d2&amp;MediaChannelText=Outdoor&amp;CampaignID=51a8da8e-2afa-4c47-ae26-e14f01ff5e7c&amp;CampaignText=S10%20Test%20Campaign'&#xD;
&#xD;
2019-10-11 13:51:03 - [TEST_STEP][PASSED] - verifyMatch(url, "https://samsung-adzu4-staging.codeworldwide.com/#page/Assets?MediaChannelId=9646ec57-a493-cca4-29f4-39e942e908d2&amp;MediaChannelText=Outdoor&amp;CampaignID=51a8da8e-2afa-4c47-ae26-e14f01ff5e7c&amp;CampaignText=S10%20Test%20Campaign", false): Actual text 'https://samsung-adzu4-staging.codeworldwide.com/#page/Assets?MediaChannelId=9646ec57-a493-cca4-29f4-39e942e908d2&amp;MediaChannelText=Outdoor&amp;CampaignID=51a8da8e-2afa-4c47-ae26-e14f01ff5e7c&amp;CampaignText=S10%20Test%20Campaign' and expected text 'https://samsung-adzu4-staging.codeworldwide.com/#page/Assets?MediaChannelId=9646ec57-a493-cca4-29f4-39e942e908d2&amp;MediaChannelText=Outdoor&amp;CampaignID=51a8da8e-2afa-4c47-ae26-e14f01ff5e7c&amp;CampaignText=S10%20Test%20Campaign' are matched &#xD;
&#xD;
2019-10-11 13:51:03 - [MESSAGE][PASSED] - Actual text 'https://samsung-adzu4-staging.codeworldwide.com/#page/Assets?MediaChannelId=9646ec57-a493-cca4-29f4-39e942e908d2&amp;MediaChannelText=Outdoor&amp;CampaignID=51a8da8e-2afa-4c47-ae26-e14f01ff5e7c&amp;CampaignText=S10%20Test%20Campaign' and expected text 'https://samsung-adzu4-staging.codeworldwide.com/#page/Assets?MediaChannelId=9646ec57-a493-cca4-29f4-39e942e908d2&amp;MediaChannelText=Outdoor&amp;CampaignID=51a8da8e-2afa-4c47-ae26-e14f01ff5e7c&amp;CampaignText=S10%20Test%20Campaign' are matched &#xD;
&#xD;
2019-10-11 13:51:03 - [TEST_STEP][PASSED] - navigateToUrl("https://samsung-adzu4-staging.codeworldwide.com/#page/GB/en-GB/AllDevices/S10"): Navigate to 'https://samsung-adzu4-staging.codeworldwide.com/#page/GB/en-GB/AllDevices/S10' successfully&#xD;
&#xD;
2019-10-11 13:51:04 - [MESSAGE][PASSED] - Navigate to 'https://samsung-adzu4-staging.codeworldwide.com/#page/GB/en-GB/AllDevices/S10' successfully&#xD;
&#xD;
2019-10-11 13:51:04 - [TEST_STEP][PASSED] - scrollToElement(findTestObject("Home Page/Homa Page Tiles/Campaigns/Page_Samsung Marketing Cloud/h1_Available Adaptations"), 0): Scroll to object 'Object Repository/Home Page/Homa Page Tiles/Campaigns/Page_Samsung Marketing Cloud/h1_Available Adaptations' successfully&#xD;
&#xD;
2019-10-11 13:51:04 - [MESSAGE][WARNING] - Timeout '0' is invalid. Using default page load timeout: '30'&#xD;
&#xD;
2019-10-11 13:51:06 - [MESSAGE][PASSED] - Scroll to object 'Object Repository/Home Page/Homa Page Tiles/Campaigns/Page_Samsung Marketing Cloud/h1_Available Adaptations' successfully&#xD;
&#xD;
2019-10-11 13:51:06 - [TEST_STEP][PASSED] - click(findTestObject("Home Page/Homa Page Tiles/Campaigns/Page_Samsung Marketing Cloud/a_Print")): Object: 'Object Repository/Home Page/Homa Page Tiles/Campaigns/Page_Samsung Marketing Cloud/a_Print' is clicked on&#xD;
&#xD;
2019-10-11 13:51:10 - [MESSAGE][PASSED] - Object: 'Object Repository/Home Page/Homa Page Tiles/Campaigns/Page_Samsung Marketing Cloud/a_Print' is clicked on&#xD;
&#xD;
2019-10-11 13:51:10 - [TEST_STEP][PASSED] - delay(1): Delayed 1 second(s)&#xD;
&#xD;
2019-10-11 13:51:11 - [MESSAGE][PASSED] - Delayed 1 second(s)&#xD;
&#xD;
2019-10-11 13:51:11 - [TEST_STEP][PASSED] - url = getUrl(): Current window's url is: 'https://samsung-adzu4-staging.codeworldwide.com/#page/Assets?MediaChannelId=5e85e800-fd9e-e834-1d6b-39e942e7fb57&amp;MediaChannelText=Print&amp;CampaignID=51a8da8e-2afa-4c47-ae26-e14f01ff5e7c&amp;CampaignText=S10%20Test%20Campaign'&#xD;
&#xD;
2019-10-11 13:51:12 - [MESSAGE][PASSED] - Current window's url is: 'https://samsung-adzu4-staging.codeworldwide.com/#page/Assets?MediaChannelId=5e85e800-fd9e-e834-1d6b-39e942e7fb57&amp;MediaChannelText=Print&amp;CampaignID=51a8da8e-2afa-4c47-ae26-e14f01ff5e7c&amp;CampaignText=S10%20Test%20Campaign'&#xD;
&#xD;
2019-10-11 13:51:12 - [TEST_STEP][PASSED] - verifyMatch(url, "https://samsung-adzu4-staging.codeworldwide.com/#page/Assets?MediaChannelId=5e85e800-fd9e-e834-1d6b-39e942e7fb57&amp;MediaChannelText=Print&amp;CampaignID=51a8da8e-2afa-4c47-ae26-e14f01ff5e7c&amp;CampaignText=S10%20Test%20Campaign", false): Actual text 'https://samsung-adzu4-staging.codeworldwide.com/#page/Assets?MediaChannelId=5e85e800-fd9e-e834-1d6b-39e942e7fb57&amp;MediaChannelText=Print&amp;CampaignID=51a8da8e-2afa-4c47-ae26-e14f01ff5e7c&amp;CampaignText=S10%20Test%20Campaign' and expected text 'https://samsung-adzu4-staging.codeworldwide.com/#page/Assets?MediaChannelId=5e85e800-fd9e-e834-1d6b-39e942e7fb57&amp;MediaChannelText=Print&amp;CampaignID=51a8da8e-2afa-4c47-ae26-e14f01ff5e7c&amp;CampaignText=S10%20Test%20Campaign' are matched &#xD;
&#xD;
2019-10-11 13:51:12 - [MESSAGE][PASSED] - Actual text 'https://samsung-adzu4-staging.codeworldwide.com/#page/Assets?MediaChannelId=5e85e800-fd9e-e834-1d6b-39e942e7fb57&amp;MediaChannelText=Print&amp;CampaignID=51a8da8e-2afa-4c47-ae26-e14f01ff5e7c&amp;CampaignText=S10%20Test%20Campaign' and expected text 'https://samsung-adzu4-staging.codeworldwide.com/#page/Assets?MediaChannelId=5e85e800-fd9e-e834-1d6b-39e942e7fb57&amp;MediaChannelText=Print&amp;CampaignID=51a8da8e-2afa-4c47-ae26-e14f01ff5e7c&amp;CampaignText=S10%20Test%20Campaign' are matched &#xD;
&#xD;
2019-10-11 13:51:12 - [TEST_STEP][PASSED] - navigateToUrl("https://samsung-adzu4-staging.codeworldwide.com/#page/GB/en-GB/AllDevices/S10"): Navigate to 'https://samsung-adzu4-staging.codeworldwide.com/#page/GB/en-GB/AllDevices/S10' successfully&#xD;
&#xD;
2019-10-11 13:51:13 - [MESSAGE][PASSED] - Navigate to 'https://samsung-adzu4-staging.codeworldwide.com/#page/GB/en-GB/AllDevices/S10' successfully&#xD;
&#xD;
2019-10-11 13:51:13 - [TEST_STEP][PASSED] - scrollToElement(findTestObject("Home Page/Homa Page Tiles/Campaigns/Page_Samsung Marketing Cloud/h1_Available Adaptations"), 0): Scroll to object 'Object Repository/Home Page/Homa Page Tiles/Campaigns/Page_Samsung Marketing Cloud/h1_Available Adaptations' successfully&#xD;
&#xD;
2019-10-11 13:51:13 - [MESSAGE][WARNING] - Timeout '0' is invalid. Using default page load timeout: '30'&#xD;
&#xD;
2019-10-11 13:51:16 - [MESSAGE][PASSED] - Scroll to object 'Object Repository/Home Page/Homa Page Tiles/Campaigns/Page_Samsung Marketing Cloud/h1_Available Adaptations' successfully&#xD;
&#xD;
2019-10-11 13:51:16 - [TEST_STEP][PASSED] - click(findTestObject("Home Page/Homa Page Tiles/Campaigns/Page_Samsung Marketing Cloud/a_PR")): Object: 'Object Repository/Home Page/Homa Page Tiles/Campaigns/Page_Samsung Marketing Cloud/a_PR' is clicked on&#xD;
&#xD;
2019-10-11 13:51:19 - [MESSAGE][PASSED] - Object: 'Object Repository/Home Page/Homa Page Tiles/Campaigns/Page_Samsung Marketing Cloud/a_PR' is clicked on&#xD;
&#xD;
2019-10-11 13:51:19 - [TEST_STEP][PASSED] - delay(1): Delayed 1 second(s)&#xD;
&#xD;
2019-10-11 13:51:20 - [MESSAGE][PASSED] - Delayed 1 second(s)&#xD;
&#xD;
2019-10-11 13:51:20 - [TEST_STEP][PASSED] - url = getUrl(): Current window's url is: 'https://samsung-adzu4-staging.codeworldwide.com/#page/Assets?MediaChannelId=aee045f8-766b-ac5b-c1e6-39e942e8307b&amp;MediaChannelText=PR&amp;CampaignID=51a8da8e-2afa-4c47-ae26-e14f01ff5e7c&amp;CampaignText=S10%20Test%20Campaign'&#xD;
&#xD;
2019-10-11 13:51:21 - [MESSAGE][PASSED] - Current window's url is: 'https://samsung-adzu4-staging.codeworldwide.com/#page/Assets?MediaChannelId=aee045f8-766b-ac5b-c1e6-39e942e8307b&amp;MediaChannelText=PR&amp;CampaignID=51a8da8e-2afa-4c47-ae26-e14f01ff5e7c&amp;CampaignText=S10%20Test%20Campaign'&#xD;
&#xD;
2019-10-11 13:51:21 - [TEST_STEP][PASSED] - verifyMatch(url, "https://samsung-adzu4-staging.codeworldwide.com/#page/Assets?MediaChannelId=aee045f8-766b-ac5b-c1e6-39e942e8307b&amp;MediaChannelText=PR&amp;CampaignID=51a8da8e-2afa-4c47-ae26-e14f01ff5e7c&amp;CampaignText=S10%20Test%20Campaign", false): Actual text 'https://samsung-adzu4-staging.codeworldwide.com/#page/Assets?MediaChannelId=aee045f8-766b-ac5b-c1e6-39e942e8307b&amp;MediaChannelText=PR&amp;CampaignID=51a8da8e-2afa-4c47-ae26-e14f01ff5e7c&amp;CampaignText=S10%20Test%20Campaign' and expected text 'https://samsung-adzu4-staging.codeworldwide.com/#page/Assets?MediaChannelId=aee045f8-766b-ac5b-c1e6-39e942e8307b&amp;MediaChannelText=PR&amp;CampaignID=51a8da8e-2afa-4c47-ae26-e14f01ff5e7c&amp;CampaignText=S10%20Test%20Campaign' are matched &#xD;
&#xD;
2019-10-11 13:51:21 - [MESSAGE][PASSED] - Actual text 'https://samsung-adzu4-staging.codeworldwide.com/#page/Assets?MediaChannelId=aee045f8-766b-ac5b-c1e6-39e942e8307b&amp;MediaChannelText=PR&amp;CampaignID=51a8da8e-2afa-4c47-ae26-e14f01ff5e7c&amp;CampaignText=S10%20Test%20Campaign' and expected text 'https://samsung-adzu4-staging.codeworldwide.com/#page/Assets?MediaChannelId=aee045f8-766b-ac5b-c1e6-39e942e8307b&amp;MediaChannelText=PR&amp;CampaignID=51a8da8e-2afa-4c47-ae26-e14f01ff5e7c&amp;CampaignText=S10%20Test%20Campaign' are matched &#xD;
&#xD;
2019-10-11 13:51:21 - [TEST_STEP][PASSED] - navigateToUrl("https://samsung-adzu4-staging.codeworldwide.com/#page/GB/en-GB/AllDevices/S10"): Navigate to 'https://samsung-adzu4-staging.codeworldwide.com/#page/GB/en-GB/AllDevices/S10' successfully&#xD;
&#xD;
2019-10-11 13:51:22 - [MESSAGE][PASSED] - Navigate to 'https://samsung-adzu4-staging.codeworldwide.com/#page/GB/en-GB/AllDevices/S10' successfully&#xD;
&#xD;
2019-10-11 13:51:22 - [TEST_STEP][PASSED] - scrollToElement(findTestObject("Home Page/Homa Page Tiles/Campaigns/Page_Samsung Marketing Cloud/h1_Available Adaptations"), 0): Scroll to object 'Object Repository/Home Page/Homa Page Tiles/Campaigns/Page_Samsung Marketing Cloud/h1_Available Adaptations' successfully&#xD;
&#xD;
2019-10-11 13:51:22 - [MESSAGE][WARNING] - Timeout '0' is invalid. Using default page load timeout: '30'&#xD;
&#xD;
2019-10-11 13:51:25 - [MESSAGE][PASSED] - Scroll to object 'Object Repository/Home Page/Homa Page Tiles/Campaigns/Page_Samsung Marketing Cloud/h1_Available Adaptations' successfully&#xD;
&#xD;
2019-10-11 13:51:25 - [TEST_STEP][PASSED] - click(findTestObject("Home Page/Homa Page Tiles/Campaigns/Page_Samsung Marketing Cloud/a_Events")): Object: 'Object Repository/Home Page/Homa Page Tiles/Campaigns/Page_Samsung Marketing Cloud/a_Events' is clicked on&#xD;
&#xD;
2019-10-11 13:51:28 - [MESSAGE][PASSED] - Object: 'Object Repository/Home Page/Homa Page Tiles/Campaigns/Page_Samsung Marketing Cloud/a_Events' is clicked on&#xD;
&#xD;
2019-10-11 13:51:28 - [TEST_STEP][PASSED] - delay(1): Delayed 1 second(s)&#xD;
&#xD;
2019-10-11 13:51:29 - [MESSAGE][PASSED] - Delayed 1 second(s)&#xD;
&#xD;
2019-10-11 13:51:29 - [TEST_STEP][PASSED] - url = getUrl(): Current window's url is: 'https://samsung-adzu4-staging.codeworldwide.com/#page/Assets?MediaChannelId=d92b26b7-8819-05b5-3c42-39e942e868a3&amp;MediaChannelText=Events&amp;CampaignID=51a8da8e-2afa-4c47-ae26-e14f01ff5e7c&amp;CampaignText=S10%20Test%20Campaign'&#xD;
&#xD;
2019-10-11 13:51:30 - [MESSAGE][PASSED] - Current window's url is: 'https://samsung-adzu4-staging.codeworldwide.com/#page/Assets?MediaChannelId=d92b26b7-8819-05b5-3c42-39e942e868a3&amp;MediaChannelText=Events&amp;CampaignID=51a8da8e-2afa-4c47-ae26-e14f01ff5e7c&amp;CampaignText=S10%20Test%20Campaign'&#xD;
&#xD;
2019-10-11 13:51:30 - [TEST_STEP][PASSED] - verifyMatch(url, "https://samsung-adzu4-staging.codeworldwide.com/#page/Assets?MediaChannelId=d92b26b7-8819-05b5-3c42-39e942e868a3&amp;MediaChannelText=Events&amp;CampaignID=51a8da8e-2afa-4c47-ae26-e14f01ff5e7c&amp;CampaignText=S10%20Test%20Campaign", false): Actual text 'https://samsung-adzu4-staging.codeworldwide.com/#page/Assets?MediaChannelId=d92b26b7-8819-05b5-3c42-39e942e868a3&amp;MediaChannelText=Events&amp;CampaignID=51a8da8e-2afa-4c47-ae26-e14f01ff5e7c&amp;CampaignText=S10%20Test%20Campaign' and expected text 'https://samsung-adzu4-staging.codeworldwide.com/#page/Assets?MediaChannelId=d92b26b7-8819-05b5-3c42-39e942e868a3&amp;MediaChannelText=Events&amp;CampaignID=51a8da8e-2afa-4c47-ae26-e14f01ff5e7c&amp;CampaignText=S10%20Test%20Campaign' are matched &#xD;
&#xD;
2019-10-11 13:51:30 - [MESSAGE][PASSED] - Actual text 'https://samsung-adzu4-staging.codeworldwide.com/#page/Assets?MediaChannelId=d92b26b7-8819-05b5-3c42-39e942e868a3&amp;MediaChannelText=Events&amp;CampaignID=51a8da8e-2afa-4c47-ae26-e14f01ff5e7c&amp;CampaignText=S10%20Test%20Campaign' and expected text 'https://samsung-adzu4-staging.codeworldwide.com/#page/Assets?MediaChannelId=d92b26b7-8819-05b5-3c42-39e942e868a3&amp;MediaChannelText=Events&amp;CampaignID=51a8da8e-2afa-4c47-ae26-e14f01ff5e7c&amp;CampaignText=S10%20Test%20Campaign' are matched &#xD;
&#xD;
2019-10-11 13:51:30 - [TEST_STEP][PASSED] - navigateToUrl("https://samsung-adzu4-staging.codeworldwide.com/#page/GB/en-GB/AllDevices/S10"): Navigate to 'https://samsung-adzu4-staging.codeworldwide.com/#page/GB/en-GB/AllDevices/S10' successfully&#xD;
&#xD;
2019-10-11 13:51:31 - [MESSAGE][PASSED] - Navigate to 'https://samsung-adzu4-staging.codeworldwide.com/#page/GB/en-GB/AllDevices/S10' successfully&#xD;
&#xD;
2019-10-11 13:51:31 - [TEST_STEP][PASSED] - scrollToElement(findTestObject("Home Page/Homa Page Tiles/Campaigns/Page_Samsung Marketing Cloud/h1_Available Adaptations"), 0): Scroll to object 'Object Repository/Home Page/Homa Page Tiles/Campaigns/Page_Samsung Marketing Cloud/h1_Available Adaptations' successfully&#xD;
&#xD;
2019-10-11 13:51:31 - [MESSAGE][WARNING] - Timeout '0' is invalid. Using default page load timeout: '30'&#xD;
&#xD;
2019-10-11 13:51:33 - [MESSAGE][PASSED] - Scroll to object 'Object Repository/Home Page/Homa Page Tiles/Campaigns/Page_Samsung Marketing Cloud/h1_Available Adaptations' successfully&#xD;
&#xD;
2019-10-11 13:51:33 - [TEST_STEP][PASSED] - click(findTestObject("Home Page/Homa Page Tiles/Campaigns/Page_Samsung Marketing Cloud/a_Partnerships")): Object: 'Object Repository/Home Page/Homa Page Tiles/Campaigns/Page_Samsung Marketing Cloud/a_Partnerships' is clicked on&#xD;
&#xD;
2019-10-11 13:51:37 - [MESSAGE][PASSED] - Object: 'Object Repository/Home Page/Homa Page Tiles/Campaigns/Page_Samsung Marketing Cloud/a_Partnerships' is clicked on&#xD;
&#xD;
2019-10-11 13:51:37 - [TEST_STEP][PASSED] - delay(1): Delayed 1 second(s)&#xD;
&#xD;
2019-10-11 13:51:38 - [MESSAGE][PASSED] - Delayed 1 second(s)&#xD;
&#xD;
2019-10-11 13:51:38 - [TEST_STEP][PASSED] - url = getUrl(): Current window's url is: 'https://samsung-adzu4-staging.codeworldwide.com/#page/Assets?MediaChannelId=81245dbf-22f9-2849-1b99-39e942e97661&amp;MediaChannelText=Partnerships&amp;CampaignID=51a8da8e-2afa-4c47-ae26-e14f01ff5e7c&amp;CampaignText=S10%20Test%20Campaign'&#xD;
&#xD;
2019-10-11 13:51:39 - [MESSAGE][PASSED] - Current window's url is: 'https://samsung-adzu4-staging.codeworldwide.com/#page/Assets?MediaChannelId=81245dbf-22f9-2849-1b99-39e942e97661&amp;MediaChannelText=Partnerships&amp;CampaignID=51a8da8e-2afa-4c47-ae26-e14f01ff5e7c&amp;CampaignText=S10%20Test%20Campaign'&#xD;
&#xD;
2019-10-11 13:51:39 - [TEST_STEP][PASSED] - verifyMatch(url, "https://samsung-adzu4-staging.codeworldwide.com/#page/Assets?MediaChannelId=81245dbf-22f9-2849-1b99-39e942e97661&amp;MediaChannelText=Partnerships&amp;CampaignID=51a8da8e-2afa-4c47-ae26-e14f01ff5e7c&amp;CampaignText=S10%20Test%20Campaign", false): Actual text 'https://samsung-adzu4-staging.codeworldwide.com/#page/Assets?MediaChannelId=81245dbf-22f9-2849-1b99-39e942e97661&amp;MediaChannelText=Partnerships&amp;CampaignID=51a8da8e-2afa-4c47-ae26-e14f01ff5e7c&amp;CampaignText=S10%20Test%20Campaign' and expected text 'https://samsung-adzu4-staging.codeworldwide.com/#page/Assets?MediaChannelId=81245dbf-22f9-2849-1b99-39e942e97661&amp;MediaChannelText=Partnerships&amp;CampaignID=51a8da8e-2afa-4c47-ae26-e14f01ff5e7c&amp;CampaignText=S10%20Test%20Campaign' are matched &#xD;
&#xD;
2019-10-11 13:51:39 - [MESSAGE][PASSED] - Actual text 'https://samsung-adzu4-staging.codeworldwide.com/#page/Assets?MediaChannelId=81245dbf-22f9-2849-1b99-39e942e97661&amp;MediaChannelText=Partnerships&amp;CampaignID=51a8da8e-2afa-4c47-ae26-e14f01ff5e7c&amp;CampaignText=S10%20Test%20Campaign' and expected text 'https://samsung-adzu4-staging.codeworldwide.com/#page/Assets?MediaChannelId=81245dbf-22f9-2849-1b99-39e942e97661&amp;MediaChannelText=Partnerships&amp;CampaignID=51a8da8e-2afa-4c47-ae26-e14f01ff5e7c&amp;CampaignText=S10%20Test%20Campaign' are matched</system-out>
            <system-err></system-err>
        </testcase>
        <testcase name="Test Cases/Login and Logout - Notifications/Logout - Yes Button" classname="Test Cases/Login and Logout - Notifications/Logout - Yes Button" status="PASSED">
            <system-out>2019-10-11 13:51:39 - [TEST_CASE][PASSED] - Test Cases/Login and Logout - Notifications/Logout - Yes Button: Test Cases/Login and Logout - Notifications/Logout - Yes Button&#xD;
&#xD;
2019-10-11 13:51:39 - [TEST_STEP][PASSED] - click(findTestObject("Logout/Page_Samsung Marketing Cloud/span_gandhi")): Object: 'Object Repository/Logout/Page_Samsung Marketing Cloud/span_gandhi' is clicked on&#xD;
&#xD;
2019-10-11 13:51:42 - [MESSAGE][PASSED] - Object: 'Object Repository/Logout/Page_Samsung Marketing Cloud/span_gandhi' is clicked on&#xD;
&#xD;
2019-10-11 13:51:42 - [TEST_STEP][PASSED] - click(findTestObject("Logout/Page_Samsung Marketing Cloud/Logout")): Object: 'Object Repository/Logout/Page_Samsung Marketing Cloud/Logout' is clicked on&#xD;
&#xD;
2019-10-11 13:51:45 - [MESSAGE][PASSED] - Object: 'Object Repository/Logout/Page_Samsung Marketing Cloud/Logout' is clicked on&#xD;
&#xD;
2019-10-11 13:51:45 - [TEST_STEP][PASSED] - click(findTestObject("Logout/Page_Samsung Marketing Cloud/button_Yes")): Object: 'Object Repository/Logout/Page_Samsung Marketing Cloud/button_Yes' is clicked on&#xD;
&#xD;
2019-10-11 13:51:49 - [MESSAGE][PASSED] - Object: 'Object Repository/Logout/Page_Samsung Marketing Cloud/button_Yes' is clicked on&#xD;
&#xD;
2019-10-11 13:51:49 - [TEST_STEP][PASSED] - closeBrowser(): Browser is closed&#xD;
&#xD;
2019-10-11 13:51:50 - [MESSAGE][PASSED] - Browser is closed</system-out>
            <system-err></system-err>
        </testcase>
        <system-out>2019-10-11 13:48:34 - [TEST_SUITE][INCOMPLETE] - Champaigns - Chrome: null</system-out>
        <system-err>2019-10-11 13:48:34 - [TEST_SUITE][INCOMPLETE] - Champaigns - Chrome: null</system-err>
    </testsuite>
</testsuites>
