<?xml version="1.0" encoding="UTF-8" standalone="yes"?>
<testsuites name="Edit Profile" time="71" tests="4" failures="0" errors="0">
    <testsuite name="Edit Profile" tests="4" failures="0" errors="0" time="71" timestamp="2019-10-11 11:47:27" hostname="gansat - NOTEEG-12802.nexus.local" id="Test Suites/Home Page/Edit Profile">
        <properties>
            <property name="deviceName" value=""/>
            <property name="devicePlatform" value=""/>
            <property name="logFolder" value="C:\\Adzu UAT\\Adzu\\Adzu\\Reports\\20191011_114719\\Home Page\\Edit Profile\\20191011_114719"/>
            <property name="logFiles" value="C:\\Adzu UAT\\Adzu\\Adzu\\Reports\\20191011_114719\\Home Page\\Edit Profile\\20191011_114719\\execution0.log"/>
            <property name="attachments" value=""/>
            <property name="hostName" value="gansat - NOTEEG-12802.nexus.local"/>
            <property name="os" value="Windows 10 64bit"/>
            <property name="katalonVersion" value="6.3.3.11"/>
            <property name="browser" value="Chrome 77.0.3865.90"/>
            <property name="hostAddress" value="192.168.0.17"/>
            <property name="sessionId" value="25964bfa3254118e4258032c88d2461f"/>
            <property name="seleniumVersion" value="3.141.59"/>
            <property name="proxyInformation" value="ProxyInformation{proxyOption=NO_PROXY, proxyServerType=HTTP, password=, proxyServerAddress=, proxyServerPort=0}"/>
            <property name="platform" value="Windows 10"/>
        </properties>
        <testcase name="Test Cases/Login and Logout - Notifications/Login" classname="Test Cases/Login and Logout - Notifications/Login" status="PASSED">
            <system-out>2019-10-11 11:47:27 - [TEST_CASE][PASSED] - Test Cases/Login and Logout - Notifications/Login: Test Cases/Login and Logout - Notifications/Login&#xD;
&#xD;
2019-10-11 11:47:29 - [TEST_STEP][PASSED] - openBrowser(""): Browser is opened with url: ''&#xD;
&#xD;
2019-10-11 11:47:30 - [MESSAGE][INFO] - Starting 'Chrome' driver&#xD;
&#xD;
2019-10-11 11:47:30 - [MESSAGE][INFO] - Action delay is set to 1 seconds&#xD;
&#xD;
2019-10-11 11:47:39 - [MESSAGE][PASSED] - Browser is opened with url: ''&#xD;
&#xD;
2019-10-11 11:47:39 - [TEST_STEP][PASSED] - navigateToUrl("https://samsung-adzu4-staging.codeworldwide.com/#"): Navigate to 'https://samsung-adzu4-staging.codeworldwide.com/#' successfully&#xD;
&#xD;
2019-10-11 11:47:41 - [MESSAGE][PASSED] - Navigate to 'https://samsung-adzu4-staging.codeworldwide.com/#' successfully&#xD;
&#xD;
2019-10-11 11:47:41 - [TEST_STEP][PASSED] - setText(findTestObject("Object Repository/Login/Page_Samsung Marketing Cloud/Username_Text"), "satinder.gandhi@codeworldwide.com"): Text 'satinder.gandhi@codeworldwide.com' is set on object 'Object Repository/Login/Page_Samsung Marketing Cloud/Username_Text'&#xD;
&#xD;
2019-10-11 11:47:48 - [MESSAGE][PASSED] - Text 'satinder.gandhi@codeworldwide.com' is set on object 'Object Repository/Login/Page_Samsung Marketing Cloud/Username_Text'&#xD;
&#xD;
2019-10-11 11:47:48 - [TEST_STEP][PASSED] - setEncryptedText(findTestObject("Object Repository/Login/Page_Samsung Marketing Cloud/Password_text"), "yfq/9fVkW5+QvfzWq38qvg=="): Text ****** has been set on object 'Object Repository/Login/Page_Samsung Marketing Cloud/Password_text'&#xD;
&#xD;
2019-10-11 11:47:52 - [MESSAGE][PASSED] - Text ****** has been set on object 'Object Repository/Login/Page_Samsung Marketing Cloud/Password_text'&#xD;
&#xD;
2019-10-11 11:47:52 - [TEST_STEP][PASSED] - click(findTestObject("Object Repository/Login/Page_Samsung Marketing Cloud/button_Login")): Object: 'Object Repository/Login/Page_Samsung Marketing Cloud/button_Login' is clicked on&#xD;
&#xD;
2019-10-11 11:47:55 - [MESSAGE][PASSED] - Object: 'Object Repository/Login/Page_Samsung Marketing Cloud/button_Login' is clicked on&#xD;
&#xD;
2019-10-11 11:47:55 - [TEST_STEP][PASSED] - maximizeWindow(): Current window maximized&#xD;
&#xD;
2019-10-11 11:47:58 - [MESSAGE][PASSED] - Current window maximized</system-out>
            <system-err></system-err>
        </testcase>
        <testcase name="Test Cases/Home Page/Profile/Edit Profile - Cancel" classname="Test Cases/Home Page/Profile/Edit Profile - Cancel" status="PASSED">
            <system-out>2019-10-11 11:47:58 - [TEST_CASE][PASSED] - Test Cases/Home Page/Profile/Edit Profile - Cancel: Test Cases/Home Page/Profile/Edit Profile - Cancel&#xD;
&#xD;
2019-10-11 11:47:58 - [TEST_STEP][PASSED] - click(findTestObject("Logout/Page_Samsung Marketing Cloud/span_gandhi")): Object: 'Object Repository/Logout/Page_Samsung Marketing Cloud/span_gandhi' is clicked on&#xD;
&#xD;
2019-10-11 11:48:03 - [MESSAGE][PASSED] - Object: 'Object Repository/Logout/Page_Samsung Marketing Cloud/span_gandhi' is clicked on&#xD;
&#xD;
2019-10-11 11:48:03 - [TEST_STEP][PASSED] - click(findTestObject("Home Page/Profile/a_Profile")): Object: 'Object Repository/Home Page/Profile/a_Profile' is clicked on&#xD;
&#xD;
2019-10-11 11:48:05 - [MESSAGE][PASSED] - Object: 'Object Repository/Home Page/Profile/a_Profile' is clicked on&#xD;
&#xD;
2019-10-11 11:48:05 - [TEST_STEP][PASSED] - click(findTestObject("Home Page/Profile Edit/Page_User Profile  Samsung/button_Edit")): Object: 'Object Repository/Home Page/Profile Edit/Page_User Profile  Samsung/button_Edit' is clicked on&#xD;
&#xD;
2019-10-11 11:48:08 - [MESSAGE][PASSED] - Object: 'Object Repository/Home Page/Profile Edit/Page_User Profile  Samsung/button_Edit' is clicked on&#xD;
&#xD;
2019-10-11 11:48:08 - [TEST_STEP][PASSED] - click(findTestObject("Home Page/Profile Edit/Page_User Profile  Samsung/span_Gandhi")): Object: 'Object Repository/Home Page/Profile Edit/Page_User Profile  Samsung/span_Gandhi' is clicked on&#xD;
&#xD;
2019-10-11 11:48:10 - [MESSAGE][PASSED] - Object: 'Object Repository/Home Page/Profile Edit/Page_User Profile  Samsung/span_Gandhi' is clicked on&#xD;
&#xD;
2019-10-11 11:48:10 - [TEST_STEP][PASSED] - click(findTestObject("Home Page/Profile Edit/Page_User Profile  Samsung/button_Cancel")): Object: 'Object Repository/Home Page/Profile Edit/Page_User Profile  Samsung/button_Cancel' is clicked on&#xD;
&#xD;
2019-10-11 11:48:13 - [MESSAGE][PASSED] - Object: 'Object Repository/Home Page/Profile Edit/Page_User Profile  Samsung/button_Cancel' is clicked on</system-out>
            <system-err></system-err>
        </testcase>
        <testcase name="Test Cases/Home Page/Profile/Edit Profile - Yes" classname="Test Cases/Home Page/Profile/Edit Profile - Yes" status="PASSED">
            <system-out>2019-10-11 11:48:13 - [TEST_CASE][PASSED] - Test Cases/Home Page/Profile/Edit Profile - Yes: Test Cases/Home Page/Profile/Edit Profile - Yes&#xD;
&#xD;
2019-10-11 11:48:14 - [TEST_STEP][PASSED] - navigateToUrl("https://samsung-adzu4-staging.codeworldwide.com/#"): Navigate to 'https://samsung-adzu4-staging.codeworldwide.com/#' successfully&#xD;
&#xD;
2019-10-11 11:48:15 - [MESSAGE][PASSED] - Navigate to 'https://samsung-adzu4-staging.codeworldwide.com/#' successfully&#xD;
&#xD;
2019-10-11 11:48:15 - [TEST_STEP][PASSED] - click(findTestObject("Logout/Page_Samsung Marketing Cloud/span_gandhi")): Object: 'Object Repository/Logout/Page_Samsung Marketing Cloud/span_gandhi' is clicked on&#xD;
&#xD;
2019-10-11 11:48:18 - [MESSAGE][PASSED] - Object: 'Object Repository/Logout/Page_Samsung Marketing Cloud/span_gandhi' is clicked on&#xD;
&#xD;
2019-10-11 11:48:18 - [TEST_STEP][PASSED] - click(findTestObject("Home Page/Profile/a_Profile")): Object: 'Object Repository/Home Page/Profile/a_Profile' is clicked on&#xD;
&#xD;
2019-10-11 11:48:20 - [MESSAGE][PASSED] - Object: 'Object Repository/Home Page/Profile/a_Profile' is clicked on&#xD;
&#xD;
2019-10-11 11:48:20 - [TEST_STEP][PASSED] - click(findTestObject("Home Page/Profile Edit/Page_User Profile  Samsung/button_Edit")): Object: 'Object Repository/Home Page/Profile Edit/Page_User Profile  Samsung/button_Edit' is clicked on&#xD;
&#xD;
2019-10-11 11:48:23 - [MESSAGE][PASSED] - Object: 'Object Repository/Home Page/Profile Edit/Page_User Profile  Samsung/button_Edit' is clicked on&#xD;
&#xD;
2019-10-11 11:48:23 - [TEST_STEP][PASSED] - click(findTestObject("Home Page/Profile Edit/Page_User Profile  Samsung/span_Gandhi")): Object: 'Object Repository/Home Page/Profile Edit/Page_User Profile  Samsung/span_Gandhi' is clicked on&#xD;
&#xD;
2019-10-11 11:48:25 - [MESSAGE][PASSED] - Object: 'Object Repository/Home Page/Profile Edit/Page_User Profile  Samsung/span_Gandhi' is clicked on&#xD;
&#xD;
2019-10-11 11:48:25 - [TEST_STEP][PASSED] - click(findTestObject("Home Page/Profile Edit/Page_User Profile  Samsung/button_Save")): Object: 'Object Repository/Home Page/Profile Edit/Page_User Profile  Samsung/button_Save' is clicked on&#xD;
&#xD;
2019-10-11 11:48:28 - [MESSAGE][PASSED] - Object: 'Object Repository/Home Page/Profile Edit/Page_User Profile  Samsung/button_Save' is clicked on</system-out>
            <system-err></system-err>
        </testcase>
        <testcase name="Test Cases/Login and Logout - Notifications/Logout - Yes Button" classname="Test Cases/Login and Logout - Notifications/Logout - Yes Button" status="PASSED">
            <system-out>2019-10-11 11:48:28 - [TEST_CASE][PASSED] - Test Cases/Login and Logout - Notifications/Logout - Yes Button: Test Cases/Login and Logout - Notifications/Logout - Yes Button&#xD;
&#xD;
2019-10-11 11:48:29 - [TEST_STEP][PASSED] - click(findTestObject("Logout/Page_Samsung Marketing Cloud/span_gandhi")): Object: 'Object Repository/Logout/Page_Samsung Marketing Cloud/span_gandhi' is clicked on&#xD;
&#xD;
2019-10-11 11:48:31 - [MESSAGE][PASSED] - Object: 'Object Repository/Logout/Page_Samsung Marketing Cloud/span_gandhi' is clicked on&#xD;
&#xD;
2019-10-11 11:48:31 - [TEST_STEP][PASSED] - click(findTestObject("Logout/Page_Samsung Marketing Cloud/Logout")): Object: 'Object Repository/Logout/Page_Samsung Marketing Cloud/Logout' is clicked on&#xD;
&#xD;
2019-10-11 11:48:34 - [MESSAGE][PASSED] - Object: 'Object Repository/Logout/Page_Samsung Marketing Cloud/Logout' is clicked on&#xD;
&#xD;
2019-10-11 11:48:34 - [TEST_STEP][PASSED] - click(findTestObject("Logout/Page_Samsung Marketing Cloud/button_Yes")): Object: 'Object Repository/Logout/Page_Samsung Marketing Cloud/button_Yes' is clicked on&#xD;
&#xD;
2019-10-11 11:48:36 - [MESSAGE][PASSED] - Object: 'Object Repository/Logout/Page_Samsung Marketing Cloud/button_Yes' is clicked on&#xD;
&#xD;
2019-10-11 11:48:36 - [TEST_STEP][PASSED] - closeBrowser(): Browser is closed&#xD;
&#xD;
2019-10-11 11:48:38 - [MESSAGE][PASSED] - Browser is closed</system-out>
            <system-err></system-err>
        </testcase>
        <system-out>2019-10-11 11:47:27 - [TEST_SUITE][INCOMPLETE] - Edit Profile: null</system-out>
        <system-err>2019-10-11 11:47:27 - [TEST_SUITE][INCOMPLETE] - Edit Profile: null</system-err>
    </testsuite>
</testsuites>
