<?xml version="1.0" encoding="UTF-8" standalone="yes"?>
<testsuites name="Add Multiple Assets" time="98" tests="4" failures="0" errors="0">
    <testsuite name="Add Multiple Assets" tests="4" failures="0" errors="0" time="98" timestamp="2019-10-11 10:42:17" hostname="gansat - NOTEEG-12802.nexus.local" id="Test Suites/Marketing Content/Add Assets/Add Multiple Assets">
        <properties>
            <property name="deviceName" value=""/>
            <property name="devicePlatform" value=""/>
            <property name="logFolder" value="C:\\Adzu UAT\\Adzu\\Adzu\\Reports\\20191011_104212\\Marketing Content\\Add Assets\\Add Multiple Assets\\20191011_104212"/>
            <property name="logFiles" value="C:\\Adzu UAT\\Adzu\\Adzu\\Reports\\20191011_104212\\Marketing Content\\Add Assets\\Add Multiple Assets\\20191011_104212\\execution0.log, C:\\Adzu UAT\\Adzu\\Adzu\\Reports\\20191011_104212\\Marketing Content\\Add Assets\\Add Multiple Assets\\20191011_104212\\IEDriverServer.log"/>
            <property name="attachments" value=""/>
            <property name="hostName" value="gansat - NOTEEG-12802.nexus.local"/>
            <property name="os" value="Windows 10 64bit"/>
            <property name="katalonVersion" value="6.3.3.11"/>
            <property name="browser" value="IE 11"/>
            <property name="hostAddress" value="192.168.0.17"/>
            <property name="sessionId" value="34b0e018-0772-4f86-bd2b-20aabf947858"/>
            <property name="seleniumVersion" value="3.141.59"/>
            <property name="proxyInformation" value="ProxyInformation{proxyOption=NO_PROXY, proxyServerType=HTTP, password=, proxyServerAddress=, proxyServerPort=0}"/>
            <property name="platform" value="Windows 10"/>
        </properties>
        <testcase name="Test Cases/Login and Logout - Notifications/Login" classname="Test Cases/Login and Logout - Notifications/Login" status="PASSED">
            <system-out>2019-10-11 10:42:17 - [TEST_CASE][PASSED] - Test Cases/Login and Logout - Notifications/Login: Test Cases/Login and Logout - Notifications/Login&#xD;
&#xD;
2019-10-11 10:42:18 - [TEST_STEP][PASSED] - openBrowser(""): Browser is opened with url: ''&#xD;
&#xD;
2019-10-11 10:42:18 - [MESSAGE][INFO] - Starting 'IE' driver&#xD;
&#xD;
2019-10-11 10:42:18 - [MESSAGE][INFO] - User set preference: ['ignoreProtectedModeSettings', 'true']&#xD;
&#xD;
2019-10-11 10:42:19 - [MESSAGE][INFO] - Action delay is set to 1 seconds&#xD;
&#xD;
2019-10-11 10:42:25 - [MESSAGE][PASSED] - Browser is opened with url: ''&#xD;
&#xD;
2019-10-11 10:42:25 - [TEST_STEP][PASSED] - navigateToUrl("https://samsung-adzu4-staging.codeworldwide.com/#"): Navigate to 'https://samsung-adzu4-staging.codeworldwide.com/#' successfully&#xD;
&#xD;
2019-10-11 10:42:30 - [MESSAGE][PASSED] - Navigate to 'https://samsung-adzu4-staging.codeworldwide.com/#' successfully&#xD;
&#xD;
2019-10-11 10:42:30 - [TEST_STEP][PASSED] - setText(findTestObject("Object Repository/Login/Page_Samsung Marketing Cloud/Username_Text"), "satinder.gandhi@codeworldwide.com"): Text 'satinder.gandhi@codeworldwide.com' is set on object 'Object Repository/Login/Page_Samsung Marketing Cloud/Username_Text'&#xD;
&#xD;
2019-10-11 10:42:36 - [MESSAGE][PASSED] - Text 'satinder.gandhi@codeworldwide.com' is set on object 'Object Repository/Login/Page_Samsung Marketing Cloud/Username_Text'&#xD;
&#xD;
2019-10-11 10:42:36 - [TEST_STEP][PASSED] - setEncryptedText(findTestObject("Object Repository/Login/Page_Samsung Marketing Cloud/Password_text"), "yfq/9fVkW5+QvfzWq38qvg=="): Text ****** has been set on object 'Object Repository/Login/Page_Samsung Marketing Cloud/Password_text'&#xD;
&#xD;
2019-10-11 10:42:40 - [MESSAGE][PASSED] - Text ****** has been set on object 'Object Repository/Login/Page_Samsung Marketing Cloud/Password_text'&#xD;
&#xD;
2019-10-11 10:42:40 - [TEST_STEP][PASSED] - click(findTestObject("Object Repository/Login/Page_Samsung Marketing Cloud/button_Login")): Object: 'Object Repository/Login/Page_Samsung Marketing Cloud/button_Login' is clicked on&#xD;
&#xD;
2019-10-11 10:42:46 - [MESSAGE][PASSED] - Object: 'Object Repository/Login/Page_Samsung Marketing Cloud/button_Login' is clicked on&#xD;
&#xD;
2019-10-11 10:42:46 - [TEST_STEP][PASSED] - maximizeWindow(): Current window maximized&#xD;
&#xD;
2019-10-11 10:42:47 - [MESSAGE][PASSED] - Current window maximized</system-out>
            <system-err></system-err>
        </testcase>
        <testcase name="Test Cases/Assets/Open Assets Page" classname="Test Cases/Assets/Open Assets Page" status="PASSED">
            <system-out>2019-10-11 10:42:47 - [TEST_CASE][PASSED] - Test Cases/Assets/Open Assets Page: Test Cases/Assets/Open Assets Page&#xD;
&#xD;
2019-10-11 10:42:47 - [TEST_STEP][PASSED] - click(findTestObject("Assets/Add Asset/a_Assets")): Object: 'Object Repository/Assets/Add Asset/a_Assets' is clicked on&#xD;
&#xD;
2019-10-11 10:42:54 - [MESSAGE][PASSED] - Object: 'Object Repository/Assets/Add Asset/a_Assets' is clicked on&#xD;
&#xD;
2019-10-11 10:42:54 - [TEST_STEP][PASSED] - delay(1): Delayed 1 second(s)&#xD;
&#xD;
2019-10-11 10:42:55 - [MESSAGE][PASSED] - Delayed 1 second(s)</system-out>
            <system-err></system-err>
        </testcase>
        <testcase name="Test Cases/Assets/Add Multiple Assets" classname="Test Cases/Assets/Add Multiple Assets" status="PASSED">
            <system-out>2019-10-11 10:42:55 - [TEST_CASE][PASSED] - Test Cases/Assets/Add Multiple Assets: Test Cases/Assets/Add Multiple Assets&#xD;
&#xD;
2019-10-11 10:42:56 - [TEST_STEP][PASSED] - click(findTestObject("Assets/Add Asset/button_Add Assets")): Object: 'Object Repository/Assets/Add Asset/button_Add Assets' is clicked on&#xD;
&#xD;
2019-10-11 10:43:00 - [MESSAGE][PASSED] - Object: 'Object Repository/Assets/Add Asset/button_Add Assets' is clicked on&#xD;
&#xD;
2019-10-11 10:43:00 - [TEST_STEP][PASSED] - click(findTestObject("Assets/Add Multiple Assets/Page_Samsung Marketing Cloud/a_Multiple")): Object: 'Object Repository/Assets/Add Multiple Assets/Page_Samsung Marketing Cloud/a_Multiple' is clicked on&#xD;
&#xD;
2019-10-11 10:43:03 - [MESSAGE][PASSED] - Object: 'Object Repository/Assets/Add Multiple Assets/Page_Samsung Marketing Cloud/a_Multiple' is clicked on&#xD;
&#xD;
2019-10-11 10:43:03 - [TEST_STEP][PASSED] - waitForPageLoad(1): Wait for page load successfully&#xD;
&#xD;
2019-10-11 10:43:05 - [MESSAGE][PASSED] - Wait for page load successfully&#xD;
&#xD;
2019-10-11 10:43:05 - [TEST_STEP][PASSED] - click(findTestObject("Assets/Add Multiple Assets/Page_Samsung Marketing Cloud/a_Please Select")): Object: 'Object Repository/Assets/Add Multiple Assets/Page_Samsung Marketing Cloud/a_Please Select' is clicked on&#xD;
&#xD;
2019-10-11 10:43:09 - [MESSAGE][PASSED] - Object: 'Object Repository/Assets/Add Multiple Assets/Page_Samsung Marketing Cloud/a_Please Select' is clicked on&#xD;
&#xD;
2019-10-11 10:43:09 - [TEST_STEP][PASSED] - click(findTestObject("Assets/Add Asset/div_Image (1)")): Object: 'Object Repository/Assets/Add Asset/div_Image (1)' is clicked on&#xD;
&#xD;
2019-10-11 10:43:12 - [MESSAGE][PASSED] - Object: 'Object Repository/Assets/Add Asset/div_Image (1)' is clicked on&#xD;
&#xD;
2019-10-11 10:43:12 - [TEST_STEP][PASSED] - delay(1): Delayed 1 second(s)&#xD;
&#xD;
2019-10-11 10:43:13 - [MESSAGE][PASSED] - Delayed 1 second(s)&#xD;
&#xD;
2019-10-11 10:43:13 - [TEST_STEP][PASSED] - com.kms.katalon.keyword.uploadfile.UploadFile.uploadFile(findTestObject("Assets/Upload Assets/Upload_Asset_Image"), "C:\Adzu\Asset\samsung-kitchen-appliances-.jpeg"): com.kms.katalon.keyword.uploadfile.UploadFile.uploadFile is PASSED&#xD;
&#xD;
2019-10-11 10:43:18 - [MESSAGE][PASSED] - File 'C:\Adzu\Asset\samsung-kitchen-appliances-.jpeg' sent to object: 'Object Repository/Assets/Upload Assets/Upload_Asset_Image'&#xD;
&#xD;
2019-10-11 10:43:18 - [MESSAGE][PASSED] - com.kms.katalon.keyword.uploadfile.UploadFile.uploadFile is PASSED&#xD;
&#xD;
2019-10-11 10:43:18 - [TEST_STEP][PASSED] - delay(1): Delayed 1 second(s)&#xD;
&#xD;
2019-10-11 10:43:19 - [MESSAGE][PASSED] - Delayed 1 second(s)&#xD;
&#xD;
2019-10-11 10:43:19 - [TEST_STEP][PASSED] - click(findTestObject("Assets/Add Multiple Assets/Page_Samsung Marketing Cloud/a_Please Select Asset Group")): Object: 'Object Repository/Assets/Add Multiple Assets/Page_Samsung Marketing Cloud/a_Please Select Asset Group' is clicked on&#xD;
&#xD;
2019-10-11 10:43:23 - [MESSAGE][PASSED] - Object: 'Object Repository/Assets/Add Multiple Assets/Page_Samsung Marketing Cloud/a_Please Select Asset Group' is clicked on&#xD;
&#xD;
2019-10-11 10:43:23 - [TEST_STEP][PASSED] - delay(1): Delayed 1 second(s)&#xD;
&#xD;
2019-10-11 10:43:24 - [MESSAGE][PASSED] - Delayed 1 second(s)&#xD;
&#xD;
2019-10-11 10:43:24 - [TEST_STEP][PASSED] - click(findTestObject("Assets/Add Multiple Assets/Page_Samsung Marketing Cloud/div_Code assets")): Object: 'Object Repository/Assets/Add Multiple Assets/Page_Samsung Marketing Cloud/div_Code assets' is clicked on&#xD;
&#xD;
2019-10-11 10:43:28 - [MESSAGE][PASSED] - Object: 'Object Repository/Assets/Add Multiple Assets/Page_Samsung Marketing Cloud/div_Code assets' is clicked on&#xD;
&#xD;
2019-10-11 10:43:28 - [TEST_STEP][PASSED] - delay(1): Delayed 1 second(s)&#xD;
&#xD;
2019-10-11 10:43:29 - [MESSAGE][PASSED] - Delayed 1 second(s)&#xD;
&#xD;
2019-10-11 10:43:29 - [TEST_STEP][PASSED] - com.kms.katalon.keyword.uploadfile.UploadFile.uploadFile(findTestObject("Assets/Upload Assets/Import Spreadsheet"), "C:\Adzu\Asset\Multiple Uplaod Automation.xlsx"): com.kms.katalon.keyword.uploadfile.UploadFile.uploadFile is PASSED&#xD;
&#xD;
2019-10-11 10:43:33 - [MESSAGE][PASSED] - File 'C:\Adzu\Asset\Multiple Uplaod Automation.xlsx' sent to object: 'Object Repository/Assets/Upload Assets/Import Spreadsheet'&#xD;
&#xD;
2019-10-11 10:43:33 - [MESSAGE][PASSED] - com.kms.katalon.keyword.uploadfile.UploadFile.uploadFile is PASSED&#xD;
&#xD;
2019-10-11 10:43:33 - [TEST_STEP][PASSED] - delay(1): Delayed 1 second(s)&#xD;
&#xD;
2019-10-11 10:43:34 - [MESSAGE][PASSED] - Delayed 1 second(s)&#xD;
&#xD;
2019-10-11 10:43:34 - [TEST_STEP][PASSED] - verifyElementText(findTestObject("Assets/Add Multiple Assets/Page_Samsung Marketing Cloud/h4_Success"), "Success!"): Actual text and expected text of test object 'Object Repository/Assets/Add Multiple Assets/Page_Samsung Marketing Cloud/h4_Success' are matched.&#xD;
&#xD;
2019-10-11 10:43:36 - [MESSAGE][PASSED] - Actual text and expected text of test object 'Object Repository/Assets/Add Multiple Assets/Page_Samsung Marketing Cloud/h4_Success' are matched.&#xD;
&#xD;
2019-10-11 10:43:36 - [TEST_STEP][PASSED] - click(findTestObject("Assets/Add Multiple Assets/Page_Samsung Marketing Cloud/button_Ok")): Object: 'Object Repository/Assets/Add Multiple Assets/Page_Samsung Marketing Cloud/button_Ok' is clicked on&#xD;
&#xD;
2019-10-11 10:43:40 - [MESSAGE][PASSED] - Object: 'Object Repository/Assets/Add Multiple Assets/Page_Samsung Marketing Cloud/button_Ok' is clicked on</system-out>
            <system-err></system-err>
        </testcase>
        <testcase name="Test Cases/Login and Logout - Notifications/Logout - Yes Button" classname="Test Cases/Login and Logout - Notifications/Logout - Yes Button" status="PASSED">
            <system-out>2019-10-11 10:43:40 - [TEST_CASE][PASSED] - Test Cases/Login and Logout - Notifications/Logout - Yes Button: Test Cases/Login and Logout - Notifications/Logout - Yes Button&#xD;
&#xD;
2019-10-11 10:43:41 - [TEST_STEP][PASSED] - click(findTestObject("Logout/Page_Samsung Marketing Cloud/span_gandhi")): Object: 'Object Repository/Logout/Page_Samsung Marketing Cloud/span_gandhi' is clicked on&#xD;
&#xD;
2019-10-11 10:43:46 - [MESSAGE][PASSED] - Object: 'Object Repository/Logout/Page_Samsung Marketing Cloud/span_gandhi' is clicked on&#xD;
&#xD;
2019-10-11 10:43:46 - [TEST_STEP][PASSED] - click(findTestObject("Logout/Page_Samsung Marketing Cloud/Logout")): Object: 'Object Repository/Logout/Page_Samsung Marketing Cloud/Logout' is clicked on&#xD;
&#xD;
2019-10-11 10:43:49 - [MESSAGE][PASSED] - Object: 'Object Repository/Logout/Page_Samsung Marketing Cloud/Logout' is clicked on&#xD;
&#xD;
2019-10-11 10:43:49 - [TEST_STEP][PASSED] - click(findTestObject("Logout/Page_Samsung Marketing Cloud/button_Yes")): Object: 'Object Repository/Logout/Page_Samsung Marketing Cloud/button_Yes' is clicked on&#xD;
&#xD;
2019-10-11 10:43:53 - [MESSAGE][PASSED] - Object: 'Object Repository/Logout/Page_Samsung Marketing Cloud/button_Yes' is clicked on&#xD;
&#xD;
2019-10-11 10:43:53 - [TEST_STEP][PASSED] - closeBrowser(): Browser is closed&#xD;
&#xD;
2019-10-11 10:43:55 - [MESSAGE][PASSED] - Browser is closed</system-out>
            <system-err></system-err>
        </testcase>
        <system-out>2019-10-11 10:42:17 - [TEST_SUITE][INCOMPLETE] - Add Multiple Assets: null</system-out>
        <system-err>2019-10-11 10:42:17 - [TEST_SUITE][INCOMPLETE] - Add Multiple Assets: null</system-err>
    </testsuite>
</testsuites>
