<?xml version="1.0" encoding="UTF-8" standalone="yes"?>
<testsuites name="Add Multiple Assets" time="73" tests="4" failures="0" errors="0">
    <testsuite name="Add Multiple Assets" tests="4" failures="0" errors="0" time="73" timestamp="2019-10-11 10:56:26" hostname="gansat - NOTEEG-12802.nexus.local" id="Test Suites/Marketing Content/Add Assets/Add Multiple Assets">
        <properties>
            <property name="deviceName" value=""/>
            <property name="devicePlatform" value=""/>
            <property name="logFolder" value="C:\\Adzu UAT\\Adzu\\Adzu\\Reports\\20191011_105621\\Marketing Content\\Add Assets\\Add Multiple Assets\\20191011_105621"/>
            <property name="logFiles" value="C:\\Adzu UAT\\Adzu\\Adzu\\Reports\\20191011_105621\\Marketing Content\\Add Assets\\Add Multiple Assets\\20191011_105621\\execution0.log"/>
            <property name="attachments" value=""/>
            <property name="hostName" value="gansat - NOTEEG-12802.nexus.local"/>
            <property name="os" value="Windows 10 64bit"/>
            <property name="katalonVersion" value="6.3.3.11"/>
            <property name="browser" value="Chrome 77.0.3865.90"/>
            <property name="hostAddress" value="192.168.0.17"/>
            <property name="sessionId" value="425ca0193768e68465c8e0cd6ca7d6bb"/>
            <property name="seleniumVersion" value="3.141.59"/>
            <property name="proxyInformation" value="ProxyInformation{proxyOption=NO_PROXY, proxyServerType=HTTP, password=, proxyServerAddress=, proxyServerPort=0}"/>
            <property name="platform" value="Windows 10"/>
        </properties>
        <testcase name="Test Cases/Login and Logout - Notifications/Login" classname="Test Cases/Login and Logout - Notifications/Login" status="PASSED">
            <system-out>2019-10-11 10:56:27 - [TEST_CASE][PASSED] - Test Cases/Login and Logout - Notifications/Login: Test Cases/Login and Logout - Notifications/Login&#xD;
&#xD;
2019-10-11 10:56:28 - [TEST_STEP][PASSED] - openBrowser(""): Browser is opened with url: ''&#xD;
&#xD;
2019-10-11 10:56:28 - [MESSAGE][INFO] - Starting 'Chrome' driver&#xD;
&#xD;
2019-10-11 10:56:28 - [MESSAGE][INFO] - Action delay is set to 1 seconds&#xD;
&#xD;
2019-10-11 10:56:35 - [MESSAGE][PASSED] - Browser is opened with url: ''&#xD;
&#xD;
2019-10-11 10:56:35 - [TEST_STEP][PASSED] - navigateToUrl("https://samsung-adzu4-staging.codeworldwide.com/#"): Navigate to 'https://samsung-adzu4-staging.codeworldwide.com/#' successfully&#xD;
&#xD;
2019-10-11 10:56:37 - [MESSAGE][PASSED] - Navigate to 'https://samsung-adzu4-staging.codeworldwide.com/#' successfully&#xD;
&#xD;
2019-10-11 10:56:37 - [TEST_STEP][PASSED] - setText(findTestObject("Object Repository/Login/Page_Samsung Marketing Cloud/Username_Text"), "satinder.gandhi@codeworldwide.com"): Text 'satinder.gandhi@codeworldwide.com' is set on object 'Object Repository/Login/Page_Samsung Marketing Cloud/Username_Text'&#xD;
&#xD;
2019-10-11 10:56:43 - [MESSAGE][PASSED] - Text 'satinder.gandhi@codeworldwide.com' is set on object 'Object Repository/Login/Page_Samsung Marketing Cloud/Username_Text'&#xD;
&#xD;
2019-10-11 10:56:43 - [TEST_STEP][PASSED] - setEncryptedText(findTestObject("Object Repository/Login/Page_Samsung Marketing Cloud/Password_text"), "yfq/9fVkW5+QvfzWq38qvg=="): Text ****** has been set on object 'Object Repository/Login/Page_Samsung Marketing Cloud/Password_text'&#xD;
&#xD;
2019-10-11 10:56:47 - [MESSAGE][PASSED] - Text ****** has been set on object 'Object Repository/Login/Page_Samsung Marketing Cloud/Password_text'&#xD;
&#xD;
2019-10-11 10:56:47 - [TEST_STEP][PASSED] - click(findTestObject("Object Repository/Login/Page_Samsung Marketing Cloud/button_Login")): Object: 'Object Repository/Login/Page_Samsung Marketing Cloud/button_Login' is clicked on&#xD;
&#xD;
2019-10-11 10:56:50 - [MESSAGE][PASSED] - Object: 'Object Repository/Login/Page_Samsung Marketing Cloud/button_Login' is clicked on&#xD;
&#xD;
2019-10-11 10:56:50 - [TEST_STEP][PASSED] - maximizeWindow(): Current window maximized&#xD;
&#xD;
2019-10-11 10:56:52 - [MESSAGE][PASSED] - Current window maximized</system-out>
            <system-err></system-err>
        </testcase>
        <testcase name="Test Cases/Assets/Open Assets Page" classname="Test Cases/Assets/Open Assets Page" status="PASSED">
            <system-out>2019-10-11 10:56:52 - [TEST_CASE][PASSED] - Test Cases/Assets/Open Assets Page: Test Cases/Assets/Open Assets Page&#xD;
&#xD;
2019-10-11 10:56:53 - [TEST_STEP][PASSED] - click(findTestObject("Assets/Add Asset/a_Assets")): Object: 'Object Repository/Assets/Add Asset/a_Assets' is clicked on&#xD;
&#xD;
2019-10-11 10:56:56 - [MESSAGE][PASSED] - Object: 'Object Repository/Assets/Add Asset/a_Assets' is clicked on&#xD;
&#xD;
2019-10-11 10:56:56 - [TEST_STEP][PASSED] - delay(1): Delayed 1 second(s)&#xD;
&#xD;
2019-10-11 10:56:57 - [MESSAGE][PASSED] - Delayed 1 second(s)</system-out>
            <system-err></system-err>
        </testcase>
        <testcase name="Test Cases/Assets/Add Multiple Assets" classname="Test Cases/Assets/Add Multiple Assets" status="PASSED">
            <system-out>2019-10-11 10:56:57 - [TEST_CASE][PASSED] - Test Cases/Assets/Add Multiple Assets: Test Cases/Assets/Add Multiple Assets&#xD;
&#xD;
2019-10-11 10:56:57 - [TEST_STEP][PASSED] - click(findTestObject("Assets/Add Asset/button_Add Assets")): Object: 'Object Repository/Assets/Add Asset/button_Add Assets' is clicked on&#xD;
&#xD;
2019-10-11 10:57:00 - [MESSAGE][PASSED] - Object: 'Object Repository/Assets/Add Asset/button_Add Assets' is clicked on&#xD;
&#xD;
2019-10-11 10:57:00 - [TEST_STEP][PASSED] - click(findTestObject("Assets/Add Multiple Assets/Page_Samsung Marketing Cloud/a_Multiple")): Object: 'Object Repository/Assets/Add Multiple Assets/Page_Samsung Marketing Cloud/a_Multiple' is clicked on&#xD;
&#xD;
2019-10-11 10:57:02 - [MESSAGE][PASSED] - Object: 'Object Repository/Assets/Add Multiple Assets/Page_Samsung Marketing Cloud/a_Multiple' is clicked on&#xD;
&#xD;
2019-10-11 10:57:02 - [TEST_STEP][PASSED] - waitForPageLoad(1): Wait for page load successfully&#xD;
&#xD;
2019-10-11 10:57:03 - [MESSAGE][PASSED] - Wait for page load successfully&#xD;
&#xD;
2019-10-11 10:57:03 - [TEST_STEP][PASSED] - click(findTestObject("Assets/Add Multiple Assets/Page_Samsung Marketing Cloud/a_Please Select")): Object: 'Object Repository/Assets/Add Multiple Assets/Page_Samsung Marketing Cloud/a_Please Select' is clicked on&#xD;
&#xD;
2019-10-11 10:57:06 - [MESSAGE][PASSED] - Object: 'Object Repository/Assets/Add Multiple Assets/Page_Samsung Marketing Cloud/a_Please Select' is clicked on&#xD;
&#xD;
2019-10-11 10:57:06 - [TEST_STEP][PASSED] - click(findTestObject("Assets/Add Asset/div_Image (1)")): Object: 'Object Repository/Assets/Add Asset/div_Image (1)' is clicked on&#xD;
&#xD;
2019-10-11 10:57:08 - [MESSAGE][PASSED] - Object: 'Object Repository/Assets/Add Asset/div_Image (1)' is clicked on&#xD;
&#xD;
2019-10-11 10:57:08 - [TEST_STEP][PASSED] - delay(1): Delayed 1 second(s)&#xD;
&#xD;
2019-10-11 10:57:09 - [MESSAGE][PASSED] - Delayed 1 second(s)&#xD;
&#xD;
2019-10-11 10:57:09 - [TEST_STEP][PASSED] - com.kms.katalon.keyword.uploadfile.UploadFile.uploadFile(findTestObject("Assets/Upload Assets/Upload_Asset_Image"), "C:\Adzu\Asset\samsung-kitchen-appliances-.jpeg"): com.kms.katalon.keyword.uploadfile.UploadFile.uploadFile is PASSED&#xD;
&#xD;
2019-10-11 10:57:11 - [MESSAGE][PASSED] - File 'C:\Adzu\Asset\samsung-kitchen-appliances-.jpeg' sent to object: 'Object Repository/Assets/Upload Assets/Upload_Asset_Image'&#xD;
&#xD;
2019-10-11 10:57:11 - [MESSAGE][PASSED] - com.kms.katalon.keyword.uploadfile.UploadFile.uploadFile is PASSED&#xD;
&#xD;
2019-10-11 10:57:11 - [TEST_STEP][PASSED] - delay(1): Delayed 1 second(s)&#xD;
&#xD;
2019-10-11 10:57:12 - [MESSAGE][PASSED] - Delayed 1 second(s)&#xD;
&#xD;
2019-10-11 10:57:12 - [TEST_STEP][PASSED] - click(findTestObject("Assets/Add Multiple Assets/Page_Samsung Marketing Cloud/a_Please Select Asset Group")): Object: 'Object Repository/Assets/Add Multiple Assets/Page_Samsung Marketing Cloud/a_Please Select Asset Group' is clicked on&#xD;
&#xD;
2019-10-11 10:57:15 - [MESSAGE][PASSED] - Object: 'Object Repository/Assets/Add Multiple Assets/Page_Samsung Marketing Cloud/a_Please Select Asset Group' is clicked on&#xD;
&#xD;
2019-10-11 10:57:15 - [TEST_STEP][PASSED] - delay(1): Delayed 1 second(s)&#xD;
&#xD;
2019-10-11 10:57:16 - [MESSAGE][PASSED] - Delayed 1 second(s)&#xD;
&#xD;
2019-10-11 10:57:16 - [TEST_STEP][PASSED] - scrollToElement(findTestObject("Assets/Add Multiple Assets/Page_Samsung Marketing Cloud/div_Code assets"), 0): Scroll to object 'Object Repository/Assets/Add Multiple Assets/Page_Samsung Marketing Cloud/div_Code assets' successfully&#xD;
&#xD;
2019-10-11 10:57:16 - [MESSAGE][WARNING] - Timeout '0' is invalid. Using default page load timeout: '30'&#xD;
&#xD;
2019-10-11 10:57:18 - [MESSAGE][PASSED] - Scroll to object 'Object Repository/Assets/Add Multiple Assets/Page_Samsung Marketing Cloud/div_Code assets' successfully&#xD;
&#xD;
2019-10-11 10:57:18 - [TEST_STEP][PASSED] - click(findTestObject("Assets/Add Multiple Assets/Page_Samsung Marketing Cloud/div_Code assets")): Object: 'Object Repository/Assets/Add Multiple Assets/Page_Samsung Marketing Cloud/div_Code assets' is clicked on&#xD;
&#xD;
2019-10-11 10:57:21 - [MESSAGE][PASSED] - Object: 'Object Repository/Assets/Add Multiple Assets/Page_Samsung Marketing Cloud/div_Code assets' is clicked on&#xD;
&#xD;
2019-10-11 10:57:21 - [TEST_STEP][PASSED] - delay(1): Delayed 1 second(s)&#xD;
&#xD;
2019-10-11 10:57:22 - [MESSAGE][PASSED] - Delayed 1 second(s)&#xD;
&#xD;
2019-10-11 10:57:22 - [TEST_STEP][PASSED] - com.kms.katalon.keyword.uploadfile.UploadFile.uploadFile(findTestObject("Assets/Upload Assets/Import Spreadsheet"), "C:\Adzu\Asset\Multiple Uplaod Automation.xlsx"): com.kms.katalon.keyword.uploadfile.UploadFile.uploadFile is PASSED&#xD;
&#xD;
2019-10-11 10:57:24 - [MESSAGE][PASSED] - File 'C:\Adzu\Asset\Multiple Uplaod Automation.xlsx' sent to object: 'Object Repository/Assets/Upload Assets/Import Spreadsheet'&#xD;
&#xD;
2019-10-11 10:57:24 - [MESSAGE][PASSED] - com.kms.katalon.keyword.uploadfile.UploadFile.uploadFile is PASSED&#xD;
&#xD;
2019-10-11 10:57:24 - [TEST_STEP][PASSED] - delay(1): Delayed 1 second(s)&#xD;
&#xD;
2019-10-11 10:57:25 - [MESSAGE][PASSED] - Delayed 1 second(s)&#xD;
&#xD;
2019-10-11 10:57:25 - [TEST_STEP][PASSED] - verifyElementText(findTestObject("Assets/Add Multiple Assets/Page_Samsung Marketing Cloud/h4_Success"), "Success!"): Actual text and expected text of test object 'Object Repository/Assets/Add Multiple Assets/Page_Samsung Marketing Cloud/h4_Success' are matched.&#xD;
&#xD;
2019-10-11 10:57:27 - [MESSAGE][PASSED] - Actual text and expected text of test object 'Object Repository/Assets/Add Multiple Assets/Page_Samsung Marketing Cloud/h4_Success' are matched.&#xD;
&#xD;
2019-10-11 10:57:27 - [TEST_STEP][PASSED] - click(findTestObject("Assets/Add Multiple Assets/Page_Samsung Marketing Cloud/button_Ok")): Object: 'Object Repository/Assets/Add Multiple Assets/Page_Samsung Marketing Cloud/button_Ok' is clicked on&#xD;
&#xD;
2019-10-11 10:57:29 - [MESSAGE][PASSED] - Object: 'Object Repository/Assets/Add Multiple Assets/Page_Samsung Marketing Cloud/button_Ok' is clicked on</system-out>
            <system-err></system-err>
        </testcase>
        <testcase name="Test Cases/Login and Logout - Notifications/Logout - Yes Button" classname="Test Cases/Login and Logout - Notifications/Logout - Yes Button" status="PASSED">
            <system-out>2019-10-11 10:57:29 - [TEST_CASE][PASSED] - Test Cases/Login and Logout - Notifications/Logout - Yes Button: Test Cases/Login and Logout - Notifications/Logout - Yes Button&#xD;
&#xD;
2019-10-11 10:57:30 - [TEST_STEP][PASSED] - click(findTestObject("Logout/Page_Samsung Marketing Cloud/span_gandhi")): Object: 'Object Repository/Logout/Page_Samsung Marketing Cloud/span_gandhi' is clicked on&#xD;
&#xD;
2019-10-11 10:57:33 - [MESSAGE][PASSED] - Object: 'Object Repository/Logout/Page_Samsung Marketing Cloud/span_gandhi' is clicked on&#xD;
&#xD;
2019-10-11 10:57:33 - [TEST_STEP][PASSED] - click(findTestObject("Logout/Page_Samsung Marketing Cloud/Logout")): Object: 'Object Repository/Logout/Page_Samsung Marketing Cloud/Logout' is clicked on&#xD;
&#xD;
2019-10-11 10:57:35 - [MESSAGE][PASSED] - Object: 'Object Repository/Logout/Page_Samsung Marketing Cloud/Logout' is clicked on&#xD;
&#xD;
2019-10-11 10:57:35 - [TEST_STEP][PASSED] - click(findTestObject("Logout/Page_Samsung Marketing Cloud/button_Yes")): Object: 'Object Repository/Logout/Page_Samsung Marketing Cloud/button_Yes' is clicked on&#xD;
&#xD;
2019-10-11 10:57:38 - [MESSAGE][PASSED] - Object: 'Object Repository/Logout/Page_Samsung Marketing Cloud/button_Yes' is clicked on&#xD;
&#xD;
2019-10-11 10:57:38 - [TEST_STEP][PASSED] - closeBrowser(): Browser is closed&#xD;
&#xD;
2019-10-11 10:57:40 - [MESSAGE][PASSED] - Browser is closed</system-out>
            <system-err></system-err>
        </testcase>
        <system-out>2019-10-11 10:56:26 - [TEST_SUITE][INCOMPLETE] - Add Multiple Assets: null</system-out>
        <system-err>2019-10-11 10:56:26 - [TEST_SUITE][INCOMPLETE] - Add Multiple Assets: null</system-err>
    </testsuite>
</testsuites>
