<?xml version="1.0" encoding="UTF-8" standalone="yes"?>
<testsuites name="Champaigns - Chrome" time="158" tests="3" failures="0" errors="0">
    <testsuite name="Champaigns - Chrome" tests="3" failures="0" errors="0" time="158" timestamp="2019-10-11 15:03:57" hostname="KanKir - GB3CODW08386HQS.nexus.local" id="Test Suites/Champaigns - Chrome">
        <properties>
            <property name="deviceName" value=""/>
            <property name="devicePlatform" value=""/>
            <property name="logFolder" value="C:\\Users\\kankir\\git\\adZU-OS-UAT-Automation 1\\Reports\\20191011_150356\\Champaigns - Chrome\\20191011_150356"/>
            <property name="logFiles" value="C:\\Users\\kankir\\git\\adZU-OS-UAT-Automation 1\\Reports\\20191011_150356\\Champaigns - Chrome\\20191011_150356\\execution0.log"/>
            <property name="attachments" value=""/>
            <property name="hostName" value="KanKir - GB3CODW08386HQS.nexus.local"/>
            <property name="os" value="Windows 10 64bit"/>
            <property name="katalonVersion" value="6.3.3.11"/>
            <property name="browser" value="Chrome 77.0.3865.90"/>
            <property name="hostAddress" value="10.141.20.49"/>
            <property name="sessionId" value="ec3a4d81208f6519be8b46667484f8cc"/>
            <property name="seleniumVersion" value="3.141.59"/>
            <property name="proxyInformation" value="ProxyInformation{proxyOption=NO_PROXY, proxyServerType=HTTP, password=, proxyServerAddress=, proxyServerPort=0}"/>
            <property name="platform" value="Windows 10"/>
        </properties>
        <testcase name="Test Cases/Login and Logout - Notifications/Login" classname="Test Cases/Login and Logout - Notifications/Login" status="PASSED">
            <system-out>2019-10-11 15:03:58 - [TEST_CASE][PASSED] - Test Cases/Login and Logout - Notifications/Login: Test Cases/Login and Logout - Notifications/Login&#xD;
&#xD;
2019-10-11 15:03:58 - [TEST_STEP][PASSED] - openBrowser(""): Browser is opened with url: ''&#xD;
&#xD;
2019-10-11 15:03:58 - [MESSAGE][INFO] - Starting 'Chrome' driver&#xD;
&#xD;
2019-10-11 15:03:58 - [MESSAGE][INFO] - Action delay is set to 1 seconds&#xD;
&#xD;
2019-10-11 15:04:03 - [MESSAGE][PASSED] - Browser is opened with url: ''&#xD;
&#xD;
2019-10-11 15:04:03 - [TEST_STEP][PASSED] - navigateToUrl("https://samsung-adzu4-staging.codeworldwide.com/#"): Navigate to 'https://samsung-adzu4-staging.codeworldwide.com/#' successfully&#xD;
&#xD;
2019-10-11 15:04:05 - [MESSAGE][PASSED] - Navigate to 'https://samsung-adzu4-staging.codeworldwide.com/#' successfully&#xD;
&#xD;
2019-10-11 15:04:05 - [TEST_STEP][PASSED] - setText(findTestObject("Object Repository/Login/Page_Samsung Marketing Cloud/Username_Text"), "satinder.gandhi@codeworldwide.com"): Text 'satinder.gandhi@codeworldwide.com' is set on object 'Object Repository/Login/Page_Samsung Marketing Cloud/Username_Text'&#xD;
&#xD;
2019-10-11 15:04:09 - [MESSAGE][PASSED] - Text 'satinder.gandhi@codeworldwide.com' is set on object 'Object Repository/Login/Page_Samsung Marketing Cloud/Username_Text'&#xD;
&#xD;
2019-10-11 15:04:09 - [TEST_STEP][PASSED] - setEncryptedText(findTestObject("Object Repository/Login/Page_Samsung Marketing Cloud/Password_text"), "yfq/9fVkW5+QvfzWq38qvg=="): Text ****** has been set on object 'Object Repository/Login/Page_Samsung Marketing Cloud/Password_text'&#xD;
&#xD;
2019-10-11 15:04:12 - [MESSAGE][PASSED] - Text ****** has been set on object 'Object Repository/Login/Page_Samsung Marketing Cloud/Password_text'&#xD;
&#xD;
2019-10-11 15:04:12 - [TEST_STEP][PASSED] - click(findTestObject("Object Repository/Login/Page_Samsung Marketing Cloud/button_Login")): Object: 'Object Repository/Login/Page_Samsung Marketing Cloud/button_Login' is clicked on&#xD;
&#xD;
2019-10-11 15:04:14 - [MESSAGE][PASSED] - Object: 'Object Repository/Login/Page_Samsung Marketing Cloud/button_Login' is clicked on&#xD;
&#xD;
2019-10-11 15:04:15 - [TEST_STEP][PASSED] - maximizeWindow(): Current window maximized&#xD;
&#xD;
2019-10-11 15:04:17 - [MESSAGE][PASSED] - Current window maximized</system-out>
            <system-err></system-err>
        </testcase>
        <testcase name="Test Cases/Home Page/Campaigns/S10 Campaign" classname="Test Cases/Home Page/Campaigns/S10 Campaign" status="PASSED">
            <system-out>2019-10-11 15:04:17 - [TEST_CASE][PASSED] - Test Cases/Home Page/Campaigns/S10 Campaign: Test Cases/Home Page/Campaigns/S10 Campaign&#xD;
&#xD;
2019-10-11 15:04:17 - [TEST_STEP][PASSED] - navigateToUrl("https://samsung-adzu4-staging.codeworldwide.com/#"): Navigate to 'https://samsung-adzu4-staging.codeworldwide.com/#' successfully&#xD;
&#xD;
2019-10-11 15:04:18 - [MESSAGE][PASSED] - Navigate to 'https://samsung-adzu4-staging.codeworldwide.com/#' successfully&#xD;
&#xD;
2019-10-11 15:04:18 - [TEST_STEP][PASSED] - waitForPageLoad(1): Wait for page load successfully&#xD;
&#xD;
2019-10-11 15:04:19 - [MESSAGE][PASSED] - Wait for page load successfully&#xD;
&#xD;
2019-10-11 15:04:19 - [TEST_STEP][PASSED] - click(findTestObject("Home Page/Homa Page Tiles/Campaigns/a_S10")): Object: 'Object Repository/Home Page/Homa Page Tiles/Campaigns/a_S10' is clicked on&#xD;
&#xD;
2019-10-11 15:04:21 - [MESSAGE][PASSED] - Object: 'Object Repository/Home Page/Homa Page Tiles/Campaigns/a_S10' is clicked on&#xD;
&#xD;
2019-10-11 15:04:21 - [TEST_STEP][PASSED] - click(findTestObject("Home Page/Homa Page Tiles/Campaigns/Page_Samsung Marketing Cloud/a_Guidelines")): Object: 'Object Repository/Home Page/Homa Page Tiles/Campaigns/Page_Samsung Marketing Cloud/a_Guidelines' is clicked on&#xD;
&#xD;
2019-10-11 15:04:23 - [MESSAGE][PASSED] - Object: 'Object Repository/Home Page/Homa Page Tiles/Campaigns/Page_Samsung Marketing Cloud/a_Guidelines' is clicked on&#xD;
&#xD;
2019-10-11 15:04:23 - [TEST_STEP][PASSED] - delay(1): Delayed 1 second(s)&#xD;
&#xD;
2019-10-11 15:04:25 - [MESSAGE][PASSED] - Delayed 1 second(s)&#xD;
&#xD;
2019-10-11 15:04:25 - [TEST_STEP][PASSED] - url = getUrl(): Current window's url is: 'https://samsung-adzu4-staging.codeworldwide.com/#page/Assets?TagsID=5e861b2e-476e-47a7-8da6-1f8eaac0545d&amp;CampaignID=51a8da8e-2afa-4c47-ae26-e14f01ff5e7c&amp;CampaignText=S10%20Test%20Campaign'&#xD;
&#xD;
2019-10-11 15:04:26 - [MESSAGE][PASSED] - Current window's url is: 'https://samsung-adzu4-staging.codeworldwide.com/#page/Assets?TagsID=5e861b2e-476e-47a7-8da6-1f8eaac0545d&amp;CampaignID=51a8da8e-2afa-4c47-ae26-e14f01ff5e7c&amp;CampaignText=S10%20Test%20Campaign'&#xD;
&#xD;
2019-10-11 15:04:26 - [TEST_STEP][PASSED] - verifyMatch(url, "https://samsung-adzu4-staging.codeworldwide.com/#page/Assets?TagsID=5e861b2e-476e-47a7-8da6-1f8eaac0545d&amp;CampaignID=51a8da8e-2afa-4c47-ae26-e14f01ff5e7c&amp;CampaignText=S10%20Test%20Campaign", false): Actual text 'https://samsung-adzu4-staging.codeworldwide.com/#page/Assets?TagsID=5e861b2e-476e-47a7-8da6-1f8eaac0545d&amp;CampaignID=51a8da8e-2afa-4c47-ae26-e14f01ff5e7c&amp;CampaignText=S10%20Test%20Campaign' and expected text 'https://samsung-adzu4-staging.codeworldwide.com/#page/Assets?TagsID=5e861b2e-476e-47a7-8da6-1f8eaac0545d&amp;CampaignID=51a8da8e-2afa-4c47-ae26-e14f01ff5e7c&amp;CampaignText=S10%20Test%20Campaign' are matched &#xD;
&#xD;
2019-10-11 15:04:26 - [MESSAGE][PASSED] - Actual text 'https://samsung-adzu4-staging.codeworldwide.com/#page/Assets?TagsID=5e861b2e-476e-47a7-8da6-1f8eaac0545d&amp;CampaignID=51a8da8e-2afa-4c47-ae26-e14f01ff5e7c&amp;CampaignText=S10%20Test%20Campaign' and expected text 'https://samsung-adzu4-staging.codeworldwide.com/#page/Assets?TagsID=5e861b2e-476e-47a7-8da6-1f8eaac0545d&amp;CampaignID=51a8da8e-2afa-4c47-ae26-e14f01ff5e7c&amp;CampaignText=S10%20Test%20Campaign' are matched &#xD;
&#xD;
2019-10-11 15:04:26 - [TEST_STEP][PASSED] - navigateToUrl("https://samsung-adzu4-staging.codeworldwide.com/#page/GB/en-GB/AllDevices/S10"): Navigate to 'https://samsung-adzu4-staging.codeworldwide.com/#page/GB/en-GB/AllDevices/S10' successfully&#xD;
&#xD;
2019-10-11 15:04:27 - [MESSAGE][PASSED] - Navigate to 'https://samsung-adzu4-staging.codeworldwide.com/#page/GB/en-GB/AllDevices/S10' successfully&#xD;
&#xD;
2019-10-11 15:04:27 - [TEST_STEP][PASSED] - click(findTestObject("Home Page/Homa Page Tiles/Campaigns/Page_Samsung Marketing Cloud/a_Agency Briefs")): Object: 'Object Repository/Home Page/Homa Page Tiles/Campaigns/Page_Samsung Marketing Cloud/a_Agency Briefs' is clicked on&#xD;
&#xD;
2019-10-11 15:04:29 - [MESSAGE][PASSED] - Object: 'Object Repository/Home Page/Homa Page Tiles/Campaigns/Page_Samsung Marketing Cloud/a_Agency Briefs' is clicked on&#xD;
&#xD;
2019-10-11 15:04:29 - [TEST_STEP][PASSED] - delay(1): Delayed 1 second(s)&#xD;
&#xD;
2019-10-11 15:04:30 - [MESSAGE][PASSED] - Delayed 1 second(s)&#xD;
&#xD;
2019-10-11 15:04:30 - [TEST_STEP][PASSED] - url = getUrl(): Current window's url is: 'https://samsung-adzu4-staging.codeworldwide.com/#page/Assets?TagsID=0ad5caeb-cdde-46cb-a9dd-7bb8735ec59c&amp;CampaignID=51a8da8e-2afa-4c47-ae26-e14f01ff5e7c&amp;CampaignText=S10%20Test%20Campaign'&#xD;
&#xD;
2019-10-11 15:04:31 - [MESSAGE][PASSED] - Current window's url is: 'https://samsung-adzu4-staging.codeworldwide.com/#page/Assets?TagsID=0ad5caeb-cdde-46cb-a9dd-7bb8735ec59c&amp;CampaignID=51a8da8e-2afa-4c47-ae26-e14f01ff5e7c&amp;CampaignText=S10%20Test%20Campaign'&#xD;
&#xD;
2019-10-11 15:04:31 - [TEST_STEP][PASSED] - verifyMatch(url, "https://samsung-adzu4-staging.codeworldwide.com/#page/Assets?TagsID=0ad5caeb-cdde-46cb-a9dd-7bb8735ec59c&amp;CampaignID=51a8da8e-2afa-4c47-ae26-e14f01ff5e7c&amp;CampaignText=S10%20Test%20Campaign", false): Actual text 'https://samsung-adzu4-staging.codeworldwide.com/#page/Assets?TagsID=0ad5caeb-cdde-46cb-a9dd-7bb8735ec59c&amp;CampaignID=51a8da8e-2afa-4c47-ae26-e14f01ff5e7c&amp;CampaignText=S10%20Test%20Campaign' and expected text 'https://samsung-adzu4-staging.codeworldwide.com/#page/Assets?TagsID=0ad5caeb-cdde-46cb-a9dd-7bb8735ec59c&amp;CampaignID=51a8da8e-2afa-4c47-ae26-e14f01ff5e7c&amp;CampaignText=S10%20Test%20Campaign' are matched &#xD;
&#xD;
2019-10-11 15:04:31 - [MESSAGE][PASSED] - Actual text 'https://samsung-adzu4-staging.codeworldwide.com/#page/Assets?TagsID=0ad5caeb-cdde-46cb-a9dd-7bb8735ec59c&amp;CampaignID=51a8da8e-2afa-4c47-ae26-e14f01ff5e7c&amp;CampaignText=S10%20Test%20Campaign' and expected text 'https://samsung-adzu4-staging.codeworldwide.com/#page/Assets?TagsID=0ad5caeb-cdde-46cb-a9dd-7bb8735ec59c&amp;CampaignID=51a8da8e-2afa-4c47-ae26-e14f01ff5e7c&amp;CampaignText=S10%20Test%20Campaign' are matched &#xD;
&#xD;
2019-10-11 15:04:31 - [TEST_STEP][PASSED] - navigateToUrl("https://samsung-adzu4-staging.codeworldwide.com/#page/GB/en-GB/AllDevices/S10"): Navigate to 'https://samsung-adzu4-staging.codeworldwide.com/#page/GB/en-GB/AllDevices/S10' successfully&#xD;
&#xD;
2019-10-11 15:04:32 - [MESSAGE][PASSED] - Navigate to 'https://samsung-adzu4-staging.codeworldwide.com/#page/GB/en-GB/AllDevices/S10' successfully&#xD;
&#xD;
2019-10-11 15:04:32 - [TEST_STEP][PASSED] - scrollToElement(findTestObject("Home Page/Homa Page Tiles/Campaigns/Page_Samsung Marketing Cloud/h1_Available Adaptations"), 0): Scroll to object 'Object Repository/Home Page/Homa Page Tiles/Campaigns/Page_Samsung Marketing Cloud/h1_Available Adaptations' successfully&#xD;
&#xD;
2019-10-11 15:04:32 - [MESSAGE][WARNING] - Timeout '0' is invalid. Using default page load timeout: '30'&#xD;
&#xD;
2019-10-11 15:04:34 - [MESSAGE][PASSED] - Scroll to object 'Object Repository/Home Page/Homa Page Tiles/Campaigns/Page_Samsung Marketing Cloud/h1_Available Adaptations' successfully&#xD;
&#xD;
2019-10-11 15:04:34 - [TEST_STEP][PASSED] - click(findTestObject("Home Page/Homa Page Tiles/Campaigns/Page_Samsung Marketing Cloud/a_PVI assets")): Object: 'Object Repository/Home Page/Homa Page Tiles/Campaigns/Page_Samsung Marketing Cloud/a_PVI assets' is clicked on&#xD;
&#xD;
2019-10-11 15:04:36 - [MESSAGE][PASSED] - Object: 'Object Repository/Home Page/Homa Page Tiles/Campaigns/Page_Samsung Marketing Cloud/a_PVI assets' is clicked on&#xD;
&#xD;
2019-10-11 15:04:36 - [TEST_STEP][PASSED] - delay(1): Delayed 1 second(s)&#xD;
&#xD;
2019-10-11 15:04:37 - [MESSAGE][PASSED] - Delayed 1 second(s)&#xD;
&#xD;
2019-10-11 15:04:37 - [TEST_STEP][PASSED] - url = getUrl(): Current window's url is: 'https://samsung-adzu4-staging.codeworldwide.com/#page/Assets?TagsID=4bafa835-d8d1-4004-8e9e-0ff0b92e7079&amp;CampaignID=51a8da8e-2afa-4c47-ae26-e14f01ff5e7c&amp;CampaignText=S10%20Test%20Campaign'&#xD;
&#xD;
2019-10-11 15:04:38 - [MESSAGE][PASSED] - Current window's url is: 'https://samsung-adzu4-staging.codeworldwide.com/#page/Assets?TagsID=4bafa835-d8d1-4004-8e9e-0ff0b92e7079&amp;CampaignID=51a8da8e-2afa-4c47-ae26-e14f01ff5e7c&amp;CampaignText=S10%20Test%20Campaign'&#xD;
&#xD;
2019-10-11 15:04:38 - [TEST_STEP][PASSED] - verifyMatch(url, "https://samsung-adzu4-staging.codeworldwide.com/#page/Assets?TagsID=4bafa835-d8d1-4004-8e9e-0ff0b92e7079&amp;CampaignID=51a8da8e-2afa-4c47-ae26-e14f01ff5e7c&amp;CampaignText=S10%20Test%20Campaign", false): Actual text 'https://samsung-adzu4-staging.codeworldwide.com/#page/Assets?TagsID=4bafa835-d8d1-4004-8e9e-0ff0b92e7079&amp;CampaignID=51a8da8e-2afa-4c47-ae26-e14f01ff5e7c&amp;CampaignText=S10%20Test%20Campaign' and expected text 'https://samsung-adzu4-staging.codeworldwide.com/#page/Assets?TagsID=4bafa835-d8d1-4004-8e9e-0ff0b92e7079&amp;CampaignID=51a8da8e-2afa-4c47-ae26-e14f01ff5e7c&amp;CampaignText=S10%20Test%20Campaign' are matched &#xD;
&#xD;
2019-10-11 15:04:38 - [MESSAGE][PASSED] - Actual text 'https://samsung-adzu4-staging.codeworldwide.com/#page/Assets?TagsID=4bafa835-d8d1-4004-8e9e-0ff0b92e7079&amp;CampaignID=51a8da8e-2afa-4c47-ae26-e14f01ff5e7c&amp;CampaignText=S10%20Test%20Campaign' and expected text 'https://samsung-adzu4-staging.codeworldwide.com/#page/Assets?TagsID=4bafa835-d8d1-4004-8e9e-0ff0b92e7079&amp;CampaignID=51a8da8e-2afa-4c47-ae26-e14f01ff5e7c&amp;CampaignText=S10%20Test%20Campaign' are matched &#xD;
&#xD;
2019-10-11 15:04:38 - [TEST_STEP][PASSED] - navigateToUrl("https://samsung-adzu4-staging.codeworldwide.com/#page/GB/en-GB/AllDevices/S10"): Navigate to 'https://samsung-adzu4-staging.codeworldwide.com/#page/GB/en-GB/AllDevices/S10' successfully&#xD;
&#xD;
2019-10-11 15:04:39 - [MESSAGE][PASSED] - Navigate to 'https://samsung-adzu4-staging.codeworldwide.com/#page/GB/en-GB/AllDevices/S10' successfully&#xD;
&#xD;
2019-10-11 15:04:39 - [TEST_STEP][PASSED] - scrollToElement(findTestObject("Home Page/Homa Page Tiles/Campaigns/Page_Samsung Marketing Cloud/h1_Available Adaptations"), 0): Scroll to object 'Object Repository/Home Page/Homa Page Tiles/Campaigns/Page_Samsung Marketing Cloud/h1_Available Adaptations' successfully&#xD;
&#xD;
2019-10-11 15:04:39 - [MESSAGE][WARNING] - Timeout '0' is invalid. Using default page load timeout: '30'&#xD;
&#xD;
2019-10-11 15:04:41 - [MESSAGE][PASSED] - Scroll to object 'Object Repository/Home Page/Homa Page Tiles/Campaigns/Page_Samsung Marketing Cloud/h1_Available Adaptations' successfully&#xD;
&#xD;
2019-10-11 15:04:41 - [TEST_STEP][PASSED] - click(findTestObject("Home Page/Homa Page Tiles/Campaigns/Page_Samsung Marketing Cloud/a_Product specifications")): Object: 'Object Repository/Home Page/Homa Page Tiles/Campaigns/Page_Samsung Marketing Cloud/a_Product specifications' is clicked on&#xD;
&#xD;
2019-10-11 15:04:43 - [MESSAGE][PASSED] - Object: 'Object Repository/Home Page/Homa Page Tiles/Campaigns/Page_Samsung Marketing Cloud/a_Product specifications' is clicked on&#xD;
&#xD;
2019-10-11 15:04:43 - [TEST_STEP][PASSED] - delay(1): Delayed 1 second(s)&#xD;
&#xD;
2019-10-11 15:04:44 - [MESSAGE][PASSED] - Delayed 1 second(s)&#xD;
&#xD;
2019-10-11 15:04:44 - [TEST_STEP][PASSED] - url = getUrl(): Current window's url is: 'https://samsung-adzu4-staging.codeworldwide.com/#page/Assets?TagsID=8c18aa0f-a509-43b8-9830-0e5ff51e26de&amp;CampaignID=51a8da8e-2afa-4c47-ae26-e14f01ff5e7c&amp;CampaignText=S10%20Test%20Campaign'&#xD;
&#xD;
2019-10-11 15:04:45 - [MESSAGE][PASSED] - Current window's url is: 'https://samsung-adzu4-staging.codeworldwide.com/#page/Assets?TagsID=8c18aa0f-a509-43b8-9830-0e5ff51e26de&amp;CampaignID=51a8da8e-2afa-4c47-ae26-e14f01ff5e7c&amp;CampaignText=S10%20Test%20Campaign'&#xD;
&#xD;
2019-10-11 15:04:45 - [TEST_STEP][PASSED] - verifyMatch(url, "https://samsung-adzu4-staging.codeworldwide.com/#page/Assets?TagsID=8c18aa0f-a509-43b8-9830-0e5ff51e26de&amp;CampaignID=51a8da8e-2afa-4c47-ae26-e14f01ff5e7c&amp;CampaignText=S10%20Test%20Campaign", false): Actual text 'https://samsung-adzu4-staging.codeworldwide.com/#page/Assets?TagsID=8c18aa0f-a509-43b8-9830-0e5ff51e26de&amp;CampaignID=51a8da8e-2afa-4c47-ae26-e14f01ff5e7c&amp;CampaignText=S10%20Test%20Campaign' and expected text 'https://samsung-adzu4-staging.codeworldwide.com/#page/Assets?TagsID=8c18aa0f-a509-43b8-9830-0e5ff51e26de&amp;CampaignID=51a8da8e-2afa-4c47-ae26-e14f01ff5e7c&amp;CampaignText=S10%20Test%20Campaign' are matched &#xD;
&#xD;
2019-10-11 15:04:45 - [MESSAGE][PASSED] - Actual text 'https://samsung-adzu4-staging.codeworldwide.com/#page/Assets?TagsID=8c18aa0f-a509-43b8-9830-0e5ff51e26de&amp;CampaignID=51a8da8e-2afa-4c47-ae26-e14f01ff5e7c&amp;CampaignText=S10%20Test%20Campaign' and expected text 'https://samsung-adzu4-staging.codeworldwide.com/#page/Assets?TagsID=8c18aa0f-a509-43b8-9830-0e5ff51e26de&amp;CampaignID=51a8da8e-2afa-4c47-ae26-e14f01ff5e7c&amp;CampaignText=S10%20Test%20Campaign' are matched &#xD;
&#xD;
2019-10-11 15:04:45 - [TEST_STEP][PASSED] - navigateToUrl("https://samsung-adzu4-staging.codeworldwide.com/#page/GB/en-GB/AllDevices/S10"): Navigate to 'https://samsung-adzu4-staging.codeworldwide.com/#page/GB/en-GB/AllDevices/S10' successfully&#xD;
&#xD;
2019-10-11 15:04:46 - [MESSAGE][PASSED] - Navigate to 'https://samsung-adzu4-staging.codeworldwide.com/#page/GB/en-GB/AllDevices/S10' successfully&#xD;
&#xD;
2019-10-11 15:04:46 - [TEST_STEP][PASSED] - scrollToElement(findTestObject("Home Page/Homa Page Tiles/Campaigns/Page_Samsung Marketing Cloud/h1_Available Adaptations"), 0): Scroll to object 'Object Repository/Home Page/Homa Page Tiles/Campaigns/Page_Samsung Marketing Cloud/h1_Available Adaptations' successfully&#xD;
&#xD;
2019-10-11 15:04:46 - [MESSAGE][WARNING] - Timeout '0' is invalid. Using default page load timeout: '30'&#xD;
&#xD;
2019-10-11 15:04:48 - [MESSAGE][PASSED] - Scroll to object 'Object Repository/Home Page/Homa Page Tiles/Campaigns/Page_Samsung Marketing Cloud/h1_Available Adaptations' successfully&#xD;
&#xD;
2019-10-11 15:04:48 - [TEST_STEP][PASSED] - click(findTestObject("Home Page/Homa Page Tiles/Campaigns/Page_Samsung Marketing Cloud/a_Dot com")): Object: 'Object Repository/Home Page/Homa Page Tiles/Campaigns/Page_Samsung Marketing Cloud/a_Dot com' is clicked on&#xD;
&#xD;
2019-10-11 15:04:51 - [MESSAGE][PASSED] - Object: 'Object Repository/Home Page/Homa Page Tiles/Campaigns/Page_Samsung Marketing Cloud/a_Dot com' is clicked on&#xD;
&#xD;
2019-10-11 15:04:51 - [TEST_STEP][PASSED] - delay(1): Delayed 1 second(s)&#xD;
&#xD;
2019-10-11 15:04:52 - [MESSAGE][PASSED] - Delayed 1 second(s)&#xD;
&#xD;
2019-10-11 15:04:52 - [TEST_STEP][PASSED] - url = getUrl(): Current window's url is: 'https://samsung-adzu4-staging.codeworldwide.com/#page/Assets?MediaChannelId=bc05e939-0b63-6606-a1c7-39e942e52731&amp;MediaChannelText=Samsung.com&amp;CampaignID=51a8da8e-2afa-4c47-ae26-e14f01ff5e7c&amp;CampaignText=S10%20Test%20Campaign'&#xD;
&#xD;
2019-10-11 15:04:53 - [MESSAGE][PASSED] - Current window's url is: 'https://samsung-adzu4-staging.codeworldwide.com/#page/Assets?MediaChannelId=bc05e939-0b63-6606-a1c7-39e942e52731&amp;MediaChannelText=Samsung.com&amp;CampaignID=51a8da8e-2afa-4c47-ae26-e14f01ff5e7c&amp;CampaignText=S10%20Test%20Campaign'&#xD;
&#xD;
2019-10-11 15:04:53 - [TEST_STEP][PASSED] - verifyMatch(url, "https://samsung-adzu4-staging.codeworldwide.com/#page/Assets?MediaChannelId=bc05e939-0b63-6606-a1c7-39e942e52731&amp;MediaChannelText=Samsung.com&amp;CampaignID=51a8da8e-2afa-4c47-ae26-e14f01ff5e7c&amp;CampaignText=S10%20Test%20Campaign", false): Actual text 'https://samsung-adzu4-staging.codeworldwide.com/#page/Assets?MediaChannelId=bc05e939-0b63-6606-a1c7-39e942e52731&amp;MediaChannelText=Samsung.com&amp;CampaignID=51a8da8e-2afa-4c47-ae26-e14f01ff5e7c&amp;CampaignText=S10%20Test%20Campaign' and expected text 'https://samsung-adzu4-staging.codeworldwide.com/#page/Assets?MediaChannelId=bc05e939-0b63-6606-a1c7-39e942e52731&amp;MediaChannelText=Samsung.com&amp;CampaignID=51a8da8e-2afa-4c47-ae26-e14f01ff5e7c&amp;CampaignText=S10%20Test%20Campaign' are matched &#xD;
&#xD;
2019-10-11 15:04:53 - [MESSAGE][PASSED] - Actual text 'https://samsung-adzu4-staging.codeworldwide.com/#page/Assets?MediaChannelId=bc05e939-0b63-6606-a1c7-39e942e52731&amp;MediaChannelText=Samsung.com&amp;CampaignID=51a8da8e-2afa-4c47-ae26-e14f01ff5e7c&amp;CampaignText=S10%20Test%20Campaign' and expected text 'https://samsung-adzu4-staging.codeworldwide.com/#page/Assets?MediaChannelId=bc05e939-0b63-6606-a1c7-39e942e52731&amp;MediaChannelText=Samsung.com&amp;CampaignID=51a8da8e-2afa-4c47-ae26-e14f01ff5e7c&amp;CampaignText=S10%20Test%20Campaign' are matched &#xD;
&#xD;
2019-10-11 15:04:53 - [TEST_STEP][PASSED] - navigateToUrl("https://samsung-adzu4-staging.codeworldwide.com/#page/GB/en-GB/AllDevices/S10"): Navigate to 'https://samsung-adzu4-staging.codeworldwide.com/#page/GB/en-GB/AllDevices/S10' successfully&#xD;
&#xD;
2019-10-11 15:04:54 - [MESSAGE][PASSED] - Navigate to 'https://samsung-adzu4-staging.codeworldwide.com/#page/GB/en-GB/AllDevices/S10' successfully&#xD;
&#xD;
2019-10-11 15:04:54 - [TEST_STEP][PASSED] - scrollToElement(findTestObject("Home Page/Homa Page Tiles/Campaigns/Page_Samsung Marketing Cloud/h1_Available Adaptations"), 0): Scroll to object 'Object Repository/Home Page/Homa Page Tiles/Campaigns/Page_Samsung Marketing Cloud/h1_Available Adaptations' successfully&#xD;
&#xD;
2019-10-11 15:04:54 - [MESSAGE][WARNING] - Timeout '0' is invalid. Using default page load timeout: '30'&#xD;
&#xD;
2019-10-11 15:04:56 - [MESSAGE][PASSED] - Scroll to object 'Object Repository/Home Page/Homa Page Tiles/Campaigns/Page_Samsung Marketing Cloud/h1_Available Adaptations' successfully&#xD;
&#xD;
2019-10-11 15:04:56 - [TEST_STEP][PASSED] - click(findTestObject("Home Page/Homa Page Tiles/Campaigns/Page_Samsung Marketing Cloud/a_Members")): Object: 'Object Repository/Home Page/Homa Page Tiles/Campaigns/Page_Samsung Marketing Cloud/a_Members' is clicked on&#xD;
&#xD;
2019-10-11 15:04:58 - [MESSAGE][PASSED] - Object: 'Object Repository/Home Page/Homa Page Tiles/Campaigns/Page_Samsung Marketing Cloud/a_Members' is clicked on&#xD;
&#xD;
2019-10-11 15:04:58 - [TEST_STEP][PASSED] - delay(1): Delayed 1 second(s)&#xD;
&#xD;
2019-10-11 15:04:59 - [MESSAGE][PASSED] - Delayed 1 second(s)&#xD;
&#xD;
2019-10-11 15:04:59 - [TEST_STEP][PASSED] - url = getUrl(): Current window's url is: 'https://samsung-adzu4-staging.codeworldwide.com/#page/Assets?MediaChannelId=148bbef1-bee6-3420-4504-39e942e6eacc&amp;MediaChannelText=Members&amp;CampaignID=51a8da8e-2afa-4c47-ae26-e14f01ff5e7c&amp;CampaignText=S10%20Test%20Campaign'&#xD;
&#xD;
2019-10-11 15:05:00 - [MESSAGE][PASSED] - Current window's url is: 'https://samsung-adzu4-staging.codeworldwide.com/#page/Assets?MediaChannelId=148bbef1-bee6-3420-4504-39e942e6eacc&amp;MediaChannelText=Members&amp;CampaignID=51a8da8e-2afa-4c47-ae26-e14f01ff5e7c&amp;CampaignText=S10%20Test%20Campaign'&#xD;
&#xD;
2019-10-11 15:05:00 - [TEST_STEP][PASSED] - verifyMatch(url, "https://samsung-adzu4-staging.codeworldwide.com/#page/Assets?MediaChannelId=148bbef1-bee6-3420-4504-39e942e6eacc&amp;MediaChannelText=Members&amp;CampaignID=51a8da8e-2afa-4c47-ae26-e14f01ff5e7c&amp;CampaignText=S10%20Test%20Campaign", false): Actual text 'https://samsung-adzu4-staging.codeworldwide.com/#page/Assets?MediaChannelId=148bbef1-bee6-3420-4504-39e942e6eacc&amp;MediaChannelText=Members&amp;CampaignID=51a8da8e-2afa-4c47-ae26-e14f01ff5e7c&amp;CampaignText=S10%20Test%20Campaign' and expected text 'https://samsung-adzu4-staging.codeworldwide.com/#page/Assets?MediaChannelId=148bbef1-bee6-3420-4504-39e942e6eacc&amp;MediaChannelText=Members&amp;CampaignID=51a8da8e-2afa-4c47-ae26-e14f01ff5e7c&amp;CampaignText=S10%20Test%20Campaign' are matched &#xD;
&#xD;
2019-10-11 15:05:00 - [MESSAGE][PASSED] - Actual text 'https://samsung-adzu4-staging.codeworldwide.com/#page/Assets?MediaChannelId=148bbef1-bee6-3420-4504-39e942e6eacc&amp;MediaChannelText=Members&amp;CampaignID=51a8da8e-2afa-4c47-ae26-e14f01ff5e7c&amp;CampaignText=S10%20Test%20Campaign' and expected text 'https://samsung-adzu4-staging.codeworldwide.com/#page/Assets?MediaChannelId=148bbef1-bee6-3420-4504-39e942e6eacc&amp;MediaChannelText=Members&amp;CampaignID=51a8da8e-2afa-4c47-ae26-e14f01ff5e7c&amp;CampaignText=S10%20Test%20Campaign' are matched &#xD;
&#xD;
2019-10-11 15:05:00 - [TEST_STEP][PASSED] - navigateToUrl("https://samsung-adzu4-staging.codeworldwide.com/#page/GB/en-GB/AllDevices/S10"): Navigate to 'https://samsung-adzu4-staging.codeworldwide.com/#page/GB/en-GB/AllDevices/S10' successfully&#xD;
&#xD;
2019-10-11 15:05:01 - [MESSAGE][PASSED] - Navigate to 'https://samsung-adzu4-staging.codeworldwide.com/#page/GB/en-GB/AllDevices/S10' successfully&#xD;
&#xD;
2019-10-11 15:05:01 - [TEST_STEP][PASSED] - scrollToElement(findTestObject("Home Page/Homa Page Tiles/Campaigns/Page_Samsung Marketing Cloud/h1_Available Adaptations"), 0): Scroll to object 'Object Repository/Home Page/Homa Page Tiles/Campaigns/Page_Samsung Marketing Cloud/h1_Available Adaptations' successfully&#xD;
&#xD;
2019-10-11 15:05:01 - [MESSAGE][WARNING] - Timeout '0' is invalid. Using default page load timeout: '30'&#xD;
&#xD;
2019-10-11 15:05:03 - [MESSAGE][PASSED] - Scroll to object 'Object Repository/Home Page/Homa Page Tiles/Campaigns/Page_Samsung Marketing Cloud/h1_Available Adaptations' successfully&#xD;
&#xD;
2019-10-11 15:05:03 - [TEST_STEP][PASSED] - click(findTestObject("Home Page/Homa Page Tiles/Campaigns/Page_Samsung Marketing Cloud/a_Customer support")): Object: 'Object Repository/Home Page/Homa Page Tiles/Campaigns/Page_Samsung Marketing Cloud/a_Customer support' is clicked on&#xD;
&#xD;
2019-10-11 15:05:05 - [MESSAGE][PASSED] - Object: 'Object Repository/Home Page/Homa Page Tiles/Campaigns/Page_Samsung Marketing Cloud/a_Customer support' is clicked on&#xD;
&#xD;
2019-10-11 15:05:05 - [TEST_STEP][PASSED] - delay(1): Delayed 1 second(s)&#xD;
&#xD;
2019-10-11 15:05:06 - [MESSAGE][PASSED] - Delayed 1 second(s)&#xD;
&#xD;
2019-10-11 15:05:06 - [TEST_STEP][PASSED] - url = getUrl(): Current window's url is: 'https://samsung-adzu4-staging.codeworldwide.com/#page/Assets?MediaChannelId=fb8329fc-9545-1ceb-e72d-39e942e67719&amp;MediaChannelText=%09Customer%20Care%20Services&amp;CampaignID=51a8da8e-2afa-4c47-ae26-e14f01ff5e7c&amp;CampaignText=S10%20Test%20Campaign'&#xD;
&#xD;
2019-10-11 15:05:07 - [MESSAGE][PASSED] - Current window's url is: 'https://samsung-adzu4-staging.codeworldwide.com/#page/Assets?MediaChannelId=fb8329fc-9545-1ceb-e72d-39e942e67719&amp;MediaChannelText=%09Customer%20Care%20Services&amp;CampaignID=51a8da8e-2afa-4c47-ae26-e14f01ff5e7c&amp;CampaignText=S10%20Test%20Campaign'&#xD;
&#xD;
2019-10-11 15:05:07 - [TEST_STEP][PASSED] - verifyMatch(url, "https://samsung-adzu4-staging.codeworldwide.com/#page/Assets?MediaChannelId=fb8329fc-9545-1ceb-e72d-39e942e67719&amp;MediaChannelText=%09Customer%20Care%20Services&amp;CampaignID=51a8da8e-2afa-4c47-ae26-e14f01ff5e7c&amp;CampaignText=S10%20Test%20Campaign", false): Actual text 'https://samsung-adzu4-staging.codeworldwide.com/#page/Assets?MediaChannelId=fb8329fc-9545-1ceb-e72d-39e942e67719&amp;MediaChannelText=%09Customer%20Care%20Services&amp;CampaignID=51a8da8e-2afa-4c47-ae26-e14f01ff5e7c&amp;CampaignText=S10%20Test%20Campaign' and expected text 'https://samsung-adzu4-staging.codeworldwide.com/#page/Assets?MediaChannelId=fb8329fc-9545-1ceb-e72d-39e942e67719&amp;MediaChannelText=%09Customer%20Care%20Services&amp;CampaignID=51a8da8e-2afa-4c47-ae26-e14f01ff5e7c&amp;CampaignText=S10%20Test%20Campaign' are matched &#xD;
&#xD;
2019-10-11 15:05:07 - [MESSAGE][PASSED] - Actual text 'https://samsung-adzu4-staging.codeworldwide.com/#page/Assets?MediaChannelId=fb8329fc-9545-1ceb-e72d-39e942e67719&amp;MediaChannelText=%09Customer%20Care%20Services&amp;CampaignID=51a8da8e-2afa-4c47-ae26-e14f01ff5e7c&amp;CampaignText=S10%20Test%20Campaign' and expected text 'https://samsung-adzu4-staging.codeworldwide.com/#page/Assets?MediaChannelId=fb8329fc-9545-1ceb-e72d-39e942e67719&amp;MediaChannelText=%09Customer%20Care%20Services&amp;CampaignID=51a8da8e-2afa-4c47-ae26-e14f01ff5e7c&amp;CampaignText=S10%20Test%20Campaign' are matched &#xD;
&#xD;
2019-10-11 15:05:07 - [TEST_STEP][PASSED] - navigateToUrl("https://samsung-adzu4-staging.codeworldwide.com/#page/GB/en-GB/AllDevices/S10"): Navigate to 'https://samsung-adzu4-staging.codeworldwide.com/#page/GB/en-GB/AllDevices/S10' successfully&#xD;
&#xD;
2019-10-11 15:05:08 - [MESSAGE][PASSED] - Navigate to 'https://samsung-adzu4-staging.codeworldwide.com/#page/GB/en-GB/AllDevices/S10' successfully&#xD;
&#xD;
2019-10-11 15:05:08 - [TEST_STEP][PASSED] - scrollToElement(findTestObject("Home Page/Homa Page Tiles/Campaigns/Page_Samsung Marketing Cloud/h1_Available Adaptations"), 0): Scroll to object 'Object Repository/Home Page/Homa Page Tiles/Campaigns/Page_Samsung Marketing Cloud/h1_Available Adaptations' successfully&#xD;
&#xD;
2019-10-11 15:05:08 - [MESSAGE][WARNING] - Timeout '0' is invalid. Using default page load timeout: '30'&#xD;
&#xD;
2019-10-11 15:05:10 - [MESSAGE][PASSED] - Scroll to object 'Object Repository/Home Page/Homa Page Tiles/Campaigns/Page_Samsung Marketing Cloud/h1_Available Adaptations' successfully&#xD;
&#xD;
2019-10-11 15:05:10 - [TEST_STEP][PASSED] - click(findTestObject("Home Page/Homa Page Tiles/Campaigns/Page_Samsung Marketing Cloud/a_eRetail")): Object: 'Object Repository/Home Page/Homa Page Tiles/Campaigns/Page_Samsung Marketing Cloud/a_eRetail' is clicked on&#xD;
&#xD;
2019-10-11 15:05:12 - [MESSAGE][PASSED] - Object: 'Object Repository/Home Page/Homa Page Tiles/Campaigns/Page_Samsung Marketing Cloud/a_eRetail' is clicked on&#xD;
&#xD;
2019-10-11 15:05:12 - [TEST_STEP][PASSED] - delay(1): Delayed 1 second(s)&#xD;
&#xD;
2019-10-11 15:05:13 - [MESSAGE][PASSED] - Delayed 1 second(s)&#xD;
&#xD;
2019-10-11 15:05:13 - [TEST_STEP][PASSED] - url = getUrl(): Current window's url is: 'https://samsung-adzu4-staging.codeworldwide.com/#page/Assets?MediaChannelId=2e70a285-f254-76e1-b316-39e942e56d30&amp;MediaChannelText=eRetail&amp;CampaignID=51a8da8e-2afa-4c47-ae26-e14f01ff5e7c&amp;CampaignText=S10%20Test%20Campaign'&#xD;
&#xD;
2019-10-11 15:05:14 - [MESSAGE][PASSED] - Current window's url is: 'https://samsung-adzu4-staging.codeworldwide.com/#page/Assets?MediaChannelId=2e70a285-f254-76e1-b316-39e942e56d30&amp;MediaChannelText=eRetail&amp;CampaignID=51a8da8e-2afa-4c47-ae26-e14f01ff5e7c&amp;CampaignText=S10%20Test%20Campaign'&#xD;
&#xD;
2019-10-11 15:05:14 - [TEST_STEP][PASSED] - verifyMatch(url, "https://samsung-adzu4-staging.codeworldwide.com/#page/Assets?MediaChannelId=2e70a285-f254-76e1-b316-39e942e56d30&amp;MediaChannelText=eRetail&amp;CampaignID=51a8da8e-2afa-4c47-ae26-e14f01ff5e7c&amp;CampaignText=S10%20Test%20Campaign", false): Actual text 'https://samsung-adzu4-staging.codeworldwide.com/#page/Assets?MediaChannelId=2e70a285-f254-76e1-b316-39e942e56d30&amp;MediaChannelText=eRetail&amp;CampaignID=51a8da8e-2afa-4c47-ae26-e14f01ff5e7c&amp;CampaignText=S10%20Test%20Campaign' and expected text 'https://samsung-adzu4-staging.codeworldwide.com/#page/Assets?MediaChannelId=2e70a285-f254-76e1-b316-39e942e56d30&amp;MediaChannelText=eRetail&amp;CampaignID=51a8da8e-2afa-4c47-ae26-e14f01ff5e7c&amp;CampaignText=S10%20Test%20Campaign' are matched &#xD;
&#xD;
2019-10-11 15:05:14 - [MESSAGE][PASSED] - Actual text 'https://samsung-adzu4-staging.codeworldwide.com/#page/Assets?MediaChannelId=2e70a285-f254-76e1-b316-39e942e56d30&amp;MediaChannelText=eRetail&amp;CampaignID=51a8da8e-2afa-4c47-ae26-e14f01ff5e7c&amp;CampaignText=S10%20Test%20Campaign' and expected text 'https://samsung-adzu4-staging.codeworldwide.com/#page/Assets?MediaChannelId=2e70a285-f254-76e1-b316-39e942e56d30&amp;MediaChannelText=eRetail&amp;CampaignID=51a8da8e-2afa-4c47-ae26-e14f01ff5e7c&amp;CampaignText=S10%20Test%20Campaign' are matched &#xD;
&#xD;
2019-10-11 15:05:14 - [TEST_STEP][PASSED] - navigateToUrl("https://samsung-adzu4-staging.codeworldwide.com/#page/GB/en-GB/AllDevices/S10"): Navigate to 'https://samsung-adzu4-staging.codeworldwide.com/#page/GB/en-GB/AllDevices/S10' successfully&#xD;
&#xD;
2019-10-11 15:05:16 - [MESSAGE][PASSED] - Navigate to 'https://samsung-adzu4-staging.codeworldwide.com/#page/GB/en-GB/AllDevices/S10' successfully&#xD;
&#xD;
2019-10-11 15:05:16 - [TEST_STEP][PASSED] - scrollToElement(findTestObject("Home Page/Homa Page Tiles/Campaigns/Page_Samsung Marketing Cloud/h1_Available Adaptations"), 0): Scroll to object 'Object Repository/Home Page/Homa Page Tiles/Campaigns/Page_Samsung Marketing Cloud/h1_Available Adaptations' successfully&#xD;
&#xD;
2019-10-11 15:05:16 - [MESSAGE][WARNING] - Timeout '0' is invalid. Using default page load timeout: '30'&#xD;
&#xD;
2019-10-11 15:05:18 - [MESSAGE][PASSED] - Scroll to object 'Object Repository/Home Page/Homa Page Tiles/Campaigns/Page_Samsung Marketing Cloud/h1_Available Adaptations' successfully&#xD;
&#xD;
2019-10-11 15:05:18 - [TEST_STEP][PASSED] - click(findTestObject("Home Page/Homa Page Tiles/Campaigns/Page_Samsung Marketing Cloud/a_Retail marketing")): Object: 'Object Repository/Home Page/Homa Page Tiles/Campaigns/Page_Samsung Marketing Cloud/a_Retail marketing' is clicked on&#xD;
&#xD;
2019-10-11 15:05:20 - [MESSAGE][PASSED] - Object: 'Object Repository/Home Page/Homa Page Tiles/Campaigns/Page_Samsung Marketing Cloud/a_Retail marketing' is clicked on&#xD;
&#xD;
2019-10-11 15:05:20 - [TEST_STEP][PASSED] - delay(1): Delayed 1 second(s)&#xD;
&#xD;
2019-10-11 15:05:21 - [MESSAGE][PASSED] - Delayed 1 second(s)&#xD;
&#xD;
2019-10-11 15:05:21 - [TEST_STEP][PASSED] - url = getUrl(): Current window's url is: 'https://samsung-adzu4-staging.codeworldwide.com/#page/Assets?MediaChannelId=5e98f30f-0197-d02e-ff7c-39e942e93d93&amp;MediaChannelText=Retail%20Marketing&amp;CampaignID=51a8da8e-2afa-4c47-ae26-e14f01ff5e7c&amp;CampaignText=S10%20Test%20Campaign'&#xD;
&#xD;
2019-10-11 15:05:22 - [MESSAGE][PASSED] - Current window's url is: 'https://samsung-adzu4-staging.codeworldwide.com/#page/Assets?MediaChannelId=5e98f30f-0197-d02e-ff7c-39e942e93d93&amp;MediaChannelText=Retail%20Marketing&amp;CampaignID=51a8da8e-2afa-4c47-ae26-e14f01ff5e7c&amp;CampaignText=S10%20Test%20Campaign'&#xD;
&#xD;
2019-10-11 15:05:22 - [TEST_STEP][PASSED] - verifyMatch(url, "https://samsung-adzu4-staging.codeworldwide.com/#page/Assets?MediaChannelId=5e98f30f-0197-d02e-ff7c-39e942e93d93&amp;MediaChannelText=Retail%20Marketing&amp;CampaignID=51a8da8e-2afa-4c47-ae26-e14f01ff5e7c&amp;CampaignText=S10%20Test%20Campaign", false): Actual text 'https://samsung-adzu4-staging.codeworldwide.com/#page/Assets?MediaChannelId=5e98f30f-0197-d02e-ff7c-39e942e93d93&amp;MediaChannelText=Retail%20Marketing&amp;CampaignID=51a8da8e-2afa-4c47-ae26-e14f01ff5e7c&amp;CampaignText=S10%20Test%20Campaign' and expected text 'https://samsung-adzu4-staging.codeworldwide.com/#page/Assets?MediaChannelId=5e98f30f-0197-d02e-ff7c-39e942e93d93&amp;MediaChannelText=Retail%20Marketing&amp;CampaignID=51a8da8e-2afa-4c47-ae26-e14f01ff5e7c&amp;CampaignText=S10%20Test%20Campaign' are matched &#xD;
&#xD;
2019-10-11 15:05:22 - [MESSAGE][PASSED] - Actual text 'https://samsung-adzu4-staging.codeworldwide.com/#page/Assets?MediaChannelId=5e98f30f-0197-d02e-ff7c-39e942e93d93&amp;MediaChannelText=Retail%20Marketing&amp;CampaignID=51a8da8e-2afa-4c47-ae26-e14f01ff5e7c&amp;CampaignText=S10%20Test%20Campaign' and expected text 'https://samsung-adzu4-staging.codeworldwide.com/#page/Assets?MediaChannelId=5e98f30f-0197-d02e-ff7c-39e942e93d93&amp;MediaChannelText=Retail%20Marketing&amp;CampaignID=51a8da8e-2afa-4c47-ae26-e14f01ff5e7c&amp;CampaignText=S10%20Test%20Campaign' are matched &#xD;
&#xD;
2019-10-11 15:05:22 - [TEST_STEP][PASSED] - navigateToUrl("https://samsung-adzu4-staging.codeworldwide.com/#page/GB/en-GB/AllDevices/S10"): Navigate to 'https://samsung-adzu4-staging.codeworldwide.com/#page/GB/en-GB/AllDevices/S10' successfully&#xD;
&#xD;
2019-10-11 15:05:23 - [MESSAGE][PASSED] - Navigate to 'https://samsung-adzu4-staging.codeworldwide.com/#page/GB/en-GB/AllDevices/S10' successfully&#xD;
&#xD;
2019-10-11 15:05:23 - [TEST_STEP][PASSED] - scrollToElement(findTestObject("Home Page/Homa Page Tiles/Campaigns/Page_Samsung Marketing Cloud/h1_Available Adaptations"), 0): Scroll to object 'Object Repository/Home Page/Homa Page Tiles/Campaigns/Page_Samsung Marketing Cloud/h1_Available Adaptations' successfully&#xD;
&#xD;
2019-10-11 15:05:23 - [MESSAGE][WARNING] - Timeout '0' is invalid. Using default page load timeout: '30'&#xD;
&#xD;
2019-10-11 15:05:25 - [MESSAGE][PASSED] - Scroll to object 'Object Repository/Home Page/Homa Page Tiles/Campaigns/Page_Samsung Marketing Cloud/h1_Available Adaptations' successfully&#xD;
&#xD;
2019-10-11 15:05:25 - [TEST_STEP][PASSED] - click(findTestObject("Home Page/Homa Page Tiles/Campaigns/Page_Samsung Marketing Cloud/a_Digital media")): Object: 'Object Repository/Home Page/Homa Page Tiles/Campaigns/Page_Samsung Marketing Cloud/a_Digital media' is clicked on&#xD;
&#xD;
2019-10-11 15:05:27 - [MESSAGE][PASSED] - Object: 'Object Repository/Home Page/Homa Page Tiles/Campaigns/Page_Samsung Marketing Cloud/a_Digital media' is clicked on&#xD;
&#xD;
2019-10-11 15:05:27 - [TEST_STEP][PASSED] - delay(1): Delayed 1 second(s)&#xD;
&#xD;
2019-10-11 15:05:28 - [MESSAGE][PASSED] - Delayed 1 second(s)&#xD;
&#xD;
2019-10-11 15:05:28 - [TEST_STEP][PASSED] - url = getUrl(): Current window's url is: 'https://samsung-adzu4-staging.codeworldwide.com/#page/Assets?MediaChannelId=fd3717a5-4374-4940-3df3-39e942e5ea44&amp;MediaChannelText=Digital%20Media&amp;CampaignID=51a8da8e-2afa-4c47-ae26-e14f01ff5e7c&amp;CampaignText=S10%20Test%20Campaign'&#xD;
&#xD;
2019-10-11 15:05:29 - [MESSAGE][PASSED] - Current window's url is: 'https://samsung-adzu4-staging.codeworldwide.com/#page/Assets?MediaChannelId=fd3717a5-4374-4940-3df3-39e942e5ea44&amp;MediaChannelText=Digital%20Media&amp;CampaignID=51a8da8e-2afa-4c47-ae26-e14f01ff5e7c&amp;CampaignText=S10%20Test%20Campaign'&#xD;
&#xD;
2019-10-11 15:05:29 - [TEST_STEP][PASSED] - verifyMatch(url, "https://samsung-adzu4-staging.codeworldwide.com/#page/Assets?MediaChannelId=fd3717a5-4374-4940-3df3-39e942e5ea44&amp;MediaChannelText=Digital%20Media&amp;CampaignID=51a8da8e-2afa-4c47-ae26-e14f01ff5e7c&amp;CampaignText=S10%20Test%20Campaign", false): Actual text 'https://samsung-adzu4-staging.codeworldwide.com/#page/Assets?MediaChannelId=fd3717a5-4374-4940-3df3-39e942e5ea44&amp;MediaChannelText=Digital%20Media&amp;CampaignID=51a8da8e-2afa-4c47-ae26-e14f01ff5e7c&amp;CampaignText=S10%20Test%20Campaign' and expected text 'https://samsung-adzu4-staging.codeworldwide.com/#page/Assets?MediaChannelId=fd3717a5-4374-4940-3df3-39e942e5ea44&amp;MediaChannelText=Digital%20Media&amp;CampaignID=51a8da8e-2afa-4c47-ae26-e14f01ff5e7c&amp;CampaignText=S10%20Test%20Campaign' are matched &#xD;
&#xD;
2019-10-11 15:05:29 - [MESSAGE][PASSED] - Actual text 'https://samsung-adzu4-staging.codeworldwide.com/#page/Assets?MediaChannelId=fd3717a5-4374-4940-3df3-39e942e5ea44&amp;MediaChannelText=Digital%20Media&amp;CampaignID=51a8da8e-2afa-4c47-ae26-e14f01ff5e7c&amp;CampaignText=S10%20Test%20Campaign' and expected text 'https://samsung-adzu4-staging.codeworldwide.com/#page/Assets?MediaChannelId=fd3717a5-4374-4940-3df3-39e942e5ea44&amp;MediaChannelText=Digital%20Media&amp;CampaignID=51a8da8e-2afa-4c47-ae26-e14f01ff5e7c&amp;CampaignText=S10%20Test%20Campaign' are matched &#xD;
&#xD;
2019-10-11 15:05:29 - [TEST_STEP][PASSED] - navigateToUrl("https://samsung-adzu4-staging.codeworldwide.com/#page/GB/en-GB/AllDevices/S10"): Navigate to 'https://samsung-adzu4-staging.codeworldwide.com/#page/GB/en-GB/AllDevices/S10' successfully&#xD;
&#xD;
2019-10-11 15:05:30 - [MESSAGE][PASSED] - Navigate to 'https://samsung-adzu4-staging.codeworldwide.com/#page/GB/en-GB/AllDevices/S10' successfully&#xD;
&#xD;
2019-10-11 15:05:30 - [TEST_STEP][PASSED] - scrollToElement(findTestObject("Home Page/Homa Page Tiles/Campaigns/Page_Samsung Marketing Cloud/h1_Available Adaptations"), 0): Scroll to object 'Object Repository/Home Page/Homa Page Tiles/Campaigns/Page_Samsung Marketing Cloud/h1_Available Adaptations' successfully&#xD;
&#xD;
2019-10-11 15:05:30 - [MESSAGE][WARNING] - Timeout '0' is invalid. Using default page load timeout: '30'&#xD;
&#xD;
2019-10-11 15:05:32 - [MESSAGE][PASSED] - Scroll to object 'Object Repository/Home Page/Homa Page Tiles/Campaigns/Page_Samsung Marketing Cloud/h1_Available Adaptations' successfully&#xD;
&#xD;
2019-10-11 15:05:32 - [TEST_STEP][PASSED] - click(findTestObject("Home Page/Homa Page Tiles/Campaigns/Page_Samsung Marketing Cloud/a_CDM")): Object: 'Object Repository/Home Page/Homa Page Tiles/Campaigns/Page_Samsung Marketing Cloud/a_CDM' is clicked on&#xD;
&#xD;
2019-10-11 15:05:34 - [MESSAGE][PASSED] - Object: 'Object Repository/Home Page/Homa Page Tiles/Campaigns/Page_Samsung Marketing Cloud/a_CDM' is clicked on&#xD;
&#xD;
2019-10-11 15:05:34 - [TEST_STEP][PASSED] - delay(1): Delayed 1 second(s)&#xD;
&#xD;
2019-10-11 15:05:35 - [MESSAGE][PASSED] - Delayed 1 second(s)&#xD;
&#xD;
2019-10-11 15:05:35 - [TEST_STEP][PASSED] - url = getUrl(): Current window's url is: 'https://samsung-adzu4-staging.codeworldwide.com/#page/Assets?MediaChannelId=e66cdcea-6007-2467-35e9-39e942e6aae3&amp;MediaChannelText=CDM&amp;CampaignID=51a8da8e-2afa-4c47-ae26-e14f01ff5e7c&amp;CampaignText=S10%20Test%20Campaign'&#xD;
&#xD;
2019-10-11 15:05:36 - [MESSAGE][PASSED] - Current window's url is: 'https://samsung-adzu4-staging.codeworldwide.com/#page/Assets?MediaChannelId=e66cdcea-6007-2467-35e9-39e942e6aae3&amp;MediaChannelText=CDM&amp;CampaignID=51a8da8e-2afa-4c47-ae26-e14f01ff5e7c&amp;CampaignText=S10%20Test%20Campaign'&#xD;
&#xD;
2019-10-11 15:05:36 - [TEST_STEP][PASSED] - verifyMatch(url, "https://samsung-adzu4-staging.codeworldwide.com/#page/Assets?MediaChannelId=e66cdcea-6007-2467-35e9-39e942e6aae3&amp;MediaChannelText=CDM&amp;CampaignID=51a8da8e-2afa-4c47-ae26-e14f01ff5e7c&amp;CampaignText=S10%20Test%20Campaign", false): Actual text 'https://samsung-adzu4-staging.codeworldwide.com/#page/Assets?MediaChannelId=e66cdcea-6007-2467-35e9-39e942e6aae3&amp;MediaChannelText=CDM&amp;CampaignID=51a8da8e-2afa-4c47-ae26-e14f01ff5e7c&amp;CampaignText=S10%20Test%20Campaign' and expected text 'https://samsung-adzu4-staging.codeworldwide.com/#page/Assets?MediaChannelId=e66cdcea-6007-2467-35e9-39e942e6aae3&amp;MediaChannelText=CDM&amp;CampaignID=51a8da8e-2afa-4c47-ae26-e14f01ff5e7c&amp;CampaignText=S10%20Test%20Campaign' are matched &#xD;
&#xD;
2019-10-11 15:05:36 - [MESSAGE][PASSED] - Actual text 'https://samsung-adzu4-staging.codeworldwide.com/#page/Assets?MediaChannelId=e66cdcea-6007-2467-35e9-39e942e6aae3&amp;MediaChannelText=CDM&amp;CampaignID=51a8da8e-2afa-4c47-ae26-e14f01ff5e7c&amp;CampaignText=S10%20Test%20Campaign' and expected text 'https://samsung-adzu4-staging.codeworldwide.com/#page/Assets?MediaChannelId=e66cdcea-6007-2467-35e9-39e942e6aae3&amp;MediaChannelText=CDM&amp;CampaignID=51a8da8e-2afa-4c47-ae26-e14f01ff5e7c&amp;CampaignText=S10%20Test%20Campaign' are matched &#xD;
&#xD;
2019-10-11 15:05:36 - [TEST_STEP][PASSED] - navigateToUrl("https://samsung-adzu4-staging.codeworldwide.com/#page/GB/en-GB/AllDevices/S10"): Navigate to 'https://samsung-adzu4-staging.codeworldwide.com/#page/GB/en-GB/AllDevices/S10' successfully&#xD;
&#xD;
2019-10-11 15:05:37 - [MESSAGE][PASSED] - Navigate to 'https://samsung-adzu4-staging.codeworldwide.com/#page/GB/en-GB/AllDevices/S10' successfully&#xD;
&#xD;
2019-10-11 15:05:37 - [TEST_STEP][PASSED] - scrollToElement(findTestObject("Home Page/Homa Page Tiles/Campaigns/Page_Samsung Marketing Cloud/h1_Available Adaptations"), 0): Scroll to object 'Object Repository/Home Page/Homa Page Tiles/Campaigns/Page_Samsung Marketing Cloud/h1_Available Adaptations' successfully&#xD;
&#xD;
2019-10-11 15:05:37 - [MESSAGE][WARNING] - Timeout '0' is invalid. Using default page load timeout: '30'&#xD;
&#xD;
2019-10-11 15:05:39 - [MESSAGE][PASSED] - Scroll to object 'Object Repository/Home Page/Homa Page Tiles/Campaigns/Page_Samsung Marketing Cloud/h1_Available Adaptations' successfully&#xD;
&#xD;
2019-10-11 15:05:39 - [TEST_STEP][PASSED] - click(findTestObject("Home Page/Homa Page Tiles/Campaigns/Page_Samsung Marketing Cloud/a_Social")): Object: 'Object Repository/Home Page/Homa Page Tiles/Campaigns/Page_Samsung Marketing Cloud/a_Social' is clicked on&#xD;
&#xD;
2019-10-11 15:05:42 - [MESSAGE][PASSED] - Object: 'Object Repository/Home Page/Homa Page Tiles/Campaigns/Page_Samsung Marketing Cloud/a_Social' is clicked on&#xD;
&#xD;
2019-10-11 15:05:42 - [TEST_STEP][PASSED] - delay(1): Delayed 1 second(s)&#xD;
&#xD;
2019-10-11 15:05:43 - [MESSAGE][PASSED] - Delayed 1 second(s)&#xD;
&#xD;
2019-10-11 15:05:43 - [TEST_STEP][PASSED] - url = getUrl(): Current window's url is: 'https://samsung-adzu4-staging.codeworldwide.com/#page/Assets?MediaChannelId=8aa42629-2b35-f82d-6471-39e942e63134&amp;MediaChannelText=Social&amp;CampaignID=51a8da8e-2afa-4c47-ae26-e14f01ff5e7c&amp;CampaignText=S10%20Test%20Campaign'&#xD;
&#xD;
2019-10-11 15:05:44 - [MESSAGE][PASSED] - Current window's url is: 'https://samsung-adzu4-staging.codeworldwide.com/#page/Assets?MediaChannelId=8aa42629-2b35-f82d-6471-39e942e63134&amp;MediaChannelText=Social&amp;CampaignID=51a8da8e-2afa-4c47-ae26-e14f01ff5e7c&amp;CampaignText=S10%20Test%20Campaign'&#xD;
&#xD;
2019-10-11 15:05:44 - [TEST_STEP][PASSED] - verifyMatch(url, "https://samsung-adzu4-staging.codeworldwide.com/#page/Assets?MediaChannelId=8aa42629-2b35-f82d-6471-39e942e63134&amp;MediaChannelText=Social&amp;CampaignID=51a8da8e-2afa-4c47-ae26-e14f01ff5e7c&amp;CampaignText=S10%20Test%20Campaign", false): Actual text 'https://samsung-adzu4-staging.codeworldwide.com/#page/Assets?MediaChannelId=8aa42629-2b35-f82d-6471-39e942e63134&amp;MediaChannelText=Social&amp;CampaignID=51a8da8e-2afa-4c47-ae26-e14f01ff5e7c&amp;CampaignText=S10%20Test%20Campaign' and expected text 'https://samsung-adzu4-staging.codeworldwide.com/#page/Assets?MediaChannelId=8aa42629-2b35-f82d-6471-39e942e63134&amp;MediaChannelText=Social&amp;CampaignID=51a8da8e-2afa-4c47-ae26-e14f01ff5e7c&amp;CampaignText=S10%20Test%20Campaign' are matched &#xD;
&#xD;
2019-10-11 15:05:44 - [MESSAGE][PASSED] - Actual text 'https://samsung-adzu4-staging.codeworldwide.com/#page/Assets?MediaChannelId=8aa42629-2b35-f82d-6471-39e942e63134&amp;MediaChannelText=Social&amp;CampaignID=51a8da8e-2afa-4c47-ae26-e14f01ff5e7c&amp;CampaignText=S10%20Test%20Campaign' and expected text 'https://samsung-adzu4-staging.codeworldwide.com/#page/Assets?MediaChannelId=8aa42629-2b35-f82d-6471-39e942e63134&amp;MediaChannelText=Social&amp;CampaignID=51a8da8e-2afa-4c47-ae26-e14f01ff5e7c&amp;CampaignText=S10%20Test%20Campaign' are matched &#xD;
&#xD;
2019-10-11 15:05:44 - [TEST_STEP][PASSED] - navigateToUrl("https://samsung-adzu4-staging.codeworldwide.com/#page/GB/en-GB/AllDevices/S10"): Navigate to 'https://samsung-adzu4-staging.codeworldwide.com/#page/GB/en-GB/AllDevices/S10' successfully&#xD;
&#xD;
2019-10-11 15:05:45 - [MESSAGE][PASSED] - Navigate to 'https://samsung-adzu4-staging.codeworldwide.com/#page/GB/en-GB/AllDevices/S10' successfully&#xD;
&#xD;
2019-10-11 15:05:45 - [TEST_STEP][PASSED] - scrollToElement(findTestObject("Home Page/Homa Page Tiles/Campaigns/Page_Samsung Marketing Cloud/h1_Available Adaptations"), 0): Scroll to object 'Object Repository/Home Page/Homa Page Tiles/Campaigns/Page_Samsung Marketing Cloud/h1_Available Adaptations' successfully&#xD;
&#xD;
2019-10-11 15:05:45 - [MESSAGE][WARNING] - Timeout '0' is invalid. Using default page load timeout: '30'&#xD;
&#xD;
2019-10-11 15:05:47 - [MESSAGE][PASSED] - Scroll to object 'Object Repository/Home Page/Homa Page Tiles/Campaigns/Page_Samsung Marketing Cloud/h1_Available Adaptations' successfully&#xD;
&#xD;
2019-10-11 15:05:47 - [TEST_STEP][PASSED] - click(findTestObject("Home Page/Homa Page Tiles/Campaigns/Page_Samsung Marketing Cloud/a_TVC")): Object: 'Object Repository/Home Page/Homa Page Tiles/Campaigns/Page_Samsung Marketing Cloud/a_TVC' is clicked on&#xD;
&#xD;
2019-10-11 15:05:49 - [MESSAGE][PASSED] - Object: 'Object Repository/Home Page/Homa Page Tiles/Campaigns/Page_Samsung Marketing Cloud/a_TVC' is clicked on&#xD;
&#xD;
2019-10-11 15:05:49 - [TEST_STEP][PASSED] - delay(1): Delayed 1 second(s)&#xD;
&#xD;
2019-10-11 15:05:50 - [MESSAGE][PASSED] - Delayed 1 second(s)&#xD;
&#xD;
2019-10-11 15:05:50 - [TEST_STEP][PASSED] - url = getUrl(): Current window's url is: 'https://samsung-adzu4-staging.codeworldwide.com/#page/Assets?MediaChannelId=faad2f4d-3e9b-e423-0e58-39e942e7549f&amp;MediaChannelText=TVC&amp;CampaignID=51a8da8e-2afa-4c47-ae26-e14f01ff5e7c&amp;CampaignText=S10%20Test%20Campaign'&#xD;
&#xD;
2019-10-11 15:05:51 - [MESSAGE][PASSED] - Current window's url is: 'https://samsung-adzu4-staging.codeworldwide.com/#page/Assets?MediaChannelId=faad2f4d-3e9b-e423-0e58-39e942e7549f&amp;MediaChannelText=TVC&amp;CampaignID=51a8da8e-2afa-4c47-ae26-e14f01ff5e7c&amp;CampaignText=S10%20Test%20Campaign'&#xD;
&#xD;
2019-10-11 15:05:51 - [TEST_STEP][PASSED] - verifyMatch(url, "https://samsung-adzu4-staging.codeworldwide.com/#page/Assets?MediaChannelId=faad2f4d-3e9b-e423-0e58-39e942e7549f&amp;MediaChannelText=TVC&amp;CampaignID=51a8da8e-2afa-4c47-ae26-e14f01ff5e7c&amp;CampaignText=S10%20Test%20Campaign", false): Actual text 'https://samsung-adzu4-staging.codeworldwide.com/#page/Assets?MediaChannelId=faad2f4d-3e9b-e423-0e58-39e942e7549f&amp;MediaChannelText=TVC&amp;CampaignID=51a8da8e-2afa-4c47-ae26-e14f01ff5e7c&amp;CampaignText=S10%20Test%20Campaign' and expected text 'https://samsung-adzu4-staging.codeworldwide.com/#page/Assets?MediaChannelId=faad2f4d-3e9b-e423-0e58-39e942e7549f&amp;MediaChannelText=TVC&amp;CampaignID=51a8da8e-2afa-4c47-ae26-e14f01ff5e7c&amp;CampaignText=S10%20Test%20Campaign' are matched &#xD;
&#xD;
2019-10-11 15:05:51 - [MESSAGE][PASSED] - Actual text 'https://samsung-adzu4-staging.codeworldwide.com/#page/Assets?MediaChannelId=faad2f4d-3e9b-e423-0e58-39e942e7549f&amp;MediaChannelText=TVC&amp;CampaignID=51a8da8e-2afa-4c47-ae26-e14f01ff5e7c&amp;CampaignText=S10%20Test%20Campaign' and expected text 'https://samsung-adzu4-staging.codeworldwide.com/#page/Assets?MediaChannelId=faad2f4d-3e9b-e423-0e58-39e942e7549f&amp;MediaChannelText=TVC&amp;CampaignID=51a8da8e-2afa-4c47-ae26-e14f01ff5e7c&amp;CampaignText=S10%20Test%20Campaign' are matched &#xD;
&#xD;
2019-10-11 15:05:51 - [TEST_STEP][PASSED] - navigateToUrl("https://samsung-adzu4-staging.codeworldwide.com/#page/GB/en-GB/AllDevices/S10"): Navigate to 'https://samsung-adzu4-staging.codeworldwide.com/#page/GB/en-GB/AllDevices/S10' successfully&#xD;
&#xD;
2019-10-11 15:05:52 - [MESSAGE][PASSED] - Navigate to 'https://samsung-adzu4-staging.codeworldwide.com/#page/GB/en-GB/AllDevices/S10' successfully&#xD;
&#xD;
2019-10-11 15:05:52 - [TEST_STEP][PASSED] - scrollToElement(findTestObject("Home Page/Homa Page Tiles/Campaigns/Page_Samsung Marketing Cloud/h1_Available Adaptations"), 0): Scroll to object 'Object Repository/Home Page/Homa Page Tiles/Campaigns/Page_Samsung Marketing Cloud/h1_Available Adaptations' successfully&#xD;
&#xD;
2019-10-11 15:05:52 - [MESSAGE][WARNING] - Timeout '0' is invalid. Using default page load timeout: '30'&#xD;
&#xD;
2019-10-11 15:05:54 - [MESSAGE][PASSED] - Scroll to object 'Object Repository/Home Page/Homa Page Tiles/Campaigns/Page_Samsung Marketing Cloud/h1_Available Adaptations' successfully&#xD;
&#xD;
2019-10-11 15:05:54 - [TEST_STEP][PASSED] - click(findTestObject("Home Page/Homa Page Tiles/Campaigns/Page_Samsung Marketing Cloud/a_OOH")): Object: 'Object Repository/Home Page/Homa Page Tiles/Campaigns/Page_Samsung Marketing Cloud/a_OOH' is clicked on&#xD;
&#xD;
2019-10-11 15:05:56 - [MESSAGE][PASSED] - Object: 'Object Repository/Home Page/Homa Page Tiles/Campaigns/Page_Samsung Marketing Cloud/a_OOH' is clicked on&#xD;
&#xD;
2019-10-11 15:05:56 - [TEST_STEP][PASSED] - delay(1): Delayed 1 second(s)&#xD;
&#xD;
2019-10-11 15:05:57 - [MESSAGE][PASSED] - Delayed 1 second(s)&#xD;
&#xD;
2019-10-11 15:05:57 - [TEST_STEP][PASSED] - url = getUrl(): Current window's url is: 'https://samsung-adzu4-staging.codeworldwide.com/#page/Assets?MediaChannelId=9646ec57-a493-cca4-29f4-39e942e908d2&amp;MediaChannelText=Outdoor&amp;CampaignID=51a8da8e-2afa-4c47-ae26-e14f01ff5e7c&amp;CampaignText=S10%20Test%20Campaign'&#xD;
&#xD;
2019-10-11 15:05:58 - [MESSAGE][PASSED] - Current window's url is: 'https://samsung-adzu4-staging.codeworldwide.com/#page/Assets?MediaChannelId=9646ec57-a493-cca4-29f4-39e942e908d2&amp;MediaChannelText=Outdoor&amp;CampaignID=51a8da8e-2afa-4c47-ae26-e14f01ff5e7c&amp;CampaignText=S10%20Test%20Campaign'&#xD;
&#xD;
2019-10-11 15:05:58 - [TEST_STEP][PASSED] - verifyMatch(url, "https://samsung-adzu4-staging.codeworldwide.com/#page/Assets?MediaChannelId=9646ec57-a493-cca4-29f4-39e942e908d2&amp;MediaChannelText=Outdoor&amp;CampaignID=51a8da8e-2afa-4c47-ae26-e14f01ff5e7c&amp;CampaignText=S10%20Test%20Campaign", false): Actual text 'https://samsung-adzu4-staging.codeworldwide.com/#page/Assets?MediaChannelId=9646ec57-a493-cca4-29f4-39e942e908d2&amp;MediaChannelText=Outdoor&amp;CampaignID=51a8da8e-2afa-4c47-ae26-e14f01ff5e7c&amp;CampaignText=S10%20Test%20Campaign' and expected text 'https://samsung-adzu4-staging.codeworldwide.com/#page/Assets?MediaChannelId=9646ec57-a493-cca4-29f4-39e942e908d2&amp;MediaChannelText=Outdoor&amp;CampaignID=51a8da8e-2afa-4c47-ae26-e14f01ff5e7c&amp;CampaignText=S10%20Test%20Campaign' are matched &#xD;
&#xD;
2019-10-11 15:05:58 - [MESSAGE][PASSED] - Actual text 'https://samsung-adzu4-staging.codeworldwide.com/#page/Assets?MediaChannelId=9646ec57-a493-cca4-29f4-39e942e908d2&amp;MediaChannelText=Outdoor&amp;CampaignID=51a8da8e-2afa-4c47-ae26-e14f01ff5e7c&amp;CampaignText=S10%20Test%20Campaign' and expected text 'https://samsung-adzu4-staging.codeworldwide.com/#page/Assets?MediaChannelId=9646ec57-a493-cca4-29f4-39e942e908d2&amp;MediaChannelText=Outdoor&amp;CampaignID=51a8da8e-2afa-4c47-ae26-e14f01ff5e7c&amp;CampaignText=S10%20Test%20Campaign' are matched &#xD;
&#xD;
2019-10-11 15:05:58 - [TEST_STEP][PASSED] - navigateToUrl("https://samsung-adzu4-staging.codeworldwide.com/#page/GB/en-GB/AllDevices/S10"): Navigate to 'https://samsung-adzu4-staging.codeworldwide.com/#page/GB/en-GB/AllDevices/S10' successfully&#xD;
&#xD;
2019-10-11 15:05:59 - [MESSAGE][PASSED] - Navigate to 'https://samsung-adzu4-staging.codeworldwide.com/#page/GB/en-GB/AllDevices/S10' successfully&#xD;
&#xD;
2019-10-11 15:05:59 - [TEST_STEP][PASSED] - scrollToElement(findTestObject("Home Page/Homa Page Tiles/Campaigns/Page_Samsung Marketing Cloud/h1_Available Adaptations"), 0): Scroll to object 'Object Repository/Home Page/Homa Page Tiles/Campaigns/Page_Samsung Marketing Cloud/h1_Available Adaptations' successfully&#xD;
&#xD;
2019-10-11 15:05:59 - [MESSAGE][WARNING] - Timeout '0' is invalid. Using default page load timeout: '30'&#xD;
&#xD;
2019-10-11 15:06:01 - [MESSAGE][PASSED] - Scroll to object 'Object Repository/Home Page/Homa Page Tiles/Campaigns/Page_Samsung Marketing Cloud/h1_Available Adaptations' successfully&#xD;
&#xD;
2019-10-11 15:06:01 - [TEST_STEP][PASSED] - click(findTestObject("Home Page/Homa Page Tiles/Campaigns/Page_Samsung Marketing Cloud/a_Print")): Object: 'Object Repository/Home Page/Homa Page Tiles/Campaigns/Page_Samsung Marketing Cloud/a_Print' is clicked on&#xD;
&#xD;
2019-10-11 15:06:03 - [MESSAGE][PASSED] - Object: 'Object Repository/Home Page/Homa Page Tiles/Campaigns/Page_Samsung Marketing Cloud/a_Print' is clicked on&#xD;
&#xD;
2019-10-11 15:06:03 - [TEST_STEP][PASSED] - delay(1): Delayed 1 second(s)&#xD;
&#xD;
2019-10-11 15:06:04 - [MESSAGE][PASSED] - Delayed 1 second(s)&#xD;
&#xD;
2019-10-11 15:06:04 - [TEST_STEP][PASSED] - url = getUrl(): Current window's url is: 'https://samsung-adzu4-staging.codeworldwide.com/#page/Assets?MediaChannelId=5e85e800-fd9e-e834-1d6b-39e942e7fb57&amp;MediaChannelText=Print&amp;CampaignID=51a8da8e-2afa-4c47-ae26-e14f01ff5e7c&amp;CampaignText=S10%20Test%20Campaign'&#xD;
&#xD;
2019-10-11 15:06:05 - [MESSAGE][PASSED] - Current window's url is: 'https://samsung-adzu4-staging.codeworldwide.com/#page/Assets?MediaChannelId=5e85e800-fd9e-e834-1d6b-39e942e7fb57&amp;MediaChannelText=Print&amp;CampaignID=51a8da8e-2afa-4c47-ae26-e14f01ff5e7c&amp;CampaignText=S10%20Test%20Campaign'&#xD;
&#xD;
2019-10-11 15:06:05 - [TEST_STEP][PASSED] - verifyMatch(url, "https://samsung-adzu4-staging.codeworldwide.com/#page/Assets?MediaChannelId=5e85e800-fd9e-e834-1d6b-39e942e7fb57&amp;MediaChannelText=Print&amp;CampaignID=51a8da8e-2afa-4c47-ae26-e14f01ff5e7c&amp;CampaignText=S10%20Test%20Campaign", false): Actual text 'https://samsung-adzu4-staging.codeworldwide.com/#page/Assets?MediaChannelId=5e85e800-fd9e-e834-1d6b-39e942e7fb57&amp;MediaChannelText=Print&amp;CampaignID=51a8da8e-2afa-4c47-ae26-e14f01ff5e7c&amp;CampaignText=S10%20Test%20Campaign' and expected text 'https://samsung-adzu4-staging.codeworldwide.com/#page/Assets?MediaChannelId=5e85e800-fd9e-e834-1d6b-39e942e7fb57&amp;MediaChannelText=Print&amp;CampaignID=51a8da8e-2afa-4c47-ae26-e14f01ff5e7c&amp;CampaignText=S10%20Test%20Campaign' are matched &#xD;
&#xD;
2019-10-11 15:06:05 - [MESSAGE][PASSED] - Actual text 'https://samsung-adzu4-staging.codeworldwide.com/#page/Assets?MediaChannelId=5e85e800-fd9e-e834-1d6b-39e942e7fb57&amp;MediaChannelText=Print&amp;CampaignID=51a8da8e-2afa-4c47-ae26-e14f01ff5e7c&amp;CampaignText=S10%20Test%20Campaign' and expected text 'https://samsung-adzu4-staging.codeworldwide.com/#page/Assets?MediaChannelId=5e85e800-fd9e-e834-1d6b-39e942e7fb57&amp;MediaChannelText=Print&amp;CampaignID=51a8da8e-2afa-4c47-ae26-e14f01ff5e7c&amp;CampaignText=S10%20Test%20Campaign' are matched &#xD;
&#xD;
2019-10-11 15:06:05 - [TEST_STEP][PASSED] - navigateToUrl("https://samsung-adzu4-staging.codeworldwide.com/#page/GB/en-GB/AllDevices/S10"): Navigate to 'https://samsung-adzu4-staging.codeworldwide.com/#page/GB/en-GB/AllDevices/S10' successfully&#xD;
&#xD;
2019-10-11 15:06:07 - [MESSAGE][PASSED] - Navigate to 'https://samsung-adzu4-staging.codeworldwide.com/#page/GB/en-GB/AllDevices/S10' successfully&#xD;
&#xD;
2019-10-11 15:06:07 - [TEST_STEP][PASSED] - scrollToElement(findTestObject("Home Page/Homa Page Tiles/Campaigns/Page_Samsung Marketing Cloud/h1_Available Adaptations"), 0): Scroll to object 'Object Repository/Home Page/Homa Page Tiles/Campaigns/Page_Samsung Marketing Cloud/h1_Available Adaptations' successfully&#xD;
&#xD;
2019-10-11 15:06:07 - [MESSAGE][WARNING] - Timeout '0' is invalid. Using default page load timeout: '30'&#xD;
&#xD;
2019-10-11 15:06:09 - [MESSAGE][PASSED] - Scroll to object 'Object Repository/Home Page/Homa Page Tiles/Campaigns/Page_Samsung Marketing Cloud/h1_Available Adaptations' successfully&#xD;
&#xD;
2019-10-11 15:06:09 - [TEST_STEP][PASSED] - click(findTestObject("Home Page/Homa Page Tiles/Campaigns/Page_Samsung Marketing Cloud/a_PR")): Object: 'Object Repository/Home Page/Homa Page Tiles/Campaigns/Page_Samsung Marketing Cloud/a_PR' is clicked on&#xD;
&#xD;
2019-10-11 15:06:11 - [MESSAGE][PASSED] - Object: 'Object Repository/Home Page/Homa Page Tiles/Campaigns/Page_Samsung Marketing Cloud/a_PR' is clicked on&#xD;
&#xD;
2019-10-11 15:06:11 - [TEST_STEP][PASSED] - delay(1): Delayed 1 second(s)&#xD;
&#xD;
2019-10-11 15:06:12 - [MESSAGE][PASSED] - Delayed 1 second(s)&#xD;
&#xD;
2019-10-11 15:06:12 - [TEST_STEP][PASSED] - url = getUrl(): Current window's url is: 'https://samsung-adzu4-staging.codeworldwide.com/#page/Assets?MediaChannelId=aee045f8-766b-ac5b-c1e6-39e942e8307b&amp;MediaChannelText=PR&amp;CampaignID=51a8da8e-2afa-4c47-ae26-e14f01ff5e7c&amp;CampaignText=S10%20Test%20Campaign'&#xD;
&#xD;
2019-10-11 15:06:13 - [MESSAGE][PASSED] - Current window's url is: 'https://samsung-adzu4-staging.codeworldwide.com/#page/Assets?MediaChannelId=aee045f8-766b-ac5b-c1e6-39e942e8307b&amp;MediaChannelText=PR&amp;CampaignID=51a8da8e-2afa-4c47-ae26-e14f01ff5e7c&amp;CampaignText=S10%20Test%20Campaign'&#xD;
&#xD;
2019-10-11 15:06:13 - [TEST_STEP][PASSED] - verifyMatch(url, "https://samsung-adzu4-staging.codeworldwide.com/#page/Assets?MediaChannelId=aee045f8-766b-ac5b-c1e6-39e942e8307b&amp;MediaChannelText=PR&amp;CampaignID=51a8da8e-2afa-4c47-ae26-e14f01ff5e7c&amp;CampaignText=S10%20Test%20Campaign", false): Actual text 'https://samsung-adzu4-staging.codeworldwide.com/#page/Assets?MediaChannelId=aee045f8-766b-ac5b-c1e6-39e942e8307b&amp;MediaChannelText=PR&amp;CampaignID=51a8da8e-2afa-4c47-ae26-e14f01ff5e7c&amp;CampaignText=S10%20Test%20Campaign' and expected text 'https://samsung-adzu4-staging.codeworldwide.com/#page/Assets?MediaChannelId=aee045f8-766b-ac5b-c1e6-39e942e8307b&amp;MediaChannelText=PR&amp;CampaignID=51a8da8e-2afa-4c47-ae26-e14f01ff5e7c&amp;CampaignText=S10%20Test%20Campaign' are matched &#xD;
&#xD;
2019-10-11 15:06:13 - [MESSAGE][PASSED] - Actual text 'https://samsung-adzu4-staging.codeworldwide.com/#page/Assets?MediaChannelId=aee045f8-766b-ac5b-c1e6-39e942e8307b&amp;MediaChannelText=PR&amp;CampaignID=51a8da8e-2afa-4c47-ae26-e14f01ff5e7c&amp;CampaignText=S10%20Test%20Campaign' and expected text 'https://samsung-adzu4-staging.codeworldwide.com/#page/Assets?MediaChannelId=aee045f8-766b-ac5b-c1e6-39e942e8307b&amp;MediaChannelText=PR&amp;CampaignID=51a8da8e-2afa-4c47-ae26-e14f01ff5e7c&amp;CampaignText=S10%20Test%20Campaign' are matched &#xD;
&#xD;
2019-10-11 15:06:13 - [TEST_STEP][PASSED] - navigateToUrl("https://samsung-adzu4-staging.codeworldwide.com/#page/GB/en-GB/AllDevices/S10"): Navigate to 'https://samsung-adzu4-staging.codeworldwide.com/#page/GB/en-GB/AllDevices/S10' successfully&#xD;
&#xD;
2019-10-11 15:06:14 - [MESSAGE][PASSED] - Navigate to 'https://samsung-adzu4-staging.codeworldwide.com/#page/GB/en-GB/AllDevices/S10' successfully&#xD;
&#xD;
2019-10-11 15:06:14 - [TEST_STEP][PASSED] - scrollToElement(findTestObject("Home Page/Homa Page Tiles/Campaigns/Page_Samsung Marketing Cloud/h1_Available Adaptations"), 0): Scroll to object 'Object Repository/Home Page/Homa Page Tiles/Campaigns/Page_Samsung Marketing Cloud/h1_Available Adaptations' successfully&#xD;
&#xD;
2019-10-11 15:06:14 - [MESSAGE][WARNING] - Timeout '0' is invalid. Using default page load timeout: '30'&#xD;
&#xD;
2019-10-11 15:06:16 - [MESSAGE][PASSED] - Scroll to object 'Object Repository/Home Page/Homa Page Tiles/Campaigns/Page_Samsung Marketing Cloud/h1_Available Adaptations' successfully&#xD;
&#xD;
2019-10-11 15:06:16 - [TEST_STEP][PASSED] - click(findTestObject("Home Page/Homa Page Tiles/Campaigns/Page_Samsung Marketing Cloud/a_Events")): Object: 'Object Repository/Home Page/Homa Page Tiles/Campaigns/Page_Samsung Marketing Cloud/a_Events' is clicked on&#xD;
&#xD;
2019-10-11 15:06:18 - [MESSAGE][PASSED] - Object: 'Object Repository/Home Page/Homa Page Tiles/Campaigns/Page_Samsung Marketing Cloud/a_Events' is clicked on&#xD;
&#xD;
2019-10-11 15:06:18 - [TEST_STEP][PASSED] - delay(1): Delayed 1 second(s)&#xD;
&#xD;
2019-10-11 15:06:19 - [MESSAGE][PASSED] - Delayed 1 second(s)&#xD;
&#xD;
2019-10-11 15:06:19 - [TEST_STEP][PASSED] - url = getUrl(): Current window's url is: 'https://samsung-adzu4-staging.codeworldwide.com/#page/Assets?MediaChannelId=d92b26b7-8819-05b5-3c42-39e942e868a3&amp;MediaChannelText=Events&amp;CampaignID=51a8da8e-2afa-4c47-ae26-e14f01ff5e7c&amp;CampaignText=S10%20Test%20Campaign'&#xD;
&#xD;
2019-10-11 15:06:20 - [MESSAGE][PASSED] - Current window's url is: 'https://samsung-adzu4-staging.codeworldwide.com/#page/Assets?MediaChannelId=d92b26b7-8819-05b5-3c42-39e942e868a3&amp;MediaChannelText=Events&amp;CampaignID=51a8da8e-2afa-4c47-ae26-e14f01ff5e7c&amp;CampaignText=S10%20Test%20Campaign'&#xD;
&#xD;
2019-10-11 15:06:20 - [TEST_STEP][PASSED] - verifyMatch(url, "https://samsung-adzu4-staging.codeworldwide.com/#page/Assets?MediaChannelId=d92b26b7-8819-05b5-3c42-39e942e868a3&amp;MediaChannelText=Events&amp;CampaignID=51a8da8e-2afa-4c47-ae26-e14f01ff5e7c&amp;CampaignText=S10%20Test%20Campaign", false): Actual text 'https://samsung-adzu4-staging.codeworldwide.com/#page/Assets?MediaChannelId=d92b26b7-8819-05b5-3c42-39e942e868a3&amp;MediaChannelText=Events&amp;CampaignID=51a8da8e-2afa-4c47-ae26-e14f01ff5e7c&amp;CampaignText=S10%20Test%20Campaign' and expected text 'https://samsung-adzu4-staging.codeworldwide.com/#page/Assets?MediaChannelId=d92b26b7-8819-05b5-3c42-39e942e868a3&amp;MediaChannelText=Events&amp;CampaignID=51a8da8e-2afa-4c47-ae26-e14f01ff5e7c&amp;CampaignText=S10%20Test%20Campaign' are matched &#xD;
&#xD;
2019-10-11 15:06:20 - [MESSAGE][PASSED] - Actual text 'https://samsung-adzu4-staging.codeworldwide.com/#page/Assets?MediaChannelId=d92b26b7-8819-05b5-3c42-39e942e868a3&amp;MediaChannelText=Events&amp;CampaignID=51a8da8e-2afa-4c47-ae26-e14f01ff5e7c&amp;CampaignText=S10%20Test%20Campaign' and expected text 'https://samsung-adzu4-staging.codeworldwide.com/#page/Assets?MediaChannelId=d92b26b7-8819-05b5-3c42-39e942e868a3&amp;MediaChannelText=Events&amp;CampaignID=51a8da8e-2afa-4c47-ae26-e14f01ff5e7c&amp;CampaignText=S10%20Test%20Campaign' are matched &#xD;
&#xD;
2019-10-11 15:06:20 - [TEST_STEP][PASSED] - navigateToUrl("https://samsung-adzu4-staging.codeworldwide.com/#page/GB/en-GB/AllDevices/S10"): Navigate to 'https://samsung-adzu4-staging.codeworldwide.com/#page/GB/en-GB/AllDevices/S10' successfully&#xD;
&#xD;
2019-10-11 15:06:21 - [MESSAGE][PASSED] - Navigate to 'https://samsung-adzu4-staging.codeworldwide.com/#page/GB/en-GB/AllDevices/S10' successfully&#xD;
&#xD;
2019-10-11 15:06:21 - [TEST_STEP][PASSED] - scrollToElement(findTestObject("Home Page/Homa Page Tiles/Campaigns/Page_Samsung Marketing Cloud/h1_Available Adaptations"), 0): Scroll to object 'Object Repository/Home Page/Homa Page Tiles/Campaigns/Page_Samsung Marketing Cloud/h1_Available Adaptations' successfully&#xD;
&#xD;
2019-10-11 15:06:21 - [MESSAGE][WARNING] - Timeout '0' is invalid. Using default page load timeout: '30'&#xD;
&#xD;
2019-10-11 15:06:23 - [MESSAGE][PASSED] - Scroll to object 'Object Repository/Home Page/Homa Page Tiles/Campaigns/Page_Samsung Marketing Cloud/h1_Available Adaptations' successfully&#xD;
&#xD;
2019-10-11 15:06:23 - [TEST_STEP][PASSED] - click(findTestObject("Home Page/Homa Page Tiles/Campaigns/Page_Samsung Marketing Cloud/a_Partnerships")): Object: 'Object Repository/Home Page/Homa Page Tiles/Campaigns/Page_Samsung Marketing Cloud/a_Partnerships' is clicked on&#xD;
&#xD;
2019-10-11 15:06:25 - [MESSAGE][PASSED] - Object: 'Object Repository/Home Page/Homa Page Tiles/Campaigns/Page_Samsung Marketing Cloud/a_Partnerships' is clicked on&#xD;
&#xD;
2019-10-11 15:06:25 - [TEST_STEP][PASSED] - delay(1): Delayed 1 second(s)&#xD;
&#xD;
2019-10-11 15:06:26 - [MESSAGE][PASSED] - Delayed 1 second(s)&#xD;
&#xD;
2019-10-11 15:06:26 - [TEST_STEP][PASSED] - url = getUrl(): Current window's url is: 'https://samsung-adzu4-staging.codeworldwide.com/#page/Assets?MediaChannelId=81245dbf-22f9-2849-1b99-39e942e97661&amp;MediaChannelText=Partnerships&amp;CampaignID=51a8da8e-2afa-4c47-ae26-e14f01ff5e7c&amp;CampaignText=S10%20Test%20Campaign'&#xD;
&#xD;
2019-10-11 15:06:27 - [MESSAGE][PASSED] - Current window's url is: 'https://samsung-adzu4-staging.codeworldwide.com/#page/Assets?MediaChannelId=81245dbf-22f9-2849-1b99-39e942e97661&amp;MediaChannelText=Partnerships&amp;CampaignID=51a8da8e-2afa-4c47-ae26-e14f01ff5e7c&amp;CampaignText=S10%20Test%20Campaign'&#xD;
&#xD;
2019-10-11 15:06:27 - [TEST_STEP][PASSED] - verifyMatch(url, "https://samsung-adzu4-staging.codeworldwide.com/#page/Assets?MediaChannelId=81245dbf-22f9-2849-1b99-39e942e97661&amp;MediaChannelText=Partnerships&amp;CampaignID=51a8da8e-2afa-4c47-ae26-e14f01ff5e7c&amp;CampaignText=S10%20Test%20Campaign", false): Actual text 'https://samsung-adzu4-staging.codeworldwide.com/#page/Assets?MediaChannelId=81245dbf-22f9-2849-1b99-39e942e97661&amp;MediaChannelText=Partnerships&amp;CampaignID=51a8da8e-2afa-4c47-ae26-e14f01ff5e7c&amp;CampaignText=S10%20Test%20Campaign' and expected text 'https://samsung-adzu4-staging.codeworldwide.com/#page/Assets?MediaChannelId=81245dbf-22f9-2849-1b99-39e942e97661&amp;MediaChannelText=Partnerships&amp;CampaignID=51a8da8e-2afa-4c47-ae26-e14f01ff5e7c&amp;CampaignText=S10%20Test%20Campaign' are matched &#xD;
&#xD;
2019-10-11 15:06:27 - [MESSAGE][PASSED] - Actual text 'https://samsung-adzu4-staging.codeworldwide.com/#page/Assets?MediaChannelId=81245dbf-22f9-2849-1b99-39e942e97661&amp;MediaChannelText=Partnerships&amp;CampaignID=51a8da8e-2afa-4c47-ae26-e14f01ff5e7c&amp;CampaignText=S10%20Test%20Campaign' and expected text 'https://samsung-adzu4-staging.codeworldwide.com/#page/Assets?MediaChannelId=81245dbf-22f9-2849-1b99-39e942e97661&amp;MediaChannelText=Partnerships&amp;CampaignID=51a8da8e-2afa-4c47-ae26-e14f01ff5e7c&amp;CampaignText=S10%20Test%20Campaign' are matched</system-out>
            <system-err></system-err>
        </testcase>
        <testcase name="Test Cases/Login and Logout - Notifications/Logout - Yes Button" classname="Test Cases/Login and Logout - Notifications/Logout - Yes Button" status="PASSED">
            <system-out>2019-10-11 15:06:27 - [TEST_CASE][PASSED] - Test Cases/Login and Logout - Notifications/Logout - Yes Button: Test Cases/Login and Logout - Notifications/Logout - Yes Button&#xD;
&#xD;
2019-10-11 15:06:28 - [TEST_STEP][PASSED] - click(findTestObject("Logout/Page_Samsung Marketing Cloud/span_gandhi")): Object: 'Object Repository/Logout/Page_Samsung Marketing Cloud/span_gandhi' is clicked on&#xD;
&#xD;
2019-10-11 15:06:30 - [MESSAGE][PASSED] - Object: 'Object Repository/Logout/Page_Samsung Marketing Cloud/span_gandhi' is clicked on&#xD;
&#xD;
2019-10-11 15:06:30 - [TEST_STEP][PASSED] - click(findTestObject("Logout/Page_Samsung Marketing Cloud/Logout")): Object: 'Object Repository/Logout/Page_Samsung Marketing Cloud/Logout' is clicked on&#xD;
&#xD;
2019-10-11 15:06:32 - [MESSAGE][PASSED] - Object: 'Object Repository/Logout/Page_Samsung Marketing Cloud/Logout' is clicked on&#xD;
&#xD;
2019-10-11 15:06:32 - [TEST_STEP][PASSED] - click(findTestObject("Logout/Page_Samsung Marketing Cloud/button_Yes")): Object: 'Object Repository/Logout/Page_Samsung Marketing Cloud/button_Yes' is clicked on&#xD;
&#xD;
2019-10-11 15:06:34 - [MESSAGE][PASSED] - Object: 'Object Repository/Logout/Page_Samsung Marketing Cloud/button_Yes' is clicked on&#xD;
&#xD;
2019-10-11 15:06:34 - [TEST_STEP][PASSED] - closeBrowser(): Browser is closed&#xD;
&#xD;
2019-10-11 15:06:36 - [MESSAGE][PASSED] - Browser is closed</system-out>
            <system-err></system-err>
        </testcase>
        <system-out>2019-10-11 15:03:57 - [TEST_SUITE][INCOMPLETE] - Champaigns - Chrome: null</system-out>
        <system-err>2019-10-11 15:03:57 - [TEST_SUITE][INCOMPLETE] - Champaigns - Chrome: null</system-err>
    </testsuite>
</testsuites>
