<?xml version="1.0" encoding="UTF-8" standalone="yes"?>
<testsuites name="Login" time="23" tests="1" failures="0" errors="0">
    <testsuite name="Login" tests="1" failures="0" errors="0" time="23" timestamp="2019-09-18 11:04:16" hostname="gansat - NOTEEG-12802.nexus.local" id="Test Suites/Login/Login">
        <properties>
            <property name="deviceName" value=""/>
            <property name="devicePlatform" value=""/>
            <property name="logFolder" value="C:\\Adzu UAT\\Adzu\\Adzu\\Reports\\20190918_110411\\Login\\Login\\20190918_110411"/>
            <property name="logFiles" value="C:\\Adzu UAT\\Adzu\\Adzu\\Reports\\20190918_110411\\Login\\Login\\20190918_110411\\execution0.log, C:\\Adzu UAT\\Adzu\\Adzu\\Reports\\20190918_110411\\Login\\Login\\20190918_110411\\IEDriverServer.log"/>
            <property name="attachments" value=""/>
            <property name="hostName" value="gansat - NOTEEG-12802.nexus.local"/>
            <property name="os" value="Windows 10 64bit"/>
            <property name="katalonVersion" value="6.3.3.11"/>
            <property name="browser" value="IE 11"/>
            <property name="hostAddress" value="10.142.156.106"/>
            <property name="sessionId" value="51557e99-6252-4096-aba2-2e097249625c"/>
            <property name="seleniumVersion" value="3.141.59"/>
            <property name="proxyInformation" value="ProxyInformation{proxyOption=NO_PROXY, proxyServerType=HTTP, password=, proxyServerAddress=, proxyServerPort=0}"/>
            <property name="platform" value="Windows 10"/>
        </properties>
        <testcase name="Test Cases/Login and Logout - Notifications/Login" classname="Test Cases/Login and Logout - Notifications/Login" status="PASSED">
            <system-out>2019-09-18 11:04:16 - [TEST_CASE][PASSED] - Test Cases/Login and Logout - Notifications/Login: Test Cases/Login and Logout - Notifications/Login&#xD;
&#xD;
2019-09-18 11:04:18 - [TEST_STEP][PASSED] - openBrowser(""): Browser is opened with url: ''&#xD;
&#xD;
2019-09-18 11:04:18 - [MESSAGE][INFO] - Starting 'IE' driver&#xD;
&#xD;
2019-09-18 11:04:19 - [MESSAGE][INFO] - User set preference: ['ignoreProtectedModeSettings', 'true']&#xD;
&#xD;
2019-09-18 11:04:19 - [MESSAGE][INFO] - Action delay is set to 0 seconds&#xD;
&#xD;
2019-09-18 11:04:24 - [MESSAGE][PASSED] - Browser is opened with url: ''&#xD;
&#xD;
2019-09-18 11:04:24 - [TEST_STEP][PASSED] - navigateToUrl("https://samsung-adzu4-staging.codeworldwide.com/#"): Navigate to 'https://samsung-adzu4-staging.codeworldwide.com/#' successfully&#xD;
&#xD;
2019-09-18 11:04:27 - [MESSAGE][PASSED] - Navigate to 'https://samsung-adzu4-staging.codeworldwide.com/#' successfully&#xD;
&#xD;
2019-09-18 11:04:27 - [TEST_STEP][PASSED] - setText(findTestObject("Object Repository/Login/Page_Samsung Marketing Cloud/Username_Text"), "satinder.gandhi@codeworldwide.com"): Text 'satinder.gandhi@codeworldwide.com' is set on object 'Object Repository/Login/Page_Samsung Marketing Cloud/Username_Text'&#xD;
&#xD;
2019-09-18 11:04:31 - [MESSAGE][PASSED] - Text 'satinder.gandhi@codeworldwide.com' is set on object 'Object Repository/Login/Page_Samsung Marketing Cloud/Username_Text'&#xD;
&#xD;
2019-09-18 11:04:31 - [TEST_STEP][PASSED] - setEncryptedText(findTestObject("Object Repository/Login/Page_Samsung Marketing Cloud/Password_text"), "yfq/9fVkW5+QvfzWq38qvg=="): Text ****** has been set on object 'Object Repository/Login/Page_Samsung Marketing Cloud/Password_text'&#xD;
&#xD;
2019-09-18 11:04:33 - [MESSAGE][PASSED] - Text ****** has been set on object 'Object Repository/Login/Page_Samsung Marketing Cloud/Password_text'&#xD;
&#xD;
2019-09-18 11:04:33 - [TEST_STEP][PASSED] - click(findTestObject("Object Repository/Login/Page_Samsung Marketing Cloud/button_Login")): Object: 'Object Repository/Login/Page_Samsung Marketing Cloud/button_Login' is clicked on&#xD;
&#xD;
2019-09-18 11:04:36 - [MESSAGE][PASSED] - Object: 'Object Repository/Login/Page_Samsung Marketing Cloud/button_Login' is clicked on&#xD;
&#xD;
2019-09-18 11:04:36 - [TEST_STEP][PASSED] - maximizeWindow(): Current window maximized&#xD;
&#xD;
2019-09-18 11:04:37 - [MESSAGE][PASSED] - Current window maximized</system-out>
            <system-err></system-err>
        </testcase>
        <system-out>2019-09-18 11:04:16 - [TEST_SUITE][INCOMPLETE] - Login: null</system-out>
        <system-err>2019-09-18 11:04:16 - [TEST_SUITE][INCOMPLETE] - Login: null</system-err>
    </testsuite>
</testsuites>
