<?xml version="1.0" encoding="UTF-8" standalone="yes"?>
<testsuites name="Add Asset - PDF Validation" time="58" tests="3" failures="0" errors="0">
    <testsuite name="Add Asset - PDF Validation" tests="3" failures="0" errors="0" time="58" timestamp="2019-10-08 15:57:51" hostname="KanKir - GB3CODW08386HQS.nexus.local" id="Test Suites/Marketing Content/Add Assets/Add Asset - PDF Validation">
        <properties>
            <property name="deviceName" value=""/>
            <property name="devicePlatform" value=""/>
            <property name="logFolder" value="C:\\Users\\kankir\\git\\adZU-OS-UAT-Automation\\Reports\\20191008_155747\\Marketing Content\\Add Assets\\Add Asset - PDF Validation\\20191008_155747"/>
            <property name="logFiles" value="C:\\Users\\kankir\\git\\adZU-OS-UAT-Automation\\Reports\\20191008_155747\\Marketing Content\\Add Assets\\Add Asset - PDF Validation\\20191008_155747\\execution0.log"/>
            <property name="attachments" value=""/>
            <property name="hostName" value="KanKir - GB3CODW08386HQS.nexus.local"/>
            <property name="os" value="Windows 10 64bit"/>
            <property name="katalonVersion" value="6.3.3.11"/>
            <property name="browser" value="Chrome 77.0.3865.90"/>
            <property name="hostAddress" value="10.142.158.132"/>
            <property name="sessionId" value="fb385aa137d402d18fd0ed02cc259fac"/>
            <property name="seleniumVersion" value="3.141.59"/>
            <property name="proxyInformation" value="ProxyInformation{proxyOption=NO_PROXY, proxyServerType=HTTP, password=, proxyServerAddress=, proxyServerPort=0}"/>
            <property name="platform" value="Windows 10"/>
        </properties>
        <testcase name="Test Cases/Login and Logout - Notifications/Login" classname="Test Cases/Login and Logout - Notifications/Login" status="PASSED">
            <system-out>2019-10-08 15:57:51 - [TEST_CASE][PASSED] - Test Cases/Login and Logout - Notifications/Login: Test Cases/Login and Logout - Notifications/Login&#xD;
&#xD;
2019-10-08 15:57:52 - [TEST_STEP][PASSED] - openBrowser(""): Browser is opened with url: ''&#xD;
&#xD;
2019-10-08 15:57:52 - [MESSAGE][INFO] - Starting 'Chrome' driver&#xD;
&#xD;
2019-10-08 15:57:52 - [MESSAGE][INFO] - Action delay is set to 1 seconds&#xD;
&#xD;
2019-10-08 15:57:59 - [MESSAGE][PASSED] - Browser is opened with url: ''&#xD;
&#xD;
2019-10-08 15:57:59 - [TEST_STEP][PASSED] - navigateToUrl("https://samsung-adzu4-staging.codeworldwide.com/#"): Navigate to 'https://samsung-adzu4-staging.codeworldwide.com/#' successfully&#xD;
&#xD;
2019-10-08 15:58:01 - [MESSAGE][PASSED] - Navigate to 'https://samsung-adzu4-staging.codeworldwide.com/#' successfully&#xD;
&#xD;
2019-10-08 15:58:01 - [TEST_STEP][PASSED] - setText(findTestObject("Object Repository/Login/Page_Samsung Marketing Cloud/Username_Text"), "satinder.gandhi@codeworldwide.com"): Text 'satinder.gandhi@codeworldwide.com' is set on object 'Object Repository/Login/Page_Samsung Marketing Cloud/Username_Text'&#xD;
&#xD;
2019-10-08 15:58:06 - [MESSAGE][PASSED] - Text 'satinder.gandhi@codeworldwide.com' is set on object 'Object Repository/Login/Page_Samsung Marketing Cloud/Username_Text'&#xD;
&#xD;
2019-10-08 15:58:06 - [TEST_STEP][PASSED] - setEncryptedText(findTestObject("Object Repository/Login/Page_Samsung Marketing Cloud/Password_text"), "yfq/9fVkW5+QvfzWq38qvg=="): Text ****** has been set on object 'Object Repository/Login/Page_Samsung Marketing Cloud/Password_text'&#xD;
&#xD;
2019-10-08 15:58:10 - [MESSAGE][PASSED] - Text ****** has been set on object 'Object Repository/Login/Page_Samsung Marketing Cloud/Password_text'&#xD;
&#xD;
2019-10-08 15:58:10 - [TEST_STEP][PASSED] - click(findTestObject("Object Repository/Login/Page_Samsung Marketing Cloud/button_Login")): Object: 'Object Repository/Login/Page_Samsung Marketing Cloud/button_Login' is clicked on&#xD;
&#xD;
2019-10-08 15:58:13 - [MESSAGE][PASSED] - Object: 'Object Repository/Login/Page_Samsung Marketing Cloud/button_Login' is clicked on&#xD;
&#xD;
2019-10-08 15:58:13 - [TEST_STEP][PASSED] - maximizeWindow(): Current window maximized&#xD;
&#xD;
2019-10-08 15:58:15 - [MESSAGE][PASSED] - Current window maximized</system-out>
            <system-err></system-err>
        </testcase>
        <testcase name="Test Cases/Assets/Image Asset - PDF Validation" classname="Test Cases/Assets/Image Asset - PDF Validation" status="PASSED">
            <system-out>2019-10-08 15:58:15 - [TEST_CASE][PASSED] - Test Cases/Assets/Image Asset - PDF Validation: Test Cases/Assets/Image Asset - PDF Validation&#xD;
&#xD;
2019-10-08 15:58:16 - [TEST_STEP][PASSED] - click(findTestObject("Assets/Add Asset/a_Assets")): Object: 'Object Repository/Assets/Add Asset/a_Assets' is clicked on&#xD;
&#xD;
2019-10-08 15:58:18 - [MESSAGE][PASSED] - Object: 'Object Repository/Assets/Add Asset/a_Assets' is clicked on&#xD;
&#xD;
2019-10-08 15:58:19 - [TEST_STEP][PASSED] - waitForPageLoad(2): Wait for page load successfully&#xD;
&#xD;
2019-10-08 15:58:20 - [MESSAGE][PASSED] - Wait for page load successfully&#xD;
&#xD;
2019-10-08 15:58:20 - [TEST_STEP][PASSED] - click(findTestObject("Assets/Add Asset/button_Add Assets")): Object: 'Object Repository/Assets/Add Asset/button_Add Assets' is clicked on&#xD;
&#xD;
2019-10-08 15:58:23 - [MESSAGE][PASSED] - Object: 'Object Repository/Assets/Add Asset/button_Add Assets' is clicked on&#xD;
&#xD;
2019-10-08 15:58:23 - [TEST_STEP][PASSED] - check(findTestObject("Assets/Add Asset/a_Single")): Object 'Object Repository/Assets/Add Asset/a_Single' is checked&#xD;
&#xD;
2019-10-08 15:58:27 - [MESSAGE][PASSED] - Object 'Object Repository/Assets/Add Asset/a_Single' is checked&#xD;
&#xD;
2019-10-08 15:58:27 - [TEST_STEP][PASSED] - waitForPageLoad(1): Wait for page load successfully&#xD;
&#xD;
2019-10-08 15:58:28 - [MESSAGE][PASSED] - Wait for page load successfully&#xD;
&#xD;
2019-10-08 15:58:28 - [TEST_STEP][PASSED] - click(findTestObject("Assets/Add Asset/Dropdown arrow")): Object: 'Object Repository/Assets/Add Asset/Dropdown arrow' is clicked on&#xD;
&#xD;
2019-10-08 15:58:31 - [MESSAGE][PASSED] - Object: 'Object Repository/Assets/Add Asset/Dropdown arrow' is clicked on&#xD;
&#xD;
2019-10-08 15:58:31 - [TEST_STEP][PASSED] - click(findTestObject("Assets/Add Asset/div_Image (1)")): Object: 'Object Repository/Assets/Add Asset/div_Image (1)' is clicked on&#xD;
&#xD;
2019-10-08 15:58:33 - [MESSAGE][PASSED] - Object: 'Object Repository/Assets/Add Asset/div_Image (1)' is clicked on&#xD;
&#xD;
2019-10-08 15:58:33 - [TEST_STEP][PASSED] - delay(1): Delayed 1 second(s)&#xD;
&#xD;
2019-10-08 15:58:34 - [MESSAGE][PASSED] - Delayed 1 second(s)&#xD;
&#xD;
2019-10-08 15:58:35 - [TEST_STEP][PASSED] - uploadFile(findTestObject("Assets/Upload_Asset_Image"), "C:\Adzu\Asset\AssetPDF.pdf"): File 'C:\Adzu\Asset\AssetPDF.pdf' sent to object: 'Object Repository/Assets/Upload_Asset_Image'&#xD;
&#xD;
2019-10-08 15:58:37 - [MESSAGE][PASSED] - File 'C:\Adzu\Asset\AssetPDF.pdf' sent to object: 'Object Repository/Assets/Upload_Asset_Image'&#xD;
&#xD;
2019-10-08 15:58:37 - [TEST_STEP][PASSED] - verifyElementText(findTestObject("Assets/Add Asset/Page-Samsung Marketing Cloud/PDF_Validation_Error"), "Please upload PDF as a document asset"): Actual text and expected text of test object 'Object Repository/Assets/Add Asset/Page-Samsung Marketing Cloud/PDF_Validation_Error' are matched.&#xD;
&#xD;
2019-10-08 15:58:39 - [MESSAGE][PASSED] - Actual text and expected text of test object 'Object Repository/Assets/Add Asset/Page-Samsung Marketing Cloud/PDF_Validation_Error' are matched.</system-out>
            <system-err></system-err>
        </testcase>
        <testcase name="Test Cases/Login and Logout - Notifications/Logout - Yes Button" classname="Test Cases/Login and Logout - Notifications/Logout - Yes Button" status="PASSED">
            <system-out>2019-10-08 15:58:39 - [TEST_CASE][PASSED] - Test Cases/Login and Logout - Notifications/Logout - Yes Button: Test Cases/Login and Logout - Notifications/Logout - Yes Button&#xD;
&#xD;
2019-10-08 15:58:40 - [TEST_STEP][PASSED] - click(findTestObject("Logout/Page_Samsung Marketing Cloud/span_gandhi")): Object: 'Object Repository/Logout/Page_Samsung Marketing Cloud/span_gandhi' is clicked on&#xD;
&#xD;
2019-10-08 15:58:42 - [MESSAGE][PASSED] - Object: 'Object Repository/Logout/Page_Samsung Marketing Cloud/span_gandhi' is clicked on&#xD;
&#xD;
2019-10-08 15:58:42 - [TEST_STEP][PASSED] - click(findTestObject("Logout/Page_Samsung Marketing Cloud/Logout")): Object: 'Object Repository/Logout/Page_Samsung Marketing Cloud/Logout' is clicked on&#xD;
&#xD;
2019-10-08 15:58:45 - [MESSAGE][PASSED] - Object: 'Object Repository/Logout/Page_Samsung Marketing Cloud/Logout' is clicked on&#xD;
&#xD;
2019-10-08 15:58:45 - [TEST_STEP][PASSED] - click(findTestObject("Logout/Page_Samsung Marketing Cloud/button_Yes")): Object: 'Object Repository/Logout/Page_Samsung Marketing Cloud/button_Yes' is clicked on&#xD;
&#xD;
2019-10-08 15:58:47 - [MESSAGE][PASSED] - Object: 'Object Repository/Logout/Page_Samsung Marketing Cloud/button_Yes' is clicked on&#xD;
&#xD;
2019-10-08 15:58:47 - [TEST_STEP][PASSED] - closeBrowser(): Browser is closed&#xD;
&#xD;
2019-10-08 15:58:49 - [MESSAGE][PASSED] - Browser is closed</system-out>
            <system-err></system-err>
        </testcase>
        <system-out>2019-10-08 15:57:51 - [TEST_SUITE][INCOMPLETE] - Add Asset - PDF Validation: null</system-out>
        <system-err>2019-10-08 15:57:51 - [TEST_SUITE][INCOMPLETE] - Add Asset - PDF Validation: null</system-err>
    </testsuite>
</testsuites>
