<?xml version="1.0" encoding="UTF-8" standalone="yes"?>
<testsuites name="Campaign" time="80" tests="12" failures="0" errors="0">
    <testsuite name="Campaign" tests="12" failures="0" errors="0" time="80" timestamp="2019-10-09 10:50:53" hostname="KanKir - GB3CODW08386HQS.nexus.local" id="Test Suites/Home Page/Campaign">
        <properties>
            <property name="deviceName" value=""/>
            <property name="devicePlatform" value=""/>
            <property name="logFolder" value="C:\\Users\\kankir\\git\\adZU-OS-UAT-Automation\\Reports\\20191009_105051\\Home Page\\Campaign\\20191009_105051"/>
            <property name="logFiles" value="C:\\Users\\kankir\\git\\adZU-OS-UAT-Automation\\Reports\\20191009_105051\\Home Page\\Campaign\\20191009_105051\\execution0.log"/>
            <property name="attachments" value=""/>
            <property name="hostName" value="KanKir - GB3CODW08386HQS.nexus.local"/>
            <property name="os" value="Windows 10 64bit"/>
            <property name="katalonVersion" value="6.3.3.11"/>
            <property name="browser" value="Chrome 77.0.3865.90"/>
            <property name="hostAddress" value="192.168.0.16"/>
            <property name="sessionId" value="4e9775f5c54baa4671dc0db810308ef6"/>
            <property name="seleniumVersion" value="3.141.59"/>
            <property name="proxyInformation" value="ProxyInformation{proxyOption=NO_PROXY, proxyServerType=HTTP, password=, proxyServerAddress=, proxyServerPort=0}"/>
            <property name="platform" value="Windows 10"/>
        </properties>
        <testcase name="Test Cases/Login and Logout - Notifications/Login" classname="Test Cases/Login and Logout - Notifications/Login" status="PASSED">
            <system-out>2019-10-09 10:50:53 - [TEST_CASE][PASSED] - Test Cases/Login and Logout - Notifications/Login: Test Cases/Login and Logout - Notifications/Login&#xD;
&#xD;
2019-10-09 10:50:54 - [TEST_STEP][PASSED] - openBrowser(""): Browser is opened with url: ''&#xD;
&#xD;
2019-10-09 10:50:54 - [MESSAGE][INFO] - Starting 'Chrome' driver&#xD;
&#xD;
2019-10-09 10:50:54 - [MESSAGE][INFO] - Action delay is set to 1 seconds&#xD;
&#xD;
2019-10-09 10:50:59 - [MESSAGE][PASSED] - Browser is opened with url: ''&#xD;
&#xD;
2019-10-09 10:50:59 - [TEST_STEP][PASSED] - navigateToUrl("https://samsung-adzu4-staging.codeworldwide.com/#"): Navigate to 'https://samsung-adzu4-staging.codeworldwide.com/#' successfully&#xD;
&#xD;
2019-10-09 10:51:00 - [MESSAGE][PASSED] - Navigate to 'https://samsung-adzu4-staging.codeworldwide.com/#' successfully&#xD;
&#xD;
2019-10-09 10:51:00 - [TEST_STEP][PASSED] - setText(findTestObject("Object Repository/Login/Page_Samsung Marketing Cloud/Username_Text"), "satinder.gandhi@codeworldwide.com"): Text 'satinder.gandhi@codeworldwide.com' is set on object 'Object Repository/Login/Page_Samsung Marketing Cloud/Username_Text'&#xD;
&#xD;
2019-10-09 10:51:04 - [MESSAGE][PASSED] - Text 'satinder.gandhi@codeworldwide.com' is set on object 'Object Repository/Login/Page_Samsung Marketing Cloud/Username_Text'&#xD;
&#xD;
2019-10-09 10:51:04 - [TEST_STEP][PASSED] - setEncryptedText(findTestObject("Object Repository/Login/Page_Samsung Marketing Cloud/Password_text"), "yfq/9fVkW5+QvfzWq38qvg=="): Text ****** has been set on object 'Object Repository/Login/Page_Samsung Marketing Cloud/Password_text'&#xD;
&#xD;
2019-10-09 10:51:07 - [MESSAGE][PASSED] - Text ****** has been set on object 'Object Repository/Login/Page_Samsung Marketing Cloud/Password_text'&#xD;
&#xD;
2019-10-09 10:51:07 - [TEST_STEP][PASSED] - click(findTestObject("Object Repository/Login/Page_Samsung Marketing Cloud/button_Login")): Object: 'Object Repository/Login/Page_Samsung Marketing Cloud/button_Login' is clicked on&#xD;
&#xD;
2019-10-09 10:51:10 - [MESSAGE][PASSED] - Object: 'Object Repository/Login/Page_Samsung Marketing Cloud/button_Login' is clicked on&#xD;
&#xD;
2019-10-09 10:51:10 - [TEST_STEP][PASSED] - maximizeWindow(): Current window maximized&#xD;
&#xD;
2019-10-09 10:51:12 - [MESSAGE][PASSED] - Current window maximized</system-out>
            <system-err></system-err>
        </testcase>
        <testcase name="Test Cases/Home Page/Campaigns/S10 Campaign" classname="Test Cases/Home Page/Campaigns/S10 Campaign" status="PASSED">
            <system-out>2019-10-09 10:51:12 - [TEST_CASE][PASSED] - Test Cases/Home Page/Campaigns/S10 Campaign: Test Cases/Home Page/Campaigns/S10 Campaign&#xD;
&#xD;
2019-10-09 10:51:12 - [TEST_STEP][PASSED] - navigateToUrl("https://samsung-adzu4-staging.codeworldwide.com/#"): Navigate to 'https://samsung-adzu4-staging.codeworldwide.com/#' successfully&#xD;
&#xD;
2019-10-09 10:51:13 - [MESSAGE][PASSED] - Navigate to 'https://samsung-adzu4-staging.codeworldwide.com/#' successfully&#xD;
&#xD;
2019-10-09 10:51:13 - [TEST_STEP][PASSED] - waitForPageLoad(1): Wait for page load successfully&#xD;
&#xD;
2019-10-09 10:51:14 - [MESSAGE][PASSED] - Wait for page load successfully&#xD;
&#xD;
2019-10-09 10:51:14 - [TEST_STEP][PASSED] - click(findTestObject("Home Page/Homa Page Tiles/Campaigns/a_S10")): Object: 'Object Repository/Home Page/Homa Page Tiles/Campaigns/a_S10' is clicked on&#xD;
&#xD;
2019-10-09 10:51:17 - [MESSAGE][PASSED] - Object: 'Object Repository/Home Page/Homa Page Tiles/Campaigns/a_S10' is clicked on</system-out>
            <system-err></system-err>
        </testcase>
        <testcase name="Test Cases/Home Page/Campaigns/QLED 2019 Campaign" classname="Test Cases/Home Page/Campaigns/QLED 2019 Campaign" status="PASSED">
            <system-out>2019-10-09 10:51:17 - [TEST_CASE][PASSED] - Test Cases/Home Page/Campaigns/QLED 2019 Campaign: Test Cases/Home Page/Campaigns/QLED 2019 Campaign&#xD;
&#xD;
2019-10-09 10:51:17 - [TEST_STEP][PASSED] - navigateToUrl("https://samsung-adzu4-staging.codeworldwide.com/#"): Navigate to 'https://samsung-adzu4-staging.codeworldwide.com/#' successfully&#xD;
&#xD;
2019-10-09 10:51:18 - [MESSAGE][PASSED] - Navigate to 'https://samsung-adzu4-staging.codeworldwide.com/#' successfully&#xD;
&#xD;
2019-10-09 10:51:18 - [TEST_STEP][PASSED] - waitForPageLoad(1): Wait for page load successfully&#xD;
&#xD;
2019-10-09 10:51:19 - [MESSAGE][PASSED] - Wait for page load successfully&#xD;
&#xD;
2019-10-09 10:51:19 - [TEST_STEP][PASSED] - click(findTestObject("Home Page/Homa Page Tiles/Campaigns/a_QLED 2019")): Object: 'Object Repository/Home Page/Homa Page Tiles/Campaigns/a_QLED 2019' is clicked on&#xD;
&#xD;
2019-10-09 10:51:21 - [MESSAGE][PASSED] - Object: 'Object Repository/Home Page/Homa Page Tiles/Campaigns/a_QLED 2019' is clicked on</system-out>
            <system-err></system-err>
        </testcase>
        <testcase name="Test Cases/Home Page/Campaigns/QuickDrive Campaigns" classname="Test Cases/Home Page/Campaigns/QuickDrive Campaigns" status="PASSED">
            <system-out>2019-10-09 10:51:21 - [TEST_CASE][PASSED] - Test Cases/Home Page/Campaigns/QuickDrive Campaigns: Test Cases/Home Page/Campaigns/QuickDrive Campaigns&#xD;
&#xD;
2019-10-09 10:51:21 - [TEST_STEP][PASSED] - navigateToUrl("https://samsung-adzu4-staging.codeworldwide.com/#"): Navigate to 'https://samsung-adzu4-staging.codeworldwide.com/#' successfully&#xD;
&#xD;
2019-10-09 10:51:22 - [MESSAGE][PASSED] - Navigate to 'https://samsung-adzu4-staging.codeworldwide.com/#' successfully&#xD;
&#xD;
2019-10-09 10:51:22 - [TEST_STEP][PASSED] - waitForPageLoad(1): Wait for page load successfully&#xD;
&#xD;
2019-10-09 10:51:23 - [MESSAGE][PASSED] - Wait for page load successfully&#xD;
&#xD;
2019-10-09 10:51:23 - [TEST_STEP][PASSED] - click(findTestObject("Home Page/Homa Page Tiles/Campaigns/a_QuickDrive")): Object: 'Object Repository/Home Page/Homa Page Tiles/Campaigns/a_QuickDrive' is clicked on&#xD;
&#xD;
2019-10-09 10:51:25 - [MESSAGE][PASSED] - Object: 'Object Repository/Home Page/Homa Page Tiles/Campaigns/a_QuickDrive' is clicked on</system-out>
            <system-err></system-err>
        </testcase>
        <testcase name="Test Cases/Home Page/Campaigns/Galaxy Note9 Campaign" classname="Test Cases/Home Page/Campaigns/Galaxy Note9 Campaign" status="PASSED">
            <system-out>2019-10-09 10:51:25 - [TEST_CASE][PASSED] - Test Cases/Home Page/Campaigns/Galaxy Note9 Campaign: Test Cases/Home Page/Campaigns/Galaxy Note9 Campaign&#xD;
&#xD;
2019-10-09 10:51:25 - [TEST_STEP][PASSED] - navigateToUrl("https://samsung-adzu4-staging.codeworldwide.com/#"): Navigate to 'https://samsung-adzu4-staging.codeworldwide.com/#' successfully&#xD;
&#xD;
2019-10-09 10:51:26 - [MESSAGE][PASSED] - Navigate to 'https://samsung-adzu4-staging.codeworldwide.com/#' successfully&#xD;
&#xD;
2019-10-09 10:51:26 - [TEST_STEP][PASSED] - waitForPageLoad(1): Wait for page load successfully&#xD;
&#xD;
2019-10-09 10:51:27 - [MESSAGE][PASSED] - Wait for page load successfully&#xD;
&#xD;
2019-10-09 10:51:27 - [TEST_STEP][PASSED] - click(findTestObject("Home Page/Homa Page Tiles/Campaigns/a_Galaxy Note9")): Object: 'Object Repository/Home Page/Homa Page Tiles/Campaigns/a_Galaxy Note9' is clicked on&#xD;
&#xD;
2019-10-09 10:51:30 - [MESSAGE][PASSED] - Object: 'Object Repository/Home Page/Homa Page Tiles/Campaigns/a_Galaxy Note9' is clicked on</system-out>
            <system-err></system-err>
        </testcase>
        <testcase name="Test Cases/Home Page/Campaigns/Holidays Campaign" classname="Test Cases/Home Page/Campaigns/Holidays Campaign" status="PASSED">
            <system-out>2019-10-09 10:51:30 - [TEST_CASE][PASSED] - Test Cases/Home Page/Campaigns/Holidays Campaign: Test Cases/Home Page/Campaigns/Holidays Campaign&#xD;
&#xD;
2019-10-09 10:51:30 - [TEST_STEP][PASSED] - navigateToUrl("https://samsung-adzu4-staging.codeworldwide.com/#"): Navigate to 'https://samsung-adzu4-staging.codeworldwide.com/#' successfully&#xD;
&#xD;
2019-10-09 10:51:31 - [MESSAGE][PASSED] - Navigate to 'https://samsung-adzu4-staging.codeworldwide.com/#' successfully&#xD;
&#xD;
2019-10-09 10:51:31 - [TEST_STEP][PASSED] - waitForPageLoad(1): Wait for page load successfully&#xD;
&#xD;
2019-10-09 10:51:32 - [MESSAGE][PASSED] - Wait for page load successfully&#xD;
&#xD;
2019-10-09 10:51:32 - [TEST_STEP][PASSED] - click(findTestObject("Home Page/Homa Page Tiles/Campaigns/a_Holidays")): Object: 'Object Repository/Home Page/Homa Page Tiles/Campaigns/a_Holidays' is clicked on&#xD;
&#xD;
2019-10-09 10:51:34 - [MESSAGE][PASSED] - Object: 'Object Repository/Home Page/Homa Page Tiles/Campaigns/a_Holidays' is clicked on</system-out>
            <system-err></system-err>
        </testcase>
        <testcase name="Test Cases/Home Page/Campaigns/Galaxy A7 Campaign" classname="Test Cases/Home Page/Campaigns/Galaxy A7 Campaign" status="PASSED">
            <system-out>2019-10-09 10:51:34 - [TEST_CASE][PASSED] - Test Cases/Home Page/Campaigns/Galaxy A7 Campaign: Test Cases/Home Page/Campaigns/Galaxy A7 Campaign&#xD;
&#xD;
2019-10-09 10:51:34 - [TEST_STEP][PASSED] - navigateToUrl("https://samsung-adzu4-staging.codeworldwide.com/#"): Navigate to 'https://samsung-adzu4-staging.codeworldwide.com/#' successfully&#xD;
&#xD;
2019-10-09 10:51:35 - [MESSAGE][PASSED] - Navigate to 'https://samsung-adzu4-staging.codeworldwide.com/#' successfully&#xD;
&#xD;
2019-10-09 10:51:35 - [TEST_STEP][PASSED] - waitForPageLoad(1): Wait for page load successfully&#xD;
&#xD;
2019-10-09 10:51:36 - [MESSAGE][PASSED] - Wait for page load successfully&#xD;
&#xD;
2019-10-09 10:51:36 - [TEST_STEP][PASSED] - click(findTestObject("Home Page/Homa Page Tiles/Campaigns/a_Galaxy A7")): Object: 'Object Repository/Home Page/Homa Page Tiles/Campaigns/a_Galaxy A7' is clicked on&#xD;
&#xD;
2019-10-09 10:51:38 - [MESSAGE][PASSED] - Object: 'Object Repository/Home Page/Homa Page Tiles/Campaigns/a_Galaxy A7' is clicked on&#xD;
&#xD;
2019-10-09 10:51:38 - [TEST_STEP][PASSED] - navigateToUrl("https://samsung-adzu4-staging.codeworldwide.com/#"): Navigate to 'https://samsung-adzu4-staging.codeworldwide.com/#' successfully&#xD;
&#xD;
2019-10-09 10:51:40 - [MESSAGE][PASSED] - Navigate to 'https://samsung-adzu4-staging.codeworldwide.com/#' successfully</system-out>
            <system-err></system-err>
        </testcase>
        <testcase name="Test Cases/Home Page/Campaigns/Galaxy S9_S9" classname="Test Cases/Home Page/Campaigns/Galaxy S9_S9" status="PASSED">
            <system-out>2019-10-09 10:51:40 - [TEST_CASE][PASSED] - Test Cases/Home Page/Campaigns/Galaxy S9_S9: Test Cases/Home Page/Campaigns/Galaxy S9_S9&#xD;
&#xD;
2019-10-09 10:51:40 - [TEST_STEP][PASSED] - navigateToUrl("https://samsung-adzu4-staging.codeworldwide.com/#"): Navigate to 'https://samsung-adzu4-staging.codeworldwide.com/#' successfully&#xD;
&#xD;
2019-10-09 10:51:41 - [MESSAGE][PASSED] - Navigate to 'https://samsung-adzu4-staging.codeworldwide.com/#' successfully&#xD;
&#xD;
2019-10-09 10:51:41 - [TEST_STEP][PASSED] - click(findTestObject("Home Page/Homa Page Tiles/Campaigns/button_View More")): Object: 'Object Repository/Home Page/Homa Page Tiles/Campaigns/button_View More' is clicked on&#xD;
&#xD;
2019-10-09 10:51:43 - [MESSAGE][PASSED] - Object: 'Object Repository/Home Page/Homa Page Tiles/Campaigns/button_View More' is clicked on&#xD;
&#xD;
2019-10-09 10:51:43 - [TEST_STEP][PASSED] - waitForPageLoad(1): Wait for page load successfully&#xD;
&#xD;
2019-10-09 10:51:44 - [MESSAGE][PASSED] - Wait for page load successfully&#xD;
&#xD;
2019-10-09 10:51:44 - [TEST_STEP][PASSED] - click(findTestObject("Home Page/Homa Page Tiles/Campaigns/a_Galaxy S9  S9")): Object: 'Object Repository/Home Page/Homa Page Tiles/Campaigns/a_Galaxy S9  S9' is clicked on&#xD;
&#xD;
2019-10-09 10:51:46 - [MESSAGE][PASSED] - Object: 'Object Repository/Home Page/Homa Page Tiles/Campaigns/a_Galaxy S9  S9' is clicked on</system-out>
            <system-err></system-err>
        </testcase>
        <testcase name="Test Cases/Home Page/Campaigns/The Frame TV Campaign" classname="Test Cases/Home Page/Campaigns/The Frame TV Campaign" status="PASSED">
            <system-out>2019-10-09 10:51:46 - [TEST_CASE][PASSED] - Test Cases/Home Page/Campaigns/The Frame TV Campaign: Test Cases/Home Page/Campaigns/The Frame TV Campaign&#xD;
&#xD;
2019-10-09 10:51:46 - [TEST_STEP][PASSED] - navigateToUrl("https://samsung-adzu4-staging.codeworldwide.com/#"): Navigate to 'https://samsung-adzu4-staging.codeworldwide.com/#' successfully&#xD;
&#xD;
2019-10-09 10:51:47 - [MESSAGE][PASSED] - Navigate to 'https://samsung-adzu4-staging.codeworldwide.com/#' successfully&#xD;
&#xD;
2019-10-09 10:51:47 - [TEST_STEP][PASSED] - click(findTestObject("Home Page/Homa Page Tiles/Campaigns/button_View More")): Object: 'Object Repository/Home Page/Homa Page Tiles/Campaigns/button_View More' is clicked on&#xD;
&#xD;
2019-10-09 10:51:49 - [MESSAGE][PASSED] - Object: 'Object Repository/Home Page/Homa Page Tiles/Campaigns/button_View More' is clicked on&#xD;
&#xD;
2019-10-09 10:51:49 - [TEST_STEP][PASSED] - waitForPageLoad(1): Wait for page load successfully&#xD;
&#xD;
2019-10-09 10:51:50 - [MESSAGE][PASSED] - Wait for page load successfully&#xD;
&#xD;
2019-10-09 10:51:50 - [TEST_STEP][PASSED] - click(findTestObject("Home Page/Homa Page Tiles/Campaigns/a_The Frame TV")): Object: 'Object Repository/Home Page/Homa Page Tiles/Campaigns/a_The Frame TV' is clicked on&#xD;
&#xD;
2019-10-09 10:51:53 - [MESSAGE][PASSED] - Object: 'Object Repository/Home Page/Homa Page Tiles/Campaigns/a_The Frame TV' is clicked on</system-out>
            <system-err></system-err>
        </testcase>
        <testcase name="Test Cases/Home Page/Campaigns/QLED TV Campaign" classname="Test Cases/Home Page/Campaigns/QLED TV Campaign" status="PASSED">
            <system-out>2019-10-09 10:51:53 - [TEST_CASE][PASSED] - Test Cases/Home Page/Campaigns/QLED TV Campaign: Test Cases/Home Page/Campaigns/QLED TV Campaign&#xD;
&#xD;
2019-10-09 10:51:53 - [TEST_STEP][PASSED] - navigateToUrl("https://samsung-adzu4-staging.codeworldwide.com/#"): Navigate to 'https://samsung-adzu4-staging.codeworldwide.com/#' successfully&#xD;
&#xD;
2019-10-09 10:51:54 - [MESSAGE][PASSED] - Navigate to 'https://samsung-adzu4-staging.codeworldwide.com/#' successfully&#xD;
&#xD;
2019-10-09 10:51:54 - [TEST_STEP][PASSED] - click(findTestObject("Home Page/Homa Page Tiles/Campaigns/button_View More")): Object: 'Object Repository/Home Page/Homa Page Tiles/Campaigns/button_View More' is clicked on&#xD;
&#xD;
2019-10-09 10:51:56 - [MESSAGE][PASSED] - Object: 'Object Repository/Home Page/Homa Page Tiles/Campaigns/button_View More' is clicked on&#xD;
&#xD;
2019-10-09 10:51:56 - [TEST_STEP][PASSED] - waitForPageLoad(1): Wait for page load successfully&#xD;
&#xD;
2019-10-09 10:51:57 - [MESSAGE][PASSED] - Wait for page load successfully&#xD;
&#xD;
2019-10-09 10:51:57 - [TEST_STEP][PASSED] - click(findTestObject("Home Page/Homa Page Tiles/Campaigns/a_QLED TV")): Object: 'Object Repository/Home Page/Homa Page Tiles/Campaigns/a_QLED TV' is clicked on&#xD;
&#xD;
2019-10-09 10:51:59 - [MESSAGE][PASSED] - Object: 'Object Repository/Home Page/Homa Page Tiles/Campaigns/a_QLED TV' is clicked on</system-out>
            <system-err></system-err>
        </testcase>
        <testcase name="Test Cases/Home Page/Campaigns/Galaxy A9 Campaign" classname="Test Cases/Home Page/Campaigns/Galaxy A9 Campaign" status="PASSED">
            <system-out>2019-10-09 10:51:59 - [TEST_CASE][PASSED] - Test Cases/Home Page/Campaigns/Galaxy A9 Campaign: Test Cases/Home Page/Campaigns/Galaxy A9 Campaign&#xD;
&#xD;
2019-10-09 10:51:59 - [TEST_STEP][PASSED] - navigateToUrl("https://samsung-adzu4-staging.codeworldwide.com/#"): Navigate to 'https://samsung-adzu4-staging.codeworldwide.com/#' successfully&#xD;
&#xD;
2019-10-09 10:52:00 - [MESSAGE][PASSED] - Navigate to 'https://samsung-adzu4-staging.codeworldwide.com/#' successfully&#xD;
&#xD;
2019-10-09 10:52:00 - [TEST_STEP][PASSED] - click(findTestObject("Home Page/Homa Page Tiles/Campaigns/button_View More")): Object: 'Object Repository/Home Page/Homa Page Tiles/Campaigns/button_View More' is clicked on&#xD;
&#xD;
2019-10-09 10:52:02 - [MESSAGE][PASSED] - Object: 'Object Repository/Home Page/Homa Page Tiles/Campaigns/button_View More' is clicked on&#xD;
&#xD;
2019-10-09 10:52:02 - [TEST_STEP][PASSED] - waitForPageLoad(1): Wait for page load successfully&#xD;
&#xD;
2019-10-09 10:52:03 - [MESSAGE][PASSED] - Wait for page load successfully&#xD;
&#xD;
2019-10-09 10:52:03 - [TEST_STEP][PASSED] - click(findTestObject("Home Page/Homa Page Tiles/Campaigns/a_Galaxy A9")): Object: 'Object Repository/Home Page/Homa Page Tiles/Campaigns/a_Galaxy A9' is clicked on&#xD;
&#xD;
2019-10-09 10:52:06 - [MESSAGE][PASSED] - Object: 'Object Repository/Home Page/Homa Page Tiles/Campaigns/a_Galaxy A9' is clicked on</system-out>
            <system-err></system-err>
        </testcase>
        <testcase name="Test Cases/Login and Logout - Notifications/Logout - Yes Button" classname="Test Cases/Login and Logout - Notifications/Logout - Yes Button" status="PASSED">
            <system-out>2019-10-09 10:52:06 - [TEST_CASE][PASSED] - Test Cases/Login and Logout - Notifications/Logout - Yes Button: Test Cases/Login and Logout - Notifications/Logout - Yes Button&#xD;
&#xD;
2019-10-09 10:52:06 - [TEST_STEP][PASSED] - click(findTestObject("Logout/Page_Samsung Marketing Cloud/span_gandhi")): Object: 'Object Repository/Logout/Page_Samsung Marketing Cloud/span_gandhi' is clicked on&#xD;
&#xD;
2019-10-09 10:52:08 - [MESSAGE][PASSED] - Object: 'Object Repository/Logout/Page_Samsung Marketing Cloud/span_gandhi' is clicked on&#xD;
&#xD;
2019-10-09 10:52:08 - [TEST_STEP][PASSED] - click(findTestObject("Logout/Page_Samsung Marketing Cloud/Logout")): Object: 'Object Repository/Logout/Page_Samsung Marketing Cloud/Logout' is clicked on&#xD;
&#xD;
2019-10-09 10:52:10 - [MESSAGE][PASSED] - Object: 'Object Repository/Logout/Page_Samsung Marketing Cloud/Logout' is clicked on&#xD;
&#xD;
2019-10-09 10:52:10 - [TEST_STEP][PASSED] - click(findTestObject("Logout/Page_Samsung Marketing Cloud/button_Yes")): Object: 'Object Repository/Logout/Page_Samsung Marketing Cloud/button_Yes' is clicked on&#xD;
&#xD;
2019-10-09 10:52:12 - [MESSAGE][PASSED] - Object: 'Object Repository/Logout/Page_Samsung Marketing Cloud/button_Yes' is clicked on&#xD;
&#xD;
2019-10-09 10:52:12 - [TEST_STEP][PASSED] - closeBrowser(): Browser is closed&#xD;
&#xD;
2019-10-09 10:52:14 - [MESSAGE][PASSED] - Browser is closed</system-out>
            <system-err></system-err>
        </testcase>
        <system-out>2019-10-09 10:50:53 - [TEST_SUITE][INCOMPLETE] - Campaign: null</system-out>
        <system-err>2019-10-09 10:50:53 - [TEST_SUITE][INCOMPLETE] - Campaign: null</system-err>
    </testsuite>
</testsuites>
