<?xml version="1.0" encoding="UTF-8" standalone="yes"?>
<testsuites name="Add Asset - PDF Validation" time="147" tests="3" failures="0" errors="0">
    <testsuite name="Add Asset - PDF Validation" tests="3" failures="0" errors="0" time="147" timestamp="2019-09-23 12:41:53" hostname="gansat - NOTEEG-12802.nexus.local" id="Test Suites/Marketing Content/Add Assets/Add Asset - PDF Validation">
        <properties>
            <property name="deviceName" value=""/>
            <property name="devicePlatform" value=""/>
            <property name="logFolder" value="C:\\Adzu UAT\\Adzu\\Adzu\\Reports\\20190923_124142\\Marketing Content\\Add Assets\\Add Asset - PDF Validation\\20190923_124142"/>
            <property name="logFiles" value="C:\\Adzu UAT\\Adzu\\Adzu\\Reports\\20190923_124142\\Marketing Content\\Add Assets\\Add Asset - PDF Validation\\20190923_124142\\execution0.log, C:\\Adzu UAT\\Adzu\\Adzu\\Reports\\20190923_124142\\Marketing Content\\Add Assets\\Add Asset - PDF Validation\\20190923_124142\\IEDriverServer.log"/>
            <property name="attachments" value=""/>
            <property name="hostName" value="gansat - NOTEEG-12802.nexus.local"/>
            <property name="os" value="Windows 10 64bit"/>
            <property name="katalonVersion" value="6.3.3.11"/>
            <property name="browser" value="IE 11"/>
            <property name="hostAddress" value="10.142.158.45"/>
            <property name="sessionId" value="638cc954-8084-4ad1-8f91-a19b3f4250ff"/>
            <property name="seleniumVersion" value="3.141.59"/>
            <property name="proxyInformation" value="ProxyInformation{proxyOption=NO_PROXY, proxyServerType=HTTP, password=, proxyServerAddress=, proxyServerPort=0}"/>
            <property name="platform" value="Windows 10"/>
        </properties>
        <testcase name="Test Cases/Login and Logout - Notifications/Login" classname="Test Cases/Login and Logout - Notifications/Login" status="PASSED">
            <system-out>2019-09-23 12:41:54 - [TEST_CASE][PASSED] - Test Cases/Login and Logout - Notifications/Login: Test Cases/Login and Logout - Notifications/Login&#xD;
&#xD;
2019-09-23 12:41:57 - [TEST_STEP][PASSED] - openBrowser(""): Browser is opened with url: ''&#xD;
&#xD;
2019-09-23 12:41:59 - [MESSAGE][INFO] - Starting 'IE' driver&#xD;
&#xD;
2019-09-23 12:41:59 - [MESSAGE][INFO] - User set preference: ['ignoreProtectedModeSettings', 'true']&#xD;
&#xD;
2019-09-23 12:42:00 - [MESSAGE][INFO] - Action delay is set to 1 seconds&#xD;
&#xD;
2019-09-23 12:42:12 - [MESSAGE][PASSED] - Browser is opened with url: ''&#xD;
&#xD;
2019-09-23 12:42:12 - [TEST_STEP][PASSED] - navigateToUrl("https://samsung-adzu4-staging.codeworldwide.com/#"): Navigate to 'https://samsung-adzu4-staging.codeworldwide.com/#' successfully&#xD;
&#xD;
2019-09-23 12:42:17 - [MESSAGE][PASSED] - Navigate to 'https://samsung-adzu4-staging.codeworldwide.com/#' successfully&#xD;
&#xD;
2019-09-23 12:42:17 - [TEST_STEP][PASSED] - setText(findTestObject("Object Repository/Login/Page_Samsung Marketing Cloud/Username_Text"), "satinder.gandhi@codeworldwide.com"): Text 'satinder.gandhi@codeworldwide.com' is set on object 'Object Repository/Login/Page_Samsung Marketing Cloud/Username_Text'&#xD;
&#xD;
2019-09-23 12:42:30 - [MESSAGE][PASSED] - Text 'satinder.gandhi@codeworldwide.com' is set on object 'Object Repository/Login/Page_Samsung Marketing Cloud/Username_Text'&#xD;
&#xD;
2019-09-23 12:42:30 - [TEST_STEP][PASSED] - setEncryptedText(findTestObject("Object Repository/Login/Page_Samsung Marketing Cloud/Password_text"), "yfq/9fVkW5+QvfzWq38qvg=="): Text ****** has been set on object 'Object Repository/Login/Page_Samsung Marketing Cloud/Password_text'&#xD;
&#xD;
2019-09-23 12:42:36 - [MESSAGE][PASSED] - Text ****** has been set on object 'Object Repository/Login/Page_Samsung Marketing Cloud/Password_text'&#xD;
&#xD;
2019-09-23 12:42:36 - [TEST_STEP][PASSED] - click(findTestObject("Object Repository/Login/Page_Samsung Marketing Cloud/button_Login")): Object: 'Object Repository/Login/Page_Samsung Marketing Cloud/button_Login' is clicked on&#xD;
&#xD;
2019-09-23 12:42:42 - [MESSAGE][PASSED] - Object: 'Object Repository/Login/Page_Samsung Marketing Cloud/button_Login' is clicked on&#xD;
&#xD;
2019-09-23 12:42:42 - [TEST_STEP][PASSED] - maximizeWindow(): Current window maximized&#xD;
&#xD;
2019-09-23 12:42:45 - [MESSAGE][PASSED] - Current window maximized</system-out>
            <system-err></system-err>
        </testcase>
        <testcase name="Test Cases/Assets/Image Asset - PDF Validation" classname="Test Cases/Assets/Image Asset - PDF Validation" status="PASSED">
            <system-out>2019-09-23 12:42:47 - [TEST_CASE][PASSED] - Test Cases/Assets/Image Asset - PDF Validation: Test Cases/Assets/Image Asset - PDF Validation&#xD;
&#xD;
2019-09-23 12:42:49 - [TEST_STEP][PASSED] - click(findTestObject("Assets/Page_Samsung Marketing Cloud/a_Assets")): Object: 'Object Repository/Assets/Page_Samsung Marketing Cloud/a_Assets' is clicked on&#xD;
&#xD;
2019-09-23 12:42:58 - [MESSAGE][PASSED] - Object: 'Object Repository/Assets/Page_Samsung Marketing Cloud/a_Assets' is clicked on&#xD;
&#xD;
2019-09-23 12:42:58 - [TEST_STEP][PASSED] - waitForPageLoad(2): Wait for page load successfully&#xD;
&#xD;
2019-09-23 12:43:00 - [MESSAGE][PASSED] - Wait for page load successfully&#xD;
&#xD;
2019-09-23 12:43:00 - [TEST_STEP][PASSED] - click(findTestObject("Assets/Page_Samsung Marketing Cloud/button_Add Assets")): Object: 'Object Repository/Assets/Page_Samsung Marketing Cloud/button_Add Assets' is clicked on&#xD;
&#xD;
2019-09-23 12:43:09 - [MESSAGE][PASSED] - Object: 'Object Repository/Assets/Page_Samsung Marketing Cloud/button_Add Assets' is clicked on&#xD;
&#xD;
2019-09-23 12:43:09 - [TEST_STEP][PASSED] - check(findTestObject("Assets/Page_Samsung Marketing Cloud/a_Single")): Object 'Object Repository/Assets/Page_Samsung Marketing Cloud/a_Single' is checked&#xD;
&#xD;
2019-09-23 12:43:32 - [MESSAGE][PASSED] - Object 'Object Repository/Assets/Page_Samsung Marketing Cloud/a_Single' is checked&#xD;
&#xD;
2019-09-23 12:43:32 - [TEST_STEP][PASSED] - waitForPageLoad(1): Wait for page load successfully&#xD;
&#xD;
2019-09-23 12:43:33 - [MESSAGE][PASSED] - Wait for page load successfully&#xD;
&#xD;
2019-09-23 12:43:33 - [TEST_STEP][PASSED] - click(findTestObject("Assets/Page_Samsung Marketing Cloud/Dropdown arrow")): Object: 'Object Repository/Assets/Page_Samsung Marketing Cloud/Dropdown arrow' is clicked on&#xD;
&#xD;
2019-09-23 12:43:38 - [MESSAGE][PASSED] - Object: 'Object Repository/Assets/Page_Samsung Marketing Cloud/Dropdown arrow' is clicked on&#xD;
&#xD;
2019-09-23 12:43:38 - [TEST_STEP][PASSED] - click(findTestObject("Assets/Page_Samsung Marketing Cloud/div_Image (1)")): Object: 'Object Repository/Assets/Page_Samsung Marketing Cloud/div_Image (1)' is clicked on&#xD;
&#xD;
2019-09-23 12:43:42 - [MESSAGE][PASSED] - Object: 'Object Repository/Assets/Page_Samsung Marketing Cloud/div_Image (1)' is clicked on&#xD;
&#xD;
2019-09-23 12:43:42 - [TEST_STEP][PASSED] - delay(1): Delayed 1 second(s)&#xD;
&#xD;
2019-09-23 12:43:43 - [MESSAGE][PASSED] - Delayed 1 second(s)&#xD;
&#xD;
2019-09-23 12:43:43 - [TEST_STEP][PASSED] - uploadFile(findTestObject("Assets/Upload_Asset_Image"), "C:\Adzu\Asset\AssetPDF.pdf"): File 'C:\Adzu\Asset\AssetPDF.pdf' sent to object: 'Object Repository/Assets/Upload_Asset_Image'&#xD;
&#xD;
2019-09-23 12:43:53 - [MESSAGE][PASSED] - File 'C:\Adzu\Asset\AssetPDF.pdf' sent to object: 'Object Repository/Assets/Upload_Asset_Image'&#xD;
&#xD;
2019-09-23 12:43:53 - [TEST_STEP][PASSED] - verifyElementText(findTestObject("Assets/Page_Samsung Marketing Cloud/Page_Samsung Marketing Cloud/PDF_Validation_Error"), "Please upload PDF as a document asset"): Actual text and expected text of test object 'Object Repository/Assets/Page_Samsung Marketing Cloud/Page_Samsung Marketing Cloud/PDF_Validation_Error' are matched.&#xD;
&#xD;
2019-09-23 12:43:57 - [MESSAGE][PASSED] - Actual text and expected text of test object 'Object Repository/Assets/Page_Samsung Marketing Cloud/Page_Samsung Marketing Cloud/PDF_Validation_Error' are matched.</system-out>
            <system-err></system-err>
        </testcase>
        <testcase name="Test Cases/Login and Logout - Notifications/Logout - Yes Button" classname="Test Cases/Login and Logout - Notifications/Logout - Yes Button" status="PASSED">
            <system-out>2019-09-23 12:43:59 - [TEST_CASE][PASSED] - Test Cases/Login and Logout - Notifications/Logout - Yes Button: Test Cases/Login and Logout - Notifications/Logout - Yes Button&#xD;
&#xD;
2019-09-23 12:44:01 - [TEST_STEP][PASSED] - click(findTestObject("Logout/Page_Samsung Marketing Cloud/span_gandhi")): Object: 'Object Repository/Logout/Page_Samsung Marketing Cloud/span_gandhi' is clicked on&#xD;
&#xD;
2019-09-23 12:44:05 - [MESSAGE][PASSED] - Object: 'Object Repository/Logout/Page_Samsung Marketing Cloud/span_gandhi' is clicked on&#xD;
&#xD;
2019-09-23 12:44:05 - [TEST_STEP][PASSED] - click(findTestObject("Logout/Page_Samsung Marketing Cloud/Logout")): Object: 'Object Repository/Logout/Page_Samsung Marketing Cloud/Logout' is clicked on&#xD;
&#xD;
2019-09-23 12:44:09 - [MESSAGE][PASSED] - Object: 'Object Repository/Logout/Page_Samsung Marketing Cloud/Logout' is clicked on&#xD;
&#xD;
2019-09-23 12:44:09 - [TEST_STEP][PASSED] - click(findTestObject("Logout/Page_Samsung Marketing Cloud/button_Yes")): Object: 'Object Repository/Logout/Page_Samsung Marketing Cloud/button_Yes' is clicked on&#xD;
&#xD;
2019-09-23 12:44:15 - [MESSAGE][PASSED] - Object: 'Object Repository/Logout/Page_Samsung Marketing Cloud/button_Yes' is clicked on&#xD;
&#xD;
2019-09-23 12:44:15 - [TEST_STEP][PASSED] - closeBrowser(): Browser is closed&#xD;
&#xD;
2019-09-23 12:44:17 - [MESSAGE][PASSED] - Browser is closed</system-out>
            <system-err></system-err>
        </testcase>
        <system-out>2019-09-23 12:41:53 - [TEST_SUITE][INCOMPLETE] - Add Asset - PDF Validation: null</system-out>
        <system-err>2019-09-23 12:41:53 - [TEST_SUITE][INCOMPLETE] - Add Asset - PDF Validation: null</system-err>
    </testsuite>
</testsuites>
