<?xml version="1.0" encoding="UTF-8" standalone="yes"?>
<testsuites name="Add Asset - Ascii Validation" time="90" tests="3" failures="0" errors="0">
    <testsuite name="Add Asset - Ascii Validation" tests="3" failures="0" errors="0" time="90" timestamp="2019-09-23 09:28:41" hostname="gansat - NOTEEG-12802.nexus.local" id="Test Suites/Marketing Content/Add Assets/Add Asset - Ascii Validation">
        <properties>
            <property name="deviceName" value=""/>
            <property name="devicePlatform" value=""/>
            <property name="logFolder" value="C:\\Adzu UAT\\Adzu\\Adzu\\Reports\\20190923_092838\\Marketing Content\\Add Assets\\Add Asset - Ascii Validation\\20190923_092838"/>
            <property name="logFiles" value="C:\\Adzu UAT\\Adzu\\Adzu\\Reports\\20190923_092838\\Marketing Content\\Add Assets\\Add Asset - Ascii Validation\\20190923_092838\\execution0.log, C:\\Adzu UAT\\Adzu\\Adzu\\Reports\\20190923_092838\\Marketing Content\\Add Assets\\Add Asset - Ascii Validation\\20190923_092838\\IEDriverServer.log"/>
            <property name="attachments" value=""/>
            <property name="hostName" value="gansat - NOTEEG-12802.nexus.local"/>
            <property name="os" value="Windows 10 64bit"/>
            <property name="katalonVersion" value="6.3.3.11"/>
            <property name="browser" value="IE 11"/>
            <property name="hostAddress" value="10.142.156.106"/>
            <property name="sessionId" value="174b3d04-7af5-4bf4-a645-63cb95d9ca35"/>
            <property name="seleniumVersion" value="3.141.59"/>
            <property name="proxyInformation" value="ProxyInformation{proxyOption=NO_PROXY, proxyServerType=HTTP, password=, proxyServerAddress=, proxyServerPort=0}"/>
            <property name="platform" value="Windows 10"/>
        </properties>
        <testcase name="Test Cases/Login and Logout - Notifications/Login" classname="Test Cases/Login and Logout - Notifications/Login" status="PASSED">
            <system-out>2019-09-23 09:28:42 - [TEST_CASE][PASSED] - Test Cases/Login and Logout - Notifications/Login: Test Cases/Login and Logout - Notifications/Login&#xD;
&#xD;
2019-09-23 09:28:43 - [TEST_STEP][PASSED] - openBrowser(""): Browser is opened with url: ''&#xD;
&#xD;
2019-09-23 09:28:44 - [MESSAGE][INFO] - Starting 'IE' driver&#xD;
&#xD;
2019-09-23 09:28:44 - [MESSAGE][INFO] - User set preference: ['ignoreProtectedModeSettings', 'true']&#xD;
&#xD;
2019-09-23 09:28:44 - [MESSAGE][INFO] - Action delay is set to 1 seconds&#xD;
&#xD;
2019-09-23 09:28:50 - [MESSAGE][PASSED] - Browser is opened with url: ''&#xD;
&#xD;
2019-09-23 09:28:50 - [TEST_STEP][PASSED] - navigateToUrl("https://samsung-adzu4-staging.codeworldwide.com/#"): Navigate to 'https://samsung-adzu4-staging.codeworldwide.com/#' successfully&#xD;
&#xD;
2019-09-23 09:28:55 - [MESSAGE][PASSED] - Navigate to 'https://samsung-adzu4-staging.codeworldwide.com/#' successfully&#xD;
&#xD;
2019-09-23 09:28:55 - [TEST_STEP][PASSED] - setText(findTestObject("Object Repository/Login/Page_Samsung Marketing Cloud/Username_Text"), "satinder.gandhi@codeworldwide.com"): Text 'satinder.gandhi@codeworldwide.com' is set on object 'Object Repository/Login/Page_Samsung Marketing Cloud/Username_Text'&#xD;
&#xD;
2019-09-23 09:29:00 - [MESSAGE][PASSED] - Text 'satinder.gandhi@codeworldwide.com' is set on object 'Object Repository/Login/Page_Samsung Marketing Cloud/Username_Text'&#xD;
&#xD;
2019-09-23 09:29:00 - [TEST_STEP][PASSED] - setEncryptedText(findTestObject("Object Repository/Login/Page_Samsung Marketing Cloud/Password_text"), "yfq/9fVkW5+QvfzWq38qvg=="): Text ****** has been set on object 'Object Repository/Login/Page_Samsung Marketing Cloud/Password_text'&#xD;
&#xD;
2019-09-23 09:29:04 - [MESSAGE][PASSED] - Text ****** has been set on object 'Object Repository/Login/Page_Samsung Marketing Cloud/Password_text'&#xD;
&#xD;
2019-09-23 09:29:04 - [TEST_STEP][PASSED] - click(findTestObject("Object Repository/Login/Page_Samsung Marketing Cloud/button_Login")): Object: 'Object Repository/Login/Page_Samsung Marketing Cloud/button_Login' is clicked on&#xD;
&#xD;
2019-09-23 09:29:09 - [MESSAGE][PASSED] - Object: 'Object Repository/Login/Page_Samsung Marketing Cloud/button_Login' is clicked on&#xD;
&#xD;
2019-09-23 09:29:09 - [TEST_STEP][PASSED] - maximizeWindow(): Current window maximized&#xD;
&#xD;
2019-09-23 09:29:10 - [MESSAGE][PASSED] - Current window maximized</system-out>
            <system-err></system-err>
        </testcase>
        <testcase name="Test Cases/Assets/Image Asset - ASCII Validation" classname="Test Cases/Assets/Image Asset - ASCII Validation" status="PASSED">
            <system-out>2019-09-23 09:29:12 - [TEST_CASE][PASSED] - Test Cases/Assets/Image Asset - ASCII Validation: Test Cases/Assets/Image Asset - ASCII Validation&#xD;
&#xD;
2019-09-23 09:29:13 - [TEST_STEP][PASSED] - click(findTestObject("Assets/Page_Samsung Marketing Cloud/a_Assets")): Object: 'Object Repository/Assets/Page_Samsung Marketing Cloud/a_Assets' is clicked on&#xD;
&#xD;
2019-09-23 09:29:19 - [MESSAGE][PASSED] - Object: 'Object Repository/Assets/Page_Samsung Marketing Cloud/a_Assets' is clicked on&#xD;
&#xD;
2019-09-23 09:29:19 - [TEST_STEP][PASSED] - waitForPageLoad(1): Wait for page load successfully&#xD;
&#xD;
2019-09-23 09:29:22 - [MESSAGE][PASSED] - Wait for page load successfully&#xD;
&#xD;
2019-09-23 09:29:22 - [TEST_STEP][PASSED] - click(findTestObject("Assets/Page_Samsung Marketing Cloud/button_Add Assets")): Object: 'Object Repository/Assets/Page_Samsung Marketing Cloud/button_Add Assets' is clicked on&#xD;
&#xD;
2019-09-23 09:29:25 - [MESSAGE][PASSED] - Object: 'Object Repository/Assets/Page_Samsung Marketing Cloud/button_Add Assets' is clicked on&#xD;
&#xD;
2019-09-23 09:29:25 - [TEST_STEP][PASSED] - check(findTestObject("Assets/Page_Samsung Marketing Cloud/a_Single")): Object 'Object Repository/Assets/Page_Samsung Marketing Cloud/a_Single' is checked&#xD;
&#xD;
2019-09-23 09:29:37 - [MESSAGE][PASSED] - Object 'Object Repository/Assets/Page_Samsung Marketing Cloud/a_Single' is checked&#xD;
&#xD;
2019-09-23 09:29:37 - [TEST_STEP][PASSED] - waitForPageLoad(1): Wait for page load successfully&#xD;
&#xD;
2019-09-23 09:29:38 - [MESSAGE][PASSED] - Wait for page load successfully&#xD;
&#xD;
2019-09-23 09:29:38 - [TEST_STEP][PASSED] - click(findTestObject("Assets/Page_Samsung Marketing Cloud/Dropdown arrow")): Object: 'Object Repository/Assets/Page_Samsung Marketing Cloud/Dropdown arrow' is clicked on&#xD;
&#xD;
2019-09-23 09:29:41 - [MESSAGE][PASSED] - Object: 'Object Repository/Assets/Page_Samsung Marketing Cloud/Dropdown arrow' is clicked on&#xD;
&#xD;
2019-09-23 09:29:41 - [TEST_STEP][PASSED] - click(findTestObject("Assets/Page_Samsung Marketing Cloud/div_Image (1)")): Object: 'Object Repository/Assets/Page_Samsung Marketing Cloud/div_Image (1)' is clicked on&#xD;
&#xD;
2019-09-23 09:29:45 - [MESSAGE][PASSED] - Object: 'Object Repository/Assets/Page_Samsung Marketing Cloud/div_Image (1)' is clicked on&#xD;
&#xD;
2019-09-23 09:29:45 - [TEST_STEP][PASSED] - delay(1): Delayed 1 second(s)&#xD;
&#xD;
2019-09-23 09:29:46 - [MESSAGE][PASSED] - Delayed 1 second(s)&#xD;
&#xD;
2019-09-23 09:29:46 - [TEST_STEP][PASSED] - uploadFile(findTestObject("Assets/Upload_Asset_Image"), "C:\Adzu\Asset\Ascii©.PNG"): File 'C:\Adzu\Asset\Ascii©.PNG' sent to object: 'Object Repository/Assets/Upload_Asset_Image'&#xD;
&#xD;
2019-09-23 09:29:51 - [MESSAGE][PASSED] - File 'C:\Adzu\Asset\Ascii©.PNG' sent to object: 'Object Repository/Assets/Upload_Asset_Image'&#xD;
&#xD;
2019-09-23 09:29:51 - [TEST_STEP][PASSED] - verifyElementText(findTestObject("Assets/Page_Samsung Marketing Cloud/Page_Samsung Marketing Cloud/PDF_Validation_Error"), "Only ASCII characters are allowed"): Actual text and expected text of test object 'Object Repository/Assets/Page_Samsung Marketing Cloud/Page_Samsung Marketing Cloud/PDF_Validation_Error' are matched.&#xD;
&#xD;
2019-09-23 09:29:54 - [MESSAGE][PASSED] - Actual text and expected text of test object 'Object Repository/Assets/Page_Samsung Marketing Cloud/Page_Samsung Marketing Cloud/PDF_Validation_Error' are matched.</system-out>
            <system-err></system-err>
        </testcase>
        <testcase name="Test Cases/Login and Logout - Notifications/Logout - Yes Button" classname="Test Cases/Login and Logout - Notifications/Logout - Yes Button" status="PASSED">
            <system-out>2019-09-23 09:29:56 - [TEST_CASE][PASSED] - Test Cases/Login and Logout - Notifications/Logout - Yes Button: Test Cases/Login and Logout - Notifications/Logout - Yes Button&#xD;
&#xD;
2019-09-23 09:29:56 - [TEST_STEP][PASSED] - click(findTestObject("Logout/Page_Samsung Marketing Cloud/span_gandhi")): Object: 'Object Repository/Logout/Page_Samsung Marketing Cloud/span_gandhi' is clicked on&#xD;
&#xD;
2019-09-23 09:30:00 - [MESSAGE][PASSED] - Object: 'Object Repository/Logout/Page_Samsung Marketing Cloud/span_gandhi' is clicked on&#xD;
&#xD;
2019-09-23 09:30:00 - [TEST_STEP][PASSED] - click(findTestObject("Logout/Page_Samsung Marketing Cloud/Logout")): Object: 'Object Repository/Logout/Page_Samsung Marketing Cloud/Logout' is clicked on&#xD;
&#xD;
2019-09-23 09:30:04 - [MESSAGE][PASSED] - Object: 'Object Repository/Logout/Page_Samsung Marketing Cloud/Logout' is clicked on&#xD;
&#xD;
2019-09-23 09:30:04 - [TEST_STEP][PASSED] - click(findTestObject("Logout/Page_Samsung Marketing Cloud/button_Yes")): Object: 'Object Repository/Logout/Page_Samsung Marketing Cloud/button_Yes' is clicked on&#xD;
&#xD;
2019-09-23 09:30:08 - [MESSAGE][PASSED] - Object: 'Object Repository/Logout/Page_Samsung Marketing Cloud/button_Yes' is clicked on&#xD;
&#xD;
2019-09-23 09:30:08 - [TEST_STEP][PASSED] - closeBrowser(): Browser is closed&#xD;
&#xD;
2019-09-23 09:30:09 - [MESSAGE][PASSED] - Browser is closed</system-out>
            <system-err></system-err>
        </testcase>
        <system-out>2019-09-23 09:28:41 - [TEST_SUITE][INCOMPLETE] - Add Asset - Ascii Validation: null</system-out>
        <system-err>2019-09-23 09:28:41 - [TEST_SUITE][INCOMPLETE] - Add Asset - Ascii Validation: null</system-err>
    </testsuite>
</testsuites>
