<?xml version="1.0" encoding="UTF-8" standalone="yes"?>
<testsuites name="Edit Profile" time="96" tests="4" failures="0" errors="0">
    <testsuite name="Edit Profile" tests="4" failures="0" errors="0" time="96" timestamp="2019-10-11 14:38:45" hostname="gansat - NOTEEG-12802.nexus.local" id="Test Suites/Home Page/Edit Profile">
        <properties>
            <property name="deviceName" value=""/>
            <property name="devicePlatform" value=""/>
            <property name="logFolder" value="C:\\Adzu UAT\\Adzu\\Adzu\\Reports\\20191011_143839\\Home Page\\Edit Profile\\20191011_143839"/>
            <property name="logFiles" value="C:\\Adzu UAT\\Adzu\\Adzu\\Reports\\20191011_143839\\Home Page\\Edit Profile\\20191011_143839\\execution0.log, C:\\Adzu UAT\\Adzu\\Adzu\\Reports\\20191011_143839\\Home Page\\Edit Profile\\20191011_143839\\IEDriverServer.log"/>
            <property name="attachments" value=""/>
            <property name="hostName" value="gansat - NOTEEG-12802.nexus.local"/>
            <property name="os" value="Windows 10 64bit"/>
            <property name="katalonVersion" value="6.3.3.11"/>
            <property name="browser" value="IE 11"/>
            <property name="hostAddress" value="192.168.0.17"/>
            <property name="sessionId" value="308e6241-2550-49ca-949c-621830dd0ba4"/>
            <property name="seleniumVersion" value="3.141.59"/>
            <property name="proxyInformation" value="ProxyInformation{proxyOption=NO_PROXY, proxyServerType=HTTP, password=, proxyServerAddress=, proxyServerPort=0}"/>
            <property name="platform" value="Windows 10"/>
        </properties>
        <testcase name="Test Cases/Login and Logout - Notifications/Login" classname="Test Cases/Login and Logout - Notifications/Login" status="PASSED">
            <system-out>2019-10-11 14:38:45 - [TEST_CASE][PASSED] - Test Cases/Login and Logout - Notifications/Login: Test Cases/Login and Logout - Notifications/Login&#xD;
&#xD;
2019-10-11 14:38:46 - [TEST_STEP][PASSED] - openBrowser(""): Browser is opened with url: ''&#xD;
&#xD;
2019-10-11 14:38:47 - [MESSAGE][INFO] - Starting 'IE' driver&#xD;
&#xD;
2019-10-11 14:38:47 - [MESSAGE][INFO] - User set preference: ['ignoreProtectedModeSettings', 'true']&#xD;
&#xD;
2019-10-11 14:38:47 - [MESSAGE][INFO] - Action delay is set to 1 seconds&#xD;
&#xD;
2019-10-11 14:38:54 - [MESSAGE][PASSED] - Browser is opened with url: ''&#xD;
&#xD;
2019-10-11 14:38:54 - [TEST_STEP][PASSED] - navigateToUrl("https://samsung-adzu4-staging.codeworldwide.com/#"): Navigate to 'https://samsung-adzu4-staging.codeworldwide.com/#' successfully&#xD;
&#xD;
2019-10-11 14:38:57 - [MESSAGE][PASSED] - Navigate to 'https://samsung-adzu4-staging.codeworldwide.com/#' successfully&#xD;
&#xD;
2019-10-11 14:38:57 - [TEST_STEP][PASSED] - setText(findTestObject("Object Repository/Login/Page_Samsung Marketing Cloud/Username_Text"), "satinder.gandhi@codeworldwide.com"): Text 'satinder.gandhi@codeworldwide.com' is set on object 'Object Repository/Login/Page_Samsung Marketing Cloud/Username_Text'&#xD;
&#xD;
2019-10-11 14:39:06 - [MESSAGE][PASSED] - Text 'satinder.gandhi@codeworldwide.com' is set on object 'Object Repository/Login/Page_Samsung Marketing Cloud/Username_Text'&#xD;
&#xD;
2019-10-11 14:39:06 - [TEST_STEP][PASSED] - setEncryptedText(findTestObject("Object Repository/Login/Page_Samsung Marketing Cloud/Password_text"), "yfq/9fVkW5+QvfzWq38qvg=="): Text ****** has been set on object 'Object Repository/Login/Page_Samsung Marketing Cloud/Password_text'&#xD;
&#xD;
2019-10-11 14:39:11 - [MESSAGE][PASSED] - Text ****** has been set on object 'Object Repository/Login/Page_Samsung Marketing Cloud/Password_text'&#xD;
&#xD;
2019-10-11 14:39:11 - [TEST_STEP][PASSED] - click(findTestObject("Object Repository/Login/Page_Samsung Marketing Cloud/button_Login")): Object: 'Object Repository/Login/Page_Samsung Marketing Cloud/button_Login' is clicked on&#xD;
&#xD;
2019-10-11 14:39:16 - [MESSAGE][PASSED] - Object: 'Object Repository/Login/Page_Samsung Marketing Cloud/button_Login' is clicked on&#xD;
&#xD;
2019-10-11 14:39:16 - [TEST_STEP][PASSED] - maximizeWindow(): Current window maximized&#xD;
&#xD;
2019-10-11 14:39:18 - [MESSAGE][PASSED] - Current window maximized</system-out>
            <system-err></system-err>
        </testcase>
        <testcase name="Test Cases/Home Page/Profile/Edit Profile - Cancel" classname="Test Cases/Home Page/Profile/Edit Profile - Cancel" status="PASSED">
            <system-out>2019-10-11 14:39:18 - [TEST_CASE][PASSED] - Test Cases/Home Page/Profile/Edit Profile - Cancel: Test Cases/Home Page/Profile/Edit Profile - Cancel&#xD;
&#xD;
2019-10-11 14:39:19 - [TEST_STEP][PASSED] - click(findTestObject("Logout/Page_Samsung Marketing Cloud/span_gandhi")): Object: 'Object Repository/Logout/Page_Samsung Marketing Cloud/span_gandhi' is clicked on&#xD;
&#xD;
2019-10-11 14:39:25 - [MESSAGE][PASSED] - Object: 'Object Repository/Logout/Page_Samsung Marketing Cloud/span_gandhi' is clicked on&#xD;
&#xD;
2019-10-11 14:39:25 - [TEST_STEP][PASSED] - click(findTestObject("Home Page/Profile/a_Profile")): Object: 'Object Repository/Home Page/Profile/a_Profile' is clicked on&#xD;
&#xD;
2019-10-11 14:39:29 - [MESSAGE][PASSED] - Object: 'Object Repository/Home Page/Profile/a_Profile' is clicked on&#xD;
&#xD;
2019-10-11 14:39:29 - [TEST_STEP][PASSED] - click(findTestObject("Home Page/Profile Edit/Page_User Profile  Samsung/button_Edit")): Object: 'Object Repository/Home Page/Profile Edit/Page_User Profile  Samsung/button_Edit' is clicked on&#xD;
&#xD;
2019-10-11 14:39:33 - [MESSAGE][PASSED] - Object: 'Object Repository/Home Page/Profile Edit/Page_User Profile  Samsung/button_Edit' is clicked on&#xD;
&#xD;
2019-10-11 14:39:33 - [TEST_STEP][PASSED] - click(findTestObject("Home Page/Profile Edit/Page_User Profile  Samsung/span_Gandhi")): Object: 'Object Repository/Home Page/Profile Edit/Page_User Profile  Samsung/span_Gandhi' is clicked on&#xD;
&#xD;
2019-10-11 14:39:36 - [MESSAGE][PASSED] - Object: 'Object Repository/Home Page/Profile Edit/Page_User Profile  Samsung/span_Gandhi' is clicked on&#xD;
&#xD;
2019-10-11 14:39:36 - [TEST_STEP][PASSED] - click(findTestObject("Home Page/Profile Edit/Page_User Profile  Samsung/button_Cancel")): Object: 'Object Repository/Home Page/Profile Edit/Page_User Profile  Samsung/button_Cancel' is clicked on&#xD;
&#xD;
2019-10-11 14:39:40 - [MESSAGE][PASSED] - Object: 'Object Repository/Home Page/Profile Edit/Page_User Profile  Samsung/button_Cancel' is clicked on</system-out>
            <system-err></system-err>
        </testcase>
        <testcase name="Test Cases/Home Page/Profile/Edit Profile - Yes" classname="Test Cases/Home Page/Profile/Edit Profile - Yes" status="PASSED">
            <system-out>2019-10-11 14:39:40 - [TEST_CASE][PASSED] - Test Cases/Home Page/Profile/Edit Profile - Yes: Test Cases/Home Page/Profile/Edit Profile - Yes&#xD;
&#xD;
2019-10-11 14:39:40 - [TEST_STEP][PASSED] - navigateToUrl("https://samsung-adzu4-staging.codeworldwide.com/#"): Navigate to 'https://samsung-adzu4-staging.codeworldwide.com/#' successfully&#xD;
&#xD;
2019-10-11 14:39:42 - [MESSAGE][PASSED] - Navigate to 'https://samsung-adzu4-staging.codeworldwide.com/#' successfully&#xD;
&#xD;
2019-10-11 14:39:42 - [TEST_STEP][PASSED] - click(findTestObject("Logout/Page_Samsung Marketing Cloud/span_gandhi")): Object: 'Object Repository/Logout/Page_Samsung Marketing Cloud/span_gandhi' is clicked on&#xD;
&#xD;
2019-10-11 14:39:46 - [MESSAGE][PASSED] - Object: 'Object Repository/Logout/Page_Samsung Marketing Cloud/span_gandhi' is clicked on&#xD;
&#xD;
2019-10-11 14:39:47 - [TEST_STEP][PASSED] - click(findTestObject("Home Page/Profile/a_Profile")): Object: 'Object Repository/Home Page/Profile/a_Profile' is clicked on&#xD;
&#xD;
2019-10-11 14:39:51 - [MESSAGE][PASSED] - Object: 'Object Repository/Home Page/Profile/a_Profile' is clicked on&#xD;
&#xD;
2019-10-11 14:39:51 - [TEST_STEP][PASSED] - click(findTestObject("Home Page/Profile Edit/Page_User Profile  Samsung/button_Edit")): Object: 'Object Repository/Home Page/Profile Edit/Page_User Profile  Samsung/button_Edit' is clicked on&#xD;
&#xD;
2019-10-11 14:39:55 - [MESSAGE][PASSED] - Object: 'Object Repository/Home Page/Profile Edit/Page_User Profile  Samsung/button_Edit' is clicked on&#xD;
&#xD;
2019-10-11 14:39:55 - [TEST_STEP][PASSED] - click(findTestObject("Home Page/Profile Edit/Page_User Profile  Samsung/span_Gandhi")): Object: 'Object Repository/Home Page/Profile Edit/Page_User Profile  Samsung/span_Gandhi' is clicked on&#xD;
&#xD;
2019-10-11 14:39:58 - [MESSAGE][PASSED] - Object: 'Object Repository/Home Page/Profile Edit/Page_User Profile  Samsung/span_Gandhi' is clicked on&#xD;
&#xD;
2019-10-11 14:39:58 - [TEST_STEP][PASSED] - setText(findTestObject("Home Page/Profile/Page_User Profile  Samsung/input_Update your First Name_form-control"), "Gandhi"): Text 'Gandhi' is set on object 'Object Repository/Home Page/Profile/Page_User Profile  Samsung/input_Update your First Name_form-control'&#xD;
&#xD;
2019-10-11 14:40:02 - [MESSAGE][PASSED] - Text 'Gandhi' is set on object 'Object Repository/Home Page/Profile/Page_User Profile  Samsung/input_Update your First Name_form-control'&#xD;
&#xD;
2019-10-11 14:40:02 - [TEST_STEP][PASSED] - click(findTestObject("Home Page/Profile Edit/Page_User Profile  Samsung/button_Save")): Object: 'Object Repository/Home Page/Profile Edit/Page_User Profile  Samsung/button_Save' is clicked on&#xD;
&#xD;
2019-10-11 14:40:06 - [MESSAGE][PASSED] - Object: 'Object Repository/Home Page/Profile Edit/Page_User Profile  Samsung/button_Save' is clicked on&#xD;
&#xD;
2019-10-11 14:40:06 - [TEST_STEP][PASSED] - verifyElementText(findTestObject("Home Page/Profile Edit/Page_User Profile  Samsung/span_Gandhi"), "Gandhi"): Actual text and expected text of test object 'Object Repository/Home Page/Profile Edit/Page_User Profile  Samsung/span_Gandhi' are matched.&#xD;
&#xD;
2019-10-11 14:40:08 - [MESSAGE][PASSED] - Actual text and expected text of test object 'Object Repository/Home Page/Profile Edit/Page_User Profile  Samsung/span_Gandhi' are matched.</system-out>
            <system-err></system-err>
        </testcase>
        <testcase name="Test Cases/Login and Logout - Notifications/Logout - Yes Button" classname="Test Cases/Login and Logout - Notifications/Logout - Yes Button" status="PASSED">
            <system-out>2019-10-11 14:40:08 - [TEST_CASE][PASSED] - Test Cases/Login and Logout - Notifications/Logout - Yes Button: Test Cases/Login and Logout - Notifications/Logout - Yes Button&#xD;
&#xD;
2019-10-11 14:40:09 - [TEST_STEP][PASSED] - click(findTestObject("Logout/Page_Samsung Marketing Cloud/span_gandhi")): Object: 'Object Repository/Logout/Page_Samsung Marketing Cloud/span_gandhi' is clicked on&#xD;
&#xD;
2019-10-11 14:40:12 - [MESSAGE][PASSED] - Object: 'Object Repository/Logout/Page_Samsung Marketing Cloud/span_gandhi' is clicked on&#xD;
&#xD;
2019-10-11 14:40:12 - [TEST_STEP][PASSED] - click(findTestObject("Logout/Page_Samsung Marketing Cloud/Logout")): Object: 'Object Repository/Logout/Page_Samsung Marketing Cloud/Logout' is clicked on&#xD;
&#xD;
2019-10-11 14:40:16 - [MESSAGE][PASSED] - Object: 'Object Repository/Logout/Page_Samsung Marketing Cloud/Logout' is clicked on&#xD;
&#xD;
2019-10-11 14:40:16 - [TEST_STEP][PASSED] - click(findTestObject("Logout/Page_Samsung Marketing Cloud/button_Yes")): Object: 'Object Repository/Logout/Page_Samsung Marketing Cloud/button_Yes' is clicked on&#xD;
&#xD;
2019-10-11 14:40:20 - [MESSAGE][PASSED] - Object: 'Object Repository/Logout/Page_Samsung Marketing Cloud/button_Yes' is clicked on&#xD;
&#xD;
2019-10-11 14:40:20 - [TEST_STEP][PASSED] - closeBrowser(): Browser is closed&#xD;
&#xD;
2019-10-11 14:40:21 - [MESSAGE][PASSED] - Browser is closed</system-out>
            <system-err></system-err>
        </testcase>
        <system-out>2019-10-11 14:38:45 - [TEST_SUITE][INCOMPLETE] - Edit Profile: null</system-out>
        <system-err>2019-10-11 14:38:45 - [TEST_SUITE][INCOMPLETE] - Edit Profile: null</system-err>
    </testsuite>
</testsuites>
