<?xml version="1.0" encoding="UTF-8" standalone="yes"?>
<testsuites name="Login" time="147" tests="6" failures="0" errors="0">
    <testsuite name="Login" tests="6" failures="0" errors="0" time="147" timestamp="2019-09-19 09:52:24" hostname="gansat - NOTEEG-12802.nexus.local" id="Test Suites/Login/Login">
        <properties>
            <property name="deviceName" value=""/>
            <property name="devicePlatform" value=""/>
            <property name="logFolder" value="C:\\Adzu UAT\\Adzu\\Adzu\\Reports\\20190919_095217\\Login\\Login\\20190919_095217"/>
            <property name="logFiles" value="C:\\Adzu UAT\\Adzu\\Adzu\\Reports\\20190919_095217\\Login\\Login\\20190919_095217\\execution0.log, C:\\Adzu UAT\\Adzu\\Adzu\\Reports\\20190919_095217\\Login\\Login\\20190919_095217\\IEDriverServer.log"/>
            <property name="attachments" value=""/>
            <property name="hostName" value="gansat - NOTEEG-12802.nexus.local"/>
            <property name="os" value="Windows 10 64bit"/>
            <property name="katalonVersion" value="6.3.3.11"/>
            <property name="browser" value="IE 11"/>
            <property name="hostAddress" value="10.142.156.106"/>
            <property name="sessionId" value="e33bfd99-47b8-4842-a265-f67ebeaa8d9c"/>
            <property name="seleniumVersion" value="3.141.59"/>
            <property name="proxyInformation" value="ProxyInformation{proxyOption=NO_PROXY, proxyServerType=HTTP, password=, proxyServerAddress=, proxyServerPort=0}"/>
            <property name="platform" value="Windows 10"/>
        </properties>
        <testcase name="Test Cases/Login and Logout - Notifications/login Error" classname="Test Cases/Login and Logout - Notifications/login Error" status="PASSED">
            <system-out>2019-09-19 09:52:24 - [TEST_CASE][PASSED] - Test Cases/Login and Logout - Notifications/login Error: Test Cases/Login and Logout - Notifications/login Error&#xD;
&#xD;
2019-09-19 09:52:26 - [TEST_STEP][PASSED] - openBrowser(""): Browser is opened with url: ''&#xD;
&#xD;
2019-09-19 09:52:27 - [MESSAGE][INFO] - Starting 'IE' driver&#xD;
&#xD;
2019-09-19 09:52:27 - [MESSAGE][INFO] - User set preference: ['ignoreProtectedModeSettings', 'true']&#xD;
&#xD;
2019-09-19 09:52:27 - [MESSAGE][INFO] - Action delay is set to 1 seconds&#xD;
&#xD;
2019-09-19 09:52:35 - [MESSAGE][PASSED] - Browser is opened with url: ''&#xD;
&#xD;
2019-09-19 09:52:35 - [TEST_STEP][PASSED] - navigateToUrl("https://samsung-adzu4-staging.codeworldwide.com/#"): Navigate to 'https://samsung-adzu4-staging.codeworldwide.com/#' successfully&#xD;
&#xD;
2019-09-19 09:52:39 - [MESSAGE][PASSED] - Navigate to 'https://samsung-adzu4-staging.codeworldwide.com/#' successfully&#xD;
&#xD;
2019-09-19 09:52:39 - [TEST_STEP][PASSED] - setText(findTestObject("Object Repository/Login/Page_Samsung Marketing Cloud/Username_Text"), "k.kirithan@hotmail.com"): Text 'k.kirithan@hotmail.com' is set on object 'Object Repository/Login/Page_Samsung Marketing Cloud/Username_Text'&#xD;
&#xD;
2019-09-19 09:52:44 - [MESSAGE][PASSED] - Text 'k.kirithan@hotmail.com' is set on object 'Object Repository/Login/Page_Samsung Marketing Cloud/Username_Text'&#xD;
&#xD;
2019-09-19 09:52:44 - [TEST_STEP][PASSED] - setEncryptedText(findTestObject("Object Repository/Login/Page_Samsung Marketing Cloud/Password_text"), "hsPFm2cfhkw="): Text ****** has been set on object 'Object Repository/Login/Page_Samsung Marketing Cloud/Password_text'&#xD;
&#xD;
2019-09-19 09:52:48 - [MESSAGE][PASSED] - Text ****** has been set on object 'Object Repository/Login/Page_Samsung Marketing Cloud/Password_text'&#xD;
&#xD;
2019-09-19 09:52:48 - [TEST_STEP][PASSED] - click(findTestObject("Object Repository/Login/Page_Samsung Marketing Cloud/button_Login")): Object: 'Object Repository/Login/Page_Samsung Marketing Cloud/button_Login' is clicked on&#xD;
&#xD;
2019-09-19 09:52:52 - [MESSAGE][PASSED] - Object: 'Object Repository/Login/Page_Samsung Marketing Cloud/button_Login' is clicked on&#xD;
&#xD;
2019-09-19 09:52:52 - [TEST_STEP][PASSED] - delay(1): Delayed 1 second(s)&#xD;
&#xD;
2019-09-19 09:52:53 - [MESSAGE][PASSED] - Delayed 1 second(s)&#xD;
&#xD;
2019-09-19 09:52:53 - [TEST_STEP][PASSED] - verifyElementText(findTestObject("Login/Page_Samsung Marketing Cloud/div_Error                        Invalid username or password"), "Error: Invalid username or password"): Actual text and expected text of test object 'Object Repository/Login/Page_Samsung Marketing Cloud/div_Error                        Invalid username or password' are matched.&#xD;
&#xD;
2019-09-19 09:52:55 - [MESSAGE][PASSED] - Actual text and expected text of test object 'Object Repository/Login/Page_Samsung Marketing Cloud/div_Error                        Invalid username or password' are matched.</system-out>
            <system-err></system-err>
        </testcase>
        <testcase name="Test Cases/Login and Logout - Notifications/TC Pop-up" classname="Test Cases/Login and Logout - Notifications/TC Pop-up" status="PASSED">
            <system-out>2019-09-19 09:52:57 - [TEST_CASE][PASSED] - Test Cases/Login and Logout - Notifications/TC Pop-up: Test Cases/Login and Logout - Notifications/TC Pop-up&#xD;
&#xD;
2019-09-19 09:52:58 - [TEST_STEP][PASSED] - openBrowser(""): Browser is opened with url: ''&#xD;
&#xD;
2019-09-19 09:52:58 - [MESSAGE][WARNING] - A browser is already opened. Closing browser and opening a new one&#xD;
&#xD;
2019-09-19 09:53:00 - [MESSAGE][INFO] - Starting 'IE' driver&#xD;
&#xD;
2019-09-19 09:53:00 - [MESSAGE][INFO] - User set preference: ['ignoreProtectedModeSettings', 'true']&#xD;
&#xD;
2019-09-19 09:53:04 - [MESSAGE][PASSED] - Browser is opened with url: ''&#xD;
&#xD;
2019-09-19 09:53:04 - [TEST_STEP][PASSED] - navigateToUrl("https://samsung-adzu4-staging.codeworldwide.com/#"): Navigate to 'https://samsung-adzu4-staging.codeworldwide.com/#' successfully&#xD;
&#xD;
2019-09-19 09:53:07 - [MESSAGE][PASSED] - Navigate to 'https://samsung-adzu4-staging.codeworldwide.com/#' successfully&#xD;
&#xD;
2019-09-19 09:53:07 - [TEST_STEP][PASSED] - maximizeWindow(): Current window maximized&#xD;
&#xD;
2019-09-19 09:53:09 - [MESSAGE][PASSED] - Current window maximized&#xD;
&#xD;
2019-09-19 09:53:09 - [TEST_STEP][PASSED] - click(findTestObject("Object Repository/Login/Page_Samsung Marketing Cloud/Terms and conditions_Link")): Object: 'Object Repository/Login/Page_Samsung Marketing Cloud/Terms and conditions_Link' is clicked on&#xD;
&#xD;
2019-09-19 09:53:15 - [MESSAGE][PASSED] - Object: 'Object Repository/Login/Page_Samsung Marketing Cloud/Terms and conditions_Link' is clicked on&#xD;
&#xD;
2019-09-19 09:53:15 - [TEST_STEP][PASSED] - delay(2): Delayed 2 second(s)&#xD;
&#xD;
2019-09-19 09:53:17 - [MESSAGE][PASSED] - Delayed 2 second(s)&#xD;
&#xD;
2019-09-19 09:53:17 - [TEST_STEP][PASSED] - switchToFrame(findTestObject("Login/Page_Samsung Marketing Cloud/iframe_By logging into this system you are accepting the_tnc-iframe"), 0): Timeout '0' is invalid. Using default page load timeout: '30'&#xD;
&#xD;
2019-09-19 09:53:17 - [MESSAGE][WARNING] - Timeout '0' is invalid. Using default page load timeout: '30'&#xD;
&#xD;
2019-09-19 09:53:20 - [TEST_STEP][PASSED] - click(findTestObject("Login/Page_Samsung Marketing Cloud/TC_button_Close")): Object: 'Object Repository/Login/Page_Samsung Marketing Cloud/TC_button_Close' is clicked on&#xD;
&#xD;
2019-09-19 09:53:23 - [MESSAGE][PASSED] - Object: 'Object Repository/Login/Page_Samsung Marketing Cloud/TC_button_Close' is clicked on&#xD;
&#xD;
2019-09-19 09:53:23 - [TEST_STEP][PASSED] - WindowTitle = getWindowTitle(): Current window's title is: 'Samsung Marketing Cloud'&#xD;
&#xD;
2019-09-19 09:53:24 - [MESSAGE][PASSED] - Current window's title is: 'Samsung Marketing Cloud'&#xD;
&#xD;
2019-09-19 09:53:24 - [TEST_STEP][PASSED] - verifyMatch(WindowTitle, "Samsung Marketing Cloud", false): Actual text 'Samsung Marketing Cloud' and expected text 'Samsung Marketing Cloud' are matched &#xD;
&#xD;
2019-09-19 09:53:24 - [MESSAGE][PASSED] - Actual text 'Samsung Marketing Cloud' and expected text 'Samsung Marketing Cloud' are matched &#xD;
&#xD;
2019-09-19 09:53:24 - [TEST_STEP][PASSED] - closeBrowser(): Browser is closed&#xD;
&#xD;
2019-09-19 09:53:26 - [MESSAGE][PASSED] - Browser is closed</system-out>
            <system-err></system-err>
        </testcase>
        <testcase name="Test Cases/Login and Logout - Notifications/Forgot Password" classname="Test Cases/Login and Logout - Notifications/Forgot Password" status="PASSED">
            <system-out>2019-09-19 09:53:28 - [TEST_CASE][PASSED] - Test Cases/Login and Logout - Notifications/Forgot Password: Test Cases/Login and Logout - Notifications/Forgot Password&#xD;
&#xD;
2019-09-19 09:53:29 - [TEST_STEP][PASSED] - openBrowser(""): Browser is opened with url: ''&#xD;
&#xD;
2019-09-19 09:53:29 - [MESSAGE][INFO] - Starting 'IE' driver&#xD;
&#xD;
2019-09-19 09:53:29 - [MESSAGE][INFO] - User set preference: ['ignoreProtectedModeSettings', 'true']&#xD;
&#xD;
2019-09-19 09:53:33 - [MESSAGE][PASSED] - Browser is opened with url: ''&#xD;
&#xD;
2019-09-19 09:53:33 - [TEST_STEP][PASSED] - navigateToUrl("https://samsung-adzu4-staging.codeworldwide.com/#"): Navigate to 'https://samsung-adzu4-staging.codeworldwide.com/#' successfully&#xD;
&#xD;
2019-09-19 09:53:35 - [MESSAGE][PASSED] - Navigate to 'https://samsung-adzu4-staging.codeworldwide.com/#' successfully&#xD;
&#xD;
2019-09-19 09:53:35 - [TEST_STEP][PASSED] - click(findTestObject("Object Repository/Login/Page_Samsung Marketing Cloud/Forgot password")): Object: 'Object Repository/Login/Page_Samsung Marketing Cloud/Forgot password' is clicked on&#xD;
&#xD;
2019-09-19 09:53:42 - [MESSAGE][PASSED] - Object: 'Object Repository/Login/Page_Samsung Marketing Cloud/Forgot password' is clicked on&#xD;
&#xD;
2019-09-19 09:53:42 - [TEST_STEP][PASSED] - setText(findTestObject("Object Repository/Login/Page_Samsung Marketing Cloud/input_Enter your email address to receive a link to reset your password_email"), "k.kirithan@hotmail.com"): Text 'k.kirithan@hotmail.com' is set on object 'Object Repository/Login/Page_Samsung Marketing Cloud/input_Enter your email address to receive a link to reset your password_email'&#xD;
&#xD;
2019-09-19 09:53:46 - [MESSAGE][PASSED] - Text 'k.kirithan@hotmail.com' is set on object 'Object Repository/Login/Page_Samsung Marketing Cloud/input_Enter your email address to receive a link to reset your password_email'&#xD;
&#xD;
2019-09-19 09:53:46 - [TEST_STEP][PASSED] - click(findTestObject("Object Repository/Login/Page_Samsung Marketing Cloud/button_Reset")): Object: 'Object Repository/Login/Page_Samsung Marketing Cloud/button_Reset' is clicked on&#xD;
&#xD;
2019-09-19 09:53:49 - [MESSAGE][PASSED] - Object: 'Object Repository/Login/Page_Samsung Marketing Cloud/button_Reset' is clicked on&#xD;
&#xD;
2019-09-19 09:53:49 - [TEST_STEP][PASSED] - click(findTestObject("Object Repository/Login/Page_Samsung Marketing Cloud/button_Ok")): Object: 'Object Repository/Login/Page_Samsung Marketing Cloud/button_Ok' is clicked on&#xD;
&#xD;
2019-09-19 09:53:53 - [MESSAGE][PASSED] - Object: 'Object Repository/Login/Page_Samsung Marketing Cloud/button_Ok' is clicked on&#xD;
&#xD;
2019-09-19 09:53:53 - [TEST_STEP][PASSED] - closeBrowser(): Browser is closed&#xD;
&#xD;
2019-09-19 09:53:55 - [MESSAGE][PASSED] - Browser is closed</system-out>
            <system-err></system-err>
        </testcase>
        <testcase name="Test Cases/Login and Logout - Notifications/Login" classname="Test Cases/Login and Logout - Notifications/Login" status="PASSED">
            <system-out>2019-09-19 09:53:57 - [TEST_CASE][PASSED] - Test Cases/Login and Logout - Notifications/Login: Test Cases/Login and Logout - Notifications/Login&#xD;
&#xD;
2019-09-19 09:53:58 - [TEST_STEP][PASSED] - openBrowser(""): Browser is opened with url: ''&#xD;
&#xD;
2019-09-19 09:53:58 - [MESSAGE][INFO] - Starting 'IE' driver&#xD;
&#xD;
2019-09-19 09:53:58 - [MESSAGE][INFO] - User set preference: ['ignoreProtectedModeSettings', 'true']&#xD;
&#xD;
2019-09-19 09:54:02 - [MESSAGE][PASSED] - Browser is opened with url: ''&#xD;
&#xD;
2019-09-19 09:54:02 - [TEST_STEP][PASSED] - navigateToUrl("https://samsung-adzu4-staging.codeworldwide.com/#"): Navigate to 'https://samsung-adzu4-staging.codeworldwide.com/#' successfully&#xD;
&#xD;
2019-09-19 09:54:06 - [MESSAGE][PASSED] - Navigate to 'https://samsung-adzu4-staging.codeworldwide.com/#' successfully&#xD;
&#xD;
2019-09-19 09:54:06 - [TEST_STEP][PASSED] - setText(findTestObject("Object Repository/Login/Page_Samsung Marketing Cloud/Username_Text"), "satinder.gandhi@codeworldwide.com"): Text 'satinder.gandhi@codeworldwide.com' is set on object 'Object Repository/Login/Page_Samsung Marketing Cloud/Username_Text'&#xD;
&#xD;
2019-09-19 09:54:11 - [MESSAGE][PASSED] - Text 'satinder.gandhi@codeworldwide.com' is set on object 'Object Repository/Login/Page_Samsung Marketing Cloud/Username_Text'&#xD;
&#xD;
2019-09-19 09:54:11 - [TEST_STEP][PASSED] - setEncryptedText(findTestObject("Object Repository/Login/Page_Samsung Marketing Cloud/Password_text"), "yfq/9fVkW5+QvfzWq38qvg=="): Text ****** has been set on object 'Object Repository/Login/Page_Samsung Marketing Cloud/Password_text'&#xD;
&#xD;
2019-09-19 09:54:15 - [MESSAGE][PASSED] - Text ****** has been set on object 'Object Repository/Login/Page_Samsung Marketing Cloud/Password_text'&#xD;
&#xD;
2019-09-19 09:54:15 - [TEST_STEP][PASSED] - click(findTestObject("Object Repository/Login/Page_Samsung Marketing Cloud/button_Login")): Object: 'Object Repository/Login/Page_Samsung Marketing Cloud/button_Login' is clicked on&#xD;
&#xD;
2019-09-19 09:54:20 - [MESSAGE][PASSED] - Object: 'Object Repository/Login/Page_Samsung Marketing Cloud/button_Login' is clicked on&#xD;
&#xD;
2019-09-19 09:54:20 - [TEST_STEP][PASSED] - maximizeWindow(): Current window maximized&#xD;
&#xD;
2019-09-19 09:54:21 - [MESSAGE][PASSED] - Current window maximized</system-out>
            <system-err></system-err>
        </testcase>
        <testcase name="Test Cases/Login and Logout - Notifications/Logout - No Button" classname="Test Cases/Login and Logout - Notifications/Logout - No Button" status="PASSED">
            <system-out>2019-09-19 09:54:23 - [TEST_CASE][PASSED] - Test Cases/Login and Logout - Notifications/Logout - No Button: Test Cases/Login and Logout - Notifications/Logout - No Button&#xD;
&#xD;
2019-09-19 09:54:24 - [TEST_STEP][PASSED] - click(findTestObject("Logout/Page_Samsung Marketing Cloud/span_gandhi")): Object: 'Object Repository/Logout/Page_Samsung Marketing Cloud/span_gandhi' is clicked on&#xD;
&#xD;
2019-09-19 09:54:28 - [MESSAGE][PASSED] - Object: 'Object Repository/Logout/Page_Samsung Marketing Cloud/span_gandhi' is clicked on&#xD;
&#xD;
2019-09-19 09:54:28 - [TEST_STEP][PASSED] - click(findTestObject("Logout/Page_Samsung Marketing Cloud/Logout")): Object: 'Object Repository/Logout/Page_Samsung Marketing Cloud/Logout' is clicked on&#xD;
&#xD;
2019-09-19 09:54:31 - [MESSAGE][PASSED] - Object: 'Object Repository/Logout/Page_Samsung Marketing Cloud/Logout' is clicked on&#xD;
&#xD;
2019-09-19 09:54:31 - [TEST_STEP][PASSED] - click(findTestObject("Logout/Page_Samsung Marketing Cloud/Page_Samsung Marketing Cloud/button_No")): Object: 'Object Repository/Logout/Page_Samsung Marketing Cloud/Page_Samsung Marketing Cloud/button_No' is clicked on&#xD;
&#xD;
2019-09-19 09:54:35 - [MESSAGE][PASSED] - Object: 'Object Repository/Logout/Page_Samsung Marketing Cloud/Page_Samsung Marketing Cloud/button_No' is clicked on</system-out>
            <system-err></system-err>
        </testcase>
        <testcase name="Test Cases/Login and Logout - Notifications/Logout - Yes Button" classname="Test Cases/Login and Logout - Notifications/Logout - Yes Button" status="PASSED">
            <system-out>2019-09-19 09:54:37 - [TEST_CASE][PASSED] - Test Cases/Login and Logout - Notifications/Logout - Yes Button: Test Cases/Login and Logout - Notifications/Logout - Yes Button&#xD;
&#xD;
2019-09-19 09:54:37 - [TEST_STEP][PASSED] - click(findTestObject("Logout/Page_Samsung Marketing Cloud/span_gandhi")): Object: 'Object Repository/Logout/Page_Samsung Marketing Cloud/span_gandhi' is clicked on&#xD;
&#xD;
2019-09-19 09:54:41 - [MESSAGE][PASSED] - Object: 'Object Repository/Logout/Page_Samsung Marketing Cloud/span_gandhi' is clicked on&#xD;
&#xD;
2019-09-19 09:54:41 - [TEST_STEP][PASSED] - click(findTestObject("Logout/Page_Samsung Marketing Cloud/Logout")): Object: 'Object Repository/Logout/Page_Samsung Marketing Cloud/Logout' is clicked on&#xD;
&#xD;
2019-09-19 09:54:44 - [MESSAGE][PASSED] - Object: 'Object Repository/Logout/Page_Samsung Marketing Cloud/Logout' is clicked on&#xD;
&#xD;
2019-09-19 09:54:44 - [TEST_STEP][PASSED] - click(findTestObject("Logout/Page_Samsung Marketing Cloud/button_Yes")): Object: 'Object Repository/Logout/Page_Samsung Marketing Cloud/button_Yes' is clicked on&#xD;
&#xD;
2019-09-19 09:54:48 - [MESSAGE][PASSED] - Object: 'Object Repository/Logout/Page_Samsung Marketing Cloud/button_Yes' is clicked on&#xD;
&#xD;
2019-09-19 09:54:48 - [TEST_STEP][PASSED] - closeBrowser(): Browser is closed&#xD;
&#xD;
2019-09-19 09:54:49 - [MESSAGE][PASSED] - Browser is closed</system-out>
            <system-err></system-err>
        </testcase>
        <system-out>2019-09-19 09:52:24 - [TEST_SUITE][INCOMPLETE] - Login: null</system-out>
        <system-err>2019-09-19 09:52:24 - [TEST_SUITE][INCOMPLETE] - Login: null</system-err>
    </testsuite>
</testsuites>
