<?xml version="1.0" encoding="UTF-8" standalone="yes"?>
<testsuites name="Edit Profile" time="68" tests="4" failures="0" errors="0">
    <testsuite name="Edit Profile" tests="4" failures="0" errors="0" time="68" timestamp="2019-10-14 12:00:18" hostname="gansat - NOTEEG-12802.nexus.local" id="Test Suites/Home Page/Edit Profile">
        <properties>
            <property name="deviceName" value=""/>
            <property name="devicePlatform" value=""/>
            <property name="logFolder" value="C:\\Adzu UAT\\Adzu\\Adzu\\Reports\\20191014_120013\\Home Page\\Edit Profile\\20191014_120013"/>
            <property name="logFiles" value="C:\\Adzu UAT\\Adzu\\Adzu\\Reports\\20191014_120013\\Home Page\\Edit Profile\\20191014_120013\\execution0.log"/>
            <property name="attachments" value=""/>
            <property name="hostName" value="gansat - NOTEEG-12802.nexus.local"/>
            <property name="os" value="Windows 10 64bit"/>
            <property name="katalonVersion" value="6.3.3.11"/>
            <property name="browser" value="Chrome 77.0.3865.90"/>
            <property name="hostAddress" value="10.142.156.106"/>
            <property name="sessionId" value="9859fd462dbaac66882f48a74d2c11ff"/>
            <property name="seleniumVersion" value="3.141.59"/>
            <property name="proxyInformation" value="ProxyInformation{proxyOption=NO_PROXY, proxyServerType=HTTP, password=, proxyServerAddress=, proxyServerPort=0}"/>
            <property name="platform" value="Windows 10"/>
        </properties>
        <testcase name="Test Cases/Login and Logout - Notifications/Login" classname="Test Cases/Login and Logout - Notifications/Login" status="PASSED">
            <system-out>2019-10-14 12:00:18 - [TEST_CASE][PASSED] - Test Cases/Login and Logout - Notifications/Login: Test Cases/Login and Logout - Notifications/Login&#xD;
&#xD;
2019-10-14 12:00:19 - [TEST_STEP][PASSED] - openBrowser(""): Browser is opened with url: ''&#xD;
&#xD;
2019-10-14 12:00:20 - [MESSAGE][INFO] - Starting 'Chrome' driver&#xD;
&#xD;
2019-10-14 12:00:20 - [MESSAGE][INFO] - Action delay is set to 1 seconds&#xD;
&#xD;
2019-10-14 12:00:27 - [MESSAGE][PASSED] - Browser is opened with url: ''&#xD;
&#xD;
2019-10-14 12:00:27 - [TEST_STEP][PASSED] - navigateToUrl("https://samsung-adzu4-staging.codeworldwide.com/#"): Navigate to 'https://samsung-adzu4-staging.codeworldwide.com/#' successfully&#xD;
&#xD;
2019-10-14 12:00:29 - [MESSAGE][PASSED] - Navigate to 'https://samsung-adzu4-staging.codeworldwide.com/#' successfully&#xD;
&#xD;
2019-10-14 12:00:29 - [TEST_STEP][PASSED] - setText(findTestObject("Object Repository/Login/Page_Samsung Marketing Cloud/Username_Text"), "samuserc2019@hotmail.com"): Text 'samuserc2019@hotmail.com' is set on object 'Object Repository/Login/Page_Samsung Marketing Cloud/Username_Text'&#xD;
&#xD;
2019-10-14 12:00:36 - [MESSAGE][PASSED] - Text 'samuserc2019@hotmail.com' is set on object 'Object Repository/Login/Page_Samsung Marketing Cloud/Username_Text'&#xD;
&#xD;
2019-10-14 12:00:36 - [TEST_STEP][PASSED] - setEncryptedText(findTestObject("Object Repository/Login/Page_Samsung Marketing Cloud/Password_text"), "Uf/d4+xarS1loalGEdHpUQ=="): Text ****** has been set on object 'Object Repository/Login/Page_Samsung Marketing Cloud/Password_text'&#xD;
&#xD;
2019-10-14 12:00:39 - [MESSAGE][PASSED] - Text ****** has been set on object 'Object Repository/Login/Page_Samsung Marketing Cloud/Password_text'&#xD;
&#xD;
2019-10-14 12:00:39 - [TEST_STEP][PASSED] - click(findTestObject("Object Repository/Login/Page_Samsung Marketing Cloud/button_Login")): Object: 'Object Repository/Login/Page_Samsung Marketing Cloud/button_Login' is clicked on&#xD;
&#xD;
2019-10-14 12:00:42 - [MESSAGE][PASSED] - Object: 'Object Repository/Login/Page_Samsung Marketing Cloud/button_Login' is clicked on&#xD;
&#xD;
2019-10-14 12:00:42 - [TEST_STEP][PASSED] - maximizeWindow(): Current window maximized&#xD;
&#xD;
2019-10-14 12:00:45 - [MESSAGE][PASSED] - Current window maximized</system-out>
            <system-err></system-err>
        </testcase>
        <testcase name="Test Cases/Home Page/Profile/Edit Profile - Cancel" classname="Test Cases/Home Page/Profile/Edit Profile - Cancel" status="PASSED">
            <system-out>2019-10-14 12:00:45 - [TEST_CASE][PASSED] - Test Cases/Home Page/Profile/Edit Profile - Cancel: Test Cases/Home Page/Profile/Edit Profile - Cancel&#xD;
&#xD;
2019-10-14 12:00:45 - [TEST_STEP][PASSED] - click(findTestObject("Logout/Page_Samsung Marketing Cloud/span_Ktest")): Object: 'Object Repository/Logout/Page_Samsung Marketing Cloud/span_Ktest' is clicked on&#xD;
&#xD;
2019-10-14 12:00:48 - [MESSAGE][PASSED] - Object: 'Object Repository/Logout/Page_Samsung Marketing Cloud/span_Ktest' is clicked on&#xD;
&#xD;
2019-10-14 12:00:48 - [TEST_STEP][PASSED] - click(findTestObject("Home Page/Profile/a_Profile")): Object: 'Object Repository/Home Page/Profile/a_Profile' is clicked on&#xD;
&#xD;
2019-10-14 12:00:51 - [MESSAGE][PASSED] - Object: 'Object Repository/Home Page/Profile/a_Profile' is clicked on&#xD;
&#xD;
2019-10-14 12:00:51 - [TEST_STEP][PASSED] - click(findTestObject("Home Page/Profile Edit/Page_User Profile  Samsung/button_Edit")): Object: 'Object Repository/Home Page/Profile Edit/Page_User Profile  Samsung/button_Edit' is clicked on&#xD;
&#xD;
2019-10-14 12:00:53 - [MESSAGE][PASSED] - Object: 'Object Repository/Home Page/Profile Edit/Page_User Profile  Samsung/button_Edit' is clicked on&#xD;
&#xD;
2019-10-14 12:00:53 - [TEST_STEP][PASSED] - click(findTestObject("Home Page/Profile Edit/Page_User Profile  Samsung/span_Auto")): Object: 'Object Repository/Home Page/Profile Edit/Page_User Profile  Samsung/span_Auto' is clicked on&#xD;
&#xD;
2019-10-14 12:00:55 - [MESSAGE][PASSED] - Object: 'Object Repository/Home Page/Profile Edit/Page_User Profile  Samsung/span_Auto' is clicked on&#xD;
&#xD;
2019-10-14 12:00:55 - [TEST_STEP][PASSED] - click(findTestObject("Home Page/Profile Edit/Page_User Profile  Samsung/button_Cancel")): Object: 'Object Repository/Home Page/Profile Edit/Page_User Profile  Samsung/button_Cancel' is clicked on&#xD;
&#xD;
2019-10-14 12:00:58 - [MESSAGE][PASSED] - Object: 'Object Repository/Home Page/Profile Edit/Page_User Profile  Samsung/button_Cancel' is clicked on</system-out>
            <system-err></system-err>
        </testcase>
        <testcase name="Test Cases/Home Page/Profile/Edit Profile - Yes" classname="Test Cases/Home Page/Profile/Edit Profile - Yes" status="PASSED">
            <system-out>2019-10-14 12:00:58 - [TEST_CASE][PASSED] - Test Cases/Home Page/Profile/Edit Profile - Yes: Test Cases/Home Page/Profile/Edit Profile - Yes&#xD;
&#xD;
2019-10-14 12:00:58 - [TEST_STEP][PASSED] - navigateToUrl("https://samsung-adzu4-staging.codeworldwide.com/#"): Navigate to 'https://samsung-adzu4-staging.codeworldwide.com/#' successfully&#xD;
&#xD;
2019-10-14 12:00:59 - [MESSAGE][PASSED] - Navigate to 'https://samsung-adzu4-staging.codeworldwide.com/#' successfully&#xD;
&#xD;
2019-10-14 12:00:59 - [TEST_STEP][PASSED] - click(findTestObject("Logout/Page_Samsung Marketing Cloud/span_Ktest")): Object: 'Object Repository/Logout/Page_Samsung Marketing Cloud/span_Ktest' is clicked on&#xD;
&#xD;
2019-10-14 12:01:02 - [MESSAGE][PASSED] - Object: 'Object Repository/Logout/Page_Samsung Marketing Cloud/span_Ktest' is clicked on&#xD;
&#xD;
2019-10-14 12:01:02 - [TEST_STEP][PASSED] - click(findTestObject("Home Page/Profile/a_Profile")): Object: 'Object Repository/Home Page/Profile/a_Profile' is clicked on&#xD;
&#xD;
2019-10-14 12:01:04 - [MESSAGE][PASSED] - Object: 'Object Repository/Home Page/Profile/a_Profile' is clicked on&#xD;
&#xD;
2019-10-14 12:01:04 - [TEST_STEP][PASSED] - click(findTestObject("Home Page/Profile Edit/Page_User Profile  Samsung/button_Edit")): Object: 'Object Repository/Home Page/Profile Edit/Page_User Profile  Samsung/button_Edit' is clicked on&#xD;
&#xD;
2019-10-14 12:01:06 - [MESSAGE][PASSED] - Object: 'Object Repository/Home Page/Profile Edit/Page_User Profile  Samsung/button_Edit' is clicked on&#xD;
&#xD;
2019-10-14 12:01:06 - [TEST_STEP][PASSED] - click(findTestObject("Home Page/Profile Edit/Page_User Profile  Samsung/span_Auto")): Object: 'Object Repository/Home Page/Profile Edit/Page_User Profile  Samsung/span_Auto' is clicked on&#xD;
&#xD;
2019-10-14 12:01:08 - [MESSAGE][PASSED] - Object: 'Object Repository/Home Page/Profile Edit/Page_User Profile  Samsung/span_Auto' is clicked on&#xD;
&#xD;
2019-10-14 12:01:08 - [TEST_STEP][PASSED] - setText(findTestObject("Home Page/Profile/Page_User Profile  Samsung/input_Update your First Name_form-control"), "Auto"): Text 'Auto' is set on object 'Object Repository/Home Page/Profile/Page_User Profile  Samsung/input_Update your First Name_form-control'&#xD;
&#xD;
2019-10-14 12:01:12 - [MESSAGE][PASSED] - Text 'Auto' is set on object 'Object Repository/Home Page/Profile/Page_User Profile  Samsung/input_Update your First Name_form-control'&#xD;
&#xD;
2019-10-14 12:01:12 - [TEST_STEP][PASSED] - click(findTestObject("Home Page/Profile Edit/Page_User Profile  Samsung/button_Save")): Object: 'Object Repository/Home Page/Profile Edit/Page_User Profile  Samsung/button_Save' is clicked on&#xD;
&#xD;
2019-10-14 12:01:14 - [MESSAGE][PASSED] - Object: 'Object Repository/Home Page/Profile Edit/Page_User Profile  Samsung/button_Save' is clicked on&#xD;
&#xD;
2019-10-14 12:01:14 - [TEST_STEP][PASSED] - verifyElementText(findTestObject("Home Page/Profile Edit/Page_User Profile  Samsung/span_Auto"), "Auto"): Actual text and expected text of test object 'Object Repository/Home Page/Profile Edit/Page_User Profile  Samsung/span_Auto' are matched.&#xD;
&#xD;
2019-10-14 12:01:17 - [MESSAGE][PASSED] - Actual text and expected text of test object 'Object Repository/Home Page/Profile Edit/Page_User Profile  Samsung/span_Auto' are matched.</system-out>
            <system-err></system-err>
        </testcase>
        <testcase name="Test Cases/Login and Logout - Notifications/Logout - Yes Button" classname="Test Cases/Login and Logout - Notifications/Logout - Yes Button" status="PASSED">
            <system-out>2019-10-14 12:01:17 - [TEST_CASE][PASSED] - Test Cases/Login and Logout - Notifications/Logout - Yes Button: Test Cases/Login and Logout - Notifications/Logout - Yes Button&#xD;
&#xD;
2019-10-14 12:01:17 - [TEST_STEP][PASSED] - click(findTestObject("Logout/Page_Samsung Marketing Cloud/span_Ktest")): Object: 'Object Repository/Logout/Page_Samsung Marketing Cloud/span_Ktest' is clicked on&#xD;
&#xD;
2019-10-14 12:01:19 - [MESSAGE][PASSED] - Object: 'Object Repository/Logout/Page_Samsung Marketing Cloud/span_Ktest' is clicked on&#xD;
&#xD;
2019-10-14 12:01:19 - [TEST_STEP][PASSED] - click(findTestObject("Logout/Page_Samsung Marketing Cloud/Logout")): Object: 'Object Repository/Logout/Page_Samsung Marketing Cloud/Logout' is clicked on&#xD;
&#xD;
2019-10-14 12:01:22 - [MESSAGE][PASSED] - Object: 'Object Repository/Logout/Page_Samsung Marketing Cloud/Logout' is clicked on&#xD;
&#xD;
2019-10-14 12:01:22 - [TEST_STEP][PASSED] - click(findTestObject("Logout/Page_Samsung Marketing Cloud/button_Yes")): Object: 'Object Repository/Logout/Page_Samsung Marketing Cloud/button_Yes' is clicked on&#xD;
&#xD;
2019-10-14 12:01:24 - [MESSAGE][PASSED] - Object: 'Object Repository/Logout/Page_Samsung Marketing Cloud/button_Yes' is clicked on&#xD;
&#xD;
2019-10-14 12:01:24 - [TEST_STEP][PASSED] - closeBrowser(): Browser is closed&#xD;
&#xD;
2019-10-14 12:01:26 - [MESSAGE][PASSED] - Browser is closed</system-out>
            <system-err></system-err>
        </testcase>
        <system-out>2019-10-14 12:00:18 - [TEST_SUITE][INCOMPLETE] - Edit Profile: null</system-out>
        <system-err>2019-10-14 12:00:18 - [TEST_SUITE][INCOMPLETE] - Edit Profile: null</system-err>
    </testsuite>
</testsuites>
