<?xml version="1.0" encoding="UTF-8" standalone="yes"?>
<testsuites name="Campaign" time="70" tests="3" failures="0" errors="0">
    <testsuite name="Campaign" tests="3" failures="0" errors="0" time="70" timestamp="2019-09-18 12:21:39" hostname="gansat - NOTEEG-12802.nexus.local" id="Test Suites/Home Page/Campaign">
        <properties>
            <property name="deviceName" value=""/>
            <property name="devicePlatform" value=""/>
            <property name="logFolder" value="C:\\Adzu UAT\\Adzu\\Adzu\\Reports\\20190918_122130\\Home Page\\Campaign\\20190918_122130"/>
            <property name="logFiles" value="C:\\Adzu UAT\\Adzu\\Adzu\\Reports\\20190918_122130\\Home Page\\Campaign\\20190918_122130\\execution0.log, C:\\Adzu UAT\\Adzu\\Adzu\\Reports\\20190918_122130\\Home Page\\Campaign\\20190918_122130\\IEDriverServer.log"/>
            <property name="attachments" value=""/>
            <property name="hostName" value="gansat - NOTEEG-12802.nexus.local"/>
            <property name="os" value="Windows 10 64bit"/>
            <property name="katalonVersion" value="6.3.3.11"/>
            <property name="browser" value="IE 11"/>
            <property name="hostAddress" value="10.142.158.41"/>
            <property name="sessionId" value="1b9b3883-a578-487a-b729-f3538d9b47f8"/>
            <property name="seleniumVersion" value="3.141.59"/>
            <property name="proxyInformation" value="ProxyInformation{proxyOption=NO_PROXY, proxyServerType=HTTP, password=, proxyServerAddress=, proxyServerPort=0}"/>
            <property name="platform" value="Windows 10"/>
        </properties>
        <testcase name="Test Cases/Login and Logout - Notifications/Login" classname="Test Cases/Login and Logout - Notifications/Login" status="PASSED">
            <system-out>2019-09-18 12:21:41 - [TEST_CASE][PASSED] - Test Cases/Login and Logout - Notifications/Login: Test Cases/Login and Logout - Notifications/Login&#xD;
&#xD;
2019-09-18 12:21:44 - [TEST_STEP][PASSED] - openBrowser(""): Browser is opened with url: ''&#xD;
&#xD;
2019-09-18 12:21:47 - [MESSAGE][INFO] - Starting 'IE' driver&#xD;
&#xD;
2019-09-18 12:21:47 - [MESSAGE][INFO] - User set preference: ['ignoreProtectedModeSettings', 'true']&#xD;
&#xD;
2019-09-18 12:21:47 - [MESSAGE][INFO] - Action delay is set to 0 seconds&#xD;
&#xD;
2019-09-18 12:21:58 - [MESSAGE][PASSED] - Browser is opened with url: ''&#xD;
&#xD;
2019-09-18 12:21:58 - [TEST_STEP][PASSED] - navigateToUrl("https://samsung-adzu4-staging.codeworldwide.com/#"): Navigate to 'https://samsung-adzu4-staging.codeworldwide.com/#' successfully&#xD;
&#xD;
2019-09-18 12:22:01 - [MESSAGE][PASSED] - Navigate to 'https://samsung-adzu4-staging.codeworldwide.com/#' successfully&#xD;
&#xD;
2019-09-18 12:22:01 - [TEST_STEP][PASSED] - setText(findTestObject("Object Repository/Login/Page_Samsung Marketing Cloud/Username_Text"), "satinder.gandhi@codeworldwide.com"): Text 'satinder.gandhi@codeworldwide.com' is set on object 'Object Repository/Login/Page_Samsung Marketing Cloud/Username_Text'&#xD;
&#xD;
2019-09-18 12:22:13 - [MESSAGE][PASSED] - Text 'satinder.gandhi@codeworldwide.com' is set on object 'Object Repository/Login/Page_Samsung Marketing Cloud/Username_Text'&#xD;
&#xD;
2019-09-18 12:22:13 - [TEST_STEP][PASSED] - setEncryptedText(findTestObject("Object Repository/Login/Page_Samsung Marketing Cloud/Password_text"), "yfq/9fVkW5+QvfzWq38qvg=="): Text ****** has been set on object 'Object Repository/Login/Page_Samsung Marketing Cloud/Password_text'&#xD;
&#xD;
2019-09-18 12:22:15 - [MESSAGE][PASSED] - Text ****** has been set on object 'Object Repository/Login/Page_Samsung Marketing Cloud/Password_text'&#xD;
&#xD;
2019-09-18 12:22:15 - [TEST_STEP][PASSED] - click(findTestObject("Object Repository/Login/Page_Samsung Marketing Cloud/button_Login")): Object: 'Object Repository/Login/Page_Samsung Marketing Cloud/button_Login' is clicked on&#xD;
&#xD;
2019-09-18 12:22:20 - [MESSAGE][PASSED] - Object: 'Object Repository/Login/Page_Samsung Marketing Cloud/button_Login' is clicked on&#xD;
&#xD;
2019-09-18 12:22:20 - [TEST_STEP][PASSED] - maximizeWindow(): Current window maximized&#xD;
&#xD;
2019-09-18 12:22:20 - [MESSAGE][PASSED] - Current window maximized</system-out>
            <system-err></system-err>
        </testcase>
        <testcase name="Test Cases/Home Page/Campaigns" classname="Test Cases/Home Page/Campaigns" status="PASSED">
            <system-out>2019-09-18 12:22:23 - [TEST_CASE][PASSED] - Test Cases/Home Page/Campaigns: Test Cases/Home Page/Campaigns&#xD;
&#xD;
2019-09-18 12:22:25 - [TEST_STEP][PASSED] - navigateToUrl("https://samsung-adzu4-staging.codeworldwide.com/#"): Navigate to 'https://samsung-adzu4-staging.codeworldwide.com/#' successfully&#xD;
&#xD;
2019-09-18 12:22:27 - [MESSAGE][PASSED] - Navigate to 'https://samsung-adzu4-staging.codeworldwide.com/#' successfully&#xD;
&#xD;
2019-09-18 12:22:27 - [TEST_STEP][PASSED] - waitForPageLoad(1): Wait for page load successfully&#xD;
&#xD;
2019-09-18 12:22:28 - [MESSAGE][PASSED] - Wait for page load successfully&#xD;
&#xD;
2019-09-18 12:22:28 - [TEST_STEP][PASSED] - click(findTestObject("Home Page/Page_Samsung Marketing Cloud/a_S10")): Object: 'Object Repository/Home Page/Page_Samsung Marketing Cloud/a_S10' is clicked on&#xD;
&#xD;
2019-09-18 12:22:36 - [MESSAGE][PASSED] - Object: 'Object Repository/Home Page/Page_Samsung Marketing Cloud/a_S10' is clicked on</system-out>
            <system-err></system-err>
        </testcase>
        <testcase name="Test Cases/Login and Logout - Notifications/Logout - Yes Button" classname="Test Cases/Login and Logout - Notifications/Logout - Yes Button" status="PASSED">
            <system-out>2019-09-18 12:22:38 - [TEST_CASE][PASSED] - Test Cases/Login and Logout - Notifications/Logout - Yes Button: Test Cases/Login and Logout - Notifications/Logout - Yes Button&#xD;
&#xD;
2019-09-18 12:22:39 - [TEST_STEP][PASSED] - click(findTestObject("Logout/Page_Samsung Marketing Cloud/span_gandhi")): Object: 'Object Repository/Logout/Page_Samsung Marketing Cloud/span_gandhi' is clicked on&#xD;
&#xD;
2019-09-18 12:22:41 - [MESSAGE][PASSED] - Object: 'Object Repository/Logout/Page_Samsung Marketing Cloud/span_gandhi' is clicked on&#xD;
&#xD;
2019-09-18 12:22:41 - [TEST_STEP][PASSED] - click(findTestObject("Logout/Page_Samsung Marketing Cloud/Logout")): Object: 'Object Repository/Logout/Page_Samsung Marketing Cloud/Logout' is clicked on&#xD;
&#xD;
2019-09-18 12:22:43 - [MESSAGE][PASSED] - Object: 'Object Repository/Logout/Page_Samsung Marketing Cloud/Logout' is clicked on&#xD;
&#xD;
2019-09-18 12:22:43 - [TEST_STEP][PASSED] - click(findTestObject("Logout/Page_Samsung Marketing Cloud/button_Yes")): Object: 'Object Repository/Logout/Page_Samsung Marketing Cloud/button_Yes' is clicked on&#xD;
&#xD;
2019-09-18 12:22:47 - [MESSAGE][PASSED] - Object: 'Object Repository/Logout/Page_Samsung Marketing Cloud/button_Yes' is clicked on&#xD;
&#xD;
2019-09-18 12:22:47 - [TEST_STEP][PASSED] - closeBrowser(): Browser is closed&#xD;
&#xD;
2019-09-18 12:22:47 - [MESSAGE][PASSED] - Browser is closed</system-out>
            <system-err></system-err>
        </testcase>
        <system-out>2019-09-18 12:21:39 - [TEST_SUITE][INCOMPLETE] - Campaign: null</system-out>
        <system-err>2019-09-18 12:21:39 - [TEST_SUITE][INCOMPLETE] - Campaign: null</system-err>
    </testsuite>
</testsuites>
