<?xml version="1.0" encoding="UTF-8" standalone="yes"?>
<testsuites name="Featured Content" time="56" tests="6" failures="0" errors="0">
    <testsuite name="Featured Content" tests="6" failures="0" errors="0" time="56" timestamp="2019-10-11 16:55:28" hostname="KanKir - GB3CODW08386HQS.nexus.local" id="Test Suites/Home Page/Featured Content">
        <properties>
            <property name="deviceName" value=""/>
            <property name="devicePlatform" value=""/>
            <property name="logFolder" value="C:\\Users\\kankir\\git\\adZU-OS-UAT-Automation 1\\Reports\\20191011_165526\\Home Page\\Featured Content\\20191011_165526"/>
            <property name="logFiles" value="C:\\Users\\kankir\\git\\adZU-OS-UAT-Automation 1\\Reports\\20191011_165526\\Home Page\\Featured Content\\20191011_165526\\execution0.log"/>
            <property name="attachments" value=""/>
            <property name="hostName" value="KanKir - GB3CODW08386HQS.nexus.local"/>
            <property name="os" value="Windows 10 64bit"/>
            <property name="katalonVersion" value="6.3.3.11"/>
            <property name="browser" value="Chrome 77.0.3865.90"/>
            <property name="hostAddress" value="10.141.20.49"/>
            <property name="sessionId" value="0a6e61516065c055fde09cfb1e3f4884"/>
            <property name="seleniumVersion" value="3.141.59"/>
            <property name="proxyInformation" value="ProxyInformation{proxyOption=NO_PROXY, proxyServerType=HTTP, password=, proxyServerAddress=, proxyServerPort=0}"/>
            <property name="platform" value="Windows 10"/>
        </properties>
        <testcase name="Test Cases/Login and Logout - Notifications/Login" classname="Test Cases/Login and Logout - Notifications/Login" status="PASSED">
            <system-out>2019-10-11 16:55:28 - [TEST_CASE][PASSED] - Test Cases/Login and Logout - Notifications/Login: Test Cases/Login and Logout - Notifications/Login&#xD;
&#xD;
2019-10-11 16:55:28 - [TEST_STEP][PASSED] - openBrowser(""): Browser is opened with url: ''&#xD;
&#xD;
2019-10-11 16:55:28 - [MESSAGE][INFO] - Starting 'Chrome' driver&#xD;
&#xD;
2019-10-11 16:55:28 - [MESSAGE][INFO] - Action delay is set to 1 seconds&#xD;
&#xD;
2019-10-11 16:55:33 - [MESSAGE][PASSED] - Browser is opened with url: ''&#xD;
&#xD;
2019-10-11 16:55:33 - [TEST_STEP][PASSED] - navigateToUrl("https://samsung-adzu4-staging.codeworldwide.com/#"): Navigate to 'https://samsung-adzu4-staging.codeworldwide.com/#' successfully&#xD;
&#xD;
2019-10-11 16:55:36 - [MESSAGE][PASSED] - Navigate to 'https://samsung-adzu4-staging.codeworldwide.com/#' successfully&#xD;
&#xD;
2019-10-11 16:55:36 - [TEST_STEP][PASSED] - setText(findTestObject("Object Repository/Login/Page_Samsung Marketing Cloud/Username_Text"), "kirithan.kandasamy@codeworldwide.com"): Text 'kirithan.kandasamy@codeworldwide.com' is set on object 'Object Repository/Login/Page_Samsung Marketing Cloud/Username_Text'&#xD;
&#xD;
2019-10-11 16:55:40 - [MESSAGE][PASSED] - Text 'kirithan.kandasamy@codeworldwide.com' is set on object 'Object Repository/Login/Page_Samsung Marketing Cloud/Username_Text'&#xD;
&#xD;
2019-10-11 16:55:40 - [TEST_STEP][PASSED] - setEncryptedText(findTestObject("Object Repository/Login/Page_Samsung Marketing Cloud/Password_text"), "a/oAT6NJt8YMGiwHSirWNw=="): Text ****** has been set on object 'Object Repository/Login/Page_Samsung Marketing Cloud/Password_text'&#xD;
&#xD;
2019-10-11 16:55:44 - [MESSAGE][PASSED] - Text ****** has been set on object 'Object Repository/Login/Page_Samsung Marketing Cloud/Password_text'&#xD;
&#xD;
2019-10-11 16:55:44 - [TEST_STEP][PASSED] - click(findTestObject("Object Repository/Login/Page_Samsung Marketing Cloud/button_Login")): Object: 'Object Repository/Login/Page_Samsung Marketing Cloud/button_Login' is clicked on&#xD;
&#xD;
2019-10-11 16:55:47 - [MESSAGE][PASSED] - Object: 'Object Repository/Login/Page_Samsung Marketing Cloud/button_Login' is clicked on&#xD;
&#xD;
2019-10-11 16:55:47 - [TEST_STEP][PASSED] - maximizeWindow(): Current window maximized&#xD;
&#xD;
2019-10-11 16:55:49 - [MESSAGE][PASSED] - Current window maximized</system-out>
            <system-err></system-err>
        </testcase>
        <testcase name="Test Cases/Home Page/Featured Content Tiles/Explore" classname="Test Cases/Home Page/Featured Content Tiles/Explore" status="PASSED">
            <system-out>2019-10-11 16:55:49 - [TEST_CASE][PASSED] - Test Cases/Home Page/Featured Content Tiles/Explore: Test Cases/Home Page/Featured Content Tiles/Explore&#xD;
&#xD;
2019-10-11 16:55:49 - [TEST_STEP][PASSED] - navigateToUrl("https://samsung-adzu4-staging.codeworldwide.com/#"): Navigate to 'https://samsung-adzu4-staging.codeworldwide.com/#' successfully&#xD;
&#xD;
2019-10-11 16:55:50 - [MESSAGE][PASSED] - Navigate to 'https://samsung-adzu4-staging.codeworldwide.com/#' successfully&#xD;
&#xD;
2019-10-11 16:55:50 - [TEST_STEP][PASSED] - scrollToElement(findTestObject("Home Page/Homa Page Tiles/Featured Content/h3_Featured Content"), 0): Scroll to object 'Object Repository/Home Page/Homa Page Tiles/Featured Content/h3_Featured Content' successfully&#xD;
&#xD;
2019-10-11 16:55:50 - [MESSAGE][WARNING] - Timeout '0' is invalid. Using default page load timeout: '30'&#xD;
&#xD;
2019-10-11 16:55:52 - [MESSAGE][PASSED] - Scroll to object 'Object Repository/Home Page/Homa Page Tiles/Featured Content/h3_Featured Content' successfully&#xD;
&#xD;
2019-10-11 16:55:52 - [TEST_STEP][PASSED] - click(findTestObject("Home Page/Homa Page Tiles/Featured Content/div_Explore")): Object: 'Object Repository/Home Page/Homa Page Tiles/Featured Content/div_Explore' is clicked on&#xD;
&#xD;
2019-10-11 16:55:54 - [MESSAGE][PASSED] - Object: 'Object Repository/Home Page/Homa Page Tiles/Featured Content/div_Explore' is clicked on&#xD;
&#xD;
2019-10-11 16:55:54 - [TEST_STEP][PASSED] - url = getUrl(STOP_ON_FAILURE): Current window's url is: 'https://samsung-adzu4-staging.codeworldwide.com/#page/Assets?TagsID=3205936d-1b5b-4a6c-b4aa-1a79b5c9355d'&#xD;
&#xD;
2019-10-11 16:55:55 - [MESSAGE][PASSED] - Current window's url is: 'https://samsung-adzu4-staging.codeworldwide.com/#page/Assets?TagsID=3205936d-1b5b-4a6c-b4aa-1a79b5c9355d'&#xD;
&#xD;
2019-10-11 16:55:55 - [TEST_STEP][PASSED] - verifyMatch(url, "https://samsung-adzu4-staging.codeworldwide.com/#page/Assets?TagsID=3205936d-1b5b-4a6c-b4aa-1a79b5c9355d", false): Actual text 'https://samsung-adzu4-staging.codeworldwide.com/#page/Assets?TagsID=3205936d-1b5b-4a6c-b4aa-1a79b5c9355d' and expected text 'https://samsung-adzu4-staging.codeworldwide.com/#page/Assets?TagsID=3205936d-1b5b-4a6c-b4aa-1a79b5c9355d' are matched &#xD;
&#xD;
2019-10-11 16:55:56 - [MESSAGE][PASSED] - Actual text 'https://samsung-adzu4-staging.codeworldwide.com/#page/Assets?TagsID=3205936d-1b5b-4a6c-b4aa-1a79b5c9355d' and expected text 'https://samsung-adzu4-staging.codeworldwide.com/#page/Assets?TagsID=3205936d-1b5b-4a6c-b4aa-1a79b5c9355d' are matched</system-out>
            <system-err></system-err>
        </testcase>
        <testcase name="Test Cases/Home Page/Featured Content Tiles/Apps and Services" classname="Test Cases/Home Page/Featured Content Tiles/Apps and Services" status="PASSED">
            <system-out>2019-10-11 16:55:56 - [TEST_CASE][PASSED] - Test Cases/Home Page/Featured Content Tiles/Apps and Services: Test Cases/Home Page/Featured Content Tiles/Apps and Services&#xD;
&#xD;
2019-10-11 16:55:56 - [TEST_STEP][PASSED] - navigateToUrl("https://samsung-adzu4-staging.codeworldwide.com/#"): Navigate to 'https://samsung-adzu4-staging.codeworldwide.com/#' successfully&#xD;
&#xD;
2019-10-11 16:55:57 - [MESSAGE][PASSED] - Navigate to 'https://samsung-adzu4-staging.codeworldwide.com/#' successfully&#xD;
&#xD;
2019-10-11 16:55:57 - [TEST_STEP][PASSED] - scrollToElement(findTestObject("Home Page/Homa Page Tiles/Featured Content/h3_Featured Content"), 0): Scroll to object 'Object Repository/Home Page/Homa Page Tiles/Featured Content/h3_Featured Content' successfully&#xD;
&#xD;
2019-10-11 16:55:57 - [MESSAGE][WARNING] - Timeout '0' is invalid. Using default page load timeout: '30'&#xD;
&#xD;
2019-10-11 16:55:59 - [MESSAGE][PASSED] - Scroll to object 'Object Repository/Home Page/Homa Page Tiles/Featured Content/h3_Featured Content' successfully&#xD;
&#xD;
2019-10-11 16:55:59 - [TEST_STEP][PASSED] - click(findTestObject("Home Page/Homa Page Tiles/Featured Content/div_Apps and services")): Object: 'Object Repository/Home Page/Homa Page Tiles/Featured Content/div_Apps and services' is clicked on&#xD;
&#xD;
2019-10-11 16:56:01 - [MESSAGE][PASSED] - Object: 'Object Repository/Home Page/Homa Page Tiles/Featured Content/div_Apps and services' is clicked on&#xD;
&#xD;
2019-10-11 16:56:01 - [TEST_STEP][PASSED] - url = getUrl(): Current window's url is: 'https://samsung-adzu4-staging.codeworldwide.com/#page/Assets?TagsID=5075ceaf-edd9-4a3a-9f3f-da02a2811a8b&amp;TagsID=42b30424-09d5-4c8e-b4a0-3c8ea22522da'&#xD;
&#xD;
2019-10-11 16:56:02 - [MESSAGE][PASSED] - Current window's url is: 'https://samsung-adzu4-staging.codeworldwide.com/#page/Assets?TagsID=5075ceaf-edd9-4a3a-9f3f-da02a2811a8b&amp;TagsID=42b30424-09d5-4c8e-b4a0-3c8ea22522da'&#xD;
&#xD;
2019-10-11 16:56:02 - [TEST_STEP][PASSED] - verifyMatch(url, "https://samsung-adzu4-staging.codeworldwide.com/#page/Assets?TagsID=5075ceaf-edd9-4a3a-9f3f-da02a2811a8b&amp;TagsID=42b30424-09d5-4c8e-b4a0-3c8ea22522da", false): Actual text 'https://samsung-adzu4-staging.codeworldwide.com/#page/Assets?TagsID=5075ceaf-edd9-4a3a-9f3f-da02a2811a8b&amp;TagsID=42b30424-09d5-4c8e-b4a0-3c8ea22522da' and expected text 'https://samsung-adzu4-staging.codeworldwide.com/#page/Assets?TagsID=5075ceaf-edd9-4a3a-9f3f-da02a2811a8b&amp;TagsID=42b30424-09d5-4c8e-b4a0-3c8ea22522da' are matched &#xD;
&#xD;
2019-10-11 16:56:02 - [MESSAGE][PASSED] - Actual text 'https://samsung-adzu4-staging.codeworldwide.com/#page/Assets?TagsID=5075ceaf-edd9-4a3a-9f3f-da02a2811a8b&amp;TagsID=42b30424-09d5-4c8e-b4a0-3c8ea22522da' and expected text 'https://samsung-adzu4-staging.codeworldwide.com/#page/Assets?TagsID=5075ceaf-edd9-4a3a-9f3f-da02a2811a8b&amp;TagsID=42b30424-09d5-4c8e-b4a0-3c8ea22522da' are matched</system-out>
            <system-err></system-err>
        </testcase>
        <testcase name="Test Cases/Home Page/Featured Content Tiles/Customer Support" classname="Test Cases/Home Page/Featured Content Tiles/Customer Support" status="PASSED">
            <system-out>2019-10-11 16:56:02 - [TEST_CASE][PASSED] - Test Cases/Home Page/Featured Content Tiles/Customer Support: Test Cases/Home Page/Featured Content Tiles/Customer Support&#xD;
&#xD;
2019-10-11 16:56:02 - [TEST_STEP][PASSED] - navigateToUrl("https://samsung-adzu4-staging.codeworldwide.com/#"): Navigate to 'https://samsung-adzu4-staging.codeworldwide.com/#' successfully&#xD;
&#xD;
2019-10-11 16:56:03 - [MESSAGE][PASSED] - Navigate to 'https://samsung-adzu4-staging.codeworldwide.com/#' successfully&#xD;
&#xD;
2019-10-11 16:56:03 - [TEST_STEP][PASSED] - scrollToElement(findTestObject("Home Page/Homa Page Tiles/Featured Content/h3_Featured Content"), 0): Scroll to object 'Object Repository/Home Page/Homa Page Tiles/Featured Content/h3_Featured Content' successfully&#xD;
&#xD;
2019-10-11 16:56:03 - [MESSAGE][WARNING] - Timeout '0' is invalid. Using default page load timeout: '30'&#xD;
&#xD;
2019-10-11 16:56:05 - [MESSAGE][PASSED] - Scroll to object 'Object Repository/Home Page/Homa Page Tiles/Featured Content/h3_Featured Content' successfully&#xD;
&#xD;
2019-10-11 16:56:05 - [TEST_STEP][PASSED] - click(findTestObject("Home Page/Homa Page Tiles/Featured Content/div_Customer support")): Object: 'Object Repository/Home Page/Homa Page Tiles/Featured Content/div_Customer support' is clicked on&#xD;
&#xD;
2019-10-11 16:56:07 - [MESSAGE][PASSED] - Object: 'Object Repository/Home Page/Homa Page Tiles/Featured Content/div_Customer support' is clicked on&#xD;
&#xD;
2019-10-11 16:56:07 - [TEST_STEP][PASSED] - url = getUrl(): Current window's url is: 'https://samsung-adzu4-staging.codeworldwide.com/#page/ECSO'&#xD;
&#xD;
2019-10-11 16:56:09 - [MESSAGE][PASSED] - Current window's url is: 'https://samsung-adzu4-staging.codeworldwide.com/#page/ECSO'&#xD;
&#xD;
2019-10-11 16:56:09 - [TEST_STEP][PASSED] - verifyMatch(url, "https://samsung-adzu4-staging.codeworldwide.com/#page/ECSO", false): Actual text 'https://samsung-adzu4-staging.codeworldwide.com/#page/ECSO' and expected text 'https://samsung-adzu4-staging.codeworldwide.com/#page/ECSO' are matched &#xD;
&#xD;
2019-10-11 16:56:09 - [MESSAGE][PASSED] - Actual text 'https://samsung-adzu4-staging.codeworldwide.com/#page/ECSO' and expected text 'https://samsung-adzu4-staging.codeworldwide.com/#page/ECSO' are matched</system-out>
            <system-err></system-err>
        </testcase>
        <testcase name="Test Cases/Home Page/Featured Content Tiles/In Situ" classname="Test Cases/Home Page/Featured Content Tiles/In Situ" status="PASSED">
            <system-out>2019-10-11 16:56:09 - [TEST_CASE][PASSED] - Test Cases/Home Page/Featured Content Tiles/In Situ: Test Cases/Home Page/Featured Content Tiles/In Situ&#xD;
&#xD;
2019-10-11 16:56:09 - [TEST_STEP][PASSED] - navigateToUrl("https://samsung-adzu4-staging.codeworldwide.com/#"): Navigate to 'https://samsung-adzu4-staging.codeworldwide.com/#' successfully&#xD;
&#xD;
2019-10-11 16:56:10 - [MESSAGE][PASSED] - Navigate to 'https://samsung-adzu4-staging.codeworldwide.com/#' successfully&#xD;
&#xD;
2019-10-11 16:56:10 - [TEST_STEP][PASSED] - scrollToElement(findTestObject("Home Page/Homa Page Tiles/Featured Content/h3_Featured Content"), 0): Scroll to object 'Object Repository/Home Page/Homa Page Tiles/Featured Content/h3_Featured Content' successfully&#xD;
&#xD;
2019-10-11 16:56:10 - [MESSAGE][WARNING] - Timeout '0' is invalid. Using default page load timeout: '30'&#xD;
&#xD;
2019-10-11 16:56:12 - [MESSAGE][PASSED] - Scroll to object 'Object Repository/Home Page/Homa Page Tiles/Featured Content/h3_Featured Content' successfully&#xD;
&#xD;
2019-10-11 16:56:12 - [TEST_STEP][PASSED] - click(findTestObject("Home Page/Homa Page Tiles/Featured Content/div_In Situ")): Object: 'Object Repository/Home Page/Homa Page Tiles/Featured Content/div_In Situ' is clicked on&#xD;
&#xD;
2019-10-11 16:56:14 - [MESSAGE][PASSED] - Object: 'Object Repository/Home Page/Homa Page Tiles/Featured Content/div_In Situ' is clicked on&#xD;
&#xD;
2019-10-11 16:56:14 - [TEST_STEP][PASSED] - url = getUrl(STOP_ON_FAILURE): Current window's url is: 'https://samsung-adzu4-staging.codeworldwide.com/#page/Assets?TagsID=3e2987b7-0ebc-4c12-a09c-ba5960d14ecf'&#xD;
&#xD;
2019-10-11 16:56:15 - [MESSAGE][PASSED] - Current window's url is: 'https://samsung-adzu4-staging.codeworldwide.com/#page/Assets?TagsID=3e2987b7-0ebc-4c12-a09c-ba5960d14ecf'&#xD;
&#xD;
2019-10-11 16:56:15 - [TEST_STEP][PASSED] - verifyMatch(url, "https://samsung-adzu4-staging.codeworldwide.com/#page/Assets?TagsID=3e2987b7-0ebc-4c12-a09c-ba5960d14ecf", false): Actual text 'https://samsung-adzu4-staging.codeworldwide.com/#page/Assets?TagsID=3e2987b7-0ebc-4c12-a09c-ba5960d14ecf' and expected text 'https://samsung-adzu4-staging.codeworldwide.com/#page/Assets?TagsID=3e2987b7-0ebc-4c12-a09c-ba5960d14ecf' are matched &#xD;
&#xD;
2019-10-11 16:56:15 - [MESSAGE][PASSED] - Actual text 'https://samsung-adzu4-staging.codeworldwide.com/#page/Assets?TagsID=3e2987b7-0ebc-4c12-a09c-ba5960d14ecf' and expected text 'https://samsung-adzu4-staging.codeworldwide.com/#page/Assets?TagsID=3e2987b7-0ebc-4c12-a09c-ba5960d14ecf' are matched</system-out>
            <system-err></system-err>
        </testcase>
        <testcase name="Test Cases/Login and Logout - Notifications/Logout - Yes Button" classname="Test Cases/Login and Logout - Notifications/Logout - Yes Button" status="PASSED">
            <system-out>2019-10-11 16:56:15 - [TEST_CASE][PASSED] - Test Cases/Login and Logout - Notifications/Logout - Yes Button: Test Cases/Login and Logout - Notifications/Logout - Yes Button&#xD;
&#xD;
2019-10-11 16:56:16 - [TEST_STEP][PASSED] - click(findTestObject("Logout/Page_Samsung Marketing Cloud/span_Kirithan")): Object: 'Object Repository/Logout/Page_Samsung Marketing Cloud/span_Kirithan' is clicked on&#xD;
&#xD;
2019-10-11 16:56:18 - [MESSAGE][PASSED] - Object: 'Object Repository/Logout/Page_Samsung Marketing Cloud/span_Kirithan' is clicked on&#xD;
&#xD;
2019-10-11 16:56:18 - [TEST_STEP][PASSED] - click(findTestObject("Logout/Page_Samsung Marketing Cloud/Logout")): Object: 'Object Repository/Logout/Page_Samsung Marketing Cloud/Logout' is clicked on&#xD;
&#xD;
2019-10-11 16:56:20 - [MESSAGE][PASSED] - Object: 'Object Repository/Logout/Page_Samsung Marketing Cloud/Logout' is clicked on&#xD;
&#xD;
2019-10-11 16:56:20 - [TEST_STEP][PASSED] - click(findTestObject("Logout/Page_Samsung Marketing Cloud/button_Yes")): Object: 'Object Repository/Logout/Page_Samsung Marketing Cloud/button_Yes' is clicked on&#xD;
&#xD;
2019-10-11 16:56:22 - [MESSAGE][PASSED] - Object: 'Object Repository/Logout/Page_Samsung Marketing Cloud/button_Yes' is clicked on&#xD;
&#xD;
2019-10-11 16:56:22 - [TEST_STEP][PASSED] - closeBrowser(): Browser is closed&#xD;
&#xD;
2019-10-11 16:56:24 - [MESSAGE][PASSED] - Browser is closed</system-out>
            <system-err></system-err>
        </testcase>
        <system-out>2019-10-11 16:55:28 - [TEST_SUITE][INCOMPLETE] - Featured Content: null</system-out>
        <system-err>2019-10-11 16:55:28 - [TEST_SUITE][INCOMPLETE] - Featured Content: null</system-err>
    </testsuite>
</testsuites>
