<?xml version="1.0" encoding="UTF-8" standalone="yes"?>
<testsuites name="Asset Tests" time="100" tests="5" failures="0" errors="0">
    <testsuite name="Asset Tests" tests="5" failures="0" errors="0" time="100" timestamp="2019-10-02 15:59:11" hostname="gansat - NOTEEG-12802.nexus.local" id="Test Suites/Marketing Content/Add Assets/Asset Tests">
        <properties>
            <property name="deviceName" value=""/>
            <property name="devicePlatform" value=""/>
            <property name="logFolder" value="C:\\Adzu UAT\\Adzu\\Adzu\\Reports\\20191002_155907\\Marketing Content\\Add Assets\\Asset Tests\\20191002_155907"/>
            <property name="logFiles" value="C:\\Adzu UAT\\Adzu\\Adzu\\Reports\\20191002_155907\\Marketing Content\\Add Assets\\Asset Tests\\20191002_155907\\execution0.log, C:\\Adzu UAT\\Adzu\\Adzu\\Reports\\20191002_155907\\Marketing Content\\Add Assets\\Asset Tests\\20191002_155907\\IEDriverServer.log"/>
            <property name="attachments" value=""/>
            <property name="hostName" value="gansat - NOTEEG-12802.nexus.local"/>
            <property name="os" value="Windows 10 64bit"/>
            <property name="katalonVersion" value="6.3.3.11"/>
            <property name="browser" value="IE 11"/>
            <property name="hostAddress" value="192.168.0.20"/>
            <property name="sessionId" value="3323bc80-1225-4d65-9a54-9abb22e6d1fa"/>
            <property name="seleniumVersion" value="3.141.59"/>
            <property name="proxyInformation" value="ProxyInformation{proxyOption=NO_PROXY, proxyServerType=HTTP, password=, proxyServerAddress=, proxyServerPort=0}"/>
            <property name="platform" value="Windows 10"/>
        </properties>
        <testcase name="Test Cases/Login and Logout - Notifications/Login" classname="Test Cases/Login and Logout - Notifications/Login" status="PASSED">
            <system-out>2019-10-02 15:59:11 - [TEST_CASE][PASSED] - Test Cases/Login and Logout - Notifications/Login: Test Cases/Login and Logout - Notifications/Login&#xD;
&#xD;
2019-10-02 15:59:13 - [TEST_STEP][PASSED] - openBrowser(""): Browser is opened with url: ''&#xD;
&#xD;
2019-10-02 15:59:13 - [MESSAGE][INFO] - Starting 'IE' driver&#xD;
&#xD;
2019-10-02 15:59:13 - [MESSAGE][INFO] - User set preference: ['ignoreProtectedModeSettings', 'true']&#xD;
&#xD;
2019-10-02 15:59:13 - [MESSAGE][INFO] - Action delay is set to 1 seconds&#xD;
&#xD;
2019-10-02 15:59:21 - [MESSAGE][PASSED] - Browser is opened with url: ''&#xD;
&#xD;
2019-10-02 15:59:21 - [TEST_STEP][PASSED] - navigateToUrl("https://samsung-adzu4-staging.codeworldwide.com/#"): Navigate to 'https://samsung-adzu4-staging.codeworldwide.com/#' successfully&#xD;
&#xD;
2019-10-02 15:59:26 - [MESSAGE][PASSED] - Navigate to 'https://samsung-adzu4-staging.codeworldwide.com/#' successfully&#xD;
&#xD;
2019-10-02 15:59:26 - [TEST_STEP][PASSED] - setText(findTestObject("Object Repository/Login/Page_Samsung Marketing Cloud/Username_Text"), "satinder.gandhi@codeworldwide.com"): Text 'satinder.gandhi@codeworldwide.com' is set on object 'Object Repository/Login/Page_Samsung Marketing Cloud/Username_Text'&#xD;
&#xD;
2019-10-02 15:59:31 - [MESSAGE][PASSED] - Text 'satinder.gandhi@codeworldwide.com' is set on object 'Object Repository/Login/Page_Samsung Marketing Cloud/Username_Text'&#xD;
&#xD;
2019-10-02 15:59:31 - [TEST_STEP][PASSED] - setEncryptedText(findTestObject("Object Repository/Login/Page_Samsung Marketing Cloud/Password_text"), "yfq/9fVkW5+QvfzWq38qvg=="): Text ****** has been set on object 'Object Repository/Login/Page_Samsung Marketing Cloud/Password_text'&#xD;
&#xD;
2019-10-02 15:59:35 - [MESSAGE][PASSED] - Text ****** has been set on object 'Object Repository/Login/Page_Samsung Marketing Cloud/Password_text'&#xD;
&#xD;
2019-10-02 15:59:35 - [TEST_STEP][PASSED] - click(findTestObject("Object Repository/Login/Page_Samsung Marketing Cloud/button_Login")): Object: 'Object Repository/Login/Page_Samsung Marketing Cloud/button_Login' is clicked on&#xD;
&#xD;
2019-10-02 15:59:41 - [MESSAGE][PASSED] - Object: 'Object Repository/Login/Page_Samsung Marketing Cloud/button_Login' is clicked on&#xD;
&#xD;
2019-10-02 15:59:41 - [TEST_STEP][PASSED] - maximizeWindow(): Current window maximized&#xD;
&#xD;
2019-10-02 15:59:42 - [MESSAGE][PASSED] - Current window maximized</system-out>
            <system-err></system-err>
        </testcase>
        <testcase name="Test Cases/Assets/Open Assets Page" classname="Test Cases/Assets/Open Assets Page" status="PASSED">
            <system-out>2019-10-02 15:59:44 - [TEST_CASE][PASSED] - Test Cases/Assets/Open Assets Page: Test Cases/Assets/Open Assets Page&#xD;
&#xD;
2019-10-02 15:59:44 - [TEST_STEP][PASSED] - click(findTestObject("Assets/Samsung Marketing Cloud/a_Assets")): Object: 'Object Repository/Assets/Samsung Marketing Cloud/a_Assets' is clicked on&#xD;
&#xD;
2019-10-02 15:59:51 - [MESSAGE][PASSED] - Object: 'Object Repository/Assets/Samsung Marketing Cloud/a_Assets' is clicked on</system-out>
            <system-err></system-err>
        </testcase>
        <testcase name="Test Cases/Assets/Search Asset" classname="Test Cases/Assets/Search Asset" status="PASSED">
            <system-out>2019-10-02 15:59:53 - [TEST_CASE][PASSED] - Test Cases/Assets/Search Asset: Test Cases/Assets/Search Asset&#xD;
&#xD;
2019-10-02 15:59:54 - [TEST_STEP][PASSED] - click(findTestObject("Assets/Search Assets/Page_Samsung Marketing Cloud/filter_icon")): Object: 'Object Repository/Assets/Search Assets/Page_Samsung Marketing Cloud/filter_icon' is clicked on&#xD;
&#xD;
2019-10-02 15:59:58 - [MESSAGE][PASSED] - Object: 'Object Repository/Assets/Search Assets/Page_Samsung Marketing Cloud/filter_icon' is clicked on&#xD;
&#xD;
2019-10-02 15:59:58 - [TEST_STEP][PASSED] - setText(findTestObject("Assets/Search Assets/Page_Samsung Marketing Cloud/Text_SearchText"), search_text): Text 'Auto_ImageAsset6' is set on object 'Object Repository/Assets/Search Assets/Page_Samsung Marketing Cloud/Text_SearchText'&#xD;
&#xD;
2019-10-02 16:00:03 - [MESSAGE][PASSED] - Text 'Auto_ImageAsset6' is set on object 'Object Repository/Assets/Search Assets/Page_Samsung Marketing Cloud/Text_SearchText'&#xD;
&#xD;
2019-10-02 16:00:03 - [TEST_STEP][PASSED] - span_obj = modifyObjectProperty(findTestObject("Assets/Search Assets/Page_Samsung Marketing Cloud/span_asset"), "text", "equals", search_text, false): Modify property of object successfully&#xD;
&#xD;
2019-10-02 16:00:03 - [MESSAGE][PASSED] - Modify property of object successfully&#xD;
&#xD;
2019-10-02 16:00:03 - [TEST_STEP][PASSED] - click(span_obj): Object: 'Object Repository/Assets/Search Assets/Page_Samsung Marketing Cloud/span_asset' is clicked on&#xD;
&#xD;
2019-10-02 16:00:07 - [MESSAGE][PASSED] - Object: 'Object Repository/Assets/Search Assets/Page_Samsung Marketing Cloud/span_asset' is clicked on&#xD;
&#xD;
2019-10-02 16:00:07 - [TEST_STEP][PASSED] - click(findTestObject("Object Repository/Assets/Search Assets/Page_Samsung Marketing Cloud/button_Hide")): Object: 'Object Repository/Assets/Search Assets/Page_Samsung Marketing Cloud/button_Hide' is clicked on&#xD;
&#xD;
2019-10-02 16:00:10 - [MESSAGE][PASSED] - Object: 'Object Repository/Assets/Search Assets/Page_Samsung Marketing Cloud/button_Hide' is clicked on&#xD;
&#xD;
2019-10-02 16:00:10 - [TEST_STEP][PASSED] - delay(1): Delayed 1 second(s)&#xD;
&#xD;
2019-10-02 16:00:12 - [MESSAGE][PASSED] - Delayed 1 second(s)</system-out>
            <system-err></system-err>
        </testcase>
        <testcase name="Test Cases/Assets/Preview Asset" classname="Test Cases/Assets/Preview Asset" status="PASSED">
            <system-out>2019-10-02 16:00:14 - [TEST_CASE][PASSED] - Test Cases/Assets/Preview Asset: Test Cases/Assets/Preview Asset&#xD;
&#xD;
2019-10-02 16:00:14 - [TEST_STEP][PASSED] - delay(1): Delayed 1 second(s)&#xD;
&#xD;
2019-10-02 16:00:15 - [MESSAGE][PASSED] - Delayed 1 second(s)&#xD;
&#xD;
2019-10-02 16:00:15 - [TEST_STEP][PASSED] - click(findTestObject("Assets/Samsung Marketing Cloud/Page-Samsung Marketing Cloud/div_Gallery_switcher-box sw-gallery")): Object: 'Object Repository/Assets/Samsung Marketing Cloud/Page-Samsung Marketing Cloud/div_Gallery_switcher-box sw-gallery' is clicked on&#xD;
&#xD;
2019-10-02 16:00:19 - [MESSAGE][PASSED] - Object: 'Object Repository/Assets/Samsung Marketing Cloud/Page-Samsung Marketing Cloud/div_Gallery_switcher-box sw-gallery' is clicked on&#xD;
&#xD;
2019-10-02 16:00:19 - [TEST_STEP][PASSED] - delay(1): Delayed 1 second(s)&#xD;
&#xD;
2019-10-02 16:00:20 - [MESSAGE][PASSED] - Delayed 1 second(s)&#xD;
&#xD;
2019-10-02 16:00:20 - [TEST_STEP][PASSED] - click(findTestObject("Assets/Action_Menu/Action_Menu")): Object: 'Object Repository/Assets/Action_Menu/Action_Menu' is clicked on&#xD;
&#xD;
2019-10-02 16:00:23 - [MESSAGE][PASSED] - Object: 'Object Repository/Assets/Action_Menu/Action_Menu' is clicked on&#xD;
&#xD;
2019-10-02 16:00:23 - [TEST_STEP][PASSED] - click(findTestObject("Assets/Preview Asset/Page_Samsung Marketing Cloud/a_Preview")): Object: 'Object Repository/Assets/Preview Asset/Page_Samsung Marketing Cloud/a_Preview' is clicked on&#xD;
&#xD;
2019-10-02 16:00:26 - [MESSAGE][PASSED] - Object: 'Object Repository/Assets/Preview Asset/Page_Samsung Marketing Cloud/a_Preview' is clicked on&#xD;
&#xD;
2019-10-02 16:00:26 - [TEST_STEP][PASSED] - delay(1): Delayed 1 second(s)&#xD;
&#xD;
2019-10-02 16:00:27 - [MESSAGE][PASSED] - Delayed 1 second(s)&#xD;
&#xD;
2019-10-02 16:00:27 - [TEST_STEP][PASSED] - kms.turing.katalon.plugins.visualtesting.ScreenCapture.takeScreenshot("C:\Adzu\Screenshot\Preview Asset\Asset_actual.png", CONTINUE_ON_FAILURE): kms.turing.katalon.plugins.visualtesting.ScreenCapture.takeScreenshot is PASSED&#xD;
&#xD;
2019-10-02 16:00:29 - [MESSAGE][PASSED] - kms.turing.katalon.plugins.visualtesting.ScreenCapture.takeScreenshot is PASSED&#xD;
&#xD;
2019-10-02 16:00:29 - [TEST_STEP][PASSED] - kms.turing.katalon.plugins.visualtesting.ImageComparison.areMatched("C:\Adzu\Screenshot\Preview Asset\Asset_expected.png", "C:\Adzu\Screenshot\Preview Asset\Asset_actual.png", CONTINUE_ON_FAILURE): kms.turing.katalon.plugins.visualtesting.ImageComparison.areMatched is PASSED&#xD;
&#xD;
2019-10-02 16:00:29 - [MESSAGE][INFO] - Verify the image at location: C:\Adzu\Screenshot\Preview Asset\Asset_expected.png is matched to the other image at: C:\Adzu\Screenshot\Preview Asset\Asset_actual.png&#xD;
&#xD;
2019-10-02 16:00:29 - [MESSAGE][PASSED] - kms.turing.katalon.plugins.visualtesting.ImageComparison.areMatched is PASSED&#xD;
&#xD;
2019-10-02 16:00:29 - [TEST_STEP][PASSED] - click(findTestObject("Assets/Preview Asset/Page_Samsung Marketing Cloud/Exit_Preview")): Object: 'Object Repository/Assets/Preview Asset/Page_Samsung Marketing Cloud/Exit_Preview' is clicked on&#xD;
&#xD;
2019-10-02 16:00:33 - [MESSAGE][PASSED] - Object: 'Object Repository/Assets/Preview Asset/Page_Samsung Marketing Cloud/Exit_Preview' is clicked on</system-out>
            <system-err></system-err>
        </testcase>
        <testcase name="Test Cases/Login and Logout - Notifications/Logout - Yes Button" classname="Test Cases/Login and Logout - Notifications/Logout - Yes Button" status="PASSED">
            <system-out>2019-10-02 16:00:35 - [TEST_CASE][PASSED] - Test Cases/Login and Logout - Notifications/Logout - Yes Button: Test Cases/Login and Logout - Notifications/Logout - Yes Button&#xD;
&#xD;
2019-10-02 16:00:35 - [TEST_STEP][PASSED] - click(findTestObject("Logout/Page_Samsung Marketing Cloud/span_gandhi")): Object: 'Object Repository/Logout/Page_Samsung Marketing Cloud/span_gandhi' is clicked on&#xD;
&#xD;
2019-10-02 16:00:39 - [MESSAGE][PASSED] - Object: 'Object Repository/Logout/Page_Samsung Marketing Cloud/span_gandhi' is clicked on&#xD;
&#xD;
2019-10-02 16:00:39 - [TEST_STEP][PASSED] - click(findTestObject("Logout/Page_Samsung Marketing Cloud/Logout")): Object: 'Object Repository/Logout/Page_Samsung Marketing Cloud/Logout' is clicked on&#xD;
&#xD;
2019-10-02 16:00:42 - [MESSAGE][PASSED] - Object: 'Object Repository/Logout/Page_Samsung Marketing Cloud/Logout' is clicked on&#xD;
&#xD;
2019-10-02 16:00:42 - [TEST_STEP][PASSED] - click(findTestObject("Logout/Page_Samsung Marketing Cloud/button_Yes")): Object: 'Object Repository/Logout/Page_Samsung Marketing Cloud/button_Yes' is clicked on&#xD;
&#xD;
2019-10-02 16:00:46 - [MESSAGE][PASSED] - Object: 'Object Repository/Logout/Page_Samsung Marketing Cloud/button_Yes' is clicked on&#xD;
&#xD;
2019-10-02 16:00:46 - [TEST_STEP][PASSED] - closeBrowser(): Browser is closed&#xD;
&#xD;
2019-10-02 16:00:49 - [MESSAGE][PASSED] - Browser is closed</system-out>
            <system-err></system-err>
        </testcase>
        <system-out>2019-10-02 15:59:11 - [TEST_SUITE][INCOMPLETE] - Asset Tests: null</system-out>
        <system-err>2019-10-02 15:59:11 - [TEST_SUITE][INCOMPLETE] - Asset Tests: null</system-err>
    </testsuite>
</testsuites>
