<?xml version="1.0" encoding="UTF-8" standalone="yes"?>
<testsuites name="Asset Test Suite" time="133" tests="6" failures="0" errors="0">
    <testsuite name="Asset Test Suite" tests="6" failures="0" errors="0" time="133" timestamp="2019-10-11 14:45:04" hostname="gansat - NOTEEG-12802.nexus.local" id="Test Suites/Marketing Content/Add Assets/Asset Test Suite">
        <properties>
            <property name="deviceName" value=""/>
            <property name="devicePlatform" value=""/>
            <property name="logFolder" value="C:\\Adzu UAT\\Adzu\\Adzu\\Reports\\20191011_144459\\Marketing Content\\Add Assets\\Asset Test Suite\\20191011_144459"/>
            <property name="logFiles" value="C:\\Adzu UAT\\Adzu\\Adzu\\Reports\\20191011_144459\\Marketing Content\\Add Assets\\Asset Test Suite\\20191011_144459\\execution0.log, C:\\Adzu UAT\\Adzu\\Adzu\\Reports\\20191011_144459\\Marketing Content\\Add Assets\\Asset Test Suite\\20191011_144459\\IEDriverServer.log"/>
            <property name="attachments" value=""/>
            <property name="hostName" value="gansat - NOTEEG-12802.nexus.local"/>
            <property name="os" value="Windows 10 64bit"/>
            <property name="katalonVersion" value="6.3.3.11"/>
            <property name="browser" value="IE 11"/>
            <property name="hostAddress" value="192.168.0.17"/>
            <property name="sessionId" value="d918d261-a151-42bd-ac6e-b12075cd68d1"/>
            <property name="seleniumVersion" value="3.141.59"/>
            <property name="proxyInformation" value="ProxyInformation{proxyOption=NO_PROXY, proxyServerType=HTTP, password=, proxyServerAddress=, proxyServerPort=0}"/>
            <property name="platform" value="Windows 10"/>
        </properties>
        <testcase name="Test Cases/Login and Logout - Notifications/Login" classname="Test Cases/Login and Logout - Notifications/Login" status="PASSED">
            <system-out>2019-10-11 14:45:05 - [TEST_CASE][PASSED] - Test Cases/Login and Logout - Notifications/Login: Test Cases/Login and Logout - Notifications/Login&#xD;
&#xD;
2019-10-11 14:45:06 - [TEST_STEP][PASSED] - openBrowser(""): Browser is opened with url: ''&#xD;
&#xD;
2019-10-11 14:45:06 - [MESSAGE][INFO] - Starting 'IE' driver&#xD;
&#xD;
2019-10-11 14:45:06 - [MESSAGE][INFO] - User set preference: ['ignoreProtectedModeSettings', 'true']&#xD;
&#xD;
2019-10-11 14:45:07 - [MESSAGE][INFO] - Action delay is set to 1 seconds&#xD;
&#xD;
2019-10-11 14:45:14 - [MESSAGE][PASSED] - Browser is opened with url: ''&#xD;
&#xD;
2019-10-11 14:45:14 - [TEST_STEP][PASSED] - navigateToUrl("https://samsung-adzu4-staging.codeworldwide.com/#"): Navigate to 'https://samsung-adzu4-staging.codeworldwide.com/#' successfully&#xD;
&#xD;
2019-10-11 14:45:16 - [MESSAGE][PASSED] - Navigate to 'https://samsung-adzu4-staging.codeworldwide.com/#' successfully&#xD;
&#xD;
2019-10-11 14:45:16 - [TEST_STEP][PASSED] - setText(findTestObject("Object Repository/Login/Page_Samsung Marketing Cloud/Username_Text"), "satinder.gandhi@codeworldwide.com"): Text 'satinder.gandhi@codeworldwide.com' is set on object 'Object Repository/Login/Page_Samsung Marketing Cloud/Username_Text'&#xD;
&#xD;
2019-10-11 14:45:24 - [MESSAGE][PASSED] - Text 'satinder.gandhi@codeworldwide.com' is set on object 'Object Repository/Login/Page_Samsung Marketing Cloud/Username_Text'&#xD;
&#xD;
2019-10-11 14:45:24 - [TEST_STEP][PASSED] - setEncryptedText(findTestObject("Object Repository/Login/Page_Samsung Marketing Cloud/Password_text"), "yfq/9fVkW5+QvfzWq38qvg=="): Text ****** has been set on object 'Object Repository/Login/Page_Samsung Marketing Cloud/Password_text'&#xD;
&#xD;
2019-10-11 14:45:28 - [MESSAGE][PASSED] - Text ****** has been set on object 'Object Repository/Login/Page_Samsung Marketing Cloud/Password_text'&#xD;
&#xD;
2019-10-11 14:45:28 - [TEST_STEP][PASSED] - click(findTestObject("Object Repository/Login/Page_Samsung Marketing Cloud/button_Login")): Object: 'Object Repository/Login/Page_Samsung Marketing Cloud/button_Login' is clicked on&#xD;
&#xD;
2019-10-11 14:45:34 - [MESSAGE][PASSED] - Object: 'Object Repository/Login/Page_Samsung Marketing Cloud/button_Login' is clicked on&#xD;
&#xD;
2019-10-11 14:45:34 - [TEST_STEP][PASSED] - maximizeWindow(): Current window maximized&#xD;
&#xD;
2019-10-11 14:45:35 - [MESSAGE][PASSED] - Current window maximized</system-out>
            <system-err></system-err>
        </testcase>
        <testcase name="Test Cases/Assets/Open Assets Page" classname="Test Cases/Assets/Open Assets Page" status="PASSED">
            <system-out>2019-10-11 14:45:35 - [TEST_CASE][PASSED] - Test Cases/Assets/Open Assets Page: Test Cases/Assets/Open Assets Page&#xD;
&#xD;
2019-10-11 14:45:36 - [TEST_STEP][PASSED] - click(findTestObject("Assets/Add Asset/a_Assets")): Object: 'Object Repository/Assets/Add Asset/a_Assets' is clicked on&#xD;
&#xD;
2019-10-11 14:45:43 - [MESSAGE][PASSED] - Object: 'Object Repository/Assets/Add Asset/a_Assets' is clicked on&#xD;
&#xD;
2019-10-11 14:45:43 - [TEST_STEP][PASSED] - delay(1): Delayed 1 second(s)&#xD;
&#xD;
2019-10-11 14:45:45 - [MESSAGE][PASSED] - Delayed 1 second(s)</system-out>
            <system-err></system-err>
        </testcase>
        <testcase name="Test Cases/Assets/Search Asset" classname="Test Cases/Assets/Search Asset" status="PASSED">
            <system-out>2019-10-11 14:45:45 - [TEST_CASE][PASSED] - Test Cases/Assets/Search Asset: Test Cases/Assets/Search Asset&#xD;
&#xD;
2019-10-11 14:45:45 - [TEST_STEP][PASSED] - click(findTestObject("Assets/Search Assets/Page_Samsung Marketing Cloud/filter_icon")): Object: 'Object Repository/Assets/Search Assets/Page_Samsung Marketing Cloud/filter_icon' is clicked on&#xD;
&#xD;
2019-10-11 14:45:51 - [MESSAGE][PASSED] - Object: 'Object Repository/Assets/Search Assets/Page_Samsung Marketing Cloud/filter_icon' is clicked on&#xD;
&#xD;
2019-10-11 14:45:51 - [TEST_STEP][PASSED] - setText(findTestObject("Assets/Search Assets/Page_Samsung Marketing Cloud/Text_SearchText"), search_text): Text 'AutoAsset_Image' is set on object 'Object Repository/Assets/Search Assets/Page_Samsung Marketing Cloud/Text_SearchText'&#xD;
&#xD;
2019-10-11 14:45:56 - [MESSAGE][PASSED] - Text 'AutoAsset_Image' is set on object 'Object Repository/Assets/Search Assets/Page_Samsung Marketing Cloud/Text_SearchText'&#xD;
&#xD;
2019-10-11 14:45:56 - [TEST_STEP][PASSED] - span_obj = modifyObjectProperty(findTestObject("Assets/Search Assets/Page_Samsung Marketing Cloud/span_asset"), "text", "equals", search_text, false): Modify property of object successfully&#xD;
&#xD;
2019-10-11 14:45:57 - [MESSAGE][PASSED] - Modify property of object successfully&#xD;
&#xD;
2019-10-11 14:45:57 - [TEST_STEP][PASSED] - click(span_obj): Object: 'Object Repository/Assets/Search Assets/Page_Samsung Marketing Cloud/span_asset' is clicked on&#xD;
&#xD;
2019-10-11 14:46:01 - [MESSAGE][PASSED] - Object: 'Object Repository/Assets/Search Assets/Page_Samsung Marketing Cloud/span_asset' is clicked on&#xD;
&#xD;
2019-10-11 14:46:01 - [TEST_STEP][PASSED] - click(findTestObject("Object Repository/Assets/Search Assets/Page_Samsung Marketing Cloud/button_Hide")): Object: 'Object Repository/Assets/Search Assets/Page_Samsung Marketing Cloud/button_Hide' is clicked on&#xD;
&#xD;
2019-10-11 14:46:05 - [MESSAGE][PASSED] - Object: 'Object Repository/Assets/Search Assets/Page_Samsung Marketing Cloud/button_Hide' is clicked on&#xD;
&#xD;
2019-10-11 14:46:05 - [TEST_STEP][PASSED] - delay(1): Delayed 1 second(s)&#xD;
&#xD;
2019-10-11 14:46:06 - [MESSAGE][PASSED] - Delayed 1 second(s)&#xD;
&#xD;
2019-10-11 14:46:06 - [TEST_STEP][PASSED] - click(findTestObject("Assets/Add Asset/Page-Samsung Marketing Cloud/div_Gallery_switcher-box sw-gallery")): Object: 'Object Repository/Assets/Add Asset/Page-Samsung Marketing Cloud/div_Gallery_switcher-box sw-gallery' is clicked on&#xD;
&#xD;
2019-10-11 14:46:09 - [MESSAGE][PASSED] - Object: 'Object Repository/Assets/Add Asset/Page-Samsung Marketing Cloud/div_Gallery_switcher-box sw-gallery' is clicked on</system-out>
            <system-err></system-err>
        </testcase>
        <testcase name="Test Cases/Assets/Edit Asset" classname="Test Cases/Assets/Edit Asset" status="PASSED">
            <system-out>2019-10-11 14:46:09 - [TEST_CASE][PASSED] - Test Cases/Assets/Edit Asset: Test Cases/Assets/Edit Asset&#xD;
&#xD;
2019-10-11 14:46:10 - [TEST_STEP][PASSED] - delay(1): Delayed 1 second(s)&#xD;
&#xD;
2019-10-11 14:46:11 - [MESSAGE][PASSED] - Delayed 1 second(s)&#xD;
&#xD;
2019-10-11 14:46:11 - [TEST_STEP][PASSED] - click(findTestObject("Assets/Action_Menu/Action_Menu")): Object: 'Object Repository/Assets/Action_Menu/Action_Menu' is clicked on&#xD;
&#xD;
2019-10-11 14:46:15 - [MESSAGE][PASSED] - Object: 'Object Repository/Assets/Action_Menu/Action_Menu' is clicked on&#xD;
&#xD;
2019-10-11 14:46:15 - [TEST_STEP][PASSED] - click(findTestObject("Assets/Delete Asset/Page_Samsung Marketing Cloud/a_Edit")): Object: 'Object Repository/Assets/Delete Asset/Page_Samsung Marketing Cloud/a_Edit' is clicked on&#xD;
&#xD;
2019-10-11 14:46:24 - [MESSAGE][PASSED] - Object: 'Object Repository/Assets/Delete Asset/Page_Samsung Marketing Cloud/a_Edit' is clicked on&#xD;
&#xD;
2019-10-11 14:46:24 - [TEST_STEP][PASSED] - click(findTestObject("Assets/Edit Asset/Page_Samsung Marketing Cloud/Edit_Asset_Name")): Object: 'Object Repository/Assets/Edit Asset/Page_Samsung Marketing Cloud/Edit_Asset_Name' is clicked on&#xD;
&#xD;
2019-10-11 14:46:27 - [MESSAGE][PASSED] - Object: 'Object Repository/Assets/Edit Asset/Page_Samsung Marketing Cloud/Edit_Asset_Name' is clicked on&#xD;
&#xD;
2019-10-11 14:46:27 - [TEST_STEP][PASSED] - delay(1): Delayed 1 second(s)&#xD;
&#xD;
2019-10-11 14:46:28 - [MESSAGE][PASSED] - Delayed 1 second(s)&#xD;
&#xD;
2019-10-11 14:46:28 - [TEST_STEP][PASSED] - setText(findTestObject("Assets/Edit Asset/Page_Samsung Marketing Cloud/Edit_Asset_Name"), Asset_Name): Text 'update asset' is set on object 'Object Repository/Assets/Edit Asset/Page_Samsung Marketing Cloud/Edit_Asset_Name'&#xD;
&#xD;
2019-10-11 14:46:33 - [MESSAGE][PASSED] - Text 'update asset' is set on object 'Object Repository/Assets/Edit Asset/Page_Samsung Marketing Cloud/Edit_Asset_Name'&#xD;
&#xD;
2019-10-11 14:46:33 - [TEST_STEP][PASSED] - click(findTestObject("Assets/Edit Asset/Page_Samsung Marketing Cloud/button_Save")): Object: 'Object Repository/Assets/Edit Asset/Page_Samsung Marketing Cloud/button_Save' is clicked on&#xD;
&#xD;
2019-10-11 14:46:37 - [MESSAGE][PASSED] - Object: 'Object Repository/Assets/Edit Asset/Page_Samsung Marketing Cloud/button_Save' is clicked on</system-out>
            <system-err></system-err>
        </testcase>
        <testcase name="Test Cases/Assets/Delete Assset" classname="Test Cases/Assets/Delete Assset" status="PASSED">
            <system-out>2019-10-11 14:46:37 - [TEST_CASE][PASSED] - Test Cases/Assets/Delete Assset: Test Cases/Assets/Delete Assset&#xD;
&#xD;
2019-10-11 14:46:37 - [TEST_STEP][PASSED] - delay(1): Delayed 1 second(s)&#xD;
&#xD;
2019-10-11 14:46:38 - [MESSAGE][PASSED] - Delayed 1 second(s)&#xD;
&#xD;
2019-10-11 14:46:38 - [TEST_STEP][PASSED] - click(findTestObject("Assets/Action_Menu/Action_Menu")): Object: 'Object Repository/Assets/Action_Menu/Action_Menu' is clicked on&#xD;
&#xD;
2019-10-11 14:46:42 - [MESSAGE][PASSED] - Object: 'Object Repository/Assets/Action_Menu/Action_Menu' is clicked on&#xD;
&#xD;
2019-10-11 14:46:42 - [TEST_STEP][PASSED] - click(findTestObject("Assets/Delete Asset/Page_Samsung Marketing Cloud/a_Edit")): Object: 'Object Repository/Assets/Delete Asset/Page_Samsung Marketing Cloud/a_Edit' is clicked on&#xD;
&#xD;
2019-10-11 14:46:51 - [MESSAGE][PASSED] - Object: 'Object Repository/Assets/Delete Asset/Page_Samsung Marketing Cloud/a_Edit' is clicked on&#xD;
&#xD;
2019-10-11 14:46:51 - [TEST_STEP][PASSED] - click(findTestObject("Assets/Delete Asset/Page_Samsung Marketing Cloud/button_Delete")): Object: 'Object Repository/Assets/Delete Asset/Page_Samsung Marketing Cloud/button_Delete' is clicked on&#xD;
&#xD;
2019-10-11 14:46:55 - [MESSAGE][PASSED] - Object: 'Object Repository/Assets/Delete Asset/Page_Samsung Marketing Cloud/button_Delete' is clicked on&#xD;
&#xD;
2019-10-11 14:46:55 - [TEST_STEP][PASSED] - delay(1): Delayed 1 second(s)&#xD;
&#xD;
2019-10-11 14:46:56 - [MESSAGE][PASSED] - Delayed 1 second(s)&#xD;
&#xD;
2019-10-11 14:46:56 - [TEST_STEP][PASSED] - click(findTestObject("Assets/Delete Asset/Page_Samsung Marketing Cloud/button_Yes")): Object: 'Object Repository/Assets/Delete Asset/Page_Samsung Marketing Cloud/button_Yes' is clicked on&#xD;
&#xD;
2019-10-11 14:47:00 - [MESSAGE][PASSED] - Object: 'Object Repository/Assets/Delete Asset/Page_Samsung Marketing Cloud/button_Yes' is clicked on&#xD;
&#xD;
2019-10-11 14:47:00 - [TEST_STEP][PASSED] - delay(1): Delayed 1 second(s)&#xD;
&#xD;
2019-10-11 14:47:01 - [MESSAGE][PASSED] - Delayed 1 second(s)</system-out>
            <system-err></system-err>
        </testcase>
        <testcase name="Test Cases/Login and Logout - Notifications/Logout - Yes Button" classname="Test Cases/Login and Logout - Notifications/Logout - Yes Button" status="PASSED">
            <system-out>2019-10-11 14:47:01 - [TEST_CASE][PASSED] - Test Cases/Login and Logout - Notifications/Logout - Yes Button: Test Cases/Login and Logout - Notifications/Logout - Yes Button&#xD;
&#xD;
2019-10-11 14:47:02 - [TEST_STEP][PASSED] - click(findTestObject("Logout/Page_Samsung Marketing Cloud/span_gandhi")): Object: 'Object Repository/Logout/Page_Samsung Marketing Cloud/span_gandhi' is clicked on&#xD;
&#xD;
2019-10-11 14:47:06 - [MESSAGE][PASSED] - Object: 'Object Repository/Logout/Page_Samsung Marketing Cloud/span_gandhi' is clicked on&#xD;
&#xD;
2019-10-11 14:47:06 - [TEST_STEP][PASSED] - click(findTestObject("Logout/Page_Samsung Marketing Cloud/Logout")): Object: 'Object Repository/Logout/Page_Samsung Marketing Cloud/Logout' is clicked on&#xD;
&#xD;
2019-10-11 14:47:09 - [MESSAGE][PASSED] - Object: 'Object Repository/Logout/Page_Samsung Marketing Cloud/Logout' is clicked on&#xD;
&#xD;
2019-10-11 14:47:09 - [TEST_STEP][PASSED] - click(findTestObject("Logout/Page_Samsung Marketing Cloud/button_Yes")): Object: 'Object Repository/Logout/Page_Samsung Marketing Cloud/button_Yes' is clicked on&#xD;
&#xD;
2019-10-11 14:47:14 - [MESSAGE][PASSED] - Object: 'Object Repository/Logout/Page_Samsung Marketing Cloud/button_Yes' is clicked on&#xD;
&#xD;
2019-10-11 14:47:14 - [TEST_STEP][PASSED] - closeBrowser(): Browser is closed&#xD;
&#xD;
2019-10-11 14:47:18 - [MESSAGE][PASSED] - Browser is closed</system-out>
            <system-err></system-err>
        </testcase>
        <system-out>2019-10-11 14:45:04 - [TEST_SUITE][INCOMPLETE] - Asset Test Suite: null</system-out>
        <system-err>2019-10-11 14:45:04 - [TEST_SUITE][INCOMPLETE] - Asset Test Suite: null</system-err>
    </testsuite>
</testsuites>
