<?xml version="1.0" encoding="UTF-8" standalone="yes"?>
<testsuites name="Login" time="122" tests="6" failures="0" errors="0">
    <testsuite name="Login" tests="6" failures="0" errors="0" time="122" timestamp="2019-10-14 09:46:33" hostname="KanKir - GB3CODW08386HQS.nexus.local" id="Test Suites/Login/Login">
        <properties>
            <property name="deviceName" value=""/>
            <property name="devicePlatform" value=""/>
            <property name="logFolder" value="C:\\Users\\kankir\\git\\adZU-OS-UAT-Automation 1\\Reports\\20191014_094624\\Login\\Login\\20191014_094624"/>
            <property name="logFiles" value="C:\\Users\\kankir\\git\\adZU-OS-UAT-Automation 1\\Reports\\20191014_094624\\Login\\Login\\20191014_094624\\execution0.log"/>
            <property name="attachments" value=""/>
            <property name="hostName" value="KanKir - GB3CODW08386HQS.nexus.local"/>
            <property name="os" value="Windows 10 64bit"/>
            <property name="katalonVersion" value="6.3.3.11"/>
            <property name="browser" value="Chrome 77.0.3865.90"/>
            <property name="hostAddress" value="10.141.18.113"/>
            <property name="sessionId" value="b619dad9bf1b98c17e7f45e5a9b74112"/>
            <property name="seleniumVersion" value="3.141.59"/>
            <property name="proxyInformation" value="ProxyInformation{proxyOption=NO_PROXY, proxyServerType=HTTP, password=, proxyServerAddress=, proxyServerPort=0}"/>
            <property name="platform" value="Windows 10"/>
        </properties>
        <testcase name="Test Cases/Login and Logout - Notifications/login Error" classname="Test Cases/Login and Logout - Notifications/login Error" status="PASSED">
            <system-out>2019-10-14 09:46:33 - [TEST_CASE][PASSED] - Test Cases/Login and Logout - Notifications/login Error: Test Cases/Login and Logout - Notifications/login Error&#xD;
&#xD;
2019-10-14 09:46:34 - [TEST_STEP][PASSED] - openBrowser(""): Browser is opened with url: ''&#xD;
&#xD;
2019-10-14 09:46:35 - [MESSAGE][INFO] - Starting 'Chrome' driver&#xD;
&#xD;
2019-10-14 09:46:35 - [MESSAGE][INFO] - Action delay is set to 1 seconds&#xD;
&#xD;
2019-10-14 09:46:42 - [MESSAGE][PASSED] - Browser is opened with url: ''&#xD;
&#xD;
2019-10-14 09:46:42 - [TEST_STEP][PASSED] - navigateToUrl("https://samsung-adzu4-staging.codeworldwide.com/#"): Navigate to 'https://samsung-adzu4-staging.codeworldwide.com/#' successfully&#xD;
&#xD;
2019-10-14 09:46:45 - [MESSAGE][PASSED] - Navigate to 'https://samsung-adzu4-staging.codeworldwide.com/#' successfully&#xD;
&#xD;
2019-10-14 09:46:45 - [TEST_STEP][PASSED] - setText(findTestObject("Object Repository/Login/Page_Samsung Marketing Cloud/Username_Text"), "kirithan.kandasamy@codeworldwide.com"): Text 'kirithan.kandasamy@codeworldwide.com' is set on object 'Object Repository/Login/Page_Samsung Marketing Cloud/Username_Text'&#xD;
&#xD;
2019-10-14 09:46:53 - [MESSAGE][PASSED] - Text 'kirithan.kandasamy@codeworldwide.com' is set on object 'Object Repository/Login/Page_Samsung Marketing Cloud/Username_Text'&#xD;
&#xD;
2019-10-14 09:46:53 - [TEST_STEP][PASSED] - setEncryptedText(findTestObject("Object Repository/Login/Page_Samsung Marketing Cloud/Password_text"), "hsPFm2cfhkw="): Text ****** has been set on object 'Object Repository/Login/Page_Samsung Marketing Cloud/Password_text'&#xD;
&#xD;
2019-10-14 09:46:57 - [MESSAGE][PASSED] - Text ****** has been set on object 'Object Repository/Login/Page_Samsung Marketing Cloud/Password_text'&#xD;
&#xD;
2019-10-14 09:46:57 - [TEST_STEP][PASSED] - click(findTestObject("Object Repository/Login/Page_Samsung Marketing Cloud/button_Login")): Object: 'Object Repository/Login/Page_Samsung Marketing Cloud/button_Login' is clicked on&#xD;
&#xD;
2019-10-14 09:47:00 - [MESSAGE][PASSED] - Object: 'Object Repository/Login/Page_Samsung Marketing Cloud/button_Login' is clicked on&#xD;
&#xD;
2019-10-14 09:47:00 - [TEST_STEP][PASSED] - delay(1): Delayed 1 second(s)&#xD;
&#xD;
2019-10-14 09:47:01 - [MESSAGE][PASSED] - Delayed 1 second(s)&#xD;
&#xD;
2019-10-14 09:47:01 - [TEST_STEP][PASSED] - verifyElementText(findTestObject("Login/Page_Samsung Marketing Cloud/div_Error                        Invalid username or password"), "Error: Invalid username or password"): Actual text and expected text of test object 'Object Repository/Login/Page_Samsung Marketing Cloud/div_Error                        Invalid username or password' are matched.&#xD;
&#xD;
2019-10-14 09:47:03 - [MESSAGE][PASSED] - Actual text and expected text of test object 'Object Repository/Login/Page_Samsung Marketing Cloud/div_Error                        Invalid username or password' are matched.</system-out>
            <system-err></system-err>
        </testcase>
        <testcase name="Test Cases/Login and Logout - Notifications/Forgot Password" classname="Test Cases/Login and Logout - Notifications/Forgot Password" status="PASSED">
            <system-out>2019-10-14 09:47:03 - [TEST_CASE][PASSED] - Test Cases/Login and Logout - Notifications/Forgot Password: Test Cases/Login and Logout - Notifications/Forgot Password&#xD;
&#xD;
2019-10-14 09:47:04 - [TEST_STEP][PASSED] - openBrowser(""): Browser is opened with url: ''&#xD;
&#xD;
2019-10-14 09:47:04 - [MESSAGE][WARNING] - A browser is already opened. Closing browser and opening a new one&#xD;
&#xD;
2019-10-14 09:47:06 - [MESSAGE][INFO] - Starting 'Chrome' driver&#xD;
&#xD;
2019-10-14 09:47:11 - [MESSAGE][PASSED] - Browser is opened with url: ''&#xD;
&#xD;
2019-10-14 09:47:11 - [TEST_STEP][PASSED] - navigateToUrl("https://samsung-adzu4-staging.codeworldwide.com/#"): Navigate to 'https://samsung-adzu4-staging.codeworldwide.com/#' successfully&#xD;
&#xD;
2019-10-14 09:47:13 - [MESSAGE][PASSED] - Navigate to 'https://samsung-adzu4-staging.codeworldwide.com/#' successfully&#xD;
&#xD;
2019-10-14 09:47:13 - [TEST_STEP][PASSED] - click(findTestObject("Object Repository/Login/Page_Samsung Marketing Cloud/Forgot password")): Object: 'Object Repository/Login/Page_Samsung Marketing Cloud/Forgot password' is clicked on&#xD;
&#xD;
2019-10-14 09:47:19 - [MESSAGE][PASSED] - Object: 'Object Repository/Login/Page_Samsung Marketing Cloud/Forgot password' is clicked on&#xD;
&#xD;
2019-10-14 09:47:19 - [TEST_STEP][PASSED] - setText(findTestObject("Object Repository/Login/Page_Samsung Marketing Cloud/input_Enter your email address to receive a link to reset your password_email"), "kirithan.kandasamy@codeworldwide.com"): Text 'kirithan.kandasamy@codeworldwide.com' is set on object 'Object Repository/Login/Page_Samsung Marketing Cloud/input_Enter your email address to receive a link to reset your password_email'&#xD;
&#xD;
2019-10-14 09:47:23 - [MESSAGE][PASSED] - Text 'kirithan.kandasamy@codeworldwide.com' is set on object 'Object Repository/Login/Page_Samsung Marketing Cloud/input_Enter your email address to receive a link to reset your password_email'&#xD;
&#xD;
2019-10-14 09:47:23 - [TEST_STEP][PASSED] - click(findTestObject("Object Repository/Login/Page_Samsung Marketing Cloud/button_Reset")): Object: 'Object Repository/Login/Page_Samsung Marketing Cloud/button_Reset' is clicked on&#xD;
&#xD;
2019-10-14 09:47:25 - [MESSAGE][PASSED] - Object: 'Object Repository/Login/Page_Samsung Marketing Cloud/button_Reset' is clicked on&#xD;
&#xD;
2019-10-14 09:47:25 - [TEST_STEP][PASSED] - click(findTestObject("Object Repository/Login/Page_Samsung Marketing Cloud/button_Ok")): Object: 'Object Repository/Login/Page_Samsung Marketing Cloud/button_Ok' is clicked on&#xD;
&#xD;
2019-10-14 09:47:28 - [MESSAGE][PASSED] - Object: 'Object Repository/Login/Page_Samsung Marketing Cloud/button_Ok' is clicked on&#xD;
&#xD;
2019-10-14 09:47:28 - [TEST_STEP][PASSED] - closeBrowser(): Browser is closed&#xD;
&#xD;
2019-10-14 09:47:30 - [MESSAGE][PASSED] - Browser is closed</system-out>
            <system-err></system-err>
        </testcase>
        <testcase name="Test Cases/Login and Logout - Notifications/TC Pop-up" classname="Test Cases/Login and Logout - Notifications/TC Pop-up" status="PASSED">
            <system-out>2019-10-14 09:47:30 - [TEST_CASE][PASSED] - Test Cases/Login and Logout - Notifications/TC Pop-up: Test Cases/Login and Logout - Notifications/TC Pop-up&#xD;
&#xD;
2019-10-14 09:47:31 - [TEST_STEP][PASSED] - openBrowser(""): Browser is opened with url: ''&#xD;
&#xD;
2019-10-14 09:47:31 - [MESSAGE][INFO] - Starting 'Chrome' driver&#xD;
&#xD;
2019-10-14 09:47:36 - [MESSAGE][PASSED] - Browser is opened with url: ''&#xD;
&#xD;
2019-10-14 09:47:36 - [TEST_STEP][PASSED] - navigateToUrl("https://samsung-adzu4-staging.codeworldwide.com/#"): Navigate to 'https://samsung-adzu4-staging.codeworldwide.com/#' successfully&#xD;
&#xD;
2019-10-14 09:47:39 - [MESSAGE][PASSED] - Navigate to 'https://samsung-adzu4-staging.codeworldwide.com/#' successfully&#xD;
&#xD;
2019-10-14 09:47:39 - [TEST_STEP][PASSED] - maximizeWindow(): Current window maximized&#xD;
&#xD;
2019-10-14 09:47:41 - [MESSAGE][PASSED] - Current window maximized&#xD;
&#xD;
2019-10-14 09:47:41 - [TEST_STEP][PASSED] - click(findTestObject("Object Repository/Login/Page_Samsung Marketing Cloud/Terms and conditions_Link")): Object: 'Object Repository/Login/Page_Samsung Marketing Cloud/Terms and conditions_Link' is clicked on&#xD;
&#xD;
2019-10-14 09:47:44 - [MESSAGE][PASSED] - Object: 'Object Repository/Login/Page_Samsung Marketing Cloud/Terms and conditions_Link' is clicked on&#xD;
&#xD;
2019-10-14 09:47:44 - [TEST_STEP][PASSED] - delay(2): Delayed 2 second(s)&#xD;
&#xD;
2019-10-14 09:47:46 - [MESSAGE][PASSED] - Delayed 2 second(s)&#xD;
&#xD;
2019-10-14 09:47:46 - [TEST_STEP][PASSED] - switchToFrame(findTestObject("Login/Page_Samsung Marketing Cloud/iframe_By logging into this system you are accepting the_tnc-iframe"), 0): Timeout '0' is invalid. Using default page load timeout: '30'&#xD;
&#xD;
2019-10-14 09:47:46 - [MESSAGE][WARNING] - Timeout '0' is invalid. Using default page load timeout: '30'&#xD;
&#xD;
2019-10-14 09:47:48 - [TEST_STEP][PASSED] - click(findTestObject("Login/Page_Samsung Marketing Cloud/TC_button_Close")): Object: 'Object Repository/Login/Page_Samsung Marketing Cloud/TC_button_Close' is clicked on&#xD;
&#xD;
2019-10-14 09:47:51 - [MESSAGE][PASSED] - Object: 'Object Repository/Login/Page_Samsung Marketing Cloud/TC_button_Close' is clicked on&#xD;
&#xD;
2019-10-14 09:47:51 - [TEST_STEP][PASSED] - WindowTitle = getWindowTitle(): Current window's title is: 'Samsung Marketing Cloud'&#xD;
&#xD;
2019-10-14 09:47:52 - [MESSAGE][PASSED] - Current window's title is: 'Samsung Marketing Cloud'&#xD;
&#xD;
2019-10-14 09:47:52 - [TEST_STEP][PASSED] - verifyMatch(WindowTitle, "Samsung Marketing Cloud", false): Actual text 'Samsung Marketing Cloud' and expected text 'Samsung Marketing Cloud' are matched &#xD;
&#xD;
2019-10-14 09:47:52 - [MESSAGE][PASSED] - Actual text 'Samsung Marketing Cloud' and expected text 'Samsung Marketing Cloud' are matched &#xD;
&#xD;
2019-10-14 09:47:52 - [TEST_STEP][PASSED] - closeBrowser(): Browser is closed&#xD;
&#xD;
2019-10-14 09:47:54 - [MESSAGE][PASSED] - Browser is closed</system-out>
            <system-err></system-err>
        </testcase>
        <testcase name="Test Cases/Login and Logout - Notifications/Login" classname="Test Cases/Login and Logout - Notifications/Login" status="PASSED">
            <system-out>2019-10-14 09:47:54 - [TEST_CASE][PASSED] - Test Cases/Login and Logout - Notifications/Login: Test Cases/Login and Logout - Notifications/Login&#xD;
&#xD;
2019-10-14 09:47:54 - [TEST_STEP][PASSED] - openBrowser(""): Browser is opened with url: ''&#xD;
&#xD;
2019-10-14 09:47:54 - [MESSAGE][INFO] - Starting 'Chrome' driver&#xD;
&#xD;
2019-10-14 09:47:59 - [MESSAGE][PASSED] - Browser is opened with url: ''&#xD;
&#xD;
2019-10-14 09:47:59 - [TEST_STEP][PASSED] - navigateToUrl("https://samsung-adzu4-staging.codeworldwide.com/#"): Navigate to 'https://samsung-adzu4-staging.codeworldwide.com/#' successfully&#xD;
&#xD;
2019-10-14 09:48:01 - [MESSAGE][PASSED] - Navigate to 'https://samsung-adzu4-staging.codeworldwide.com/#' successfully&#xD;
&#xD;
2019-10-14 09:48:01 - [TEST_STEP][PASSED] - setText(findTestObject("Object Repository/Login/Page_Samsung Marketing Cloud/Username_Text"), "kirithan.kandasamy@codeworldwide.com"): Text 'kirithan.kandasamy@codeworldwide.com' is set on object 'Object Repository/Login/Page_Samsung Marketing Cloud/Username_Text'&#xD;
&#xD;
2019-10-14 09:48:08 - [MESSAGE][PASSED] - Text 'kirithan.kandasamy@codeworldwide.com' is set on object 'Object Repository/Login/Page_Samsung Marketing Cloud/Username_Text'&#xD;
&#xD;
2019-10-14 09:48:08 - [TEST_STEP][PASSED] - setEncryptedText(findTestObject("Object Repository/Login/Page_Samsung Marketing Cloud/Password_text"), "a/oAT6NJt8YMGiwHSirWNw=="): Text ****** has been set on object 'Object Repository/Login/Page_Samsung Marketing Cloud/Password_text'&#xD;
&#xD;
2019-10-14 09:48:11 - [MESSAGE][PASSED] - Text ****** has been set on object 'Object Repository/Login/Page_Samsung Marketing Cloud/Password_text'&#xD;
&#xD;
2019-10-14 09:48:11 - [TEST_STEP][PASSED] - click(findTestObject("Object Repository/Login/Page_Samsung Marketing Cloud/button_Login")): Object: 'Object Repository/Login/Page_Samsung Marketing Cloud/button_Login' is clicked on&#xD;
&#xD;
2019-10-14 09:48:15 - [MESSAGE][PASSED] - Object: 'Object Repository/Login/Page_Samsung Marketing Cloud/button_Login' is clicked on&#xD;
&#xD;
2019-10-14 09:48:15 - [TEST_STEP][PASSED] - maximizeWindow(): Current window maximized&#xD;
&#xD;
2019-10-14 09:48:17 - [MESSAGE][PASSED] - Current window maximized</system-out>
            <system-err></system-err>
        </testcase>
        <testcase name="Test Cases/Login and Logout - Notifications/Logout - No Button" classname="Test Cases/Login and Logout - Notifications/Logout - No Button" status="PASSED">
            <system-out>2019-10-14 09:48:17 - [TEST_CASE][PASSED] - Test Cases/Login and Logout - Notifications/Logout - No Button: Test Cases/Login and Logout - Notifications/Logout - No Button&#xD;
&#xD;
2019-10-14 09:48:17 - [TEST_STEP][PASSED] - click(findTestObject("Logout/Page_Samsung Marketing Cloud/span_Kirithan")): Object: 'Object Repository/Logout/Page_Samsung Marketing Cloud/span_Kirithan' is clicked on&#xD;
&#xD;
2019-10-14 09:48:21 - [MESSAGE][PASSED] - Object: 'Object Repository/Logout/Page_Samsung Marketing Cloud/span_Kirithan' is clicked on&#xD;
&#xD;
2019-10-14 09:48:21 - [TEST_STEP][PASSED] - click(findTestObject("Logout/Page_Samsung Marketing Cloud/Logout")): Object: 'Object Repository/Logout/Page_Samsung Marketing Cloud/Logout' is clicked on&#xD;
&#xD;
2019-10-14 09:48:24 - [MESSAGE][PASSED] - Object: 'Object Repository/Logout/Page_Samsung Marketing Cloud/Logout' is clicked on&#xD;
&#xD;
2019-10-14 09:48:24 - [TEST_STEP][PASSED] - click(findTestObject("Logout/Page_Samsung Marketing Cloud/Page_Samsung Marketing Cloud/button_No")): Object: 'Object Repository/Logout/Page_Samsung Marketing Cloud/Page_Samsung Marketing Cloud/button_No' is clicked on&#xD;
&#xD;
2019-10-14 09:48:26 - [MESSAGE][PASSED] - Object: 'Object Repository/Logout/Page_Samsung Marketing Cloud/Page_Samsung Marketing Cloud/button_No' is clicked on</system-out>
            <system-err></system-err>
        </testcase>
        <testcase name="Test Cases/Login and Logout - Notifications/Logout - Yes Button" classname="Test Cases/Login and Logout - Notifications/Logout - Yes Button" status="PASSED">
            <system-out>2019-10-14 09:48:26 - [TEST_CASE][PASSED] - Test Cases/Login and Logout - Notifications/Logout - Yes Button: Test Cases/Login and Logout - Notifications/Logout - Yes Button&#xD;
&#xD;
2019-10-14 09:48:27 - [TEST_STEP][PASSED] - click(findTestObject("Logout/Page_Samsung Marketing Cloud/span_Kirithan")): Object: 'Object Repository/Logout/Page_Samsung Marketing Cloud/span_Kirithan' is clicked on&#xD;
&#xD;
2019-10-14 09:48:29 - [MESSAGE][PASSED] - Object: 'Object Repository/Logout/Page_Samsung Marketing Cloud/span_Kirithan' is clicked on&#xD;
&#xD;
2019-10-14 09:48:29 - [TEST_STEP][PASSED] - click(findTestObject("Logout/Page_Samsung Marketing Cloud/Logout")): Object: 'Object Repository/Logout/Page_Samsung Marketing Cloud/Logout' is clicked on&#xD;
&#xD;
2019-10-14 09:48:32 - [MESSAGE][PASSED] - Object: 'Object Repository/Logout/Page_Samsung Marketing Cloud/Logout' is clicked on&#xD;
&#xD;
2019-10-14 09:48:32 - [TEST_STEP][PASSED] - click(findTestObject("Logout/Page_Samsung Marketing Cloud/button_Yes")): Object: 'Object Repository/Logout/Page_Samsung Marketing Cloud/button_Yes' is clicked on&#xD;
&#xD;
2019-10-14 09:48:34 - [MESSAGE][PASSED] - Object: 'Object Repository/Logout/Page_Samsung Marketing Cloud/button_Yes' is clicked on&#xD;
&#xD;
2019-10-14 09:48:34 - [TEST_STEP][PASSED] - closeBrowser(): Browser is closed&#xD;
&#xD;
2019-10-14 09:48:36 - [MESSAGE][PASSED] - Browser is closed</system-out>
            <system-err></system-err>
        </testcase>
        <system-out>2019-10-14 09:46:33 - [TEST_SUITE][INCOMPLETE] - Login: null</system-out>
        <system-err>2019-10-14 09:46:33 - [TEST_SUITE][INCOMPLETE] - Login: null</system-err>
    </testsuite>
</testsuites>
