<?xml version="1.0" encoding="UTF-8" standalone="yes"?>
<testsuites name="Product - Chrome" time="47" tests="3" failures="0" errors="0">
    <testsuite name="Product - Chrome" tests="3" failures="0" errors="0" time="47" timestamp="2019-10-08 10:26:08" hostname="gansat - NOTEEG-12802.nexus.local" id="Test Suites/Home Page/Product - Chrome">
        <properties>
            <property name="deviceName" value=""/>
            <property name="devicePlatform" value=""/>
            <property name="logFolder" value="C:\\Adzu UAT\\Adzu\\Adzu\\Reports\\20191008_102604\\Home Page\\Product - Chrome\\20191008_102604"/>
            <property name="logFiles" value="C:\\Adzu UAT\\Adzu\\Adzu\\Reports\\20191008_102604\\Home Page\\Product - Chrome\\20191008_102604\\execution0.log"/>
            <property name="attachments" value=""/>
            <property name="hostName" value="gansat - NOTEEG-12802.nexus.local"/>
            <property name="os" value="Windows 10 64bit"/>
            <property name="katalonVersion" value="6.3.3.11"/>
            <property name="browser" value="Chrome 77.0.3865.90"/>
            <property name="hostAddress" value="10.142.156.106"/>
            <property name="sessionId" value="8101fb6f5decaef82a3412c231a76394"/>
            <property name="seleniumVersion" value="3.141.59"/>
            <property name="proxyInformation" value="ProxyInformation{proxyOption=NO_PROXY, proxyServerType=HTTP, password=, proxyServerAddress=, proxyServerPort=0}"/>
            <property name="platform" value="Windows 10"/>
        </properties>
        <testcase name="Test Cases/Login and Logout - Notifications/Login" classname="Test Cases/Login and Logout - Notifications/Login" status="PASSED">
            <system-out>2019-10-08 10:26:08 - [TEST_CASE][PASSED] - Test Cases/Login and Logout - Notifications/Login: Test Cases/Login and Logout - Notifications/Login&#xD;
&#xD;
2019-10-08 10:26:09 - [TEST_STEP][PASSED] - openBrowser(""): Browser is opened with url: ''&#xD;
&#xD;
2019-10-08 10:26:09 - [MESSAGE][INFO] - Starting 'Chrome' driver&#xD;
&#xD;
2019-10-08 10:26:09 - [MESSAGE][INFO] - Action delay is set to 1 seconds&#xD;
&#xD;
2019-10-08 10:26:17 - [MESSAGE][PASSED] - Browser is opened with url: ''&#xD;
&#xD;
2019-10-08 10:26:17 - [TEST_STEP][PASSED] - navigateToUrl("https://samsung-adzu4-staging.codeworldwide.com/#"): Navigate to 'https://samsung-adzu4-staging.codeworldwide.com/#' successfully&#xD;
&#xD;
2019-10-08 10:26:19 - [MESSAGE][PASSED] - Navigate to 'https://samsung-adzu4-staging.codeworldwide.com/#' successfully&#xD;
&#xD;
2019-10-08 10:26:19 - [TEST_STEP][PASSED] - setText(findTestObject("Object Repository/Login/Page_Samsung Marketing Cloud/Username_Text"), "satinder.gandhi@codeworldwide.com"): Text 'satinder.gandhi@codeworldwide.com' is set on object 'Object Repository/Login/Page_Samsung Marketing Cloud/Username_Text'&#xD;
&#xD;
2019-10-08 10:26:25 - [MESSAGE][PASSED] - Text 'satinder.gandhi@codeworldwide.com' is set on object 'Object Repository/Login/Page_Samsung Marketing Cloud/Username_Text'&#xD;
&#xD;
2019-10-08 10:26:25 - [TEST_STEP][PASSED] - setEncryptedText(findTestObject("Object Repository/Login/Page_Samsung Marketing Cloud/Password_text"), "yfq/9fVkW5+QvfzWq38qvg=="): Text ****** has been set on object 'Object Repository/Login/Page_Samsung Marketing Cloud/Password_text'&#xD;
&#xD;
2019-10-08 10:26:28 - [MESSAGE][PASSED] - Text ****** has been set on object 'Object Repository/Login/Page_Samsung Marketing Cloud/Password_text'&#xD;
&#xD;
2019-10-08 10:26:28 - [TEST_STEP][PASSED] - click(findTestObject("Object Repository/Login/Page_Samsung Marketing Cloud/button_Login")): Object: 'Object Repository/Login/Page_Samsung Marketing Cloud/button_Login' is clicked on&#xD;
&#xD;
2019-10-08 10:26:31 - [MESSAGE][PASSED] - Object: 'Object Repository/Login/Page_Samsung Marketing Cloud/button_Login' is clicked on&#xD;
&#xD;
2019-10-08 10:26:31 - [TEST_STEP][PASSED] - maximizeWindow(): Current window maximized&#xD;
&#xD;
2019-10-08 10:26:33 - [MESSAGE][PASSED] - Current window maximized</system-out>
            <system-err></system-err>
        </testcase>
        <testcase name="Test Cases/Home Page/Products" classname="Test Cases/Home Page/Products" status="PASSED">
            <system-out>2019-10-08 10:26:33 - [TEST_CASE][PASSED] - Test Cases/Home Page/Products: Test Cases/Home Page/Products&#xD;
&#xD;
2019-10-08 10:26:34 - [TEST_STEP][PASSED] - scrollToElement(findTestObject("Home Page/Products/Page_Samsung Marketing Cloud/h3_Product Categories"), 0): Scroll to object 'Object Repository/Home Page/Products/Page_Samsung Marketing Cloud/h3_Product Categories' successfully&#xD;
&#xD;
2019-10-08 10:26:34 - [MESSAGE][WARNING] - Timeout '0' is invalid. Using default page load timeout: '30'&#xD;
&#xD;
2019-10-08 10:26:37 - [MESSAGE][PASSED] - Scroll to object 'Object Repository/Home Page/Products/Page_Samsung Marketing Cloud/h3_Product Categories' successfully&#xD;
&#xD;
2019-10-08 10:26:37 - [TEST_STEP][PASSED] - click(findTestObject("Home Page/Products/Page_Samsung Marketing Cloud/li_Mobile")): Object: 'Object Repository/Home Page/Products/Page_Samsung Marketing Cloud/li_Mobile' is clicked on&#xD;
&#xD;
2019-10-08 10:26:39 - [MESSAGE][PASSED] - Object: 'Object Repository/Home Page/Products/Page_Samsung Marketing Cloud/li_Mobile' is clicked on&#xD;
&#xD;
2019-10-08 10:26:39 - [TEST_STEP][PASSED] - mouseOver(findTestObject("Home Page/Products/Page_Samsung Marketing Cloud/span_Mobile"), CONTINUE_ON_FAILURE): Object: 'Object Repository/Home Page/Products/Page_Samsung Marketing Cloud/span_Mobile' is hovered&#xD;
&#xD;
2019-10-08 10:26:42 - [MESSAGE][PASSED] - Object: 'Object Repository/Home Page/Products/Page_Samsung Marketing Cloud/span_Mobile' is hovered&#xD;
&#xD;
2019-10-08 10:26:42 - [TEST_STEP][PASSED] - delay(1): Delayed 1 second(s)&#xD;
&#xD;
2019-10-08 10:26:43 - [MESSAGE][PASSED] - Delayed 1 second(s)&#xD;
&#xD;
2019-10-08 10:26:43 - [TEST_STEP][PASSED] - click(findTestObject("Home Page/Products/Page_Samsung Marketing Cloud/a_Tablet"), CONTINUE_ON_FAILURE): Object: 'Object Repository/Home Page/Products/Page_Samsung Marketing Cloud/a_Tablet' is clicked on&#xD;
&#xD;
2019-10-08 10:26:45 - [MESSAGE][PASSED] - Object: 'Object Repository/Home Page/Products/Page_Samsung Marketing Cloud/a_Tablet' is clicked on&#xD;
&#xD;
2019-10-08 10:26:45 - [TEST_STEP][PASSED] - url = getUrl(STOP_ON_FAILURE): Current window's url is: 'https://samsung-adzu4-staging.codeworldwide.com/#page/Assets?ProductId=3c94d341-7b69-f55b-d7b1-39e99ee8a4a8&amp;ProductText=Tablet'&#xD;
&#xD;
2019-10-08 10:26:46 - [MESSAGE][PASSED] - Current window's url is: 'https://samsung-adzu4-staging.codeworldwide.com/#page/Assets?ProductId=3c94d341-7b69-f55b-d7b1-39e99ee8a4a8&amp;ProductText=Tablet'&#xD;
&#xD;
2019-10-08 10:26:46 - [TEST_STEP][PASSED] - verifyMatch(url, "https://samsung-adzu4-staging.codeworldwide.com/#page/Assets?ProductId=3c94d341-7b69-f55b-d7b1-39e99ee8a4a8&amp;ProductText=Tablet", false): Actual text 'https://samsung-adzu4-staging.codeworldwide.com/#page/Assets?ProductId=3c94d341-7b69-f55b-d7b1-39e99ee8a4a8&amp;ProductText=Tablet' and expected text 'https://samsung-adzu4-staging.codeworldwide.com/#page/Assets?ProductId=3c94d341-7b69-f55b-d7b1-39e99ee8a4a8&amp;ProductText=Tablet' are matched &#xD;
&#xD;
2019-10-08 10:26:46 - [MESSAGE][PASSED] - Actual text 'https://samsung-adzu4-staging.codeworldwide.com/#page/Assets?ProductId=3c94d341-7b69-f55b-d7b1-39e99ee8a4a8&amp;ProductText=Tablet' and expected text 'https://samsung-adzu4-staging.codeworldwide.com/#page/Assets?ProductId=3c94d341-7b69-f55b-d7b1-39e99ee8a4a8&amp;ProductText=Tablet' are matched</system-out>
            <system-err></system-err>
        </testcase>
        <testcase name="Test Cases/Login and Logout - Notifications/Logout - Yes Button" classname="Test Cases/Login and Logout - Notifications/Logout - Yes Button" status="PASSED">
            <system-out>2019-10-08 10:26:46 - [TEST_CASE][PASSED] - Test Cases/Login and Logout - Notifications/Logout - Yes Button: Test Cases/Login and Logout - Notifications/Logout - Yes Button&#xD;
&#xD;
2019-10-08 10:26:46 - [TEST_STEP][PASSED] - click(findTestObject("Logout/Page_Samsung Marketing Cloud/span_gandhi")): Object: 'Object Repository/Logout/Page_Samsung Marketing Cloud/span_gandhi' is clicked on&#xD;
&#xD;
2019-10-08 10:26:49 - [MESSAGE][PASSED] - Object: 'Object Repository/Logout/Page_Samsung Marketing Cloud/span_gandhi' is clicked on&#xD;
&#xD;
2019-10-08 10:26:49 - [TEST_STEP][PASSED] - click(findTestObject("Logout/Page_Samsung Marketing Cloud/Logout")): Object: 'Object Repository/Logout/Page_Samsung Marketing Cloud/Logout' is clicked on&#xD;
&#xD;
2019-10-08 10:26:51 - [MESSAGE][PASSED] - Object: 'Object Repository/Logout/Page_Samsung Marketing Cloud/Logout' is clicked on&#xD;
&#xD;
2019-10-08 10:26:51 - [TEST_STEP][PASSED] - click(findTestObject("Logout/Page_Samsung Marketing Cloud/button_Yes")): Object: 'Object Repository/Logout/Page_Samsung Marketing Cloud/button_Yes' is clicked on&#xD;
&#xD;
2019-10-08 10:26:53 - [MESSAGE][PASSED] - Object: 'Object Repository/Logout/Page_Samsung Marketing Cloud/button_Yes' is clicked on&#xD;
&#xD;
2019-10-08 10:26:53 - [TEST_STEP][PASSED] - closeBrowser(): Browser is closed&#xD;
&#xD;
2019-10-08 10:26:55 - [MESSAGE][PASSED] - Browser is closed</system-out>
            <system-err></system-err>
        </testcase>
        <system-out>2019-10-08 10:26:08 - [TEST_SUITE][INCOMPLETE] - Product - Chrome: null</system-out>
        <system-err>2019-10-08 10:26:08 - [TEST_SUITE][INCOMPLETE] - Product - Chrome: null</system-err>
    </testsuite>
</testsuites>
