<?xml version="1.0" encoding="UTF-8" standalone="yes"?>
<testsuites name="Quick Link" time="61" tests="7" failures="0" errors="0">
    <testsuite name="Quick Link" tests="7" failures="0" errors="0" time="61" timestamp="2019-10-08 13:03:38" hostname="KanKir - GB3CODW08386HQS.nexus.local" id="Test Suites/Home Page/Quick Link">
        <properties>
            <property name="deviceName" value=""/>
            <property name="devicePlatform" value=""/>
            <property name="logFolder" value="C:\\Users\\kankir\\git\\adZU-OS-UAT-Automation\\Reports\\20191008_130336\\Home Page\\Quick Link\\20191008_130336"/>
            <property name="logFiles" value="C:\\Users\\kankir\\git\\adZU-OS-UAT-Automation\\Reports\\20191008_130336\\Home Page\\Quick Link\\20191008_130336\\execution0.log"/>
            <property name="attachments" value=""/>
            <property name="hostName" value="KanKir - GB3CODW08386HQS.nexus.local"/>
            <property name="os" value="Windows 10 64bit"/>
            <property name="katalonVersion" value="6.3.3.11"/>
            <property name="browser" value="Chrome 77.0.3865.90"/>
            <property name="hostAddress" value="10.142.156.74"/>
            <property name="sessionId" value="bdb18596b4fea902e1689b1441d35e6f"/>
            <property name="seleniumVersion" value="3.141.59"/>
            <property name="proxyInformation" value="ProxyInformation{proxyOption=NO_PROXY, proxyServerType=HTTP, password=, proxyServerAddress=, proxyServerPort=0}"/>
            <property name="platform" value="Windows 10"/>
        </properties>
        <testcase name="Test Cases/Login and Logout - Notifications/Login" classname="Test Cases/Login and Logout - Notifications/Login" status="PASSED">
            <system-out>2019-10-08 13:03:38 - [TEST_CASE][PASSED] - Test Cases/Login and Logout - Notifications/Login: Test Cases/Login and Logout - Notifications/Login&#xD;
&#xD;
2019-10-08 13:03:39 - [TEST_STEP][PASSED] - openBrowser(""): Browser is opened with url: ''&#xD;
&#xD;
2019-10-08 13:03:39 - [MESSAGE][INFO] - Starting 'Chrome' driver&#xD;
&#xD;
2019-10-08 13:03:39 - [MESSAGE][INFO] - Action delay is set to 1 seconds&#xD;
&#xD;
2019-10-08 13:03:44 - [MESSAGE][PASSED] - Browser is opened with url: ''&#xD;
&#xD;
2019-10-08 13:03:44 - [TEST_STEP][PASSED] - navigateToUrl("https://samsung-adzu4-staging.codeworldwide.com/#"): Navigate to 'https://samsung-adzu4-staging.codeworldwide.com/#' successfully&#xD;
&#xD;
2019-10-08 13:03:46 - [MESSAGE][PASSED] - Navigate to 'https://samsung-adzu4-staging.codeworldwide.com/#' successfully&#xD;
&#xD;
2019-10-08 13:03:46 - [TEST_STEP][PASSED] - setText(findTestObject("Object Repository/Login/Page_Samsung Marketing Cloud/Username_Text"), "satinder.gandhi@codeworldwide.com"): Text 'satinder.gandhi@codeworldwide.com' is set on object 'Object Repository/Login/Page_Samsung Marketing Cloud/Username_Text'&#xD;
&#xD;
2019-10-08 13:03:50 - [MESSAGE][PASSED] - Text 'satinder.gandhi@codeworldwide.com' is set on object 'Object Repository/Login/Page_Samsung Marketing Cloud/Username_Text'&#xD;
&#xD;
2019-10-08 13:03:50 - [TEST_STEP][PASSED] - setEncryptedText(findTestObject("Object Repository/Login/Page_Samsung Marketing Cloud/Password_text"), "yfq/9fVkW5+QvfzWq38qvg=="): Text ****** has been set on object 'Object Repository/Login/Page_Samsung Marketing Cloud/Password_text'&#xD;
&#xD;
2019-10-08 13:03:53 - [MESSAGE][PASSED] - Text ****** has been set on object 'Object Repository/Login/Page_Samsung Marketing Cloud/Password_text'&#xD;
&#xD;
2019-10-08 13:03:53 - [TEST_STEP][PASSED] - click(findTestObject("Object Repository/Login/Page_Samsung Marketing Cloud/button_Login")): Object: 'Object Repository/Login/Page_Samsung Marketing Cloud/button_Login' is clicked on&#xD;
&#xD;
2019-10-08 13:03:55 - [MESSAGE][PASSED] - Object: 'Object Repository/Login/Page_Samsung Marketing Cloud/button_Login' is clicked on&#xD;
&#xD;
2019-10-08 13:03:55 - [TEST_STEP][PASSED] - maximizeWindow(): Current window maximized&#xD;
&#xD;
2019-10-08 13:03:58 - [MESSAGE][PASSED] - Current window maximized</system-out>
            <system-err></system-err>
        </testcase>
        <testcase name="Test Cases/Home Page/Brand" classname="Test Cases/Home Page/Brand" status="PASSED">
            <system-out>2019-10-08 13:03:58 - [TEST_CASE][PASSED] - Test Cases/Home Page/Brand: Test Cases/Home Page/Brand&#xD;
&#xD;
2019-10-08 13:03:58 - [TEST_STEP][PASSED] - navigateToUrl("https://samsung-adzu4-staging.codeworldwide.com/#"): Navigate to 'https://samsung-adzu4-staging.codeworldwide.com/#' successfully&#xD;
&#xD;
2019-10-08 13:03:59 - [MESSAGE][PASSED] - Navigate to 'https://samsung-adzu4-staging.codeworldwide.com/#' successfully&#xD;
&#xD;
2019-10-08 13:03:59 - [TEST_STEP][PASSED] - scrollToElement(findTestObject("Home Page/Page_Samsung Marketing Cloud/div_Quick Links"), 0): Scroll to object 'Object Repository/Home Page/Page_Samsung Marketing Cloud/div_Quick Links' successfully&#xD;
&#xD;
2019-10-08 13:03:59 - [MESSAGE][WARNING] - Timeout '0' is invalid. Using default page load timeout: '30'&#xD;
&#xD;
2019-10-08 13:04:01 - [MESSAGE][PASSED] - Scroll to object 'Object Repository/Home Page/Page_Samsung Marketing Cloud/div_Quick Links' successfully&#xD;
&#xD;
2019-10-08 13:04:01 - [TEST_STEP][PASSED] - click(findTestObject("Home Page/Page_Samsung Marketing Cloud/div_Brand")): Object: 'Object Repository/Home Page/Page_Samsung Marketing Cloud/div_Brand' is clicked on&#xD;
&#xD;
2019-10-08 13:04:03 - [MESSAGE][PASSED] - Object: 'Object Repository/Home Page/Page_Samsung Marketing Cloud/div_Brand' is clicked on&#xD;
&#xD;
2019-10-08 13:04:03 - [TEST_STEP][PASSED] - url = getUrl(): Current window's url is: 'https://samsung-adzu4-staging.codeworldwide.com/#page/Assets?TagsID=c3478931-e7bb-4f43-84a7-561e1f41688e'&#xD;
&#xD;
2019-10-08 13:04:05 - [MESSAGE][PASSED] - Current window's url is: 'https://samsung-adzu4-staging.codeworldwide.com/#page/Assets?TagsID=c3478931-e7bb-4f43-84a7-561e1f41688e'&#xD;
&#xD;
2019-10-08 13:04:05 - [TEST_STEP][PASSED] - verifyMatch(url, "https://samsung-adzu4-staging.codeworldwide.com/#page/Assets?TagsID=c3478931-e7bb-4f43-84a7-561e1f41688e", false): Actual text 'https://samsung-adzu4-staging.codeworldwide.com/#page/Assets?TagsID=c3478931-e7bb-4f43-84a7-561e1f41688e' and expected text 'https://samsung-adzu4-staging.codeworldwide.com/#page/Assets?TagsID=c3478931-e7bb-4f43-84a7-561e1f41688e' are matched &#xD;
&#xD;
2019-10-08 13:04:05 - [MESSAGE][PASSED] - Actual text 'https://samsung-adzu4-staging.codeworldwide.com/#page/Assets?TagsID=c3478931-e7bb-4f43-84a7-561e1f41688e' and expected text 'https://samsung-adzu4-staging.codeworldwide.com/#page/Assets?TagsID=c3478931-e7bb-4f43-84a7-561e1f41688e' are matched</system-out>
            <system-err></system-err>
        </testcase>
        <testcase name="Test Cases/Home Page/Learning" classname="Test Cases/Home Page/Learning" status="PASSED">
            <system-out>2019-10-08 13:04:05 - [TEST_CASE][PASSED] - Test Cases/Home Page/Learning: Test Cases/Home Page/Learning&#xD;
&#xD;
2019-10-08 13:04:05 - [TEST_STEP][PASSED] - navigateToUrl("https://samsung-adzu4-staging.codeworldwide.com/#"): Navigate to 'https://samsung-adzu4-staging.codeworldwide.com/#' successfully&#xD;
&#xD;
2019-10-08 13:04:06 - [MESSAGE][PASSED] - Navigate to 'https://samsung-adzu4-staging.codeworldwide.com/#' successfully&#xD;
&#xD;
2019-10-08 13:04:06 - [TEST_STEP][PASSED] - scrollToElement(findTestObject("Home Page/Page_Samsung Marketing Cloud/div_Quick Links"), 0): Scroll to object 'Object Repository/Home Page/Page_Samsung Marketing Cloud/div_Quick Links' successfully&#xD;
&#xD;
2019-10-08 13:04:06 - [MESSAGE][WARNING] - Timeout '0' is invalid. Using default page load timeout: '30'&#xD;
&#xD;
2019-10-08 13:04:08 - [MESSAGE][PASSED] - Scroll to object 'Object Repository/Home Page/Page_Samsung Marketing Cloud/div_Quick Links' successfully&#xD;
&#xD;
2019-10-08 13:04:08 - [TEST_STEP][PASSED] - click(findTestObject("Home Page/Page_Samsung Marketing Cloud/div_Learning")): Object: 'Object Repository/Home Page/Page_Samsung Marketing Cloud/div_Learning' is clicked on&#xD;
&#xD;
2019-10-08 13:04:10 - [MESSAGE][PASSED] - Object: 'Object Repository/Home Page/Page_Samsung Marketing Cloud/div_Learning' is clicked on&#xD;
&#xD;
2019-10-08 13:04:10 - [TEST_STEP][PASSED] - url = getUrl(): Current window's url is: 'https://samsung-adzu4-staging.codeworldwide.com/#page/Assets?TagsID=1a290171-39cc-4418-a06c-24d802e4c8df'&#xD;
&#xD;
2019-10-08 13:04:11 - [MESSAGE][PASSED] - Current window's url is: 'https://samsung-adzu4-staging.codeworldwide.com/#page/Assets?TagsID=1a290171-39cc-4418-a06c-24d802e4c8df'&#xD;
&#xD;
2019-10-08 13:04:11 - [TEST_STEP][PASSED] - verifyMatch(url, "https://samsung-adzu4-staging.codeworldwide.com/#page/Assets?TagsID=1a290171-39cc-4418-a06c-24d802e4c8df", false): Actual text 'https://samsung-adzu4-staging.codeworldwide.com/#page/Assets?TagsID=1a290171-39cc-4418-a06c-24d802e4c8df' and expected text 'https://samsung-adzu4-staging.codeworldwide.com/#page/Assets?TagsID=1a290171-39cc-4418-a06c-24d802e4c8df' are matched &#xD;
&#xD;
2019-10-08 13:04:11 - [MESSAGE][PASSED] - Actual text 'https://samsung-adzu4-staging.codeworldwide.com/#page/Assets?TagsID=1a290171-39cc-4418-a06c-24d802e4c8df' and expected text 'https://samsung-adzu4-staging.codeworldwide.com/#page/Assets?TagsID=1a290171-39cc-4418-a06c-24d802e4c8df' are matched</system-out>
            <system-err></system-err>
        </testcase>
        <testcase name="Test Cases/Home Page/Help and Support" classname="Test Cases/Home Page/Help and Support" status="PASSED">
            <system-out>2019-10-08 13:04:11 - [TEST_CASE][PASSED] - Test Cases/Home Page/Help and Support: Test Cases/Home Page/Help and Support&#xD;
&#xD;
2019-10-08 13:04:11 - [TEST_STEP][PASSED] - navigateToUrl("https://samsung-adzu4-staging.codeworldwide.com/#"): Navigate to 'https://samsung-adzu4-staging.codeworldwide.com/#' successfully&#xD;
&#xD;
2019-10-08 13:04:12 - [MESSAGE][PASSED] - Navigate to 'https://samsung-adzu4-staging.codeworldwide.com/#' successfully&#xD;
&#xD;
2019-10-08 13:04:12 - [TEST_STEP][PASSED] - scrollToElement(findTestObject("Home Page/Page_Samsung Marketing Cloud/div_Quick Links"), 0): Scroll to object 'Object Repository/Home Page/Page_Samsung Marketing Cloud/div_Quick Links' successfully&#xD;
&#xD;
2019-10-08 13:04:13 - [MESSAGE][WARNING] - Timeout '0' is invalid. Using default page load timeout: '30'&#xD;
&#xD;
2019-10-08 13:04:15 - [MESSAGE][PASSED] - Scroll to object 'Object Repository/Home Page/Page_Samsung Marketing Cloud/div_Quick Links' successfully&#xD;
&#xD;
2019-10-08 13:04:15 - [TEST_STEP][PASSED] - click(findTestObject("Home Page/Page_Samsung Marketing Cloud/div_Help and Support")): Object: 'Object Repository/Home Page/Page_Samsung Marketing Cloud/div_Help and Support' is clicked on&#xD;
&#xD;
2019-10-08 13:04:17 - [MESSAGE][PASSED] - Object: 'Object Repository/Home Page/Page_Samsung Marketing Cloud/div_Help and Support' is clicked on&#xD;
&#xD;
2019-10-08 13:04:17 - [TEST_STEP][PASSED] - url = getUrl(): Current window's url is: 'https://samsung-adzu4-staging.codeworldwide.com/#page/Help-and-Support'&#xD;
&#xD;
2019-10-08 13:04:18 - [MESSAGE][PASSED] - Current window's url is: 'https://samsung-adzu4-staging.codeworldwide.com/#page/Help-and-Support'&#xD;
&#xD;
2019-10-08 13:04:18 - [TEST_STEP][PASSED] - verifyMatch(url, "https://samsung-adzu4-staging.codeworldwide.com/#page/Help-and-Support", false): Actual text 'https://samsung-adzu4-staging.codeworldwide.com/#page/Help-and-Support' and expected text 'https://samsung-adzu4-staging.codeworldwide.com/#page/Help-and-Support' are matched &#xD;
&#xD;
2019-10-08 13:04:18 - [MESSAGE][PASSED] - Actual text 'https://samsung-adzu4-staging.codeworldwide.com/#page/Help-and-Support' and expected text 'https://samsung-adzu4-staging.codeworldwide.com/#page/Help-and-Support' are matched</system-out>
            <system-err></system-err>
        </testcase>
        <testcase name="Test Cases/Home Page/PVI" classname="Test Cases/Home Page/PVI" status="PASSED">
            <system-out>2019-10-08 13:04:18 - [TEST_CASE][PASSED] - Test Cases/Home Page/PVI: Test Cases/Home Page/PVI&#xD;
&#xD;
2019-10-08 13:04:18 - [TEST_STEP][PASSED] - navigateToUrl("https://samsung-adzu4-staging.codeworldwide.com/#"): Navigate to 'https://samsung-adzu4-staging.codeworldwide.com/#' successfully&#xD;
&#xD;
2019-10-08 13:04:19 - [MESSAGE][PASSED] - Navigate to 'https://samsung-adzu4-staging.codeworldwide.com/#' successfully&#xD;
&#xD;
2019-10-08 13:04:19 - [TEST_STEP][PASSED] - scrollToElement(findTestObject("Home Page/Page_Samsung Marketing Cloud/div_Quick Links"), 0): Scroll to object 'Object Repository/Home Page/Page_Samsung Marketing Cloud/div_Quick Links' successfully&#xD;
&#xD;
2019-10-08 13:04:19 - [MESSAGE][WARNING] - Timeout '0' is invalid. Using default page load timeout: '30'&#xD;
&#xD;
2019-10-08 13:04:21 - [MESSAGE][PASSED] - Scroll to object 'Object Repository/Home Page/Page_Samsung Marketing Cloud/div_Quick Links' successfully&#xD;
&#xD;
2019-10-08 13:04:21 - [TEST_STEP][PASSED] - click(findTestObject("Home Page/Page_Samsung Marketing Cloud/div_PVI")): Object: 'Object Repository/Home Page/Page_Samsung Marketing Cloud/div_PVI' is clicked on&#xD;
&#xD;
2019-10-08 13:04:23 - [MESSAGE][PASSED] - Object: 'Object Repository/Home Page/Page_Samsung Marketing Cloud/div_PVI' is clicked on&#xD;
&#xD;
2019-10-08 13:04:23 - [TEST_STEP][PASSED] - url = getUrl(): Current window's url is: 'https://samsung-adzu4-staging.codeworldwide.com/#page/PVI'&#xD;
&#xD;
2019-10-08 13:04:24 - [MESSAGE][PASSED] - Current window's url is: 'https://samsung-adzu4-staging.codeworldwide.com/#page/PVI'&#xD;
&#xD;
2019-10-08 13:04:24 - [TEST_STEP][PASSED] - verifyMatch(url, "https://samsung-adzu4-staging.codeworldwide.com/#page/PVI", false): Actual text 'https://samsung-adzu4-staging.codeworldwide.com/#page/PVI' and expected text 'https://samsung-adzu4-staging.codeworldwide.com/#page/PVI' are matched &#xD;
&#xD;
2019-10-08 13:04:24 - [MESSAGE][PASSED] - Actual text 'https://samsung-adzu4-staging.codeworldwide.com/#page/PVI' and expected text 'https://samsung-adzu4-staging.codeworldwide.com/#page/PVI' are matched</system-out>
            <system-err></system-err>
        </testcase>
        <testcase name="Test Cases/Home Page/Europe Office" classname="Test Cases/Home Page/Europe Office" status="PASSED">
            <system-out>2019-10-08 13:04:24 - [TEST_CASE][PASSED] - Test Cases/Home Page/Europe Office: Test Cases/Home Page/Europe Office&#xD;
&#xD;
2019-10-08 13:04:25 - [TEST_STEP][PASSED] - navigateToUrl("https://samsung-adzu4-staging.codeworldwide.com/#"): Navigate to 'https://samsung-adzu4-staging.codeworldwide.com/#' successfully&#xD;
&#xD;
2019-10-08 13:04:26 - [MESSAGE][PASSED] - Navigate to 'https://samsung-adzu4-staging.codeworldwide.com/#' successfully&#xD;
&#xD;
2019-10-08 13:04:26 - [TEST_STEP][PASSED] - scrollToElement(findTestObject("Home Page/Page_Samsung Marketing Cloud/div_Quick Links"), 0): Scroll to object 'Object Repository/Home Page/Page_Samsung Marketing Cloud/div_Quick Links' successfully&#xD;
&#xD;
2019-10-08 13:04:26 - [MESSAGE][WARNING] - Timeout '0' is invalid. Using default page load timeout: '30'&#xD;
&#xD;
2019-10-08 13:04:28 - [MESSAGE][PASSED] - Scroll to object 'Object Repository/Home Page/Page_Samsung Marketing Cloud/div_Quick Links' successfully&#xD;
&#xD;
2019-10-08 13:04:28 - [TEST_STEP][PASSED] - click(findTestObject("Home Page/Page_Samsung Marketing Cloud/Page_Samsung Marketing Cloud/Page_Samsung Marketing Cloud/div_Europe Office")): Object: 'Object Repository/Home Page/Page_Samsung Marketing Cloud/Page_Samsung Marketing Cloud/Page_Samsung Marketing Cloud/div_Europe Office' is clicked on&#xD;
&#xD;
2019-10-08 13:04:30 - [MESSAGE][PASSED] - Object: 'Object Repository/Home Page/Page_Samsung Marketing Cloud/Page_Samsung Marketing Cloud/Page_Samsung Marketing Cloud/div_Europe Office' is clicked on&#xD;
&#xD;
2019-10-08 13:04:30 - [TEST_STEP][PASSED] - url = getUrl(): Current window's url is: 'https://samsung-adzu4-staging.codeworldwide.com/#page/Europe-Office'&#xD;
&#xD;
2019-10-08 13:04:31 - [MESSAGE][PASSED] - Current window's url is: 'https://samsung-adzu4-staging.codeworldwide.com/#page/Europe-Office'&#xD;
&#xD;
2019-10-08 13:04:31 - [TEST_STEP][PASSED] - verifyMatch(url, "https://samsung-adzu4-staging.codeworldwide.com/#page/Europe-Office", false): Actual text 'https://samsung-adzu4-staging.codeworldwide.com/#page/Europe-Office' and expected text 'https://samsung-adzu4-staging.codeworldwide.com/#page/Europe-Office' are matched &#xD;
&#xD;
2019-10-08 13:04:31 - [MESSAGE][PASSED] - Actual text 'https://samsung-adzu4-staging.codeworldwide.com/#page/Europe-Office' and expected text 'https://samsung-adzu4-staging.codeworldwide.com/#page/Europe-Office' are matched</system-out>
            <system-err></system-err>
        </testcase>
        <testcase name="Test Cases/Login and Logout - Notifications/Logout - Yes Button" classname="Test Cases/Login and Logout - Notifications/Logout - Yes Button" status="PASSED">
            <system-out>2019-10-08 13:04:31 - [TEST_CASE][PASSED] - Test Cases/Login and Logout - Notifications/Logout - Yes Button: Test Cases/Login and Logout - Notifications/Logout - Yes Button&#xD;
&#xD;
2019-10-08 13:04:31 - [TEST_STEP][PASSED] - click(findTestObject("Logout/Page_Samsung Marketing Cloud/span_gandhi")): Object: 'Object Repository/Logout/Page_Samsung Marketing Cloud/span_gandhi' is clicked on&#xD;
&#xD;
2019-10-08 13:04:33 - [MESSAGE][PASSED] - Object: 'Object Repository/Logout/Page_Samsung Marketing Cloud/span_gandhi' is clicked on&#xD;
&#xD;
2019-10-08 13:04:33 - [TEST_STEP][PASSED] - click(findTestObject("Logout/Page_Samsung Marketing Cloud/Logout")): Object: 'Object Repository/Logout/Page_Samsung Marketing Cloud/Logout' is clicked on&#xD;
&#xD;
2019-10-08 13:04:35 - [MESSAGE][PASSED] - Object: 'Object Repository/Logout/Page_Samsung Marketing Cloud/Logout' is clicked on&#xD;
&#xD;
2019-10-08 13:04:35 - [TEST_STEP][PASSED] - click(findTestObject("Logout/Page_Samsung Marketing Cloud/button_Yes")): Object: 'Object Repository/Logout/Page_Samsung Marketing Cloud/button_Yes' is clicked on&#xD;
&#xD;
2019-10-08 13:04:37 - [MESSAGE][PASSED] - Object: 'Object Repository/Logout/Page_Samsung Marketing Cloud/button_Yes' is clicked on&#xD;
&#xD;
2019-10-08 13:04:38 - [TEST_STEP][PASSED] - closeBrowser(): Browser is closed&#xD;
&#xD;
2019-10-08 13:04:39 - [MESSAGE][PASSED] - Browser is closed</system-out>
            <system-err></system-err>
        </testcase>
        <system-out>2019-10-08 13:03:38 - [TEST_SUITE][INCOMPLETE] - Quick Link: null</system-out>
        <system-err>2019-10-08 13:03:38 - [TEST_SUITE][INCOMPLETE] - Quick Link: null</system-err>
    </testsuite>
</testsuites>
